<?xml version="1.0" encoding="UTF-8"?>
<!-- Generated by org.testng.reporters.JUnitXMLReporter -->
<testsuite ignored="6" hostname="AHLPT2208063-N" failures="0" tests="2" name="Test" time="13.199" errors="0" timestamp="2025-10-30T17:20:18 IST">
  <testcase classname="test_case.Login" name="Login_Data" time="1.257"/>
  <testcase classname="test_case.Login_Test_Data" name="logoutMainUser" time="0.386"/>
  <testcase classname="base.Base_Class" name="@AfterTest CloseBrowser" time="0.0">
    <ignored/>
  </testcase> <!-- @AfterTest CloseBrowser -->
  <testcase classname="base.Base_Class" name="@AfterTest CloseBrowser" time="0.0">
    <ignored/>
  </testcase> <!-- @AfterTest CloseBrowser -->
  <testcase classname="base.Base_Class" name="@BeforeTest Launch_Browser" time="0.0">
    <ignored/>
  </testcase> <!-- @BeforeTest Launch_Browser -->
  <testcase classname="base.Base_Class" name="@BeforeTest Launch_Browser" time="0.0">
    <ignored/>
  </testcase> <!-- @BeforeTest Launch_Browser -->
  <testcase classname="base.Base_Class" name="@AfterTest CloseBrowser" time="0.0">
    <ignored/>
  </testcase> <!-- @AfterTest CloseBrowser -->
  <testcase classname="base.Base_Class" name="@BeforeTest Launch_Browser" time="0.0">
    <ignored/>
  </testcase> <!-- @BeforeTest Launch_Browser -->
</testsuite> <!-- Test -->
