<?xml version="1.0" encoding="UTF-8"?>
<!-- Generated by org.testng.reporters.JUnitXMLReporter -->
<testsuite ignored="8" hostname="AHLPT2208063-N" failures="2" tests="30" name="Test" time="49.782" errors="0" timestamp="2026-01-19T12:57:42 IST">
  <testcase classname="tests.Login" name="verifyLoginData" time="1.398"/>
  <testcase classname="tests.LoginTest" name="logoutMainUser" time="0.588"/>
  <testcase classname="tests.LoginTest" name="verifyLoginTest" time="1.28"/>
  <testcase classname="tests.LoginTest" name="verifyLoginTest" time="1.346"/>
  <testcase classname="tests.LoginTest" name="verifyLoginTest" time="1.324"/>
  <testcase classname="tests.LoginTest" name="verifyLoginTest" time="1.469"/>
  <testcase classname="tests.LoginTest" name="verifyblockUser" time="1.298"/>
  <testcase classname="tests.LoginTest" name="verifyblockUser" time="1.319"/>
  <testcase classname="tests.LoginTest" name="verifyblockUser" time="1.332"/>
  <testcase classname="tests.LoginTest" name="verifyblockUser" time="1.298"/>
  <testcase classname="tests.LoginTest" name="verifyblockUser" time="1.296"/>
  <testcase classname="tests.LoginTest" name="verifyblockUser" time="1.259"/>
  <testcase classname="tests.LoginTest" name="mainUserLogin" time="0.738"/>
  <testcase classname="tests.AccessPermissions" name="verifyAddGroup" time="1.247"/>
  <testcase classname="tests.AccessPermissions" name="verifyViewGroup" time="0.887"/>
  <testcase classname="tests.AccessPermissions" name="verifyEditGroup" time="0.588"/>
  <testcase classname="tests.AccessPermissions" name="verifyDeleteGroup" time="0.444"/>
  <testcase classname="tests.AccessPermissions" name="verifyAddRole" time="1.721"/>
  <testcase classname="tests.AccessPermissions" name="verifyViewRole" time="0.893"/>
  <testcase classname="tests.AccessPermissions" name="verifyEditRole" time="0.828"/>
  <testcase classname="tests.AccessPermissions" name="verifyDeleteRole" time="0.888"/>
  <testcase classname="tests.AccessPermissions" name="verifyAddUser" time="1.154"/>
  <testcase classname="tests.AccessPermissions" name="verifyViewUser" time="0.909"/>
  <testcase classname="tests.AccessPermissions" name="verifyEditUser" time="0.539"/>
  <testcase classname="tests.AccessPermissions" name="verifyDeleteUser" time="0.366"/>
  <testcase classname="tests.DocSegments" name="verifyAddDocSeg" time="5.467"/>
  <testcase classname="tests.DocSegments" name="verifyViewDogSeg" time="0.816"/>
  <testcase classname="tests.DocSegments" name="verifyEditDogSeg" time="0.758">
    <failure type="java.lang.AssertionError" message="Doc Segement Was Not Edited Successfully expected [true] but found [false]">
      <![CDATA[java.lang.AssertionError: Doc Segement Was Not Edited Successfully expected [true] but found [false]
at tests.DocSegments.verifyEditDogSeg(DocSegments.java:58)
at java.base/java.util.ArrayList.forEach(ArrayList.java:1511)
... Removed 30 stack frames]]>
    </failure>
  </testcase> <!-- verifyEditDogSeg -->
  <testcase classname="tests.DocSegments" name="verifyDeleteDogSeg" time="10.346">
    <failure type="java.lang.AssertionError" message="Doc Segement Was Not Deleted Successfully expected [true] but found [false]">
      <![CDATA[java.lang.AssertionError: Doc Segement Was Not Deleted Successfully expected [true] but found [false]
at tests.DocSegments.verifyDeleteDogSeg(DocSegments.java:68)
at java.base/java.util.ArrayList.forEach(ArrayList.java:1511)
... Removed 30 stack frames]]>
    </failure>
  </testcase> <!-- verifyDeleteDogSeg -->
  <testcase classname="tests.Logout" name="logoutUser" time="0.531"/>
  <testcase classname="base.BaseClass" name="@BeforeSuite launchBrowser" time="0.0">
    <ignored/>
  </testcase> <!-- @BeforeSuite launchBrowser -->
  <testcase classname="base.BaseClass" name="@BeforeSuite launchBrowser" time="0.0">
    <ignored/>
  </testcase> <!-- @BeforeSuite launchBrowser -->
  <testcase classname="base.BaseClass" name="@AfterSuite closeBrowser" time="0.0">
    <ignored/>
  </testcase> <!-- @AfterSuite closeBrowser -->
  <testcase classname="base.BaseClass" name="@BeforeSuite launchBrowser" time="0.0">
    <ignored/>
  </testcase> <!-- @BeforeSuite launchBrowser -->
  <testcase classname="base.BaseClass" name="@AfterSuite closeBrowser" time="0.0">
    <ignored/>
  </testcase> <!-- @AfterSuite closeBrowser -->
  <testcase classname="base.BaseClass" name="@AfterSuite closeBrowser" time="0.0">
    <ignored/>
  </testcase> <!-- @AfterSuite closeBrowser -->
  <testcase classname="base.BaseClass" name="@AfterSuite closeBrowser" time="0.0">
    <ignored/>
  </testcase> <!-- @AfterSuite closeBrowser -->
  <testcase classname="base.BaseClass" name="@BeforeSuite launchBrowser" time="0.0">
    <ignored/>
  </testcase> <!-- @BeforeSuite launchBrowser -->
</testsuite> <!-- Test -->
