<?xml version="1.0" encoding="UTF-8"?>
<!-- Generated by org.testng.reporters.JUnitXMLReporter -->
<testsuite ignored="6" hostname="AHLPT2208063-N" failures="0" tests="26" name="Test" time="445.942" errors="0" timestamp="2025-10-29T19:13:24 IST">
  <testcase classname="test_case.Login" name="Login_Data" time="1.058"/>
  <testcase classname="test_case.Login_Test_Data" name="logoutMainUser" time="0.424"/>
  <testcase classname="test_case.Login_Test_Data" name="Login_Test" time="10.211"/>
  <testcase classname="test_case.Login_Test_Data" name="Login_Test" time="10.272"/>
  <testcase classname="test_case.Login_Test_Data" name="Login_Test" time="10.259"/>
  <testcase classname="test_case.Login_Test_Data" name="Login_Test" time="13.526"/>
  <testcase classname="test_case.Login_Test_Data" name="Block_User" time="10.243"/>
  <testcase classname="test_case.Login_Test_Data" name="Block_User" time="10.253"/>
  <testcase classname="test_case.Login_Test_Data" name="Block_User" time="1.695"/>
  <testcase classname="test_case.Login_Test_Data" name="Block_User" time="10.247"/>
  <testcase classname="test_case.Login_Test_Data" name="Block_User" time="10.248"/>
  <testcase classname="test_case.Login_Test_Data" name="Block_User" time="10.254"/>
  <testcase classname="test_case.Login_Test_Data" name="MainUserLogin" time="1.316"/>
  <testcase classname="test_case.Access_permissions" name="Add_Group" time="41.476"/>
  <testcase classname="test_case.Access_permissions" name="view_Group" time="20.681"/>
  <testcase classname="test_case.Access_permissions" name="edit_Group" time="20.634"/>
  <testcase classname="test_case.Access_permissions" name="delete_Group" time="20.656"/>
  <testcase classname="test_case.Access_permissions" name="Add_Role" time="72.382"/>
  <testcase classname="test_case.Access_permissions" name="view_Role" time="20.609"/>
  <testcase classname="test_case.Access_permissions" name="edit_Role" time="20.722"/>
  <testcase classname="test_case.Access_permissions" name="delete_Role" time="20.577"/>
  <testcase classname="test_case.Access_permissions" name="Add_User" time="31.455"/>
  <testcase classname="test_case.Access_permissions" name="view_User" time="26.841"/>
  <testcase classname="test_case.Access_permissions" name="edit_User" time="20.688"/>
  <testcase classname="test_case.Access_permissions" name="delete_User" time="20.623"/>
  <testcase classname="test_case.Logout" name="logoutUser" time="0.347"/>
  <testcase classname="base.Base_Class" name="@AfterTest CloseBrowser" time="0.0">
    <ignored/>
  </testcase> <!-- @AfterTest CloseBrowser -->
  <testcase classname="base.Base_Class" name="@AfterTest CloseBrowser" time="0.0">
    <ignored/>
  </testcase> <!-- @AfterTest CloseBrowser -->
  <testcase classname="base.Base_Class" name="@BeforeTest Launch_Browser" time="0.0">
    <ignored/>
  </testcase> <!-- @BeforeTest Launch_Browser -->
  <testcase classname="base.Base_Class" name="@BeforeTest Launch_Browser" time="0.0">
    <ignored/>
  </testcase> <!-- @BeforeTest Launch_Browser -->
  <testcase classname="base.Base_Class" name="@AfterTest CloseBrowser" time="0.0">
    <ignored/>
  </testcase> <!-- @AfterTest CloseBrowser -->
  <testcase classname="base.Base_Class" name="@BeforeTest Launch_Browser" time="0.0">
    <ignored/>
  </testcase> <!-- @BeforeTest Launch_Browser -->
</testsuite> <!-- Test -->
