<?xml version="1.0" encoding="UTF-8"?>
<!-- Generated by org.testng.reporters.JUnitXMLReporter -->
<testsuite ignored="8" hostname="AHLPT2208063-N" failures="3" tests="30" name="Test" time="78.903" errors="0" timestamp="2025-12-11T12:13:01 IST">
  <testcase classname="tests.Login" name="verifyLoginData" time="1.248"/>
  <testcase classname="tests.LoginTest" name="logoutMainUser" time="0.632"/>
  <testcase classname="tests.LoginTest" name="verifyLoginTest" time="1.374"/>
  <testcase classname="tests.LoginTest" name="verifyLoginTest" time="1.359"/>
  <testcase classname="tests.LoginTest" name="verifyLoginTest" time="1.263"/>
  <testcase classname="tests.LoginTest" name="verifyLoginTest" time="1.487"/>
  <testcase classname="tests.LoginTest" name="verifyblockUser" time="1.433"/>
  <testcase classname="tests.LoginTest" name="verifyblockUser" time="1.309"/>
  <testcase classname="tests.LoginTest" name="verifyblockUser" time="1.338"/>
  <testcase classname="tests.LoginTest" name="verifyblockUser" time="1.385"/>
  <testcase classname="tests.LoginTest" name="verifyblockUser" time="1.274"/>
  <testcase classname="tests.LoginTest" name="verifyblockUser" time="1.303"/>
  <testcase classname="tests.LoginTest" name="mainUserLogin" time="0.864"/>
  <testcase classname="tests.AccessPermissions" name="verifyAddGroup" time="1.558"/>
  <testcase classname="tests.AccessPermissions" name="verifyViewGroup" time="0.957"/>
  <testcase classname="tests.AccessPermissions" name="verifyEditGroup" time="0.564"/>
  <testcase classname="tests.AccessPermissions" name="verifyDeleteGroup" time="0.963"/>
  <testcase classname="tests.AccessPermissions" name="verifyAddRole" time="2.555"/>
  <testcase classname="tests.AccessPermissions" name="verifyViewRole" time="1.016"/>
  <testcase classname="tests.AccessPermissions" name="verifyEditRole" time="1.167"/>
  <testcase classname="tests.AccessPermissions" name="verifyDeleteRole" time="0.926"/>
  <testcase classname="tests.AccessPermissions" name="verifyAddUser" time="1.19"/>
  <testcase classname="tests.AccessPermissions" name="verifyViewUser" time="0.935"/>
  <testcase classname="tests.AccessPermissions" name="verifyEditUser" time="0.568"/>
  <testcase classname="tests.AccessPermissions" name="verifyDeleteUser" time="8.938">
    <failure type="java.lang.AssertionError" message="User was not Edited successfully! expected [true] but found [false]">
      <![CDATA[java.lang.AssertionError: User was not Edited successfully! expected [true] but found [false]
at tests.AccessPermissions.verifyDeleteUser(AccessPermissions.java:115)
at java.base/java.util.ArrayList.forEach(ArrayList.java:1511)
... Removed 30 stack frames]]>
    </failure>
  </testcase> <!-- verifyDeleteUser -->
  <testcase classname="tests.DocSegments" name="verifyAddDocSeg" time="18.35">
    <failure type="java.lang.AssertionError" message="Doc Segment was not added successfully expected [true] but found [false]">
      <![CDATA[java.lang.AssertionError: Doc Segment was not added successfully expected [true] but found [false]
at tests.DocSegments.verifyAddDocSeg(DocSegments.java:31)
at java.base/java.util.ArrayList.forEach(ArrayList.java:1511)
... Removed 30 stack frames]]>
    </failure>
  </testcase> <!-- verifyAddDocSeg -->
  <testcase classname="tests.DocSegments" name="verifyViewDogSeg" time="10.694"/>
  <testcase classname="tests.DocSegments" name="verifyEditDogSeg" time="1.002"/>
  <testcase classname="tests.DocSegments" name="verifyDeleteDogSeg" time="6.101">
    <failure type="java.lang.AssertionError" message="Doc Segement Was Not Deleted Successfully expected [true] but found [false]">
      <![CDATA[java.lang.AssertionError: Doc Segement Was Not Deleted Successfully expected [true] but found [false]
at tests.DocSegments.verifyDeleteDogSeg(DocSegments.java:57)
at java.base/java.util.ArrayList.forEach(ArrayList.java:1511)
... Removed 30 stack frames]]>
    </failure>
  </testcase> <!-- verifyDeleteDogSeg -->
  <testcase classname="tests.Logout" name="logoutUser" time="0.554"/>
  <testcase classname="base.BaseClass" name="@BeforeSuite launchBrowser" time="0.0">
    <ignored/>
  </testcase> <!-- @BeforeSuite launchBrowser -->
  <testcase classname="base.BaseClass" name="@BeforeSuite launchBrowser" time="0.0">
    <ignored/>
  </testcase> <!-- @BeforeSuite launchBrowser -->
  <testcase classname="base.BaseClass" name="@BeforeSuite launchBrowser" time="0.0">
    <ignored/>
  </testcase> <!-- @BeforeSuite launchBrowser -->
  <testcase classname="base.BaseClass" name="@BeforeSuite launchBrowser" time="0.0">
    <ignored/>
  </testcase> <!-- @BeforeSuite launchBrowser -->
  <testcase classname="base.BaseClass" name="@AfterSuite closeBrowser" time="0.0">
    <ignored/>
  </testcase> <!-- @AfterSuite closeBrowser -->
  <testcase classname="base.BaseClass" name="@AfterSuite closeBrowser" time="0.0">
    <ignored/>
  </testcase> <!-- @AfterSuite closeBrowser -->
  <testcase classname="base.BaseClass" name="@AfterSuite closeBrowser" time="0.0">
    <ignored/>
  </testcase> <!-- @AfterSuite closeBrowser -->
  <testcase classname="base.BaseClass" name="@AfterSuite closeBrowser" time="0.0">
    <ignored/>
  </testcase> <!-- @AfterSuite closeBrowser -->
</testsuite> <!-- Test -->
