<?xml version="1.0" encoding="UTF-8"?>
<!-- Generated by org.testng.reporters.JUnitXMLReporter -->
<testsuite ignored="13" hostname="AHLPT2208063-N" failures="0" tests="32" name="Test" time="60.24" errors="0" timestamp="2026-04-24T18:34:01 IST">
  <testcase classname="tests.Login" name="verifyLoginData" time="1.679"/>
  <testcase classname="tests.LoginTest" name="logoutMainUser" time="0.514"/>
  <testcase classname="tests.LoginTest" name="verifyLoginTest" time="1.355"/>
  <testcase classname="tests.LoginTest" name="verifyLoginTest" time="1.339"/>
  <testcase classname="tests.LoginTest" name="verifyLoginTest" time="1.266"/>
  <testcase classname="tests.LoginTest" name="verifyLoginTest" time="1.904"/>
  <testcase classname="tests.LoginTest" name="verifyblockUser" time="1.335"/>
  <testcase classname="tests.LoginTest" name="verifyblockUser" time="1.306"/>
  <testcase classname="tests.LoginTest" name="verifyblockUser" time="1.392"/>
  <testcase classname="tests.LoginTest" name="verifyblockUser" time="1.322"/>
  <testcase classname="tests.LoginTest" name="verifyblockUser" time="1.351"/>
  <testcase classname="tests.LoginTest" name="verifyblockUser" time="1.32"/>
  <testcase classname="tests.LoginTest" name="mainUserLogin" time="0.913"/>
  <testcase classname="tests.AccessPermissions" name="verifyAddGroup" time="1.654"/>
  <testcase classname="tests.AccessPermissions" name="verifyViewGroup" time="0.967"/>
  <testcase classname="tests.AccessPermissions" name="verifyEditGroup" time="0.563"/>
  <testcase classname="tests.AccessPermissions" name="verifyDeleteGroup" time="0.966"/>
  <testcase classname="tests.AccessPermissions" name="verifyAddRole" time="2.532"/>
  <testcase classname="tests.AccessPermissions" name="verifyViewRole" time="1.0"/>
  <testcase classname="tests.AccessPermissions" name="verifyEditRole" time="0.734"/>
  <testcase classname="tests.AccessPermissions" name="verifyDeleteRole" time="0.915"/>
  <testcase classname="tests.AccessPermissions" name="verifyAddUser" time="1.288"/>
  <testcase classname="tests.AccessPermissions" name="verifyViewUser" time="0.404"/>
  <testcase classname="tests.AccessPermissions" name="verifyEditUser" time="0.613"/>
  <testcase classname="tests.AccessPermissions" name="verifyDeleteUser" time="0.436"/>
  <testcase classname="tests.DocSegments" name="verifyAddDocSeg" time="5.028"/>
  <testcase classname="tests.DocSegments" name="verifyViewDogSeg" time="0.851"/>
  <testcase classname="tests.DocSegments" name="verifyEditDogSeg" time="0.948"/>
  <testcase classname="tests.DocSegments" name="verifyDeleteDogSeg" time="0.922"/>
  <testcase classname="tests.DetailReport" name="detailReportGenerate" time="3.844"/>
  <testcase classname="tests.BatchReport" name="readDataExtraction" time="11.164"/>
  <testcase classname="tests.Logout" name="logoutUser" time="0.536"/>
  <testcase classname="base.BaseClass" name="@BeforeSuite launchBrowser" time="0.0">
    <ignored/>
  </testcase> <!-- @BeforeSuite launchBrowser -->
  <testcase classname="base.BaseClass" name="@BeforeSuite launchBrowser" time="0.0">
    <ignored/>
  </testcase> <!-- @BeforeSuite launchBrowser -->
  <testcase classname="base.BaseClass" name="@AfterSuite closeBrowser" time="0.0">
    <ignored/>
  </testcase> <!-- @AfterSuite closeBrowser -->
  <testcase classname="base.BaseClass" name="@BeforeSuite launchBrowser" time="0.0">
    <ignored/>
  </testcase> <!-- @BeforeSuite launchBrowser -->
  <testcase classname="tests.BatchReport" name="readRawFile" time="0.0">
    <ignored/>
  </testcase> <!-- readRawFile -->
  <testcase classname="base.BaseClass" name="@AfterSuite closeBrowser" time="0.0">
    <ignored/>
  </testcase> <!-- @AfterSuite closeBrowser -->
  <testcase classname="base.BaseClass" name="@AfterSuite closeBrowser" time="0.0">
    <ignored/>
  </testcase> <!-- @AfterSuite closeBrowser -->
  <testcase classname="base.BaseClass" name="@AfterSuite closeBrowser" time="0.0">
    <ignored/>
  </testcase> <!-- @AfterSuite closeBrowser -->
  <testcase classname="base.BaseClass" name="@BeforeSuite launchBrowser" time="0.0">
    <ignored/>
  </testcase> <!-- @BeforeSuite launchBrowser -->
  <testcase classname="base.BaseClass" name="@AfterSuite closeBrowser" time="0.0">
    <ignored/>
  </testcase> <!-- @AfterSuite closeBrowser -->
  <testcase classname="base.BaseClass" name="@AfterSuite closeBrowser" time="0.0">
    <ignored/>
  </testcase> <!-- @AfterSuite closeBrowser -->
  <testcase classname="base.BaseClass" name="@BeforeSuite launchBrowser" time="0.0">
    <ignored/>
  </testcase> <!-- @BeforeSuite launchBrowser -->
  <testcase classname="base.BaseClass" name="@BeforeSuite launchBrowser" time="0.0">
    <ignored/>
  </testcase> <!-- @BeforeSuite launchBrowser -->
</testsuite> <!-- Test -->
