<?xml version="1.0" encoding="UTF-8"?>
<!-- Generated by org.testng.reporters.JUnitXMLReporter -->
<testsuite ignored="13" hostname="AHLPT2208063-N" failures="3" tests="32" name="Test" time="59.579" errors="0" timestamp="2026-03-24T17:19:40 IST">
  <testcase classname="tests.Login" name="verifyLoginData" time="1.396"/>
  <testcase classname="tests.LoginTest" name="logoutMainUser" time="0.566"/>
  <testcase classname="tests.LoginTest" name="verifyLoginTest" time="1.34"/>
  <testcase classname="tests.LoginTest" name="verifyLoginTest" time="1.37"/>
  <testcase classname="tests.LoginTest" name="verifyLoginTest" time="1.355"/>
  <testcase classname="tests.LoginTest" name="verifyLoginTest" time="1.479"/>
  <testcase classname="tests.LoginTest" name="verifyblockUser" time="1.331"/>
  <testcase classname="tests.LoginTest" name="verifyblockUser" time="1.292"/>
  <testcase classname="tests.LoginTest" name="verifyblockUser" time="1.395"/>
  <testcase classname="tests.LoginTest" name="verifyblockUser" time="1.418"/>
  <testcase classname="tests.LoginTest" name="verifyblockUser" time="1.321"/>
  <testcase classname="tests.LoginTest" name="verifyblockUser" time="1.327"/>
  <testcase classname="tests.LoginTest" name="mainUserLogin" time="0.842"/>
  <testcase classname="tests.AccessPermissions" name="verifyAddGroup" time="1.668"/>
  <testcase classname="tests.AccessPermissions" name="verifyViewGroup" time="0.922"/>
  <testcase classname="tests.AccessPermissions" name="verifyEditGroup" time="0.64"/>
  <testcase classname="tests.AccessPermissions" name="verifyDeleteGroup" time="1.001"/>
  <testcase classname="tests.AccessPermissions" name="verifyAddRole" time="0.428">
    <failure type="java.lang.AssertionError" message="Role was not added successfully! expected [true] but found [false]">
      <![CDATA[java.lang.AssertionError: Role was not added successfully! expected [true] but found [false]
at tests.AccessPermissions.verifyAddRole(AccessPermissions.java:76)
at java.base/java.util.ArrayList.forEach(ArrayList.java:1511)
... Removed 30 stack frames]]>
    </failure>
  </testcase> <!-- verifyAddRole -->
  <testcase classname="tests.AccessPermissions" name="verifyViewRole" time="0.0">
    <skipped/>
  </testcase> <!-- verifyViewRole -->
  <testcase classname="tests.AccessPermissions" name="verifyEditRole" time="0.0">
    <skipped/>
  </testcase> <!-- verifyEditRole -->
  <testcase classname="tests.AccessPermissions" name="verifyDeleteRole" time="0.0">
    <skipped/>
  </testcase> <!-- verifyDeleteRole -->
  <testcase classname="tests.AccessPermissions" name="verifyAddUser" time="1.504"/>
  <testcase classname="tests.AccessPermissions" name="verifyViewUser" time="0.412"/>
  <testcase classname="tests.AccessPermissions" name="verifyEditUser" time="0.608"/>
  <testcase classname="tests.AccessPermissions" name="verifyDeleteUser" time="0.257">
    <failure type="java.lang.AssertionError" message="User was not Edited successfully! expected [true] but found [false]">
      <![CDATA[java.lang.AssertionError: User was not Edited successfully! expected [true] but found [false]
at tests.AccessPermissions.verifyDeleteUser(AccessPermissions.java:142)
at java.base/java.util.ArrayList.forEach(ArrayList.java:1511)
... Removed 30 stack frames]]>
    </failure>
  </testcase> <!-- verifyDeleteUser -->
  <testcase classname="tests.DocSegments" name="verifyAddDocSeg" time="4.647"/>
  <testcase classname="tests.DocSegments" name="verifyViewDogSeg" time="0.875"/>
  <testcase classname="tests.DocSegments" name="verifyEditDogSeg" time="1.019"/>
  <testcase classname="tests.DocSegments" name="verifyDeleteDogSeg" time="0.821">
    <failure type="java.lang.AssertionError" message="Doc Segement Was Not Deleted Successfully expected [true] but found [false]">
      <![CDATA[java.lang.AssertionError: Doc Segement Was Not Deleted Successfully expected [true] but found [false]
at tests.DocSegments.verifyDeleteDogSeg(DocSegments.java:68)
at java.base/java.util.ArrayList.forEach(ArrayList.java:1511)
... Removed 30 stack frames]]>
    </failure>
  </testcase> <!-- verifyDeleteDogSeg -->
  <testcase classname="tests.DetailReport" name="detailReportGenerate" time="9.88"/>
  <testcase classname="tests.BatchReport" name="readDataExtraction" time="9.947"/>
  <testcase classname="tests.Logout" name="logoutUser" time="1.563"/>
  <testcase classname="base.BaseClass" name="@BeforeSuite launchBrowser" time="0.0">
    <ignored/>
  </testcase> <!-- @BeforeSuite launchBrowser -->
  <testcase classname="tests.BatchReport" name="readRawFile" time="0.0">
    <ignored/>
  </testcase> <!-- readRawFile -->
  <testcase classname="base.BaseClass" name="@BeforeSuite launchBrowser" time="0.0">
    <ignored/>
  </testcase> <!-- @BeforeSuite launchBrowser -->
  <testcase classname="base.BaseClass" name="@AfterSuite closeBrowser" time="0.0">
    <ignored/>
  </testcase> <!-- @AfterSuite closeBrowser -->
  <testcase classname="base.BaseClass" name="@BeforeSuite launchBrowser" time="0.0">
    <ignored/>
  </testcase> <!-- @BeforeSuite launchBrowser -->
  <testcase classname="base.BaseClass" name="@AfterSuite closeBrowser" time="0.0">
    <ignored/>
  </testcase> <!-- @AfterSuite closeBrowser -->
  <testcase classname="base.BaseClass" name="@BeforeSuite launchBrowser" time="0.0">
    <ignored/>
  </testcase> <!-- @BeforeSuite launchBrowser -->
  <testcase classname="base.BaseClass" name="@AfterSuite closeBrowser" time="0.0">
    <ignored/>
  </testcase> <!-- @AfterSuite closeBrowser -->
  <testcase classname="base.BaseClass" name="@BeforeSuite launchBrowser" time="0.0">
    <ignored/>
  </testcase> <!-- @BeforeSuite launchBrowser -->
  <testcase classname="base.BaseClass" name="@AfterSuite closeBrowser" time="0.0">
    <ignored/>
  </testcase> <!-- @AfterSuite closeBrowser -->
  <testcase classname="base.BaseClass" name="@AfterSuite closeBrowser" time="0.0">
    <ignored/>
  </testcase> <!-- @AfterSuite closeBrowser -->
  <testcase classname="base.BaseClass" name="@BeforeSuite launchBrowser" time="0.0">
    <ignored/>
  </testcase> <!-- @BeforeSuite launchBrowser -->
  <testcase classname="base.BaseClass" name="@AfterSuite closeBrowser" time="0.0">
    <ignored/>
  </testcase> <!-- @AfterSuite closeBrowser -->
</testsuite> <!-- Test -->
