<?xml version="1.0" encoding="UTF-8"?>
<!-- Generated by org.testng.reporters.JUnitXMLReporter -->
<testsuite ignored="2" hostname="AHLPT2208063-N" failures="0" tests="13" name="Test" time="351.956" errors="0" timestamp="2025-10-06T16:56:38 IST">
  <testcase classname="test_case.Login" name="Login_Data" time="1.176"/>
  <testcase classname="test_case.Access_permissions" name="Add_Group" time="42.232"/>
  <testcase classname="test_case.Access_permissions" name="view_Group" time="21.206"/>
  <testcase classname="test_case.Access_permissions" name="edit_Group" time="21.315"/>
  <testcase classname="test_case.Access_permissions" name="delete_Group" time="21.151"/>
  <testcase classname="test_case.Access_permissions" name="Add_Role" time="73.342"/>
  <testcase classname="test_case.Access_permissions" name="view_Role" time="21.034"/>
  <testcase classname="test_case.Access_permissions" name="edit_Role" time="21.664"/>
  <testcase classname="test_case.Access_permissions" name="delete_Role" time="21.043"/>
  <testcase classname="test_case.Access_permissions" name="Add_User" time="34.704"/>
  <testcase classname="test_case.Access_permissions" name="view_User" time="21.012"/>
  <testcase classname="test_case.Access_permissions" name="edit_User" time="21.353"/>
  <testcase classname="test_case.Access_permissions" name="delete_User" time="21.15"/>
  <testcase classname="base.Base_Class" name="@AfterTest CloseBrowser" time="0.0">
    <ignored/>
  </testcase> <!-- @AfterTest CloseBrowser -->
  <testcase classname="base.Base_Class" name="@BeforeTest Launch_Browser" time="0.0">
    <ignored/>
  </testcase> <!-- @BeforeTest Launch_Browser -->
</testsuite> <!-- Test -->
