<?xml version="1.0" encoding="UTF-8"?>
<!-- Generated by org.testng.reporters.JUnitXMLReporter -->
<<<<<<< HEAD
<testsuite ignored="8" hostname="AHLPT2208063-N" failures="2" tests="30" name="Test" time="49.782" errors="0" timestamp="2026-01-19T12:57:42 IST">
  <testcase classname="tests.Login" name="verifyLoginData" time="1.398"/>
  <testcase classname="tests.LoginTest" name="logoutMainUser" time="0.588"/>
  <testcase classname="tests.LoginTest" name="verifyLoginTest" time="1.28"/>
  <testcase classname="tests.LoginTest" name="verifyLoginTest" time="1.346"/>
  <testcase classname="tests.LoginTest" name="verifyLoginTest" time="1.324"/>
  <testcase classname="tests.LoginTest" name="verifyLoginTest" time="1.469"/>
  <testcase classname="tests.LoginTest" name="verifyblockUser" time="1.298"/>
  <testcase classname="tests.LoginTest" name="verifyblockUser" time="1.319"/>
  <testcase classname="tests.LoginTest" name="verifyblockUser" time="1.332"/>
  <testcase classname="tests.LoginTest" name="verifyblockUser" time="1.298"/>
  <testcase classname="tests.LoginTest" name="verifyblockUser" time="1.296"/>
  <testcase classname="tests.LoginTest" name="verifyblockUser" time="1.259"/>
  <testcase classname="tests.LoginTest" name="mainUserLogin" time="0.738"/>
  <testcase classname="tests.AccessPermissions" name="verifyAddGroup" time="1.247"/>
  <testcase classname="tests.AccessPermissions" name="verifyViewGroup" time="0.887"/>
  <testcase classname="tests.AccessPermissions" name="verifyEditGroup" time="0.588"/>
  <testcase classname="tests.AccessPermissions" name="verifyDeleteGroup" time="0.444"/>
  <testcase classname="tests.AccessPermissions" name="verifyAddRole" time="1.721"/>
  <testcase classname="tests.AccessPermissions" name="verifyViewRole" time="0.893"/>
  <testcase classname="tests.AccessPermissions" name="verifyEditRole" time="0.828"/>
  <testcase classname="tests.AccessPermissions" name="verifyDeleteRole" time="0.888"/>
  <testcase classname="tests.AccessPermissions" name="verifyAddUser" time="1.154"/>
  <testcase classname="tests.AccessPermissions" name="verifyViewUser" time="0.909"/>
  <testcase classname="tests.AccessPermissions" name="verifyEditUser" time="0.539"/>
  <testcase classname="tests.AccessPermissions" name="verifyDeleteUser" time="0.366"/>
  <testcase classname="tests.DocSegments" name="verifyAddDocSeg" time="5.467"/>
  <testcase classname="tests.DocSegments" name="verifyViewDogSeg" time="0.816"/>
  <testcase classname="tests.DocSegments" name="verifyEditDogSeg" time="0.758">
    <failure type="java.lang.AssertionError" message="Doc Segement Was Not Edited Successfully expected [true] but found [false]">
      <![CDATA[java.lang.AssertionError: Doc Segement Was Not Edited Successfully expected [true] but found [false]
at tests.DocSegments.verifyEditDogSeg(DocSegments.java:58)
at java.base/java.util.ArrayList.forEach(ArrayList.java:1511)
... Removed 30 stack frames]]>
    </failure>
  </testcase> <!-- verifyEditDogSeg -->
  <testcase classname="tests.DocSegments" name="verifyDeleteDogSeg" time="10.346">
    <failure type="java.lang.AssertionError" message="Doc Segement Was Not Deleted Successfully expected [true] but found [false]">
      <![CDATA[java.lang.AssertionError: Doc Segement Was Not Deleted Successfully expected [true] but found [false]
at tests.DocSegments.verifyDeleteDogSeg(DocSegments.java:68)
=======
<testsuite ignored="8" hostname="AHLPT2208063-N" failures="3" tests="30" name="Test" time="52.207" errors="0" timestamp="2025-12-11T18:41:46 IST">
  <testcase classname="tests.Login" name="verifyLoginData" time="1.373"/>
  <testcase classname="tests.LoginTest" name="logoutMainUser" time="0.655"/>
  <testcase classname="tests.LoginTest" name="verifyLoginTest" time="1.32"/>
  <testcase classname="tests.LoginTest" name="verifyLoginTest" time="1.334"/>
  <testcase classname="tests.LoginTest" name="verifyLoginTest" time="1.281"/>
  <testcase classname="tests.LoginTest" name="verifyLoginTest" time="1.348"/>
  <testcase classname="tests.LoginTest" name="verifyblockUser" time="1.298"/>
  <testcase classname="tests.LoginTest" name="verifyblockUser" time="1.292"/>
  <testcase classname="tests.LoginTest" name="verifyblockUser" time="1.336"/>
  <testcase classname="tests.LoginTest" name="verifyblockUser" time="1.316"/>
  <testcase classname="tests.LoginTest" name="verifyblockUser" time="1.287"/>
  <testcase classname="tests.LoginTest" name="verifyblockUser" time="1.28"/>
  <testcase classname="tests.LoginTest" name="mainUserLogin" time="0.796"/>
  <testcase classname="tests.AccessPermissions" name="verifyAddGroup" time="1.714"/>
  <testcase classname="tests.AccessPermissions" name="verifyViewGroup" time="0.969"/>
  <testcase classname="tests.AccessPermissions" name="verifyEditGroup" time="0.586"/>
  <testcase classname="tests.AccessPermissions" name="verifyDeleteGroup" time="0.912"/>
  <testcase classname="tests.AccessPermissions" name="verifyAddRole" time="2.425"/>
  <testcase classname="tests.AccessPermissions" name="verifyViewRole" time="1.015"/>
  <testcase classname="tests.AccessPermissions" name="verifyEditRole" time="0.713"/>
  <testcase classname="tests.AccessPermissions" name="verifyDeleteRole" time="10.464">
    <failure type="java.lang.AssertionError" message="Role was not Delete successfully! expected [true] but found [false]">
      <![CDATA[java.lang.AssertionError: Role was not Delete successfully! expected [true] but found [false]
at tests.AccessPermissions.verifyDeleteRole(AccessPermissions.java:90)
at java.base/java.util.ArrayList.forEach(ArrayList.java:1511)
... Removed 30 stack frames]]>
    </failure>
  </testcase> <!-- verifyDeleteRole -->
  <testcase classname="tests.AccessPermissions" name="verifyAddUser" time="1.755"/>
  <testcase classname="tests.AccessPermissions" name="verifyViewUser" time="0.937"/>
  <testcase classname="tests.AccessPermissions" name="verifyEditUser" time="1.156"/>
  <testcase classname="tests.AccessPermissions" name="verifyDeleteUser" time="0.821">
    <failure type="java.lang.AssertionError" message="User was not Edited successfully! expected [true] but found [false]">
      <![CDATA[java.lang.AssertionError: User was not Edited successfully! expected [true] but found [false]
at tests.AccessPermissions.verifyDeleteUser(AccessPermissions.java:120)
at java.base/java.util.ArrayList.forEach(ArrayList.java:1511)
... Removed 30 stack frames]]>
    </failure>
  </testcase> <!-- verifyDeleteUser -->
  <testcase classname="tests.DocSegments" name="verifyAddDocSeg" time="5.199"/>
  <testcase classname="tests.DocSegments" name="verifyViewDogSeg" time="0.865"/>
  <testcase classname="tests.DocSegments" name="verifyEditDogSeg" time="0.891"/>
  <testcase classname="tests.DocSegments" name="verifyDeleteDogSeg" time="0.744">
    <failure type="java.lang.AssertionError" message="Doc Segement Was Not Deleted Successfully expected [true] but found [false]">
      <![CDATA[java.lang.AssertionError: Doc Segement Was Not Deleted Successfully expected [true] but found [false]
at tests.DocSegments.verifyDeleteDogSeg(DocSegments.java:57)
>>>>>>> 6dd703ddb2e4857eb8ec9d16e5c6c3464450e0b6
at java.base/java.util.ArrayList.forEach(ArrayList.java:1511)
... Removed 30 stack frames]]>
    </failure>
  </testcase> <!-- verifyDeleteDogSeg -->
<<<<<<< HEAD
  <testcase classname="tests.Logout" name="logoutUser" time="0.531"/>
=======
  <testcase classname="tests.Logout" name="logoutUser" time="0.571"/>
  <testcase classname="base.BaseClass" name="@AfterSuite closeBrowser" time="0.0">
    <ignored/>
  </testcase> <!-- @AfterSuite closeBrowser -->
>>>>>>> 6dd703ddb2e4857eb8ec9d16e5c6c3464450e0b6
  <testcase classname="base.BaseClass" name="@BeforeSuite launchBrowser" time="0.0">
    <ignored/>
  </testcase> <!-- @BeforeSuite launchBrowser -->
  <testcase classname="base.BaseClass" name="@BeforeSuite launchBrowser" time="0.0">
    <ignored/>
  </testcase> <!-- @BeforeSuite launchBrowser -->
  <testcase classname="base.BaseClass" name="@AfterSuite closeBrowser" time="0.0">
    <ignored/>
  </testcase> <!-- @AfterSuite closeBrowser -->
  <testcase classname="base.BaseClass" name="@BeforeSuite launchBrowser" time="0.0">
    <ignored/>
  </testcase> <!-- @BeforeSuite launchBrowser -->
<<<<<<< HEAD
  <testcase classname="base.BaseClass" name="@AfterSuite closeBrowser" time="0.0">
    <ignored/>
  </testcase> <!-- @AfterSuite closeBrowser -->
  <testcase classname="base.BaseClass" name="@AfterSuite closeBrowser" time="0.0">
    <ignored/>
  </testcase> <!-- @AfterSuite closeBrowser -->
  <testcase classname="base.BaseClass" name="@AfterSuite closeBrowser" time="0.0">
    <ignored/>
  </testcase> <!-- @AfterSuite closeBrowser -->
  <testcase classname="base.BaseClass" name="@BeforeSuite launchBrowser" time="0.0">
    <ignored/>
  </testcase> <!-- @BeforeSuite launchBrowser -->
=======
  <testcase classname="base.BaseClass" name="@BeforeSuite launchBrowser" time="0.0">
    <ignored/>
  </testcase> <!-- @BeforeSuite launchBrowser -->
  <testcase classname="base.BaseClass" name="@AfterSuite closeBrowser" time="0.0">
    <ignored/>
  </testcase> <!-- @AfterSuite closeBrowser -->
  <testcase classname="base.BaseClass" name="@AfterSuite closeBrowser" time="0.0">
    <ignored/>
  </testcase> <!-- @AfterSuite closeBrowser -->
>>>>>>> 6dd703ddb2e4857eb8ec9d16e5c6c3464450e0b6
</testsuite> <!-- Test -->
