<?xml version="1.0" encoding="UTF-8"?>
<!-- Generated by org.testng.reporters.JUnitXMLReporter -->
<testsuite ignored="4" hostname="AHLPT2208063-N" failures="0" tests="25" name="Test" time="452.298" errors="0" timestamp="2025-10-06T17:56:19 IST">
  <testcase classname="test_case.Login" name="Login_Data" time="1.311"/>
  <testcase classname="test_case.Login_Test_Data" name="logoutMainUser" time="0.414"/>
  <testcase classname="test_case.Login_Test_Data" name="Login_Test" time="10.248"/>
  <testcase classname="test_case.Login_Test_Data" name="Login_Test" time="10.293"/>
  <testcase classname="test_case.Login_Test_Data" name="Login_Test" time="10.244"/>
  <testcase classname="test_case.Login_Test_Data" name="Login_Test" time="13.287"/>
  <testcase classname="test_case.Login_Test_Data" name="Block_User" time="10.293"/>
  <testcase classname="test_case.Login_Test_Data" name="Block_User" time="10.607"/>
  <testcase classname="test_case.Login_Test_Data" name="Block_User" time="1.834"/>
  <testcase classname="test_case.Login_Test_Data" name="Block_User" time="10.264"/>
  <testcase classname="test_case.Login_Test_Data" name="Block_User" time="10.322"/>
  <testcase classname="test_case.Login_Test_Data" name="Block_User" time="10.294"/>
  <testcase classname="test_case.Login_Test_Data" name="MainUserLogin" time="0.974"/>
  <testcase classname="test_case.Access_permissions" name="Add_Group" time="41.592"/>
  <testcase classname="test_case.Access_permissions" name="view_Group" time="21.138"/>
  <testcase classname="test_case.Access_permissions" name="edit_Group" time="21.203"/>
  <testcase classname="test_case.Access_permissions" name="delete_Group" time="21.034"/>
  <testcase classname="test_case.Access_permissions" name="Add_Role" time="73.767"/>
  <testcase classname="test_case.Access_permissions" name="view_Role" time="21.283"/>
  <testcase classname="test_case.Access_permissions" name="edit_Role" time="21.777"/>
  <testcase classname="test_case.Access_permissions" name="delete_Role" time="21.06"/>
  <testcase classname="test_case.Access_permissions" name="Add_User" time="34.638"/>
  <testcase classname="test_case.Access_permissions" name="view_User" time="20.999"/>
  <testcase classname="test_case.Access_permissions" name="edit_User" time="21.148"/>
  <testcase classname="test_case.Access_permissions" name="delete_User" time="21.003"/>
  <testcase classname="base.Base_Class" name="@AfterTest CloseBrowser" time="0.0">
    <ignored/>
  </testcase> <!-- @AfterTest CloseBrowser -->
  <testcase classname="base.Base_Class" name="@AfterTest CloseBrowser" time="0.0">
    <ignored/>
  </testcase> <!-- @AfterTest CloseBrowser -->
  <testcase classname="base.Base_Class" name="@BeforeTest Launch_Browser" time="0.0">
    <ignored/>
  </testcase> <!-- @BeforeTest Launch_Browser -->
  <testcase classname="base.Base_Class" name="@BeforeTest Launch_Browser" time="0.0">
    <ignored/>
  </testcase> <!-- @BeforeTest Launch_Browser -->
</testsuite> <!-- Test -->
