<?xml version="1.0" encoding="UTF-8"?>
<!-- Generated by org.testng.reporters.JUnitXMLReporter -->
<testsuite ignored="8" hostname="AHLPT2208063-N" failures="0" tests="30" name="Test" time="42.019" errors="0" timestamp="2026-02-04T17:37:59 IST">
  <testcase classname="tests.Login" name="verifyLoginData" time="1.731"/>
  <testcase classname="tests.LoginTest" name="logoutMainUser" time="0.498"/>
  <testcase classname="tests.LoginTest" name="verifyLoginTest" time="1.273"/>
  <testcase classname="tests.LoginTest" name="verifyLoginTest" time="1.276"/>
  <testcase classname="tests.LoginTest" name="verifyLoginTest" time="1.284"/>
  <testcase classname="tests.LoginTest" name="verifyLoginTest" time="1.401"/>
  <testcase classname="tests.LoginTest" name="verifyblockUser" time="1.286"/>
  <testcase classname="tests.LoginTest" name="verifyblockUser" time="1.322"/>
  <testcase classname="tests.LoginTest" name="verifyblockUser" time="1.294"/>
  <testcase classname="tests.LoginTest" name="verifyblockUser" time="1.272"/>
  <testcase classname="tests.LoginTest" name="verifyblockUser" time="1.217"/>
  <testcase classname="tests.LoginTest" name="verifyblockUser" time="1.35"/>
  <testcase classname="tests.LoginTest" name="mainUserLogin" time="0.824"/>
  <testcase classname="tests.AccessPermissions" name="verifyAddGroup" time="1.599"/>
  <testcase classname="tests.AccessPermissions" name="verifyViewGroup" time="0.864"/>
  <testcase classname="tests.AccessPermissions" name="verifyEditGroup" time="0.485"/>
  <testcase classname="tests.AccessPermissions" name="verifyDeleteGroup" time="0.428"/>
  <testcase classname="tests.AccessPermissions" name="verifyAddRole" time="3.046"/>
  <testcase classname="tests.AccessPermissions" name="verifyViewRole" time="0.944"/>
  <testcase classname="tests.AccessPermissions" name="verifyEditRole" time="1.124"/>
  <testcase classname="tests.AccessPermissions" name="verifyDeleteRole" time="0.588"/>
  <testcase classname="tests.AccessPermissions" name="verifyAddUser" time="1.181"/>
  <testcase classname="tests.AccessPermissions" name="verifyViewUser" time="0.334"/>
  <testcase classname="tests.AccessPermissions" name="verifyEditUser" time="0.465"/>
  <testcase classname="tests.AccessPermissions" name="verifyDeleteUser" time="0.954"/>
  <testcase classname="tests.DocSegments" name="verifyAddDocSeg" time="4.447"/>
  <testcase classname="tests.DocSegments" name="verifyViewDogSeg" time="0.871"/>
  <testcase classname="tests.DocSegments" name="verifyEditDogSeg" time="1.0"/>
  <testcase classname="tests.DocSegments" name="verifyDeleteDogSeg" time="0.877"/>
  <testcase classname="tests.Logout" name="logoutUser" time="0.519"/>
  <testcase classname="base.BaseClass" name="@BeforeSuite launchBrowser" time="0.0">
    <ignored/>
  </testcase> <!-- @BeforeSuite launchBrowser -->
  <testcase classname="base.BaseClass" name="@BeforeSuite launchBrowser" time="0.0">
    <ignored/>
  </testcase> <!-- @BeforeSuite launchBrowser -->
  <testcase classname="base.BaseClass" name="@AfterSuite closeBrowser" time="0.0">
    <ignored/>
  </testcase> <!-- @AfterSuite closeBrowser -->
  <testcase classname="base.BaseClass" name="@BeforeSuite launchBrowser" time="0.0">
    <ignored/>
  </testcase> <!-- @BeforeSuite launchBrowser -->
  <testcase classname="base.BaseClass" name="@AfterSuite closeBrowser" time="0.0">
    <ignored/>
  </testcase> <!-- @AfterSuite closeBrowser -->
  <testcase classname="base.BaseClass" name="@AfterSuite closeBrowser" time="0.0">
    <ignored/>
  </testcase> <!-- @AfterSuite closeBrowser -->
  <testcase classname="base.BaseClass" name="@AfterSuite closeBrowser" time="0.0">
    <ignored/>
  </testcase> <!-- @AfterSuite closeBrowser -->
  <testcase classname="base.BaseClass" name="@BeforeSuite launchBrowser" time="0.0">
    <ignored/>
  </testcase> <!-- @BeforeSuite launchBrowser -->
</testsuite> <!-- Test -->
