<?xml version="1.0" encoding="UTF-8"?>
<!-- Generated by org.testng.reporters.JUnitXMLReporter -->
<testsuite ignored="2" hostname="AHLPT2208063-N" failures="1" tests="2" name="Test" time="3.062" errors="0" timestamp="2026-03-26T14:50:36 IST">
  <testcase classname="tests.Login" name="verifyLoginData" time="1.631"/>
  <testcase classname="tests.Products" name="addProducts" time="0.008">
    <failure type="java.lang.ClassCastException" message="class org.openqa.selenium.firefox.FirefoxDriver cannot be cast to class com.microsoft.playwright.Browser (org.openqa.selenium.firefox.FirefoxDriver and com.microsoft.playwright.Browser are in unnamed module of loader &amp;apos;app&amp;apos;)">
      <![CDATA[java.lang.ClassCastException: class org.openqa.selenium.firefox.FirefoxDriver cannot be cast to class com.microsoft.playwright.Browser (org.openqa.selenium.firefox.FirefoxDriver and com.microsoft.playwright.Browser are in unnamed module of loader 'app')
at tests.Products.addProducts(Products.java:22)
at java.base/java.util.ArrayList.forEach(ArrayList.java:1511)
... Removed 27 stack frames]]>
    </failure>
  </testcase> <!-- addProducts -->
  <testcase classname="base.BaseClass" name="@BeforeSuite launchBrowser" time="0.0">
    <ignored/>
  </testcase> <!-- @BeforeSuite launchBrowser -->
  <testcase classname="base.BaseClass" name="@AfterSuite closeBrowser" time="0.0">
    <ignored/>
  </testcase> <!-- @AfterSuite closeBrowser -->
</testsuite> <!-- Test -->
