<?xml version="1.0" encoding="UTF-8"?>
<!-- Generated by org.testng.reporters.JUnitXMLReporter -->
<testsuite ignored="13" hostname="AHLPT2208063-N" failures="0" tests="32" name="Test" time="56.144" errors="0" timestamp="2026-03-24T17:27:19 IST">
  <testcase classname="tests.Login" name="verifyLoginData" time="1.343"/>
  <testcase classname="tests.LoginTest" name="logoutMainUser" time="0.537"/>
  <testcase classname="tests.LoginTest" name="verifyLoginTest" time="1.324"/>
  <testcase classname="tests.LoginTest" name="verifyLoginTest" time="1.31"/>
  <testcase classname="tests.LoginTest" name="verifyLoginTest" time="1.321"/>
  <testcase classname="tests.LoginTest" name="verifyLoginTest" time="1.287"/>
  <testcase classname="tests.LoginTest" name="verifyblockUser" time="1.38"/>
  <testcase classname="tests.LoginTest" name="verifyblockUser" time="1.277"/>
  <testcase classname="tests.LoginTest" name="verifyblockUser" time="1.317"/>
  <testcase classname="tests.LoginTest" name="verifyblockUser" time="1.294"/>
  <testcase classname="tests.LoginTest" name="verifyblockUser" time="1.293"/>
  <testcase classname="tests.LoginTest" name="verifyblockUser" time="1.261"/>
  <testcase classname="tests.LoginTest" name="mainUserLogin" time="1.002"/>
  <testcase classname="tests.AccessPermissions" name="verifyAddGroup" time="1.637"/>
  <testcase classname="tests.AccessPermissions" name="verifyViewGroup" time="0.914"/>
  <testcase classname="tests.AccessPermissions" name="verifyEditGroup" time="0.595"/>
  <testcase classname="tests.AccessPermissions" name="verifyDeleteGroup" time="0.454"/>
  <testcase classname="tests.AccessPermissions" name="verifyAddRole" time="2.159"/>
  <testcase classname="tests.AccessPermissions" name="verifyViewRole" time="0.992"/>
  <testcase classname="tests.AccessPermissions" name="verifyEditRole" time="1.191"/>
  <testcase classname="tests.AccessPermissions" name="verifyDeleteRole" time="0.814"/>
  <testcase classname="tests.AccessPermissions" name="verifyAddUser" time="1.18"/>
  <testcase classname="tests.AccessPermissions" name="verifyViewUser" time="0.892"/>
  <testcase classname="tests.AccessPermissions" name="verifyEditUser" time="0.649"/>
  <testcase classname="tests.AccessPermissions" name="verifyDeleteUser" time="0.945"/>
  <testcase classname="tests.DocSegments" name="verifyAddDocSeg" time="4.884"/>
  <testcase classname="tests.DocSegments" name="verifyViewDogSeg" time="0.859"/>
  <testcase classname="tests.DocSegments" name="verifyEditDogSeg" time="0.912"/>
  <testcase classname="tests.DocSegments" name="verifyDeleteDogSeg" time="0.875"/>
  <testcase classname="tests.DetailReport" name="detailReportGenerate" time="3.114"/>
  <testcase classname="tests.BatchReport" name="readDataExtraction" time="9.792"/>
  <testcase classname="tests.Logout" name="logoutUser" time="0.457"/>
  <testcase classname="base.BaseClass" name="@BeforeSuite launchBrowser" time="0.0">
    <ignored/>
  </testcase> <!-- @BeforeSuite launchBrowser -->
  <testcase classname="base.BaseClass" name="@BeforeSuite launchBrowser" time="0.0">
    <ignored/>
  </testcase> <!-- @BeforeSuite launchBrowser -->
  <testcase classname="base.BaseClass" name="@AfterSuite closeBrowser" time="0.0">
    <ignored/>
  </testcase> <!-- @AfterSuite closeBrowser -->
  <testcase classname="base.BaseClass" name="@AfterSuite closeBrowser" time="0.0">
    <ignored/>
  </testcase> <!-- @AfterSuite closeBrowser -->
  <testcase classname="base.BaseClass" name="@BeforeSuite launchBrowser" time="0.0">
    <ignored/>
  </testcase> <!-- @BeforeSuite launchBrowser -->
  <testcase classname="base.BaseClass" name="@BeforeSuite launchBrowser" time="0.0">
    <ignored/>
  </testcase> <!-- @BeforeSuite launchBrowser -->
  <testcase classname="base.BaseClass" name="@AfterSuite closeBrowser" time="0.0">
    <ignored/>
  </testcase> <!-- @AfterSuite closeBrowser -->
  <testcase classname="tests.BatchReport" name="readRawFile" time="0.0">
    <ignored/>
  </testcase> <!-- readRawFile -->
  <testcase classname="base.BaseClass" name="@BeforeSuite launchBrowser" time="0.0">
    <ignored/>
  </testcase> <!-- @BeforeSuite launchBrowser -->
  <testcase classname="base.BaseClass" name="@BeforeSuite launchBrowser" time="0.0">
    <ignored/>
  </testcase> <!-- @BeforeSuite launchBrowser -->
  <testcase classname="base.BaseClass" name="@AfterSuite closeBrowser" time="0.0">
    <ignored/>
  </testcase> <!-- @AfterSuite closeBrowser -->
  <testcase classname="base.BaseClass" name="@AfterSuite closeBrowser" time="0.0">
    <ignored/>
  </testcase> <!-- @AfterSuite closeBrowser -->
  <testcase classname="base.BaseClass" name="@AfterSuite closeBrowser" time="0.0">
    <ignored/>
  </testcase> <!-- @AfterSuite closeBrowser -->
</testsuite> <!-- Test -->
