<?xml version="1.0" encoding="UTF-8"?>
<!-- Generated by org.testng.reporters.JUnitXMLReporter -->
<testsuite ignored="8" hostname="AHLPT2208063-N" failures="0" tests="30" name="Test" time="41.711" errors="0" timestamp="2025-12-11T17:36:20 IST">
  <testcase classname="tests.Login" name="verifyLoginData" time="1.459"/>
  <testcase classname="tests.LoginTest" name="logoutMainUser" time="0.56"/>
  <testcase classname="tests.LoginTest" name="verifyLoginTest" time="1.306"/>
  <testcase classname="tests.LoginTest" name="verifyLoginTest" time="1.296"/>
  <testcase classname="tests.LoginTest" name="verifyLoginTest" time="1.322"/>
  <testcase classname="tests.LoginTest" name="verifyLoginTest" time="1.357"/>
  <testcase classname="tests.LoginTest" name="verifyblockUser" time="1.27"/>
  <testcase classname="tests.LoginTest" name="verifyblockUser" time="1.283"/>
  <testcase classname="tests.LoginTest" name="verifyblockUser" time="1.326"/>
  <testcase classname="tests.LoginTest" name="verifyblockUser" time="1.397"/>
  <testcase classname="tests.LoginTest" name="verifyblockUser" time="1.271"/>
  <testcase classname="tests.LoginTest" name="verifyblockUser" time="1.31"/>
  <testcase classname="tests.LoginTest" name="mainUserLogin" time="0.825"/>
  <testcase classname="tests.AccessPermissions" name="verifyAddGroup" time="1.648"/>
  <testcase classname="tests.AccessPermissions" name="verifyViewGroup" time="0.938"/>
  <testcase classname="tests.AccessPermissions" name="verifyEditGroup" time="0.549"/>
  <testcase classname="tests.AccessPermissions" name="verifyDeleteGroup" time="1.031"/>
  <testcase classname="tests.AccessPermissions" name="verifyAddRole" time="2.532"/>
  <testcase classname="tests.AccessPermissions" name="verifyViewRole" time="1.076"/>
  <testcase classname="tests.AccessPermissions" name="verifyEditRole" time="1.254"/>
  <testcase classname="tests.AccessPermissions" name="verifyDeleteRole" time="0.863"/>
  <testcase classname="tests.AccessPermissions" name="verifyAddUser" time="1.303"/>
  <testcase classname="tests.AccessPermissions" name="verifyViewUser" time="0.846"/>
  <testcase classname="tests.AccessPermissions" name="verifyEditUser" time="1.108"/>
  <testcase classname="tests.AccessPermissions" name="verifyDeleteUser" time="0.395"/>
  <testcase classname="tests.DocSegments" name="verifyAddDocSeg" time="4.799"/>
  <testcase classname="tests.DocSegments" name="verifyViewDogSeg" time="0.801"/>
  <testcase classname="tests.DocSegments" name="verifyEditDogSeg" time="0.957"/>
  <testcase classname="tests.DocSegments" name="verifyDeleteDogSeg" time="0.934"/>
  <testcase classname="tests.Logout" name="logoutUser" time="0.54"/>
  <testcase classname="base.BaseClass" name="@BeforeSuite launchBrowser" time="0.0">
    <ignored/>
  </testcase> <!-- @BeforeSuite launchBrowser -->
  <testcase classname="base.BaseClass" name="@BeforeSuite launchBrowser" time="0.0">
    <ignored/>
  </testcase> <!-- @BeforeSuite launchBrowser -->
  <testcase classname="base.BaseClass" name="@BeforeSuite launchBrowser" time="0.0">
    <ignored/>
  </testcase> <!-- @BeforeSuite launchBrowser -->
  <testcase classname="base.BaseClass" name="@AfterSuite closeBrowser" time="0.0">
    <ignored/>
  </testcase> <!-- @AfterSuite closeBrowser -->
  <testcase classname="base.BaseClass" name="@AfterSuite closeBrowser" time="0.0">
    <ignored/>
  </testcase> <!-- @AfterSuite closeBrowser -->
  <testcase classname="base.BaseClass" name="@BeforeSuite launchBrowser" time="0.0">
    <ignored/>
  </testcase> <!-- @BeforeSuite launchBrowser -->
  <testcase classname="base.BaseClass" name="@AfterSuite closeBrowser" time="0.0">
    <ignored/>
  </testcase> <!-- @AfterSuite closeBrowser -->
  <testcase classname="base.BaseClass" name="@AfterSuite closeBrowser" time="0.0">
    <ignored/>
  </testcase> <!-- @AfterSuite closeBrowser -->
</testsuite> <!-- Test -->
