<?xml version="1.0" encoding="UTF-8"?>
<!-- Generated by org.testng.reporters.JUnitXMLReporter -->
<testsuite ignored="8" hostname="AHLPT2208063-N" failures="0" tests="30" name="Test" time="41.384" errors="0" timestamp="2026-01-20T19:02:57 IST">
  <testcase classname="tests.Login" name="verifyLoginData" time="1.272"/>
  <testcase classname="tests.LoginTest" name="logoutMainUser" time="0.607"/>
  <testcase classname="tests.LoginTest" name="verifyLoginTest" time="1.315"/>
  <testcase classname="tests.LoginTest" name="verifyLoginTest" time="1.374"/>
  <testcase classname="tests.LoginTest" name="verifyLoginTest" time="1.256"/>
  <testcase classname="tests.LoginTest" name="verifyLoginTest" time="1.474"/>
  <testcase classname="tests.LoginTest" name="verifyblockUser" time="1.288"/>
  <testcase classname="tests.LoginTest" name="verifyblockUser" time="1.294"/>
  <testcase classname="tests.LoginTest" name="verifyblockUser" time="1.314"/>
  <testcase classname="tests.LoginTest" name="verifyblockUser" time="1.309"/>
  <testcase classname="tests.LoginTest" name="verifyblockUser" time="1.32"/>
  <testcase classname="tests.LoginTest" name="verifyblockUser" time="1.263"/>
  <testcase classname="tests.LoginTest" name="mainUserLogin" time="0.801"/>
  <testcase classname="tests.AccessPermissions" name="verifyAddGroup" time="1.65"/>
  <testcase classname="tests.AccessPermissions" name="verifyViewGroup" time="0.84"/>
  <testcase classname="tests.AccessPermissions" name="verifyEditGroup" time="0.6"/>
  <testcase classname="tests.AccessPermissions" name="verifyDeleteGroup" time="0.413"/>
  <testcase classname="tests.AccessPermissions" name="verifyAddRole" time="2.111"/>
  <testcase classname="tests.AccessPermissions" name="verifyViewRole" time="0.984"/>
  <testcase classname="tests.AccessPermissions" name="verifyEditRole" time="0.76"/>
  <testcase classname="tests.AccessPermissions" name="verifyDeleteRole" time="0.877"/>
  <testcase classname="tests.AccessPermissions" name="verifyAddUser" time="1.164"/>
  <testcase classname="tests.AccessPermissions" name="verifyViewUser" time="0.844"/>
  <testcase classname="tests.AccessPermissions" name="verifyEditUser" time="0.584"/>
  <testcase classname="tests.AccessPermissions" name="verifyDeleteUser" time="0.448"/>
  <testcase classname="tests.DocSegments" name="verifyAddDocSeg" time="5.26"/>
  <testcase classname="tests.DocSegments" name="verifyViewDogSeg" time="0.826"/>
  <testcase classname="tests.DocSegments" name="verifyEditDogSeg" time="0.973"/>
  <testcase classname="tests.DocSegments" name="verifyDeleteDogSeg" time="0.88"/>
  <testcase classname="tests.Logout" name="logoutUser" time="0.447"/>
  <testcase classname="base.BaseClass" name="@BeforeSuite launchBrowser" time="0.0">
    <ignored/>
  </testcase> <!-- @BeforeSuite launchBrowser -->
  <testcase classname="base.BaseClass" name="@BeforeSuite launchBrowser" time="0.0">
    <ignored/>
  </testcase> <!-- @BeforeSuite launchBrowser -->
  <testcase classname="base.BaseClass" name="@AfterSuite closeBrowser" time="0.0">
    <ignored/>
  </testcase> <!-- @AfterSuite closeBrowser -->
  <testcase classname="base.BaseClass" name="@AfterSuite closeBrowser" time="0.0">
    <ignored/>
  </testcase> <!-- @AfterSuite closeBrowser -->
  <testcase classname="base.BaseClass" name="@AfterSuite closeBrowser" time="0.0">
    <ignored/>
  </testcase> <!-- @AfterSuite closeBrowser -->
  <testcase classname="base.BaseClass" name="@BeforeSuite launchBrowser" time="0.0">
    <ignored/>
  </testcase> <!-- @BeforeSuite launchBrowser -->
  <testcase classname="base.BaseClass" name="@BeforeSuite launchBrowser" time="0.0">
    <ignored/>
  </testcase> <!-- @BeforeSuite launchBrowser -->
  <testcase classname="base.BaseClass" name="@AfterSuite closeBrowser" time="0.0">
    <ignored/>
  </testcase> <!-- @AfterSuite closeBrowser -->
</testsuite> <!-- Test -->
