<?xml version="1.0" encoding="UTF-8"?>
<!-- Generated by org.testng.reporters.JUnitXMLReporter -->
<testsuite ignored="13" hostname="AHLPT2208063-N" failures="0" tests="32" name="Test" time="56.317" errors="0" timestamp="2026-05-13T15:51:41 IST">
  <testcase classname="tests.Login" name="verifyLoginData" time="1.43"/>
  <testcase classname="tests.LoginTest" name="logoutMainUser" time="0.63"/>
  <testcase classname="tests.LoginTest" name="verifyLoginTest" time="1.314"/>
  <testcase classname="tests.LoginTest" name="verifyLoginTest" time="1.31"/>
  <testcase classname="tests.LoginTest" name="verifyLoginTest" time="1.268"/>
  <testcase classname="tests.LoginTest" name="verifyLoginTest" time="1.503"/>
  <testcase classname="tests.LoginTest" name="verifyblockUser" time="1.295"/>
  <testcase classname="tests.LoginTest" name="verifyblockUser" time="1.255"/>
  <testcase classname="tests.LoginTest" name="verifyblockUser" time="1.411"/>
  <testcase classname="tests.LoginTest" name="verifyblockUser" time="1.398"/>
  <testcase classname="tests.LoginTest" name="verifyblockUser" time="1.292"/>
  <testcase classname="tests.LoginTest" name="verifyblockUser" time="1.277"/>
  <testcase classname="tests.LoginTest" name="mainUserLogin" time="0.914"/>
  <testcase classname="tests.AccessPermissions" name="verifyAddGroup" time="1.643"/>
  <testcase classname="tests.AccessPermissions" name="verifyViewGroup" time="0.946"/>
  <testcase classname="tests.AccessPermissions" name="verifyEditGroup" time="0.609"/>
  <testcase classname="tests.AccessPermissions" name="verifyDeleteGroup" time="0.388"/>
  <testcase classname="tests.AccessPermissions" name="verifyAddRole" time="2.296"/>
  <testcase classname="tests.AccessPermissions" name="verifyViewRole" time="1.073"/>
  <testcase classname="tests.AccessPermissions" name="verifyEditRole" time="0.644"/>
  <testcase classname="tests.AccessPermissions" name="verifyDeleteRole" time="0.903"/>
  <testcase classname="tests.AccessPermissions" name="verifyAddUser" time="1.266"/>
  <testcase classname="tests.AccessPermissions" name="verifyViewUser" time="0.335"/>
  <testcase classname="tests.AccessPermissions" name="verifyEditUser" time="0.527"/>
  <testcase classname="tests.AccessPermissions" name="verifyDeleteUser" time="0.37"/>
  <testcase classname="tests.DocSegments" name="verifyAddDocSeg" time="4.747"/>
  <testcase classname="tests.DocSegments" name="verifyViewDogSeg" time="0.847"/>
  <testcase classname="tests.DocSegments" name="verifyEditDogSeg" time="0.886"/>
  <testcase classname="tests.DocSegments" name="verifyDeleteDogSeg" time="0.862"/>
  <testcase classname="tests.DetailReport" name="detailReportGenerate" time="3.194"/>
  <testcase classname="tests.BatchReport" name="readDataExtraction" time="9.872"/>
  <testcase classname="tests.Logout" name="logoutUser" time="0.522"/>
  <testcase classname="base.BaseClass" name="@AfterSuite closeBrowser" time="0.0">
    <ignored/>
  </testcase> <!-- @AfterSuite closeBrowser -->
  <testcase classname="tests.BatchReport" name="readRawFile" time="0.0">
    <ignored/>
  </testcase> <!-- readRawFile -->
  <testcase classname="base.BaseClass" name="@BeforeSuite launchBrowser" time="0.0">
    <ignored/>
  </testcase> <!-- @BeforeSuite launchBrowser -->
  <testcase classname="base.BaseClass" name="@AfterSuite closeBrowser" time="0.0">
    <ignored/>
  </testcase> <!-- @AfterSuite closeBrowser -->
  <testcase classname="base.BaseClass" name="@AfterSuite closeBrowser" time="0.0">
    <ignored/>
  </testcase> <!-- @AfterSuite closeBrowser -->
  <testcase classname="base.BaseClass" name="@BeforeSuite launchBrowser" time="0.0">
    <ignored/>
  </testcase> <!-- @BeforeSuite launchBrowser -->
  <testcase classname="base.BaseClass" name="@BeforeSuite launchBrowser" time="0.0">
    <ignored/>
  </testcase> <!-- @BeforeSuite launchBrowser -->
  <testcase classname="base.BaseClass" name="@BeforeSuite launchBrowser" time="0.0">
    <ignored/>
  </testcase> <!-- @BeforeSuite launchBrowser -->
  <testcase classname="base.BaseClass" name="@AfterSuite closeBrowser" time="0.0">
    <ignored/>
  </testcase> <!-- @AfterSuite closeBrowser -->
  <testcase classname="base.BaseClass" name="@BeforeSuite launchBrowser" time="0.0">
    <ignored/>
  </testcase> <!-- @BeforeSuite launchBrowser -->
  <testcase classname="base.BaseClass" name="@AfterSuite closeBrowser" time="0.0">
    <ignored/>
  </testcase> <!-- @AfterSuite closeBrowser -->
  <testcase classname="base.BaseClass" name="@AfterSuite closeBrowser" time="0.0">
    <ignored/>
  </testcase> <!-- @AfterSuite closeBrowser -->
  <testcase classname="base.BaseClass" name="@BeforeSuite launchBrowser" time="0.0">
    <ignored/>
  </testcase> <!-- @BeforeSuite launchBrowser -->
</testsuite> <!-- Test -->
