<?xml version="1.0" encoding="UTF-8"?>
<!-- Generated by org.testng.reporters.JUnitXMLReporter -->
<testsuite ignored="8" hostname="AHLPT2208063-N" failures="0" tests="30" name="Test" time="40.186" errors="0" timestamp="2026-02-04T18:26:26 IST">
  <testcase classname="tests.Login" name="verifyLoginData" time="1.78"/>
  <testcase classname="tests.LoginTest" name="logoutMainUser" time="0.483"/>
  <testcase classname="tests.LoginTest" name="verifyLoginTest" time="1.266"/>
  <testcase classname="tests.LoginTest" name="verifyLoginTest" time="1.263"/>
  <testcase classname="tests.LoginTest" name="verifyLoginTest" time="1.248"/>
  <testcase classname="tests.LoginTest" name="verifyLoginTest" time="1.375"/>
  <testcase classname="tests.LoginTest" name="verifyblockUser" time="1.269"/>
  <testcase classname="tests.LoginTest" name="verifyblockUser" time="1.209"/>
  <testcase classname="tests.LoginTest" name="verifyblockUser" time="1.377"/>
  <testcase classname="tests.LoginTest" name="verifyblockUser" time="1.252"/>
  <testcase classname="tests.LoginTest" name="verifyblockUser" time="1.23"/>
  <testcase classname="tests.LoginTest" name="verifyblockUser" time="1.332"/>
  <testcase classname="tests.LoginTest" name="mainUserLogin" time="1.013"/>
  <testcase classname="tests.AccessPermissions" name="verifyAddGroup" time="1.453"/>
  <testcase classname="tests.AccessPermissions" name="verifyViewGroup" time="0.853"/>
  <testcase classname="tests.AccessPermissions" name="verifyEditGroup" time="0.472"/>
  <testcase classname="tests.AccessPermissions" name="verifyDeleteGroup" time="0.84"/>
  <testcase classname="tests.AccessPermissions" name="verifyAddRole" time="2.124"/>
  <testcase classname="tests.AccessPermissions" name="verifyViewRole" time="0.774"/>
  <testcase classname="tests.AccessPermissions" name="verifyEditRole" time="1.235"/>
  <testcase classname="tests.AccessPermissions" name="verifyDeleteRole" time="0.455"/>
  <testcase classname="tests.AccessPermissions" name="verifyAddUser" time="1.433"/>
  <testcase classname="tests.AccessPermissions" name="verifyViewUser" time="0.376"/>
  <testcase classname="tests.AccessPermissions" name="verifyEditUser" time="0.566"/>
  <testcase classname="tests.AccessPermissions" name="verifyDeleteUser" time="0.88"/>
  <testcase classname="tests.DocSegments" name="verifyAddDocSeg" time="4.457"/>
  <testcase classname="tests.DocSegments" name="verifyViewDogSeg" time="0.765"/>
  <testcase classname="tests.DocSegments" name="verifyEditDogSeg" time="0.853"/>
  <testcase classname="tests.DocSegments" name="verifyDeleteDogSeg" time="0.813"/>
  <testcase classname="tests.Logout" name="logoutUser" time="0.467"/>
  <testcase classname="base.BaseClass" name="@BeforeSuite launchBrowser" time="0.0">
    <ignored/>
  </testcase> <!-- @BeforeSuite launchBrowser -->
  <testcase classname="base.BaseClass" name="@BeforeSuite launchBrowser" time="0.0">
    <ignored/>
  </testcase> <!-- @BeforeSuite launchBrowser -->
  <testcase classname="base.BaseClass" name="@AfterSuite closeBrowser" time="0.0">
    <ignored/>
  </testcase> <!-- @AfterSuite closeBrowser -->
  <testcase classname="base.BaseClass" name="@AfterSuite closeBrowser" time="0.0">
    <ignored/>
  </testcase> <!-- @AfterSuite closeBrowser -->
  <testcase classname="base.BaseClass" name="@AfterSuite closeBrowser" time="0.0">
    <ignored/>
  </testcase> <!-- @AfterSuite closeBrowser -->
  <testcase classname="base.BaseClass" name="@BeforeSuite launchBrowser" time="0.0">
    <ignored/>
  </testcase> <!-- @BeforeSuite launchBrowser -->
  <testcase classname="base.BaseClass" name="@BeforeSuite launchBrowser" time="0.0">
    <ignored/>
  </testcase> <!-- @BeforeSuite launchBrowser -->
  <testcase classname="base.BaseClass" name="@AfterSuite closeBrowser" time="0.0">
    <ignored/>
  </testcase> <!-- @AfterSuite closeBrowser -->
</testsuite> <!-- Test -->
