<?xml version="1.0" encoding="UTF-8"?>
<!-- Generated by org.testng.reporters.JUnitXMLReporter -->
<testsuite ignored="8" hostname="AHLPT2208063-N" failures="1" tests="30" name="Test" time="52.118" errors="0" timestamp="2025-12-12T12:51:17 IST">
  <testcase classname="tests.Login" name="verifyLoginData" time="1.395"/>
  <testcase classname="tests.LoginTest" name="logoutMainUser" time="0.629"/>
  <testcase classname="tests.LoginTest" name="verifyLoginTest" time="1.382"/>
  <testcase classname="tests.LoginTest" name="verifyLoginTest" time="1.367"/>
  <testcase classname="tests.LoginTest" name="verifyLoginTest" time="1.318"/>
  <testcase classname="tests.LoginTest" name="verifyLoginTest" time="1.421"/>
  <testcase classname="tests.LoginTest" name="verifyblockUser" time="1.297"/>
  <testcase classname="tests.LoginTest" name="verifyblockUser" time="1.256"/>
  <testcase classname="tests.LoginTest" name="verifyblockUser" time="1.396"/>
  <testcase classname="tests.LoginTest" name="verifyblockUser" time="1.322"/>
  <testcase classname="tests.LoginTest" name="verifyblockUser" time="1.29"/>
  <testcase classname="tests.LoginTest" name="verifyblockUser" time="1.292"/>
  <testcase classname="tests.LoginTest" name="mainUserLogin" time="1.04"/>
  <testcase classname="tests.AccessPermissions" name="verifyAddGroup" time="1.637"/>
  <testcase classname="tests.AccessPermissions" name="verifyViewGroup" time="0.967"/>
  <testcase classname="tests.AccessPermissions" name="verifyEditGroup" time="0.575"/>
  <testcase classname="tests.AccessPermissions" name="verifyDeleteGroup" time="0.439"/>
  <testcase classname="tests.AccessPermissions" name="verifyAddRole" time="2.639"/>
  <testcase classname="tests.AccessPermissions" name="verifyViewRole" time="0.982"/>
  <testcase classname="tests.AccessPermissions" name="verifyEditRole" time="0.767"/>
  <testcase classname="tests.AccessPermissions" name="verifyDeleteRole" time="10.435">
    <failure type="java.lang.AssertionError" message="Role was not Delete successfully! expected [true] but found [false]">
      <![CDATA[java.lang.AssertionError: Role was not Delete successfully! expected [true] but found [false]
at tests.AccessPermissions.verifyDeleteRole(AccessPermissions.java:104)
at java.base/java.util.ArrayList.forEach(ArrayList.java:1511)
... Removed 34 stack frames]]>
    </failure>
  </testcase> <!-- verifyDeleteRole -->
  <testcase classname="tests.AccessPermissions" name="verifyAddUser" time="1.519"/>
  <testcase classname="tests.AccessPermissions" name="verifyViewUser" time="0.375"/>
  <testcase classname="tests.AccessPermissions" name="verifyEditUser" time="0.584"/>
  <testcase classname="tests.AccessPermissions" name="verifyDeleteUser" time="0.434"/>
  <testcase classname="tests.DocSegments" name="verifyAddDocSeg" time="5.054"/>
  <testcase classname="tests.DocSegments" name="verifyViewDogSeg" time="0.832"/>
  <testcase classname="tests.DocSegments" name="verifyEditDogSeg" time="0.993"/>
  <testcase classname="tests.DocSegments" name="verifyDeleteDogSeg" time="0.965"/>
  <testcase classname="tests.Logout" name="logoutUser" time="0.518"/>
  <testcase classname="base.BaseClass" name="@BeforeSuite launchBrowser" time="0.0">
    <ignored/>
  </testcase> <!-- @BeforeSuite launchBrowser -->
  <testcase classname="base.BaseClass" name="@BeforeSuite launchBrowser" time="0.0">
    <ignored/>
  </testcase> <!-- @BeforeSuite launchBrowser -->
  <testcase classname="base.BaseClass" name="@AfterSuite closeBrowser" time="0.0">
    <ignored/>
  </testcase> <!-- @AfterSuite closeBrowser -->
  <testcase classname="base.BaseClass" name="@AfterSuite closeBrowser" time="0.0">
    <ignored/>
  </testcase> <!-- @AfterSuite closeBrowser -->
  <testcase classname="base.BaseClass" name="@AfterSuite closeBrowser" time="0.0">
    <ignored/>
  </testcase> <!-- @AfterSuite closeBrowser -->
  <testcase classname="base.BaseClass" name="@BeforeSuite launchBrowser" time="0.0">
    <ignored/>
  </testcase> <!-- @BeforeSuite launchBrowser -->
  <testcase classname="base.BaseClass" name="@BeforeSuite launchBrowser" time="0.0">
    <ignored/>
  </testcase> <!-- @BeforeSuite launchBrowser -->
  <testcase classname="base.BaseClass" name="@AfterSuite closeBrowser" time="0.0">
    <ignored/>
  </testcase> <!-- @AfterSuite closeBrowser -->
</testsuite> <!-- Test -->
