2026-01-19 12:53:16 INFO  [main] BaseClass - Application Started
2026-01-19 12:53:16 INFO  [main] BaseClass - ===================
2026-01-19 12:53:20 INFO  [main] BaseClass - FireFoxDriver Object is Created  FirefoxDriver: firefox on windows (436da998-d432-45b8-83d5-02edf00b4e60)
2026-01-19 12:53:20 INFO  [main] BaseClass - Browser Got Opened
2026-01-19 12:53:20 INFO  [main] BaseClass - url Called  http://192.168.2.27:9092/
2026-01-19 12:53:20 INFO  [main] BaseClass - Tear Up is Done
2026-01-19 12:53:22 INFO  [main] Listeners - Test Case Started
2026-01-19 12:53:22 INFO  [main] Login - Login User method Started
2026-01-19 12:53:22 INFO  [main] Login - Login Page Method call
2026-01-19 12:53:22 INFO  [main] LoginPage - Login Method Called
2026-01-19 12:53:22 INFO  [main] LoginPage - Entered UserName is :Approver
2026-01-19 12:53:22 INFO  [main] LoginPage - Password Entered
2026-01-19 12:53:23 INFO  [main] HelperClass - Login Submit Button Clicked
2026-01-19 12:53:23 INFO  [main] LoginPage - Submit Button Clicked
2026-01-19 12:53:23 INFO  [main] HelperClass - Home Title is visible
2026-01-19 12:53:23 INFO  [main] Login - Login Test Completed Successfully
2026-01-19 12:53:23 INFO  [main] Listeners - Test Case Success
2026-01-19 12:53:23 INFO  [main] Listeners - Test Case Started
2026-01-19 12:53:23 INFO  [main] LoginTest - Logout for the User
2026-01-19 12:53:23 INFO  [main] LoginPage - This is logout method
2026-01-19 12:53:23 INFO  [main] LoginPage - Is ProfileDropdown displayed? true
2026-01-19 12:53:23 INFO  [main] LoginPage - Is ProfileDropdown enabled? true
2026-01-19 12:53:23 INFO  [main] LoginPage - Approver ApproverMain User
2026-01-19 12:53:24 INFO  [main] HelperClass - Sign out Button Clicked
2026-01-19 12:53:24 INFO  [main] HelperClass - Confirm Yes Button Clicked
2026-01-19 12:53:24 INFO  [main] LoginPage - Logout Success
2026-01-19 12:53:24 INFO  [main] Listeners - Test Case Success
2026-01-19 12:53:24 INFO  [main] Listeners - Test Case Started
2026-01-19 12:53:24 INFO  [main] LoginTest - Login Test Started
2026-01-19 12:53:24 INFO  [main] LoginTest - Attempting login for user: Approver1
2026-01-19 12:53:24 INFO  [main] LoginPage - Login Method Called
2026-01-19 12:53:24 INFO  [main] LoginPage - Entered UserName is :Approver1
2026-01-19 12:53:24 INFO  [main] LoginPage - Password Entered
2026-01-19 12:53:24 INFO  [main] HelperClass - Login Submit Button Clicked
2026-01-19 12:53:25 INFO  [main] LoginPage - This is failed test text
2026-01-19 12:53:25 INFO  [main] LoginPage - Invalid user name or password or Deactivated.
2026-01-19 12:53:25 INFO  [main] Listeners - Test Case Success
2026-01-19 12:53:25 INFO  [main] Listeners - Test Case Started
2026-01-19 12:53:25 INFO  [main] LoginTest - Login Test Started
2026-01-19 12:53:25 INFO  [main] LoginTest - Attempting login for user: Approver
2026-01-19 12:53:25 INFO  [main] LoginPage - Login Method Called
2026-01-19 12:53:26 INFO  [main] LoginPage - Entered UserName is :Approver
2026-01-19 12:53:26 INFO  [main] LoginPage - Password Entered
2026-01-19 12:53:26 INFO  [main] HelperClass - Login Submit Button Clicked
2026-01-19 12:53:27 INFO  [main] LoginPage - This is failed test text
2026-01-19 12:53:27 INFO  [main] LoginPage - Invalid user name or password.
2026-01-19 12:53:27 INFO  [main] Listeners - Test Case Success
2026-01-19 12:53:27 INFO  [main] Listeners - Test Case Started
2026-01-19 12:53:27 INFO  [main] LoginTest - Login Test Started
2026-01-19 12:53:27 INFO  [main] LoginTest - Attempting login for user: Approver1
2026-01-19 12:53:27 INFO  [main] LoginPage - Login Method Called
2026-01-19 12:53:27 INFO  [main] LoginPage - Entered UserName is :Approver1
2026-01-19 12:53:27 INFO  [main] LoginPage - Password Entered
2026-01-19 12:53:27 INFO  [main] HelperClass - Login Submit Button Clicked
2026-01-19 12:53:28 INFO  [main] LoginPage - This is failed test text
2026-01-19 12:53:28 INFO  [main] LoginPage - Invalid user name or password or Deactivated.
2026-01-19 12:53:28 INFO  [main] Listeners - Test Case Success
2026-01-19 12:53:28 INFO  [main] Listeners - Test Case Started
2026-01-19 12:53:28 INFO  [main] LoginTest - Login Test Started
2026-01-19 12:53:28 INFO  [main] LoginTest - Attempting login for user: Approver
2026-01-19 12:53:28 INFO  [main] LoginPage - Login Method Called
2026-01-19 12:53:28 INFO  [main] LoginPage - Entered UserName is :Approver
2026-01-19 12:53:28 INFO  [main] LoginPage - Password Entered
2026-01-19 12:53:29 INFO  [main] HelperClass - Login Submit Button Clicked
2026-01-19 12:53:29 INFO  [main] HelperClass - Home Title is visible
2026-01-19 12:53:29 INFO  [main] LoginTest - Login Success for User: Approver
2026-01-19 12:53:29 INFO  [main] LoginTest - Logout for the User
2026-01-19 12:53:29 INFO  [main] LoginPage - This is logout method
2026-01-19 12:53:29 INFO  [main] LoginPage - Is ProfileDropdown displayed? true
2026-01-19 12:53:29 INFO  [main] LoginPage - Is ProfileDropdown enabled? true
2026-01-19 12:53:29 INFO  [main] LoginPage - Main User
2026-01-19 12:53:29 INFO  [main] HelperClass - Sign out Button Clicked
2026-01-19 12:53:30 INFO  [main] HelperClass - Confirm Yes Button Clicked
2026-01-19 12:53:30 INFO  [main] LoginPage - Logout Success
2026-01-19 12:53:30 INFO  [main] Listeners - Test Case Success
2026-01-19 12:53:30 INFO  [main] Listeners - Test Case Started
2026-01-19 12:53:30 INFO  [main] LoginTest - BlockLoginCredentials
2026-01-19 12:53:30 INFO  [main] LoginTest - Attempting login for user: Check
2026-01-19 12:53:30 INFO  [main] LoginPage - Login Method Called
2026-01-19 12:53:30 INFO  [main] LoginPage - Entered UserName is :Check
2026-01-19 12:53:30 INFO  [main] LoginPage - Password Entered
2026-01-19 12:53:30 INFO  [main] HelperClass - Login Submit Button Clicked
2026-01-19 12:53:31 INFO  [main] LoginPage - This is failed test text
2026-01-19 12:53:31 INFO  [main] LoginPage - Invalid user name or password.
2026-01-19 12:53:31 INFO  [main] Listeners - Test Case Success
2026-01-19 12:53:31 INFO  [main] Listeners - Test Case Started
2026-01-19 12:53:31 INFO  [main] LoginTest - BlockLoginCredentials
2026-01-19 12:53:31 INFO  [main] LoginTest - Attempting login for user: Check
2026-01-19 12:53:31 INFO  [main] LoginPage - Login Method Called
2026-01-19 12:53:31 INFO  [main] LoginPage - Entered UserName is :Check
2026-01-19 12:53:31 INFO  [main] LoginPage - Password Entered
2026-01-19 12:53:32 INFO  [main] HelperClass - Login Submit Button Clicked
2026-01-19 12:53:33 INFO  [main] LoginPage - This is failed test text
2026-01-19 12:53:33 INFO  [main] LoginPage - Invalid user name or password.
2026-01-19 12:53:33 INFO  [main] Listeners - Test Case Success
2026-01-19 12:53:33 INFO  [main] Listeners - Test Case Started
2026-01-19 12:53:33 INFO  [main] LoginTest - BlockLoginCredentials
2026-01-19 12:53:33 INFO  [main] LoginTest - Attempting login for user: Check
2026-01-19 12:53:33 INFO  [main] LoginPage - Login Method Called
2026-01-19 12:53:33 INFO  [main] LoginPage - Entered UserName is :Check
2026-01-19 12:53:33 INFO  [main] LoginPage - Password Entered
2026-01-19 12:53:34 INFO  [main] HelperClass - Login Submit Button Clicked
2026-01-19 12:53:34 INFO  [main] HelperClass - Home Title is visible
2026-01-19 12:53:34 INFO  [main] LoginTest - Login Success for User: Check
2026-01-19 12:53:34 INFO  [main] LoginTest - Logout for the User
2026-01-19 12:53:34 INFO  [main] LoginPage - This is logout method
2026-01-19 12:53:34 INFO  [main] LoginPage - Is ProfileDropdown displayed? true
2026-01-19 12:53:34 INFO  [main] LoginPage - Is ProfileDropdown enabled? true
2026-01-19 12:53:34 INFO  [main] LoginPage - Main User
2026-01-19 12:53:34 INFO  [main] HelperClass - Sign out Button Clicked
2026-01-19 12:53:34 INFO  [main] HelperClass - Confirm Yes Button Clicked
2026-01-19 12:53:34 INFO  [main] LoginPage - Logout Success
2026-01-19 12:53:34 INFO  [main] Listeners - Test Case Success
2026-01-19 12:53:34 INFO  [main] Listeners - Test Case Started
2026-01-19 12:53:34 INFO  [main] LoginTest - BlockLoginCredentials
2026-01-19 12:53:34 INFO  [main] LoginTest - Attempting login for user: Check
2026-01-19 12:53:34 INFO  [main] LoginPage - Login Method Called
2026-01-19 12:53:34 INFO  [main] LoginPage - Entered UserName is :Check
2026-01-19 12:53:34 INFO  [main] LoginPage - Password Entered
2026-01-19 12:53:34 INFO  [main] HelperClass - Login Submit Button Clicked
2026-01-19 12:53:36 INFO  [main] LoginPage - This is failed test text
2026-01-19 12:53:36 INFO  [main] LoginPage - Invalid user name or password.
2026-01-19 12:53:36 INFO  [main] Listeners - Test Case Success
2026-01-19 12:53:36 INFO  [main] Listeners - Test Case Started
2026-01-19 12:53:36 INFO  [main] LoginTest - BlockLoginCredentials
2026-01-19 12:53:36 INFO  [main] LoginTest - Attempting login for user: Check
2026-01-19 12:53:36 INFO  [main] LoginPage - Login Method Called
2026-01-19 12:53:36 INFO  [main] LoginPage - Entered UserName is :Check
2026-01-19 12:53:36 INFO  [main] LoginPage - Password Entered
2026-01-19 12:53:36 INFO  [main] HelperClass - Login Submit Button Clicked
2026-01-19 12:53:37 INFO  [main] LoginPage - This is failed test text
2026-01-19 12:53:37 INFO  [main] LoginPage - Invalid user name or password.
2026-01-19 12:53:37 INFO  [main] Listeners - Test Case Success
2026-01-19 12:53:37 INFO  [main] Listeners - Test Case Started
2026-01-19 12:53:37 INFO  [main] LoginTest - BlockLoginCredentials
2026-01-19 12:53:37 INFO  [main] LoginTest - Attempting login for user: Check
2026-01-19 12:53:37 INFO  [main] LoginPage - Login Method Called
2026-01-19 12:53:37 INFO  [main] LoginPage - Entered UserName is :Check
2026-01-19 12:53:37 INFO  [main] LoginPage - Password Entered
2026-01-19 12:53:37 INFO  [main] HelperClass - Login Submit Button Clicked
2026-01-19 12:53:38 INFO  [main] LoginPage - This is failed test text
2026-01-19 12:53:38 INFO  [main] LoginPage - Your account has been disabled due to maximum failed login attempts. Please contact System Administrator.
2026-01-19 12:53:38 INFO  [main] Listeners - Test Case Success
2026-01-19 12:53:38 INFO  [main] Listeners - Test Case Started
2026-01-19 12:53:38 INFO  [main] LoginTest - Main Users Login
2026-01-19 12:53:38 INFO  [main] Login - Login User method Started
2026-01-19 12:53:38 INFO  [main] Login - Login Page Method call
2026-01-19 12:53:38 INFO  [main] LoginPage - Login Method Called
2026-01-19 12:53:38 INFO  [main] LoginPage - Entered UserName is :Approver
2026-01-19 12:53:38 INFO  [main] LoginPage - Password Entered
2026-01-19 12:53:39 INFO  [main] HelperClass - Login Submit Button Clicked
2026-01-19 12:53:39 INFO  [main] LoginPage - Submit Button Clicked
2026-01-19 12:53:39 INFO  [main] HelperClass - Home Title is visible
2026-01-19 12:53:39 INFO  [main] Login - Login Test Completed Successfully
2026-01-19 12:53:39 INFO  [main] LoginTest - User Logged In
2026-01-19 12:53:39 INFO  [main] Listeners - Test Case Success
2026-01-19 12:53:39 INFO  [main] AccessPermissions - Access Permissions link Click
2026-01-19 12:53:39 INFO  [main] Listeners - Test Case Started
2026-01-19 12:53:39 INFO  [main] AccessPermissions - This is Add Group Method
2026-01-19 12:53:40 INFO  [main] HelperClass - Access Permissions Module Clicked
2026-01-19 12:53:40 INFO  [main] HelperClass - Sub Module Group is clicked Clicked
2026-01-19 12:53:41 INFO  [main] HelperClass - New Group Button is clicked Clicked
2026-01-19 12:53:41 INFO  [main] HelperClass - All Modules is clicked Clicked
2026-01-19 12:53:41 INFO  [main] AccessPermissionsPage - Group Created Successfully
2026-01-19 12:53:41 INFO  [main] Listeners - Test Case Success
2026-01-19 12:53:41 INFO  [main] Listeners - Test Case Started
2026-01-19 12:53:41 INFO  [main] AccessPermissions - This is View Group Method
2026-01-19 12:53:41 INFO  [main] AccessPermissionsPage - View Group method entered
2026-01-19 12:53:42 INFO  [main] HelperClass - View Group Clicked
2026-01-19 12:53:42 INFO  [main] HelperClass - Close Group Clicked
2026-01-19 12:53:42 INFO  [main] AccessPermissionsPage - View Group Successfull
2026-01-19 12:53:42 INFO  [main] Listeners - Test Case Success
2026-01-19 12:53:42 INFO  [main] Listeners - Test Case Started
2026-01-19 12:53:42 INFO  [main] AccessPermissions - This is Edit Group Method
2026-01-19 12:53:42 INFO  [main] AccessPermissionsPage - Edit Group method entered
2026-01-19 12:53:42 INFO  [main] HelperClass - Edit Group Clicked
2026-01-19 12:53:43 INFO  [main] HelperClass - Save Group Clicked
2026-01-19 12:53:43 INFO  [main] AccessPermissionsPage - Edit Group Successfull
2026-01-19 12:53:43 INFO  [main] Listeners - Test Case Success
2026-01-19 12:53:43 INFO  [main] Listeners - Test Case Started
2026-01-19 12:53:43 INFO  [main] AccessPermissions - This is Delete Group Method
2026-01-19 12:53:43 INFO  [main] AccessPermissionsPage - Delete Group method entered
2026-01-19 12:53:43 INFO  [main] HelperClass - Delete Group Clicked
2026-01-19 12:53:43 INFO  [main] HelperClass - Delete Yes Clicked
2026-01-19 12:53:43 INFO  [main] AccessPermissionsPage - Delete Group Successfull
2026-01-19 12:53:44 INFO  [main] Listeners - Test Case Success
2026-01-19 12:53:44 INFO  [main] Listeners - Test Case Started
2026-01-19 12:53:44 INFO  [main] AccessPermissions - This is Add Role Method
2026-01-19 12:53:44 INFO  [main] HelperClass - Roles Module Clicked
2026-01-19 12:53:45 INFO  [main] HelperClass - Add New Role Clicked
2026-01-19 12:53:45 INFO  [main] HelperClass - Group Down Selected  Clicked
2026-01-19 12:53:45 INFO  [main] HelperClass - Select Group Name Clicked
2026-01-19 12:53:46 INFO  [main] HelperClass - Select Permissions Access Permissions Clicked
2026-01-19 12:53:46 INFO  [main] HelperClass - Group Add Permissions in Access Permissions for Role Clicked
2026-01-19 12:53:46 INFO  [main] HelperClass - Select Permissions Access Permissions Clicked
2026-01-19 12:53:46 INFO  [main] HelperClass - Role Saved JS Clicked
2026-01-19 12:53:46 INFO  [main] AccessPermissionsPage - Roles Created Successfully
2026-01-19 12:53:46 INFO  [main] Listeners - Test Case Success
2026-01-19 12:53:46 INFO  [main] Listeners - Test Case Started
2026-01-19 12:53:46 INFO  [main] AccessPermissions - This is View Role Method
2026-01-19 12:53:46 INFO  [main] AccessPermissionsPage - View Role method entered
2026-01-19 12:53:47 INFO  [main] HelperClass - View Role Clicked
2026-01-19 12:53:47 INFO  [main] HelperClass - Close Role Clicked
2026-01-19 12:53:47 INFO  [main] AccessPermissionsPage - View Role Successfull
2026-01-19 12:53:47 INFO  [main] Listeners - Test Case Success
2026-01-19 12:53:48 INFO  [main] Listeners - Test Case Started
2026-01-19 12:53:48 INFO  [main] AccessPermissions - This is Edit Role Method
2026-01-19 12:53:48 INFO  [main] AccessPermissionsPage - Edit Role method entered
2026-01-19 12:53:48 INFO  [main] HelperClass - Edit Role Clicked
2026-01-19 12:53:48 INFO  [main] HelperClass - Save Role Clicked
2026-01-19 12:53:48 INFO  [main] AccessPermissionsPage - Edit Role Successfull
2026-01-19 12:53:48 INFO  [main] Listeners - Test Case Success
2026-01-19 12:53:48 INFO  [main] Listeners - Test Case Started
2026-01-19 12:53:48 INFO  [main] AccessPermissions - This is Delete Role Method
2026-01-19 12:53:48 INFO  [main] AccessPermissionsPage - Delete Role method entered
2026-01-19 12:53:49 INFO  [main] HelperClass - Delete Role Icon  Clicked
2026-01-19 12:53:49 INFO  [main] HelperClass - Delete Yes Clicked
2026-01-19 12:53:49 INFO  [main] AccessPermissionsPage - Delete Role Successfull
2026-01-19 12:53:49 INFO  [main] Listeners - Test Case Success
2026-01-19 12:53:49 INFO  [main] Listeners - Test Case Started
2026-01-19 12:53:49 INFO  [main] AccessPermissions - This is an Add User Method
2026-01-19 12:53:50 INFO  [main] HelperClass - Select Role User  Radio Button  Clicked
2026-01-19 12:53:51 INFO  [main] HelperClass - Selected Role User  Radio Button  Clicked
2026-01-19 12:53:51 INFO  [main] HelperClass - Active User Radio Button JS Clicked
2026-01-19 12:53:51 INFO  [main] HelperClass - Submit Button Clicked
2026-01-19 12:53:51 INFO  [main] AccessPermissionsPage - User Created Successfully
2026-01-19 12:53:51 INFO  [main] Listeners - Test Case Success
2026-01-19 12:53:51 INFO  [main] Listeners - Test Case Started
2026-01-19 12:53:51 INFO  [main] AccessPermissions - This is User View  Method
2026-01-19 12:53:51 INFO  [main] AccessPermissionsPage - View User method entered
2026-01-19 12:53:51 INFO  [main] HelperClass - View User Clicked
2026-01-19 12:53:51 INFO  [main] HelperClass - Close User Clicked
2026-01-19 12:53:51 INFO  [main] AccessPermissionsPage - View User Successfull
2026-01-19 12:53:51 INFO  [main] Listeners - Test Case Success
2026-01-19 12:53:51 INFO  [main] Listeners - Test Case Started
2026-01-19 12:53:51 INFO  [main] AccessPermissions - This is User edit  Method
2026-01-19 12:53:51 INFO  [main] AccessPermissionsPage - Edit User method entered
2026-01-19 12:53:52 INFO  [main] HelperClass - Edit User Clicked
2026-01-19 12:53:52 INFO  [main] HelperClass - Save User Clicked
2026-01-19 12:53:52 INFO  [main] AccessPermissionsPage - Edit User Successfull
2026-01-19 12:53:52 INFO  [main] Listeners - Test Case Success
2026-01-19 12:53:52 INFO  [main] Listeners - Test Case Started
2026-01-19 12:53:52 INFO  [main] AccessPermissions - This is User Delete  Method
2026-01-19 12:53:52 INFO  [main] AccessPermissionsPage - Delete User method entered
2026-01-19 12:53:52 INFO  [main] HelperClass - Delete User Clicked
2026-01-19 12:53:52 INFO  [main] HelperClass - Delete Yes Clicked
2026-01-19 12:53:52 INFO  [main] AccessPermissionsPage - Delete User Successfull
2026-01-19 12:53:53 INFO  [main] Listeners - Test Case Success
2026-01-19 12:53:53 INFO  [main] DocSegments - Documents Segments link Click
2026-01-19 12:53:53 INFO  [main] Listeners - Test Case Started
2026-01-19 12:53:53 INFO  [main] DocSegments - The Document segment add started 
2026-01-19 12:53:53 INFO  [main] DocSegmentsPage - Add New Document Segement
2026-01-19 12:53:53 INFO  [main] HelperClass - Documents Segment Module Clicked
2026-01-19 12:53:53 INFO  [main] HelperClass - Add New Segement Clicked
2026-01-19 12:53:54 INFO  [main] HelperClass - Custom Query Drop Down Clicked
2026-01-19 12:53:54 INFO  [main] HelperClass - Custom Query Select Clicked
2026-01-19 12:53:55 INFO  [main] HelperClass - Vault Drop Down Clicked
2026-01-19 12:53:55 INFO  [main] HelperClass - Vault Server Clicked
2026-01-19 12:53:55 INFO  [main] HelperClass - Groups Checkbox JS Clicked
2026-01-19 12:53:55 INFO  [main] HelperClass - Configue Link Tab Clicked
2026-01-19 12:53:55 INFO  [main] HelperClass - Archive Id Clicked
2026-01-19 12:53:56 INFO  [main] HelperClass - Account Number Clicked
2026-01-19 12:53:56 INFO  [main] HelperClass - Save Button Clicked
2026-01-19 12:53:56 INFO  [main] DocSegmentsPage - New Document Segement Added Sucessfully
2026-01-19 12:53:58 INFO  [main] Listeners - Test Case Success
2026-01-19 12:53:58 INFO  [main] Listeners - Test Case Started
2026-01-19 12:53:58 INFO  [main] DocSegments - View Segement Method Called
2026-01-19 12:53:58 INFO  [main] DocSegmentsPage - View Doc Segment
2026-01-19 12:54:08 ERROR [main] DocSegmentsPage - View Document Segement Failedorg.openqa.selenium.TimeoutException: Expected condition failed: waiting for element to be clickable: By.xpath: //tr[td[text()='MCA_Notice']]//i[@title='View'] (tried for 10 second(s) with 500 milliseconds interval)
Build info: version: '4.26.0', revision: '8ccf0219d7'
System info: os.name: 'Windows 11', os.arch: 'amd64', os.version: '10.0', java.version: '17.0.14'
Driver info: org.openqa.selenium.firefox.FirefoxDriver
Capabilities {acceptInsecureCerts: true, browserName: firefox, browserVersion: 147.0.1, moz:accessibilityChecks: false, moz:buildID: 20260116091309, moz:geckodriverVersion: 0.36.0, moz:headless: false, moz:platformVersion: 10.0, moz:processID: 20836, moz:profile: C:\Users\SRIHAR~1.GOW\AppDa..., moz:shutdownTimeout: 60000, moz:webdriverClick: true, moz:windowless: false, pageLoadStrategy: normal, platformName: windows, proxy: Proxy(), setWindowRect: true, strictFileInteractability: false, timeouts: {implicit: 0, pageLoad: 300000, script: 30000}, unhandledPromptBehavior: dismiss and notify, userAgent: Mozilla/5.0 (Windows NT 10....}
Session ID: 436da998-d432-45b8-83d5-02edf00b4e60
2026-01-19 12:54:08 INFO  [main] Listeners - Test Case Failure
2026-01-19 12:54:08 INFO  [main] Listeners - Test Case Started
2026-01-19 12:54:08 INFO  [main] DocSegments - Edit Segement Method Called
2026-01-19 12:54:08 INFO  [main] DocSegmentsPage - Edit Doc Segment
2026-01-19 12:54:19 ERROR [main] DocSegmentsPage - Edit Document Segement Failedorg.openqa.selenium.TimeoutException: Expected condition failed: waiting for element to be clickable: By.xpath: //tr[td[text()='MCA_Notice']]//i[@title='Edit'] (tried for 10 second(s) with 500 milliseconds interval)
Build info: version: '4.26.0', revision: '8ccf0219d7'
System info: os.name: 'Windows 11', os.arch: 'amd64', os.version: '10.0', java.version: '17.0.14'
Driver info: org.openqa.selenium.firefox.FirefoxDriver
Capabilities {acceptInsecureCerts: true, browserName: firefox, browserVersion: 147.0.1, moz:accessibilityChecks: false, moz:buildID: 20260116091309, moz:geckodriverVersion: 0.36.0, moz:headless: false, moz:platformVersion: 10.0, moz:processID: 20836, moz:profile: C:\Users\SRIHAR~1.GOW\AppDa..., moz:shutdownTimeout: 60000, moz:webdriverClick: true, moz:windowless: false, pageLoadStrategy: normal, platformName: windows, proxy: Proxy(), setWindowRect: true, strictFileInteractability: false, timeouts: {implicit: 0, pageLoad: 300000, script: 30000}, unhandledPromptBehavior: dismiss and notify, userAgent: Mozilla/5.0 (Windows NT 10....}
Session ID: 436da998-d432-45b8-83d5-02edf00b4e60
2026-01-19 12:54:19 INFO  [main] Listeners - Test Case Failure
2026-01-19 12:54:19 INFO  [main] Listeners - Test Case Started
2026-01-19 12:54:19 INFO  [main] DocSegments - Delete Segement Method Called
2026-01-19 12:54:19 INFO  [main] DocSegmentsPage - Delete Doc Segment
2026-01-19 12:54:30 ERROR [main] DocSegmentsPage - Delete Document Segement Failedorg.openqa.selenium.NoSuchSessionException: WebDriver session does not exist, or is not active
Build info: version: '4.26.0', revision: '8ccf0219d7'
System info: os.name: 'Windows 11', os.arch: 'amd64', os.version: '10.0', java.version: '17.0.14'
Driver info: org.openqa.selenium.firefox.FirefoxDriver
Command: [436da998-d432-45b8-83d5-02edf00b4e60, findElement {using=xpath, value=//tr[td[text()='MCA_Notice']]//i[@title='Delete']}]
Capabilities {acceptInsecureCerts: true, browserName: firefox, browserVersion: 147.0.1, moz:accessibilityChecks: false, moz:buildID: 20260116091309, moz:geckodriverVersion: 0.36.0, moz:headless: false, moz:platformVersion: 10.0, moz:processID: 20836, moz:profile: C:\Users\SRIHAR~1.GOW\AppDa..., moz:shutdownTimeout: 60000, moz:webdriverClick: true, moz:windowless: false, pageLoadStrategy: normal, platformName: windows, proxy: Proxy(), setWindowRect: true, strictFileInteractability: false, timeouts: {implicit: 0, pageLoad: 300000, script: 30000}, unhandledPromptBehavior: dismiss and notify, userAgent: Mozilla/5.0 (Windows NT 10....}
Session ID: 436da998-d432-45b8-83d5-02edf00b4e60
2026-01-19 12:56:48 INFO  [main] BaseClass - Application Started
2026-01-19 12:56:48 INFO  [main] BaseClass - ===================
2026-01-19 12:56:52 INFO  [main] BaseClass - FireFoxDriver Object is Created  FirefoxDriver: firefox on windows (7d791a0b-2f39-453b-86e9-3b9855429092)
2026-01-19 12:56:52 INFO  [main] BaseClass - Browser Got Opened
2026-01-19 12:56:52 INFO  [main] BaseClass - url Called  http://192.168.2.27:9092/
2026-01-19 12:56:52 INFO  [main] BaseClass - Tear Up is Done
2026-01-19 12:56:53 INFO  [main] Listeners - Test Case Started
2026-01-19 12:56:53 INFO  [main] Login - Login User method Started
2026-01-19 12:56:53 INFO  [main] Login - Login Page Method call
2026-01-19 12:56:53 INFO  [main] LoginPage - Login Method Called
2026-01-19 12:56:53 INFO  [main] LoginPage - Entered UserName is :Approver
2026-01-19 12:56:53 INFO  [main] LoginPage - Password Entered
2026-01-19 12:56:54 INFO  [main] HelperClass - Login Submit Button Clicked
2026-01-19 12:56:54 INFO  [main] LoginPage - Submit Button Clicked
2026-01-19 12:56:54 INFO  [main] HelperClass - Home Title is visible
2026-01-19 12:56:54 INFO  [main] Login - Login Test Completed Successfully
2026-01-19 12:56:54 INFO  [main] Listeners - Test Case Success
2026-01-19 12:56:55 INFO  [main] Listeners - Test Case Started
2026-01-19 12:56:55 INFO  [main] LoginTest - Logout for the User
2026-01-19 12:56:55 INFO  [main] LoginPage - This is logout method
2026-01-19 12:56:55 INFO  [main] LoginPage - Is ProfileDropdown displayed? true
2026-01-19 12:56:55 INFO  [main] LoginPage - Is ProfileDropdown enabled? true
2026-01-19 12:56:55 INFO  [main] LoginPage - Approver ApproverMain User
2026-01-19 12:56:55 INFO  [main] HelperClass - Sign out Button Clicked
2026-01-19 12:56:55 INFO  [main] HelperClass - Confirm Yes Button Clicked
2026-01-19 12:56:55 INFO  [main] LoginPage - Logout Success
2026-01-19 12:56:55 INFO  [main] Listeners - Test Case Success
2026-01-19 12:56:56 INFO  [main] Listeners - Test Case Started
2026-01-19 12:56:56 INFO  [main] LoginTest - Login Test Started
2026-01-19 12:56:56 INFO  [main] LoginTest - Attempting login for user: Approver1
2026-01-19 12:56:56 INFO  [main] LoginPage - Login Method Called
2026-01-19 12:56:56 INFO  [main] LoginPage - Entered UserName is :Approver1
2026-01-19 12:56:56 INFO  [main] LoginPage - Password Entered
2026-01-19 12:56:56 INFO  [main] HelperClass - Login Submit Button Clicked
2026-01-19 12:56:57 INFO  [main] LoginPage - This is failed test text
2026-01-19 12:56:57 INFO  [main] LoginPage - Invalid user name or password or Deactivated.
2026-01-19 12:56:57 INFO  [main] Listeners - Test Case Success
2026-01-19 12:56:57 INFO  [main] Listeners - Test Case Started
2026-01-19 12:56:57 INFO  [main] LoginTest - Login Test Started
2026-01-19 12:56:57 INFO  [main] LoginTest - Attempting login for user: Approver
2026-01-19 12:56:57 INFO  [main] LoginPage - Login Method Called
2026-01-19 12:56:57 INFO  [main] LoginPage - Entered UserName is :Approver
2026-01-19 12:56:57 INFO  [main] LoginPage - Password Entered
2026-01-19 12:56:57 INFO  [main] HelperClass - Login Submit Button Clicked
2026-01-19 12:56:58 INFO  [main] LoginPage - This is failed test text
2026-01-19 12:56:58 INFO  [main] LoginPage - Invalid user name or password.
2026-01-19 12:56:58 INFO  [main] Listeners - Test Case Success
2026-01-19 12:56:58 INFO  [main] Listeners - Test Case Started
2026-01-19 12:56:58 INFO  [main] LoginTest - Login Test Started
2026-01-19 12:56:58 INFO  [main] LoginTest - Attempting login for user: Approver1
2026-01-19 12:56:58 INFO  [main] LoginPage - Login Method Called
2026-01-19 12:56:58 INFO  [main] LoginPage - Entered UserName is :Approver1
2026-01-19 12:56:58 INFO  [main] LoginPage - Password Entered
2026-01-19 12:56:59 INFO  [main] HelperClass - Login Submit Button Clicked
2026-01-19 12:57:00 INFO  [main] LoginPage - This is failed test text
2026-01-19 12:57:00 INFO  [main] LoginPage - Invalid user name or password or Deactivated.
2026-01-19 12:57:00 INFO  [main] Listeners - Test Case Success
2026-01-19 12:57:00 INFO  [main] Listeners - Test Case Started
2026-01-19 12:57:00 INFO  [main] LoginTest - Login Test Started
2026-01-19 12:57:00 INFO  [main] LoginTest - Attempting login for user: Approver
2026-01-19 12:57:00 INFO  [main] LoginPage - Login Method Called
2026-01-19 12:57:00 INFO  [main] LoginPage - Entered UserName is :Approver
2026-01-19 12:57:00 INFO  [main] LoginPage - Password Entered
2026-01-19 12:57:01 INFO  [main] HelperClass - Login Submit Button Clicked
2026-01-19 12:57:01 INFO  [main] HelperClass - Home Title is visible
2026-01-19 12:57:01 INFO  [main] LoginTest - Login Success for User: Approver
2026-01-19 12:57:01 INFO  [main] LoginTest - Logout for the User
2026-01-19 12:57:01 INFO  [main] LoginPage - This is logout method
2026-01-19 12:57:01 INFO  [main] LoginPage - Is ProfileDropdown displayed? true
2026-01-19 12:57:01 INFO  [main] LoginPage - Is ProfileDropdown enabled? true
2026-01-19 12:57:01 INFO  [main] LoginPage - Main User
2026-01-19 12:57:01 INFO  [main] HelperClass - Sign out Button Clicked
2026-01-19 12:57:01 INFO  [main] HelperClass - Confirm Yes Button Clicked
2026-01-19 12:57:01 INFO  [main] LoginPage - Logout Success
2026-01-19 12:57:01 INFO  [main] Listeners - Test Case Success
2026-01-19 12:57:01 INFO  [main] Listeners - Test Case Started
2026-01-19 12:57:01 INFO  [main] LoginTest - BlockLoginCredentials
2026-01-19 12:57:01 INFO  [main] LoginTest - Attempting login for user: Check
2026-01-19 12:57:01 INFO  [main] LoginPage - Login Method Called
2026-01-19 12:57:01 INFO  [main] LoginPage - Entered UserName is :Check
2026-01-19 12:57:01 INFO  [main] LoginPage - Password Entered
2026-01-19 12:57:02 INFO  [main] HelperClass - Login Submit Button Clicked
2026-01-19 12:57:03 INFO  [main] LoginPage - This is failed test text
2026-01-19 12:57:03 INFO  [main] LoginPage - Invalid user name or password.
2026-01-19 12:57:03 INFO  [main] Listeners - Test Case Success
2026-01-19 12:57:03 INFO  [main] Listeners - Test Case Started
2026-01-19 12:57:03 INFO  [main] LoginTest - BlockLoginCredentials
2026-01-19 12:57:03 INFO  [main] LoginTest - Attempting login for user: Check
2026-01-19 12:57:03 INFO  [main] LoginPage - Login Method Called
2026-01-19 12:57:03 INFO  [main] LoginPage - Entered UserName is :Check
2026-01-19 12:57:03 INFO  [main] LoginPage - Password Entered
2026-01-19 12:57:03 INFO  [main] HelperClass - Login Submit Button Clicked
2026-01-19 12:57:04 INFO  [main] LoginPage - This is failed test text
2026-01-19 12:57:04 INFO  [main] LoginPage - Invalid user name or password.
2026-01-19 12:57:04 INFO  [main] Listeners - Test Case Success
2026-01-19 12:57:04 INFO  [main] Listeners - Test Case Started
2026-01-19 12:57:04 INFO  [main] LoginTest - BlockLoginCredentials
2026-01-19 12:57:04 INFO  [main] LoginTest - Attempting login for user: Check
2026-01-19 12:57:04 INFO  [main] LoginPage - Login Method Called
2026-01-19 12:57:04 INFO  [main] LoginPage - Entered UserName is :Check
2026-01-19 12:57:04 INFO  [main] LoginPage - Password Entered
2026-01-19 12:57:05 INFO  [main] HelperClass - Login Submit Button Clicked
2026-01-19 12:57:05 INFO  [main] HelperClass - Home Title is visible
2026-01-19 12:57:05 INFO  [main] LoginTest - Login Success for User: Check
2026-01-19 12:57:05 INFO  [main] LoginTest - Logout for the User
2026-01-19 12:57:05 INFO  [main] LoginPage - This is logout method
2026-01-19 12:57:05 INFO  [main] LoginPage - Is ProfileDropdown displayed? true
2026-01-19 12:57:05 INFO  [main] LoginPage - Is ProfileDropdown enabled? true
2026-01-19 12:57:05 INFO  [main] LoginPage - Main User
2026-01-19 12:57:05 INFO  [main] HelperClass - Sign out Button Clicked
2026-01-19 12:57:05 INFO  [main] HelperClass - Confirm Yes Button Clicked
2026-01-19 12:57:05 INFO  [main] LoginPage - Logout Success
2026-01-19 12:57:06 INFO  [main] Listeners - Test Case Success
2026-01-19 12:57:06 INFO  [main] Listeners - Test Case Started
2026-01-19 12:57:06 INFO  [main] LoginTest - BlockLoginCredentials
2026-01-19 12:57:06 INFO  [main] LoginTest - Attempting login for user: Check
2026-01-19 12:57:06 INFO  [main] LoginPage - Login Method Called
2026-01-19 12:57:06 INFO  [main] LoginPage - Entered UserName is :Check
2026-01-19 12:57:06 INFO  [main] LoginPage - Password Entered
2026-01-19 12:57:06 INFO  [main] HelperClass - Login Submit Button Clicked
2026-01-19 12:57:07 INFO  [main] LoginPage - This is failed test text
2026-01-19 12:57:07 INFO  [main] LoginPage - Invalid user name or password.
2026-01-19 12:57:07 INFO  [main] Listeners - Test Case Success
2026-01-19 12:57:07 INFO  [main] Listeners - Test Case Started
2026-01-19 12:57:07 INFO  [main] LoginTest - BlockLoginCredentials
2026-01-19 12:57:07 INFO  [main] LoginTest - Attempting login for user: Check
2026-01-19 12:57:07 INFO  [main] LoginPage - Login Method Called
2026-01-19 12:57:07 INFO  [main] LoginPage - Entered UserName is :Check
2026-01-19 12:57:07 INFO  [main] LoginPage - Password Entered
2026-01-19 12:57:07 INFO  [main] HelperClass - Login Submit Button Clicked
2026-01-19 12:57:08 INFO  [main] LoginPage - This is failed test text
2026-01-19 12:57:08 INFO  [main] LoginPage - Invalid user name or password.
2026-01-19 12:57:08 INFO  [main] Listeners - Test Case Success
2026-01-19 12:57:08 INFO  [main] Listeners - Test Case Started
2026-01-19 12:57:08 INFO  [main] LoginTest - BlockLoginCredentials
2026-01-19 12:57:08 INFO  [main] LoginTest - Attempting login for user: Check
2026-01-19 12:57:08 INFO  [main] LoginPage - Login Method Called
2026-01-19 12:57:08 INFO  [main] LoginPage - Entered UserName is :Check
2026-01-19 12:57:08 INFO  [main] LoginPage - Password Entered
2026-01-19 12:57:09 INFO  [main] HelperClass - Login Submit Button Clicked
2026-01-19 12:57:10 INFO  [main] LoginPage - This is failed test text
2026-01-19 12:57:10 INFO  [main] LoginPage - Your account has been disabled due to maximum failed login attempts. Please contact System Administrator.
2026-01-19 12:57:10 INFO  [main] Listeners - Test Case Success
2026-01-19 12:57:10 INFO  [main] Listeners - Test Case Started
2026-01-19 12:57:10 INFO  [main] LoginTest - Main Users Login
2026-01-19 12:57:10 INFO  [main] Login - Login User method Started
2026-01-19 12:57:10 INFO  [main] Login - Login Page Method call
2026-01-19 12:57:10 INFO  [main] LoginPage - Login Method Called
2026-01-19 12:57:10 INFO  [main] LoginPage - Entered UserName is :Approver
2026-01-19 12:57:10 INFO  [main] LoginPage - Password Entered
2026-01-19 12:57:10 INFO  [main] HelperClass - Login Submit Button Clicked
2026-01-19 12:57:10 INFO  [main] LoginPage - Submit Button Clicked
2026-01-19 12:57:10 INFO  [main] HelperClass - Home Title is visible
2026-01-19 12:57:10 INFO  [main] Login - Login Test Completed Successfully
2026-01-19 12:57:10 INFO  [main] LoginTest - User Logged In
2026-01-19 12:57:11 INFO  [main] Listeners - Test Case Success
2026-01-19 12:57:11 INFO  [main] AccessPermissions - Access Permissions link Click
2026-01-19 12:57:11 INFO  [main] Listeners - Test Case Started
2026-01-19 12:57:11 INFO  [main] AccessPermissions - This is Add Group Method
2026-01-19 12:57:11 INFO  [main] HelperClass - Access Permissions Module Clicked
2026-01-19 12:57:11 INFO  [main] HelperClass - Sub Module Group is clicked Clicked
2026-01-19 12:57:12 INFO  [main] HelperClass - New Group Button is clicked Clicked
2026-01-19 12:57:12 INFO  [main] HelperClass - All Modules is clicked Clicked
2026-01-19 12:57:12 INFO  [main] AccessPermissionsPage - Group Created Successfully
2026-01-19 12:57:12 INFO  [main] Listeners - Test Case Success
2026-01-19 12:57:12 INFO  [main] Listeners - Test Case Started
2026-01-19 12:57:12 INFO  [main] AccessPermissions - This is View Group Method
2026-01-19 12:57:12 INFO  [main] AccessPermissionsPage - View Group method entered
2026-01-19 12:57:13 INFO  [main] HelperClass - View Group Clicked
2026-01-19 12:57:13 INFO  [main] HelperClass - Close Group Clicked
2026-01-19 12:57:13 INFO  [main] AccessPermissionsPage - View Group Successfull
2026-01-19 12:57:13 INFO  [main] Listeners - Test Case Success
2026-01-19 12:57:13 INFO  [main] Listeners - Test Case Started
2026-01-19 12:57:13 INFO  [main] AccessPermissions - This is Edit Group Method
2026-01-19 12:57:13 INFO  [main] AccessPermissionsPage - Edit Group method entered
2026-01-19 12:57:13 INFO  [main] HelperClass - Edit Group Clicked
2026-01-19 12:57:14 INFO  [main] HelperClass - Save Group Clicked
2026-01-19 12:57:14 INFO  [main] AccessPermissionsPage - Edit Group Successfull
2026-01-19 12:57:14 INFO  [main] Listeners - Test Case Success
2026-01-19 12:57:14 INFO  [main] Listeners - Test Case Started
2026-01-19 12:57:14 INFO  [main] AccessPermissions - This is Delete Group Method
2026-01-19 12:57:14 INFO  [main] AccessPermissionsPage - Delete Group method entered
2026-01-19 12:57:14 INFO  [main] HelperClass - Delete Group Clicked
2026-01-19 12:57:14 INFO  [main] HelperClass - Delete Yes Clicked
2026-01-19 12:57:14 INFO  [main] AccessPermissionsPage - Delete Group Successfull
2026-01-19 12:57:14 INFO  [main] Listeners - Test Case Success
2026-01-19 12:57:14 INFO  [main] Listeners - Test Case Started
2026-01-19 12:57:14 INFO  [main] AccessPermissions - This is Add Role Method
2026-01-19 12:57:15 INFO  [main] HelperClass - Roles Module Clicked
2026-01-19 12:57:15 INFO  [main] HelperClass - Add New Role Clicked
2026-01-19 12:57:15 INFO  [main] HelperClass - Group Down Selected  Clicked
2026-01-19 12:57:16 INFO  [main] HelperClass - Select Group Name Clicked
2026-01-19 12:57:16 INFO  [main] HelperClass - Select Permissions Access Permissions Clicked
2026-01-19 12:57:16 INFO  [main] HelperClass - Group Add Permissions in Access Permissions for Role Clicked
2026-01-19 12:57:16 INFO  [main] HelperClass - Select Permissions Access Permissions Clicked
2026-01-19 12:57:16 INFO  [main] HelperClass - Role Saved JS Clicked
2026-01-19 12:57:16 INFO  [main] AccessPermissionsPage - Roles Created Successfully
2026-01-19 12:57:16 INFO  [main] Listeners - Test Case Success
2026-01-19 12:57:16 INFO  [main] Listeners - Test Case Started
2026-01-19 12:57:16 INFO  [main] AccessPermissions - This is View Role Method
2026-01-19 12:57:16 INFO  [main] AccessPermissionsPage - View Role method entered
2026-01-19 12:57:17 INFO  [main] HelperClass - View Role Clicked
2026-01-19 12:57:17 INFO  [main] HelperClass - Close Role Clicked
2026-01-19 12:57:17 INFO  [main] AccessPermissionsPage - View Role Successfull
2026-01-19 12:57:17 INFO  [main] Listeners - Test Case Success
2026-01-19 12:57:17 INFO  [main] Listeners - Test Case Started
2026-01-19 12:57:17 INFO  [main] AccessPermissions - This is Edit Role Method
2026-01-19 12:57:17 INFO  [main] AccessPermissionsPage - Edit Role method entered
2026-01-19 12:57:18 INFO  [main] HelperClass - Edit Role Clicked
2026-01-19 12:57:18 INFO  [main] HelperClass - Save Role Clicked
2026-01-19 12:57:18 INFO  [main] AccessPermissionsPage - Edit Role Successfull
2026-01-19 12:57:18 INFO  [main] Listeners - Test Case Success
2026-01-19 12:57:18 INFO  [main] Listeners - Test Case Started
2026-01-19 12:57:18 INFO  [main] AccessPermissions - This is Delete Role Method
2026-01-19 12:57:18 INFO  [main] AccessPermissionsPage - Delete Role method entered
2026-01-19 12:57:19 INFO  [main] HelperClass - Delete Role Icon  Clicked
2026-01-19 12:57:19 INFO  [main] HelperClass - Delete Yes Clicked
2026-01-19 12:57:19 INFO  [main] AccessPermissionsPage - Delete Role Successfull
2026-01-19 12:57:19 INFO  [main] Listeners - Test Case Success
2026-01-19 12:57:20 INFO  [main] Listeners - Test Case Started
2026-01-19 12:57:20 INFO  [main] AccessPermissions - This is an Add User Method
2026-01-19 12:57:20 INFO  [main] HelperClass - Select Role User  Radio Button  Clicked
2026-01-19 12:57:20 INFO  [main] HelperClass - Selected Role User  Radio Button  Clicked
2026-01-19 12:57:21 INFO  [main] HelperClass - Active User Radio Button JS Clicked
2026-01-19 12:57:21 INFO  [main] HelperClass - Submit Button Clicked
2026-01-19 12:57:21 INFO  [main] AccessPermissionsPage - User Created Successfully
2026-01-19 12:57:21 INFO  [main] Listeners - Test Case Success
2026-01-19 12:57:21 INFO  [main] Listeners - Test Case Started
2026-01-19 12:57:21 INFO  [main] AccessPermissions - This is User View  Method
2026-01-19 12:57:21 INFO  [main] AccessPermissionsPage - View User method entered
2026-01-19 12:57:22 INFO  [main] HelperClass - View User Clicked
2026-01-19 12:57:22 INFO  [main] HelperClass - Close User Clicked
2026-01-19 12:57:22 INFO  [main] AccessPermissionsPage - View User Successfull
2026-01-19 12:57:22 INFO  [main] Listeners - Test Case Success
2026-01-19 12:57:22 INFO  [main] Listeners - Test Case Started
2026-01-19 12:57:22 INFO  [main] AccessPermissions - This is User edit  Method
2026-01-19 12:57:22 INFO  [main] AccessPermissionsPage - Edit User method entered
2026-01-19 12:57:22 INFO  [main] HelperClass - Edit User Clicked
2026-01-19 12:57:22 INFO  [main] HelperClass - Save User Clicked
2026-01-19 12:57:22 INFO  [main] AccessPermissionsPage - Edit User Successfull
2026-01-19 12:57:22 INFO  [main] Listeners - Test Case Success
2026-01-19 12:57:23 INFO  [main] Listeners - Test Case Started
2026-01-19 12:57:23 INFO  [main] AccessPermissions - This is User Delete  Method
2026-01-19 12:57:23 INFO  [main] AccessPermissionsPage - Delete User method entered
2026-01-19 12:57:23 INFO  [main] HelperClass - Delete User Clicked
2026-01-19 12:57:23 INFO  [main] HelperClass - Delete Yes Clicked
2026-01-19 12:57:23 INFO  [main] AccessPermissionsPage - Delete User Successfull
2026-01-19 12:57:23 INFO  [main] Listeners - Test Case Success
2026-01-19 12:57:23 INFO  [main] DocSegments - Documents Segments link Click
2026-01-19 12:57:23 INFO  [main] Listeners - Test Case Started
2026-01-19 12:57:23 INFO  [main] DocSegments - The Document segment add started 
2026-01-19 12:57:23 INFO  [main] DocSegmentsPage - Add New Document Segement
2026-01-19 12:57:23 INFO  [main] HelperClass - Documents Segment Module Clicked
2026-01-19 12:57:24 INFO  [main] HelperClass - Add New Segement Clicked
2026-01-19 12:57:25 INFO  [main] HelperClass - Custom Query Drop Down Clicked
2026-01-19 12:57:25 INFO  [main] HelperClass - Custom Query Select Clicked
2026-01-19 12:57:25 INFO  [main] HelperClass - Vault Drop Down Clicked
2026-01-19 12:57:26 INFO  [main] HelperClass - Vault Server Clicked
2026-01-19 12:57:26 INFO  [main] HelperClass - Groups Checkbox JS Clicked
2026-01-19 12:57:26 INFO  [main] HelperClass - Configue Link Tab Clicked
2026-01-19 12:57:26 INFO  [main] HelperClass - Archive Id Clicked
2026-01-19 12:57:26 INFO  [main] HelperClass - Account Number Clicked
2026-01-19 12:57:27 INFO  [main] HelperClass - Save Button Clicked
2026-01-19 12:57:27 INFO  [main] DocSegmentsPage - New Document Segement Added Sucessfully
2026-01-19 12:57:29 INFO  [main] Listeners - Test Case Success
2026-01-19 12:57:29 INFO  [main] Listeners - Test Case Started
2026-01-19 12:57:29 INFO  [main] DocSegments - View Segement Method Called
2026-01-19 12:57:29 INFO  [main] DocSegmentsPage - View Doc Segment
2026-01-19 12:57:29 INFO  [main] HelperClass - View Icon Clicked
2026-01-19 12:57:30 INFO  [main] HelperClass - Close View Icon Clicked
2026-01-19 12:57:30 INFO  [main] Listeners - Test Case Success
2026-01-19 12:57:30 INFO  [main] Listeners - Test Case Started
2026-01-19 12:57:30 INFO  [main] DocSegments - Edit Segement Method Called
2026-01-19 12:57:30 INFO  [main] DocSegmentsPage - Edit Doc Segment
2026-01-19 12:57:30 INFO  [main] HelperClass - Edit Icon Clicked
2026-01-19 12:57:30 ERROR [main] HelperClass - Failed to click on Save Icon: Unable to locate element: .far.fa-saves
For documentation on this error, please visit: https://www.selenium.dev/documentation/webdriver/troubleshooting/errors#no-such-element-exception
Build info: version: '4.26.0', revision: '8ccf0219d7'
System info: os.name: 'Windows 11', os.arch: 'amd64', os.version: '10.0', java.version: '17.0.14'
Driver info: org.openqa.selenium.firefox.FirefoxDriver
Command: [7d791a0b-2f39-453b-86e9-3b9855429092, findElement {value=.far.fa-saves, using=css selector}]
Capabilities {acceptInsecureCerts: true, browserName: firefox, browserVersion: 147.0.1, moz:accessibilityChecks: false, moz:buildID: 20260116091309, moz:geckodriverVersion: 0.36.0, moz:headless: false, moz:platformVersion: 10.0, moz:processID: 16560, moz:profile: C:\Users\SRIHAR~1.GOW\AppDa..., moz:shutdownTimeout: 60000, moz:webdriverClick: true, moz:windowless: false, pageLoadStrategy: normal, platformName: windows, proxy: Proxy(), setWindowRect: true, strictFileInteractability: false, timeouts: {implicit: 0, pageLoad: 300000, script: 30000}, unhandledPromptBehavior: dismiss and notify, userAgent: Mozilla/5.0 (Windows NT 10....}
Session ID: 7d791a0b-2f39-453b-86e9-3b9855429092
2026-01-19 12:57:31 INFO  [main] Listeners - Test Case Failure
2026-01-19 12:57:31 INFO  [main] Listeners - Test Case Started
2026-01-19 12:57:31 INFO  [main] DocSegments - Delete Segement Method Called
2026-01-19 12:57:31 INFO  [main] DocSegmentsPage - Delete Doc Segment
2026-01-19 12:57:41 ERROR [main] DocSegmentsPage - Delete Document Segement Failedorg.openqa.selenium.TimeoutException: Expected condition failed: waiting for element to be clickable: By.xpath: //tr[td[text()='MCA_Notice']]//i[@title='Delete'] (tried for 10 second(s) with 500 milliseconds interval)
Build info: version: '4.26.0', revision: '8ccf0219d7'
System info: os.name: 'Windows 11', os.arch: 'amd64', os.version: '10.0', java.version: '17.0.14'
Driver info: org.openqa.selenium.firefox.FirefoxDriver
Capabilities {acceptInsecureCerts: true, browserName: firefox, browserVersion: 147.0.1, moz:accessibilityChecks: false, moz:buildID: 20260116091309, moz:geckodriverVersion: 0.36.0, moz:headless: false, moz:platformVersion: 10.0, moz:processID: 16560, moz:profile: C:\Users\SRIHAR~1.GOW\AppDa..., moz:shutdownTimeout: 60000, moz:webdriverClick: true, moz:windowless: false, pageLoadStrategy: normal, platformName: windows, proxy: Proxy(), setWindowRect: true, strictFileInteractability: false, timeouts: {implicit: 0, pageLoad: 300000, script: 30000}, unhandledPromptBehavior: dismiss and notify, userAgent: Mozilla/5.0 (Windows NT 10....}
Session ID: 7d791a0b-2f39-453b-86e9-3b9855429092
2026-01-19 12:57:41 INFO  [main] Listeners - Test Case Failure
2026-01-19 12:57:41 INFO  [main] Listeners - Test Case Started
2026-01-19 12:57:41 INFO  [main] Login - Logout for the User
2026-01-19 12:57:41 INFO  [main] LoginPage - This is logout method
2026-01-19 12:57:41 INFO  [main] LoginPage - Is ProfileDropdown displayed? true
2026-01-19 12:57:41 INFO  [main] LoginPage - Is ProfileDropdown enabled? true
2026-01-19 12:57:41 INFO  [main] LoginPage - Approver ApproverMain User
2026-01-19 12:57:41 INFO  [main] HelperClass - Sign out Button Clicked
2026-01-19 12:57:42 INFO  [main] HelperClass - Confirm Yes Button Clicked
2026-01-19 12:57:42 INFO  [main] LoginPage - Logout Success
2026-01-19 12:57:42 INFO  [main] Listeners - Test Case Success
2026-01-19 13:01:02 INFO  [main] BaseClass - Application Started
2026-01-19 13:01:02 INFO  [main] BaseClass - ===================
2026-01-19 13:01:06 INFO  [main] BaseClass - FireFoxDriver Object is Created  FirefoxDriver: firefox on windows (382a8617-afe3-4d26-a3f6-ae1848cc6b62)
2026-01-19 13:01:06 INFO  [main] BaseClass - Browser Got Opened
2026-01-19 13:01:06 INFO  [main] BaseClass - url Called  http://192.168.2.27:9092/
2026-01-19 13:01:06 INFO  [main] BaseClass - Tear Up is Done
2026-01-19 13:01:08 INFO  [main] Listeners - Test Case Started
2026-01-19 13:01:08 INFO  [main] Login - Login User method Started
2026-01-19 13:01:08 INFO  [main] Login - Login Page Method call
2026-01-19 13:01:08 INFO  [main] LoginPage - Login Method Called
2026-01-19 13:01:08 INFO  [main] LoginPage - Entered UserName is :Approver
2026-01-19 13:01:08 INFO  [main] LoginPage - Password Entered
2026-01-19 13:01:09 INFO  [main] HelperClass - Login Submit Button Clicked
2026-01-19 13:01:09 INFO  [main] LoginPage - Submit Button Clicked
2026-01-19 13:01:09 INFO  [main] HelperClass - Home Title is visible
2026-01-19 13:01:09 INFO  [main] Login - Login Test Completed Successfully
2026-01-19 13:01:09 INFO  [main] Listeners - Test Case Success
2026-01-19 13:01:09 INFO  [main] Listeners - Test Case Started
2026-01-19 13:01:09 INFO  [main] LoginTest - Logout for the User
2026-01-19 13:01:09 INFO  [main] LoginPage - This is logout method
2026-01-19 13:01:09 INFO  [main] LoginPage - Is ProfileDropdown displayed? true
2026-01-19 13:01:09 INFO  [main] LoginPage - Is ProfileDropdown enabled? true
2026-01-19 13:01:09 INFO  [main] LoginPage - Approver ApproverMain User
2026-01-19 13:01:10 INFO  [main] HelperClass - Sign out Button Clicked
2026-01-19 13:01:10 INFO  [main] HelperClass - Confirm Yes Button Clicked
2026-01-19 13:01:10 INFO  [main] LoginPage - Logout Success
2026-01-19 13:01:10 INFO  [main] Listeners - Test Case Success
2026-01-19 13:01:10 INFO  [main] Listeners - Test Case Started
2026-01-19 13:01:10 INFO  [main] LoginTest - Login Test Started
2026-01-19 13:01:10 INFO  [main] LoginTest - Attempting login for user: Approver1
2026-01-19 13:01:10 INFO  [main] LoginPage - Login Method Called
2026-01-19 13:01:10 INFO  [main] LoginPage - Entered UserName is :Approver1
2026-01-19 13:01:10 INFO  [main] LoginPage - Password Entered
2026-01-19 13:01:10 INFO  [main] HelperClass - Login Submit Button Clicked
2026-01-19 13:01:11 INFO  [main] LoginPage - This is failed test text
2026-01-19 13:01:11 INFO  [main] LoginPage - Invalid user name or password or Deactivated.
2026-01-19 13:01:11 INFO  [main] Listeners - Test Case Success
2026-01-19 13:01:11 INFO  [main] Listeners - Test Case Started
2026-01-19 13:01:11 INFO  [main] LoginTest - Login Test Started
2026-01-19 13:01:11 INFO  [main] LoginTest - Attempting login for user: Approver
2026-01-19 13:01:11 INFO  [main] LoginPage - Login Method Called
2026-01-19 13:01:11 INFO  [main] LoginPage - Entered UserName is :Approver
2026-01-19 13:01:11 INFO  [main] LoginPage - Password Entered
2026-01-19 13:01:12 INFO  [main] HelperClass - Login Submit Button Clicked
2026-01-19 13:01:13 INFO  [main] LoginPage - This is failed test text
2026-01-19 13:01:13 INFO  [main] LoginPage - Invalid user name or password.
2026-01-19 13:01:13 INFO  [main] Listeners - Test Case Success
2026-01-19 13:01:13 INFO  [main] Listeners - Test Case Started
2026-01-19 13:01:13 INFO  [main] LoginTest - Login Test Started
2026-01-19 13:01:13 INFO  [main] LoginTest - Attempting login for user: Approver1
2026-01-19 13:01:13 INFO  [main] LoginPage - Login Method Called
2026-01-19 13:01:13 INFO  [main] LoginPage - Entered UserName is :Approver1
2026-01-19 13:01:13 INFO  [main] LoginPage - Password Entered
2026-01-19 13:01:13 INFO  [main] HelperClass - Login Submit Button Clicked
2026-01-19 13:01:14 INFO  [main] LoginPage - This is failed test text
2026-01-19 13:01:14 INFO  [main] LoginPage - Invalid user name or password or Deactivated.
2026-01-19 13:01:14 INFO  [main] Listeners - Test Case Success
2026-01-19 13:01:14 INFO  [main] Listeners - Test Case Started
2026-01-19 13:01:14 INFO  [main] LoginTest - Login Test Started
2026-01-19 13:01:14 INFO  [main] LoginTest - Attempting login for user: Approver
2026-01-19 13:01:14 INFO  [main] LoginPage - Login Method Called
2026-01-19 13:01:14 INFO  [main] LoginPage - Entered UserName is :Approver
2026-01-19 13:01:14 INFO  [main] LoginPage - Password Entered
2026-01-19 13:01:15 INFO  [main] HelperClass - Login Submit Button Clicked
2026-01-19 13:01:15 INFO  [main] HelperClass - Home Title is visible
2026-01-19 13:01:15 INFO  [main] LoginTest - Login Success for User: Approver
2026-01-19 13:01:15 INFO  [main] LoginTest - Logout for the User
2026-01-19 13:01:15 INFO  [main] LoginPage - This is logout method
2026-01-19 13:01:15 INFO  [main] LoginPage - Is ProfileDropdown displayed? true
2026-01-19 13:01:15 INFO  [main] LoginPage - Is ProfileDropdown enabled? true
2026-01-19 13:01:15 INFO  [main] LoginPage - Main User
2026-01-19 13:01:15 INFO  [main] HelperClass - Sign out Button Clicked
2026-01-19 13:01:16 INFO  [main] HelperClass - Confirm Yes Button Clicked
2026-01-19 13:01:16 INFO  [main] LoginPage - Logout Success
2026-01-19 13:01:16 INFO  [main] Listeners - Test Case Success
2026-01-19 13:01:16 INFO  [main] Listeners - Test Case Started
2026-01-19 13:01:16 INFO  [main] LoginTest - BlockLoginCredentials
2026-01-19 13:01:16 INFO  [main] LoginTest - Attempting login for user: Check
2026-01-19 13:01:16 INFO  [main] LoginPage - Login Method Called
2026-01-19 13:01:16 INFO  [main] LoginPage - Entered UserName is :Check
2026-01-19 13:01:16 INFO  [main] LoginPage - Password Entered
2026-01-19 13:01:16 INFO  [main] HelperClass - Login Submit Button Clicked
2026-01-19 13:01:17 INFO  [main] LoginPage - This is failed test text
2026-01-19 13:01:17 INFO  [main] LoginPage - Invalid user name or password.
2026-01-19 13:01:17 INFO  [main] Listeners - Test Case Success
2026-01-19 13:01:17 INFO  [main] Listeners - Test Case Started
2026-01-19 13:01:17 INFO  [main] LoginTest - BlockLoginCredentials
2026-01-19 13:01:17 INFO  [main] LoginTest - Attempting login for user: Check
2026-01-19 13:01:17 INFO  [main] LoginPage - Login Method Called
2026-01-19 13:01:17 INFO  [main] LoginPage - Entered UserName is :Check
2026-01-19 13:01:17 INFO  [main] LoginPage - Password Entered
2026-01-19 13:01:17 INFO  [main] HelperClass - Login Submit Button Clicked
2026-01-19 13:01:18 INFO  [main] LoginPage - This is failed test text
2026-01-19 13:01:18 INFO  [main] LoginPage - Invalid user name or password.
2026-01-19 13:01:18 INFO  [main] Listeners - Test Case Success
2026-01-19 13:01:18 INFO  [main] Listeners - Test Case Started
2026-01-19 13:01:18 INFO  [main] LoginTest - BlockLoginCredentials
2026-01-19 13:01:18 INFO  [main] LoginTest - Attempting login for user: Check
2026-01-19 13:01:18 INFO  [main] LoginPage - Login Method Called
2026-01-19 13:01:18 INFO  [main] LoginPage - Entered UserName is :Check
2026-01-19 13:01:18 INFO  [main] LoginPage - Password Entered
2026-01-19 13:01:19 INFO  [main] HelperClass - Login Submit Button Clicked
2026-01-19 13:01:19 INFO  [main] HelperClass - Home Title is visible
2026-01-19 13:01:19 INFO  [main] LoginTest - Login Success for User: Check
2026-01-19 13:01:19 INFO  [main] LoginTest - Logout for the User
2026-01-19 13:01:19 INFO  [main] LoginPage - This is logout method
2026-01-19 13:01:19 INFO  [main] LoginPage - Is ProfileDropdown displayed? true
2026-01-19 13:01:19 INFO  [main] LoginPage - Is ProfileDropdown enabled? true
2026-01-19 13:01:19 INFO  [main] LoginPage - Approver ApproverMain User
2026-01-19 13:01:20 INFO  [main] HelperClass - Sign out Button Clicked
2026-01-19 13:01:20 INFO  [main] HelperClass - Confirm Yes Button Clicked
2026-01-19 13:01:20 INFO  [main] LoginPage - Logout Success
2026-01-19 13:01:20 INFO  [main] Listeners - Test Case Success
2026-01-19 13:01:20 INFO  [main] Listeners - Test Case Started
2026-01-19 13:01:20 INFO  [main] LoginTest - BlockLoginCredentials
2026-01-19 13:01:20 INFO  [main] LoginTest - Attempting login for user: Check
2026-01-19 13:01:20 INFO  [main] LoginPage - Login Method Called
2026-01-19 13:01:20 INFO  [main] LoginPage - Entered UserName is :Check
2026-01-19 13:01:20 INFO  [main] LoginPage - Password Entered
2026-01-19 13:01:20 INFO  [main] HelperClass - Login Submit Button Clicked
2026-01-19 13:01:21 INFO  [main] LoginPage - This is failed test text
2026-01-19 13:01:21 INFO  [main] LoginPage - Invalid user name or password.
2026-01-19 13:01:21 INFO  [main] Listeners - Test Case Success
2026-01-19 13:01:21 INFO  [main] Listeners - Test Case Started
2026-01-19 13:01:21 INFO  [main] LoginTest - BlockLoginCredentials
2026-01-19 13:01:21 INFO  [main] LoginTest - Attempting login for user: Check
2026-01-19 13:01:21 INFO  [main] LoginPage - Login Method Called
2026-01-19 13:01:21 INFO  [main] LoginPage - Entered UserName is :Check
2026-01-19 13:01:21 INFO  [main] LoginPage - Password Entered
2026-01-19 13:01:21 INFO  [main] HelperClass - Login Submit Button Clicked
2026-01-19 13:01:22 INFO  [main] LoginPage - This is failed test text
2026-01-19 13:01:22 INFO  [main] LoginPage - Invalid user name or password.
2026-01-19 13:01:22 INFO  [main] Listeners - Test Case Success
2026-01-19 13:01:22 INFO  [main] Listeners - Test Case Started
2026-01-19 13:01:22 INFO  [main] LoginTest - BlockLoginCredentials
2026-01-19 13:01:22 INFO  [main] LoginTest - Attempting login for user: Check
2026-01-19 13:01:22 INFO  [main] LoginPage - Login Method Called
2026-01-19 13:01:22 INFO  [main] LoginPage - Entered UserName is :Check
2026-01-19 13:01:23 INFO  [main] LoginPage - Password Entered
2026-01-19 13:01:23 INFO  [main] HelperClass - Login Submit Button Clicked
2026-01-19 13:01:24 INFO  [main] LoginPage - This is failed test text
2026-01-19 13:01:24 INFO  [main] LoginPage - Your account has been disabled due to maximum failed login attempts. Please contact System Administrator.
2026-01-19 13:01:24 INFO  [main] Listeners - Test Case Success
2026-01-19 13:01:24 INFO  [main] Listeners - Test Case Started
2026-01-19 13:01:24 INFO  [main] LoginTest - Main Users Login
2026-01-19 13:01:24 INFO  [main] Login - Login User method Started
2026-01-19 13:01:24 INFO  [main] Login - Login Page Method call
2026-01-19 13:01:24 INFO  [main] LoginPage - Login Method Called
2026-01-19 13:01:24 INFO  [main] LoginPage - Entered UserName is :Approver
2026-01-19 13:01:24 INFO  [main] LoginPage - Password Entered
2026-01-19 13:01:25 INFO  [main] HelperClass - Login Submit Button Clicked
2026-01-19 13:01:25 INFO  [main] LoginPage - Submit Button Clicked
2026-01-19 13:01:25 INFO  [main] HelperClass - Home Title is visible
2026-01-19 13:01:25 INFO  [main] Login - Login Test Completed Successfully
2026-01-19 13:01:25 INFO  [main] LoginTest - User Logged In
2026-01-19 13:01:25 INFO  [main] Listeners - Test Case Success
2026-01-19 13:01:25 INFO  [main] AccessPermissions - Access Permissions link Click
2026-01-19 13:01:25 INFO  [main] Listeners - Test Case Started
2026-01-19 13:01:25 INFO  [main] AccessPermissions - This is Add Group Method
2026-01-19 13:01:25 INFO  [main] HelperClass - Access Permissions Module Clicked
2026-01-19 13:01:25 INFO  [main] HelperClass - Sub Module Group is clicked Clicked
2026-01-19 13:01:26 INFO  [main] HelperClass - New Group Button is clicked Clicked
2026-01-19 13:01:27 INFO  [main] HelperClass - All Modules is clicked Clicked
2026-01-19 13:01:27 INFO  [main] AccessPermissionsPage - Group Created Successfully
2026-01-19 13:01:27 INFO  [main] Listeners - Test Case Success
2026-01-19 13:01:27 INFO  [main] Listeners - Test Case Started
2026-01-19 13:01:27 INFO  [main] AccessPermissions - This is View Group Method
2026-01-19 13:01:27 INFO  [main] AccessPermissionsPage - View Group method entered
2026-01-19 13:01:28 INFO  [main] HelperClass - View Group Clicked
2026-01-19 13:01:28 INFO  [main] HelperClass - Close Group Clicked
2026-01-19 13:01:28 INFO  [main] AccessPermissionsPage - View Group Successfull
2026-01-19 13:01:28 INFO  [main] Listeners - Test Case Success
2026-01-19 13:01:28 INFO  [main] Listeners - Test Case Started
2026-01-19 13:01:28 INFO  [main] AccessPermissions - This is Edit Group Method
2026-01-19 13:01:28 INFO  [main] AccessPermissionsPage - Edit Group method entered
2026-01-19 13:01:28 INFO  [main] HelperClass - Edit Group Clicked
2026-01-19 13:01:28 INFO  [main] HelperClass - Save Group Clicked
2026-01-19 13:01:28 INFO  [main] AccessPermissionsPage - Edit Group Successfull
2026-01-19 13:01:28 INFO  [main] Listeners - Test Case Success
2026-01-19 13:01:28 INFO  [main] Listeners - Test Case Started
2026-01-19 13:01:28 INFO  [main] AccessPermissions - This is Delete Group Method
2026-01-19 13:01:28 INFO  [main] AccessPermissionsPage - Delete Group method entered
2026-01-19 13:01:29 INFO  [main] HelperClass - Delete Group Clicked
2026-01-19 13:01:29 INFO  [main] HelperClass - Delete Yes Clicked
2026-01-19 13:01:29 INFO  [main] AccessPermissionsPage - Delete Group Successfull
2026-01-19 13:01:29 INFO  [main] Listeners - Test Case Success
2026-01-19 13:01:29 INFO  [main] Listeners - Test Case Started
2026-01-19 13:01:29 INFO  [main] AccessPermissions - This is Add Role Method
2026-01-19 13:01:29 INFO  [main] HelperClass - Roles Module Clicked
2026-01-19 13:01:30 INFO  [main] HelperClass - Add New Role Clicked
2026-01-19 13:01:30 INFO  [main] HelperClass - Group Down Selected  Clicked
2026-01-19 13:01:31 INFO  [main] HelperClass - Select Group Name Clicked
2026-01-19 13:01:31 INFO  [main] HelperClass - Select Permissions Access Permissions Clicked
2026-01-19 13:01:31 INFO  [main] HelperClass - Group Add Permissions in Access Permissions for Role Clicked
2026-01-19 13:01:31 INFO  [main] HelperClass - Select Permissions Access Permissions Clicked
2026-01-19 13:01:31 INFO  [main] HelperClass - Role Saved JS Clicked
2026-01-19 13:01:31 INFO  [main] AccessPermissionsPage - Roles Created Successfully
2026-01-19 13:01:32 INFO  [main] Listeners - Test Case Success
2026-01-19 13:01:32 INFO  [main] Listeners - Test Case Started
2026-01-19 13:01:32 INFO  [main] AccessPermissions - This is View Role Method
2026-01-19 13:01:32 INFO  [main] AccessPermissionsPage - View Role method entered
2026-01-19 13:01:32 INFO  [main] HelperClass - View Role Clicked
2026-01-19 13:01:32 INFO  [main] HelperClass - Close Role Clicked
2026-01-19 13:01:32 INFO  [main] AccessPermissionsPage - View Role Successfull
2026-01-19 13:01:32 INFO  [main] Listeners - Test Case Success
2026-01-19 13:01:32 INFO  [main] Listeners - Test Case Started
2026-01-19 13:01:32 INFO  [main] AccessPermissions - This is Edit Role Method
2026-01-19 13:01:32 INFO  [main] AccessPermissionsPage - Edit Role method entered
2026-01-19 13:01:33 INFO  [main] HelperClass - Edit Role Clicked
2026-01-19 13:01:33 INFO  [main] HelperClass - Save Role Clicked
2026-01-19 13:01:33 INFO  [main] AccessPermissionsPage - Edit Role Successfull
2026-01-19 13:01:33 INFO  [main] Listeners - Test Case Success
2026-01-19 13:01:33 INFO  [main] Listeners - Test Case Started
2026-01-19 13:01:33 INFO  [main] AccessPermissions - This is Delete Role Method
2026-01-19 13:01:33 INFO  [main] AccessPermissionsPage - Delete Role method entered
2026-01-19 13:01:34 INFO  [main] HelperClass - Delete Role Icon  Clicked
2026-01-19 13:01:34 INFO  [main] HelperClass - Delete Yes Clicked
2026-01-19 13:01:34 INFO  [main] AccessPermissionsPage - Delete Role Successfull
2026-01-19 13:01:34 INFO  [main] Listeners - Test Case Success
2026-01-19 13:01:34 INFO  [main] Listeners - Test Case Started
2026-01-19 13:01:34 INFO  [main] AccessPermissions - This is an Add User Method
2026-01-19 13:01:35 INFO  [main] HelperClass - Select Role User  Radio Button  Clicked
2026-01-19 13:01:35 INFO  [main] HelperClass - Selected Role User  Radio Button  Clicked
2026-01-19 13:01:35 INFO  [main] HelperClass - Active User Radio Button JS Clicked
2026-01-19 13:01:35 INFO  [main] HelperClass - Submit Button Clicked
2026-01-19 13:01:35 INFO  [main] AccessPermissionsPage - User Created Successfully
2026-01-19 13:01:35 INFO  [main] Listeners - Test Case Success
2026-01-19 13:01:36 INFO  [main] Listeners - Test Case Started
2026-01-19 13:01:36 INFO  [main] AccessPermissions - This is User View  Method
2026-01-19 13:01:36 INFO  [main] AccessPermissionsPage - View User method entered
2026-01-19 13:01:36 INFO  [main] HelperClass - View User Clicked
2026-01-19 13:01:36 INFO  [main] HelperClass - Close User Clicked
2026-01-19 13:01:36 INFO  [main] AccessPermissionsPage - View User Successfull
2026-01-19 13:01:36 INFO  [main] Listeners - Test Case Success
2026-01-19 13:01:36 INFO  [main] Listeners - Test Case Started
2026-01-19 13:01:36 INFO  [main] AccessPermissions - This is User edit  Method
2026-01-19 13:01:36 INFO  [main] AccessPermissionsPage - Edit User method entered
2026-01-19 13:01:36 INFO  [main] HelperClass - Edit User Clicked
2026-01-19 13:01:37 INFO  [main] HelperClass - Save User Clicked
2026-01-19 13:01:37 INFO  [main] AccessPermissionsPage - Edit User Successfull
2026-01-19 13:01:37 INFO  [main] Listeners - Test Case Success
2026-01-19 13:01:37 INFO  [main] Listeners - Test Case Started
2026-01-19 13:01:37 INFO  [main] AccessPermissions - This is User Delete  Method
2026-01-19 13:01:37 INFO  [main] AccessPermissionsPage - Delete User method entered
2026-01-19 13:01:37 INFO  [main] HelperClass - Delete User Clicked
2026-01-19 13:01:37 INFO  [main] HelperClass - Delete Yes Clicked
2026-01-19 13:01:37 INFO  [main] AccessPermissionsPage - Delete User Successfull
2026-01-19 13:01:37 INFO  [main] Listeners - Test Case Success
2026-01-19 13:01:37 INFO  [main] DocSegments - Documents Segments link Click
2026-01-19 13:01:37 INFO  [main] Listeners - Test Case Started
2026-01-19 13:01:37 INFO  [main] DocSegments - The Document segment add started 
2026-01-19 13:01:37 INFO  [main] DocSegmentsPage - Add New Document Segement
2026-01-19 13:01:37 INFO  [main] HelperClass - Documents Segment Module Clicked
2026-01-19 13:01:38 INFO  [main] HelperClass - Add New Segement Clicked
2026-01-19 13:01:38 INFO  [main] HelperClass - Custom Query Drop Down Clicked
2026-01-19 13:01:39 INFO  [main] HelperClass - Custom Query Select Clicked
2026-01-19 13:01:39 INFO  [main] HelperClass - Vault Drop Down Clicked
2026-01-19 13:01:39 INFO  [main] HelperClass - Vault Server Clicked
2026-01-19 13:01:39 INFO  [main] HelperClass - Groups Checkbox JS Clicked
2026-01-19 13:01:39 INFO  [main] HelperClass - Configue Link Tab Clicked
2026-01-19 13:01:39 INFO  [main] HelperClass - Archive Id Clicked
2026-01-19 13:01:40 INFO  [main] HelperClass - Account Number Clicked
2026-01-19 13:01:40 INFO  [main] HelperClass - Save Button Clicked
2026-01-19 13:01:40 INFO  [main] DocSegmentsPage - New Document Segement Added Sucessfully
2026-01-19 13:01:42 INFO  [main] Listeners - Test Case Success
2026-01-19 13:01:42 INFO  [main] Listeners - Test Case Started
2026-01-19 13:01:42 INFO  [main] DocSegments - View Segement Method Called
2026-01-19 13:01:42 INFO  [main] DocSegmentsPage - View Doc Segment
2026-01-19 13:01:42 INFO  [main] HelperClass - View Icon Clicked
2026-01-19 13:01:43 INFO  [main] HelperClass - Close View Icon Clicked
2026-01-19 13:01:43 INFO  [main] Listeners - Test Case Success
2026-01-19 13:01:43 INFO  [main] Listeners - Test Case Started
2026-01-19 13:01:43 INFO  [main] DocSegments - Edit Segement Method Called
2026-01-19 13:01:43 INFO  [main] DocSegmentsPage - Edit Doc Segment
2026-01-19 13:01:43 INFO  [main] HelperClass - Edit Icon Clicked
2026-01-19 13:01:44 ERROR [main] HelperClass - Failed to click on Save Icon: Unable to locate element: .far.fa-saves
For documentation on this error, please visit: https://www.selenium.dev/documentation/webdriver/troubleshooting/errors#no-such-element-exception
Build info: version: '4.26.0', revision: '8ccf0219d7'
System info: os.name: 'Windows 11', os.arch: 'amd64', os.version: '10.0', java.version: '17.0.14'
Driver info: org.openqa.selenium.firefox.FirefoxDriver
Command: [382a8617-afe3-4d26-a3f6-ae1848cc6b62, findElement {value=.far.fa-saves, using=css selector}]
Capabilities {acceptInsecureCerts: true, browserName: firefox, browserVersion: 147.0.1, moz:accessibilityChecks: false, moz:buildID: 20260116091309, moz:geckodriverVersion: 0.36.0, moz:headless: false, moz:platformVersion: 10.0, moz:processID: 10984, moz:profile: C:\Users\SRIHAR~1.GOW\AppDa..., moz:shutdownTimeout: 60000, moz:webdriverClick: true, moz:windowless: false, pageLoadStrategy: normal, platformName: windows, proxy: Proxy(), setWindowRect: true, strictFileInteractability: false, timeouts: {implicit: 0, pageLoad: 300000, script: 30000}, unhandledPromptBehavior: dismiss and notify, userAgent: Mozilla/5.0 (Windows NT 10....}
Session ID: 382a8617-afe3-4d26-a3f6-ae1848cc6b62
2026-01-19 13:01:44 INFO  [main] Listeners - Test Case Failure
2026-01-19 13:01:44 INFO  [main] Listeners - Test Case Started
2026-01-19 13:01:44 INFO  [main] DocSegments - Delete Segement Method Called
2026-01-19 13:01:44 INFO  [main] DocSegmentsPage - Delete Doc Segment
2026-01-19 13:01:54 INFO  [main] HelperClass - Delete Icon Clicked
2026-01-19 13:01:54 INFO  [main] HelperClass - Delete Icon Clicked
2026-01-19 13:01:54 INFO  [main] Listeners - Test Case Success
2026-01-19 13:01:55 INFO  [main] Listeners - Test Case Started
2026-01-19 13:01:55 INFO  [main] Login - Logout for the User
2026-01-19 13:01:55 INFO  [main] LoginPage - This is logout method
2026-01-19 13:01:55 INFO  [main] LoginPage - Is ProfileDropdown displayed? true
2026-01-19 13:01:55 INFO  [main] LoginPage - Is ProfileDropdown enabled? true
2026-01-19 13:01:55 INFO  [main] LoginPage - Approver ApproverMain User
2026-01-19 13:01:55 INFO  [main] HelperClass - Sign out Button Clicked
2026-01-19 13:01:55 INFO  [main] HelperClass - Confirm Yes Button Clicked
2026-01-19 13:01:55 INFO  [main] LoginPage - Logout Success
2026-01-19 13:01:55 INFO  [main] Listeners - Test Case Success
