<?xml version="1.0" encoding="UTF-8"?>
<testsuite xmlns:xsi="http://www.w3.org/2001/XMLSchema-instance" xsi:noNamespaceSchemaLocation="https://maven.apache.org/surefire/maven-surefire-plugin/xsd/surefire-test-report.xsd" version="3.0.2" name="TestSuite" time="58.308" tests="30" errors="0" skipped="0" failures="1">
  <properties>
[...]
</properties>
  <testcase name="verifyLoginData[Approver, User@123](1)" classname="tests.Login" time="1.674">
    <system-out><![CDATA[2025-12-12 12:50:20 INFO  [main] BaseClass - Application Started
2025-12-12 12:50:20 INFO  [main] BaseClass - ===================
2025-12-12 12:50:24 INFO  [main] BaseClass - FireFoxDriver Object is Created  FirefoxDriver: firefox on windows (8e908343-e395-463a-b578-6f0f7179d63b)
2025-12-12 12:50:24 INFO  [main] BaseClass - Browser Got Opened
2025-12-12 12:50:24 INFO  [main] BaseClass - url Called  http://192.168.2.27:9092/
2025-12-12 12:50:24 INFO  [main] BaseClass - Tear Up is Done
2025-12-12 12:50:25 INFO  [main] Listeners - Test Case Started
2025-12-12 12:50:25 INFO  [main] Login - Login User method Started
2025-12-12 12:50:25 INFO  [main] Login - Login Page Method call
2025-12-12 12:50:25 INFO  [main] LoginPage - Login Method Called
2025-12-12 12:50:25 INFO  [main] LoginPage - Entered UserName is :Approver
2025-12-12 12:50:25 INFO  [main] LoginPage - Password Entered
2025-12-12 12:50:27 INFO  [main] HelperClass - Login Submit Button Clicked
2025-12-12 12:50:27 INFO  [main] LoginPage - Submit Button Clicked
2025-12-12 12:50:27 INFO  [main] HelperClass - Home Title is visible
2025-12-12 12:50:27 INFO  [main] Login - Login Test Completed Successfully
2025-12-12 12:50:27 INFO  [main] Listeners - Test Case Success
]]></system-out>
    <system-err><![CDATA[SLF4J(W): No SLF4J providers were found.
SLF4J(W): Defaulting to no-operation (NOP) logger implementation
SLF4J(W): See https://www.slf4j.org/codes.html#noProviders for further details.
]]></system-err>
  </testcase>
  <testcase name="logoutMainUser" classname="tests.LoginTest" time="0.783">
    <system-out><![CDATA[2025-12-12 12:50:27 INFO  [main] Listeners - Test Case Started
2025-12-12 12:50:27 INFO  [main] LoginTest - Logout for the User
2025-12-12 12:50:27 INFO  [main] LoginPage - This is logout method
2025-12-12 12:50:27 INFO  [main] LoginPage - Is ProfileDropdown displayed? true
2025-12-12 12:50:27 INFO  [main] LoginPage - Is ProfileDropdown enabled? true
2025-12-12 12:50:27 INFO  [main] LoginPage - Approver ApproverMain User
2025-12-12 12:50:27 INFO  [main] HelperClass - Sign out Button Clicked
2025-12-12 12:50:27 INFO  [main] HelperClass - Confirm Yes Button Clicked
2025-12-12 12:50:27 INFO  [main] LoginPage - Logout Success
2025-12-12 12:50:28 INFO  [main] Listeners - Test Case Success
]]></system-out>
  </testcase>
  <testcase name="verifyLoginTest[Approver1, User@1234, Invalid user name or password or Deactivated.](1)" classname="tests.LoginTest" time="1.447">
    <system-out><![CDATA[2025-12-12 12:50:28 INFO  [main] Listeners - Test Case Started
2025-12-12 12:50:28 INFO  [main] LoginTest - Login Test Started
2025-12-12 12:50:28 INFO  [main] LoginTest - Attempting login for user: Approver1
2025-12-12 12:50:28 INFO  [main] LoginPage - Login Method Called
2025-12-12 12:50:28 INFO  [main] LoginPage - Entered UserName is :Approver1
2025-12-12 12:50:28 INFO  [main] LoginPage - Password Entered
2025-12-12 12:50:28 INFO  [main] HelperClass - Login Submit Button Clicked
2025-12-12 12:50:29 INFO  [main] LoginPage - This is failed test text
2025-12-12 12:50:29 INFO  [main] LoginPage - Invalid user name or password or Deactivated.
2025-12-12 12:50:29 INFO  [main] Listeners - Test Case Success
]]></system-out>
  </testcase>
  <testcase name="verifyLoginTest[Approver, User@1234, Invalid user name or password.](2)" classname="tests.LoginTest" time="1.441">
    <system-out><![CDATA[2025-12-12 12:50:29 INFO  [main] Listeners - Test Case Started
2025-12-12 12:50:29 INFO  [main] LoginTest - Login Test Started
2025-12-12 12:50:29 INFO  [main] LoginTest - Attempting login for user: Approver
2025-12-12 12:50:29 INFO  [main] LoginPage - Login Method Called
2025-12-12 12:50:29 INFO  [main] LoginPage - Entered UserName is :Approver
2025-12-12 12:50:29 INFO  [main] LoginPage - Password Entered
2025-12-12 12:50:29 INFO  [main] HelperClass - Login Submit Button Clicked
2025-12-12 12:50:31 INFO  [main] LoginPage - This is failed test text
2025-12-12 12:50:31 INFO  [main] LoginPage - Invalid user name or password.
2025-12-12 12:50:31 INFO  [main] Listeners - Test Case Success
]]></system-out>
  </testcase>
  <testcase name="verifyLoginTest[Approver1, User@123, Invalid user name or password or Deactivated.](3)" classname="tests.LoginTest" time="1.402">
    <system-out><![CDATA[2025-12-12 12:50:31 INFO  [main] Listeners - Test Case Started
2025-12-12 12:50:31 INFO  [main] LoginTest - Login Test Started
2025-12-12 12:50:31 INFO  [main] LoginTest - Attempting login for user: Approver1
2025-12-12 12:50:31 INFO  [main] LoginPage - Login Method Called
2025-12-12 12:50:31 INFO  [main] LoginPage - Entered UserName is :Approver1
2025-12-12 12:50:31 INFO  [main] LoginPage - Password Entered
2025-12-12 12:50:31 INFO  [main] HelperClass - Login Submit Button Clicked
2025-12-12 12:50:32 INFO  [main] LoginPage - This is failed test text
2025-12-12 12:50:32 INFO  [main] LoginPage - Invalid user name or password or Deactivated.
2025-12-12 12:50:32 INFO  [main] Listeners - Test Case Success
]]></system-out>
  </testcase>
  <testcase name="verifyLoginTest[Approver, User@123, ](4)" classname="tests.LoginTest" time="1.553">
    <system-out><![CDATA[2025-12-12 12:50:32 INFO  [main] Listeners - Test Case Started
2025-12-12 12:50:32 INFO  [main] LoginTest - Login Test Started
2025-12-12 12:50:32 INFO  [main] LoginTest - Attempting login for user: Approver
2025-12-12 12:50:32 INFO  [main] LoginPage - Login Method Called
2025-12-12 12:50:32 INFO  [main] LoginPage - Entered UserName is :Approver
2025-12-12 12:50:32 INFO  [main] LoginPage - Password Entered
2025-12-12 12:50:33 INFO  [main] HelperClass - Login Submit Button Clicked
2025-12-12 12:50:33 INFO  [main] HelperClass - Home Title is visible
2025-12-12 12:50:33 INFO  [main] LoginTest - Login Success for User: Approver
2025-12-12 12:50:33 INFO  [main] LoginTest - Logout for the User
2025-12-12 12:50:33 INFO  [main] LoginPage - This is logout method
2025-12-12 12:50:33 INFO  [main] LoginPage - Is ProfileDropdown displayed? true
2025-12-12 12:50:33 INFO  [main] LoginPage - Is ProfileDropdown enabled? true
2025-12-12 12:50:33 INFO  [main] LoginPage - Main User
2025-12-12 12:50:33 INFO  [main] HelperClass - Sign out Button Clicked
2025-12-12 12:50:33 INFO  [main] HelperClass - Confirm Yes Button Clicked
2025-12-12 12:50:33 INFO  [main] LoginPage - Logout Success
2025-12-12 12:50:34 INFO  [main] Listeners - Test Case Success
]]></system-out>
  </testcase>
  <testcase name="verifyblockUser[Check, User123, Invalid user name or password.](1)" classname="tests.LoginTest" time="1.385">
    <system-out><![CDATA[2025-12-12 12:50:34 INFO  [main] Listeners - Test Case Started
2025-12-12 12:50:34 INFO  [main] LoginTest - BlockLoginCredentials
2025-12-12 12:50:34 INFO  [main] LoginTest - Attempting login for user: Check
2025-12-12 12:50:34 INFO  [main] LoginPage - Login Method Called
2025-12-12 12:50:34 INFO  [main] LoginPage - Entered UserName is :Check
2025-12-12 12:50:34 INFO  [main] LoginPage - Password Entered
2025-12-12 12:50:34 INFO  [main] HelperClass - Login Submit Button Clicked
2025-12-12 12:50:35 INFO  [main] LoginPage - This is failed test text
2025-12-12 12:50:35 INFO  [main] LoginPage - Invalid user name or password.
2025-12-12 12:50:35 INFO  [main] Listeners - Test Case Success
]]></system-out>
  </testcase>
  <testcase name="verifyblockUser[Check, User1234, Invalid user name or password.](2)" classname="tests.LoginTest" time="1.354">
    <system-out><![CDATA[2025-12-12 12:50:35 INFO  [main] Listeners - Test Case Started
2025-12-12 12:50:35 INFO  [main] LoginTest - BlockLoginCredentials
2025-12-12 12:50:35 INFO  [main] LoginTest - Attempting login for user: Check
2025-12-12 12:50:35 INFO  [main] LoginPage - Login Method Called
2025-12-12 12:50:35 INFO  [main] LoginPage - Entered UserName is :Check
2025-12-12 12:50:35 INFO  [main] LoginPage - Password Entered
2025-12-12 12:50:35 INFO  [main] HelperClass - Login Submit Button Clicked
2025-12-12 12:50:36 INFO  [main] LoginPage - This is failed test text
2025-12-12 12:50:36 INFO  [main] LoginPage - Invalid user name or password.
2025-12-12 12:50:36 INFO  [main] Listeners - Test Case Success
]]></system-out>
  </testcase>
  <testcase name="verifyblockUser[Check, User@123, ](3)" classname="tests.LoginTest" time="1.499">
    <system-out><![CDATA[2025-12-12 12:50:36 INFO  [main] Listeners - Test Case Started
2025-12-12 12:50:36 INFO  [main] LoginTest - BlockLoginCredentials
2025-12-12 12:50:36 INFO  [main] LoginTest - Attempting login for user: Check
2025-12-12 12:50:36 INFO  [main] LoginPage - Login Method Called
2025-12-12 12:50:36 INFO  [main] LoginPage - Entered UserName is :Check
2025-12-12 12:50:37 INFO  [main] LoginPage - Password Entered
2025-12-12 12:50:37 INFO  [main] HelperClass - Login Submit Button Clicked
2025-12-12 12:50:37 INFO  [main] HelperClass - Home Title is visible
2025-12-12 12:50:37 INFO  [main] LoginTest - Login Success for User: Check
2025-12-12 12:50:37 INFO  [main] LoginTest - Logout for the User
2025-12-12 12:50:37 INFO  [main] LoginPage - This is logout method
2025-12-12 12:50:37 INFO  [main] LoginPage - Is ProfileDropdown displayed? true
2025-12-12 12:50:37 INFO  [main] LoginPage - Is ProfileDropdown enabled? true
2025-12-12 12:50:37 INFO  [main] LoginPage - Main User
2025-12-12 12:50:38 INFO  [main] HelperClass - Sign out Button Clicked
2025-12-12 12:50:38 INFO  [main] HelperClass - Confirm Yes Button Clicked
2025-12-12 12:50:38 INFO  [main] LoginPage - Logout Success
2025-12-12 12:50:38 INFO  [main] Listeners - Test Case Success
]]></system-out>
  </testcase>
  <testcase name="verifyblockUser[Check, User123, Invalid user name or password.](4)" classname="tests.LoginTest" time="1.426">
    <system-out><![CDATA[2025-12-12 12:50:38 INFO  [main] Listeners - Test Case Started
2025-12-12 12:50:38 INFO  [main] LoginTest - BlockLoginCredentials
2025-12-12 12:50:38 INFO  [main] LoginTest - Attempting login for user: Check
2025-12-12 12:50:38 INFO  [main] LoginPage - Login Method Called
2025-12-12 12:50:38 INFO  [main] LoginPage - Entered UserName is :Check
2025-12-12 12:50:38 INFO  [main] LoginPage - Password Entered
2025-12-12 12:50:38 INFO  [main] HelperClass - Login Submit Button Clicked
2025-12-12 12:50:39 INFO  [main] LoginPage - This is failed test text
2025-12-12 12:50:39 INFO  [main] LoginPage - Invalid user name or password.
2025-12-12 12:50:39 INFO  [main] Listeners - Test Case Success
]]></system-out>
  </testcase>
  <testcase name="verifyblockUser[Check, User1234, Invalid user name or password.](5)" classname="tests.LoginTest" time="1.386">
    <system-out><![CDATA[2025-12-12 12:50:39 INFO  [main] Listeners - Test Case Started
2025-12-12 12:50:39 INFO  [main] LoginTest - BlockLoginCredentials
2025-12-12 12:50:39 INFO  [main] LoginTest - Attempting login for user: Check
2025-12-12 12:50:39 INFO  [main] LoginPage - Login Method Called
2025-12-12 12:50:39 INFO  [main] LoginPage - Entered UserName is :Check
2025-12-12 12:50:39 INFO  [main] LoginPage - Password Entered
2025-12-12 12:50:40 INFO  [main] HelperClass - Login Submit Button Clicked
2025-12-12 12:50:41 INFO  [main] LoginPage - This is failed test text
2025-12-12 12:50:41 INFO  [main] LoginPage - Invalid user name or password.
2025-12-12 12:50:41 INFO  [main] Listeners - Test Case Success
]]></system-out>
  </testcase>
  <testcase name="verifyblockUser[Check, User12345, Your account has been disabled due to maximum failed login attempts. Please contact System Administrator.](6)" classname="tests.LoginTest" time="1.368">
    <system-out><![CDATA[2025-12-12 12:50:41 INFO  [main] Listeners - Test Case Started
2025-12-12 12:50:41 INFO  [main] LoginTest - BlockLoginCredentials
2025-12-12 12:50:41 INFO  [main] LoginTest - Attempting login for user: Check
2025-12-12 12:50:41 INFO  [main] LoginPage - Login Method Called
2025-12-12 12:50:41 INFO  [main] LoginPage - Entered UserName is :Check
2025-12-12 12:50:41 INFO  [main] LoginPage - Password Entered
2025-12-12 12:50:41 INFO  [main] HelperClass - Login Submit Button Clicked
2025-12-12 12:50:42 INFO  [main] LoginPage - This is failed test text
2025-12-12 12:50:42 INFO  [main] LoginPage - Your account has been disabled due to maximum failed login attempts. Please contact System Administrator.
2025-12-12 12:50:42 INFO  [main] Listeners - Test Case Success
]]></system-out>
  </testcase>
  <testcase name="mainUserLogin[Approver, User@123](1)" classname="tests.LoginTest" time="1.139">
    <system-out><![CDATA[2025-12-12 12:50:42 INFO  [main] Listeners - Test Case Started
2025-12-12 12:50:42 INFO  [main] LoginTest - Main Users Login
2025-12-12 12:50:42 INFO  [main] Login - Login User method Started
2025-12-12 12:50:42 INFO  [main] Login - Login Page Method call
2025-12-12 12:50:42 INFO  [main] LoginPage - Login Method Called
2025-12-12 12:50:42 INFO  [main] LoginPage - Entered UserName is :Approver
2025-12-12 12:50:42 INFO  [main] LoginPage - Password Entered
2025-12-12 12:50:43 INFO  [main] HelperClass - Login Submit Button Clicked
2025-12-12 12:50:43 INFO  [main] LoginPage - Submit Button Clicked
2025-12-12 12:50:43 INFO  [main] HelperClass - Home Title is visible
2025-12-12 12:50:43 INFO  [main] Login - Login Test Completed Successfully
2025-12-12 12:50:43 INFO  [main] LoginTest - User Logged In
2025-12-12 12:50:43 INFO  [main] Listeners - Test Case Success
]]></system-out>
  </testcase>
  <testcase name="verifyAddGroup" classname="tests.AccessPermissions" time="1.763">
    <system-out><![CDATA[2025-12-12 12:50:43 INFO  [main] AccessPermissions - Access Permissions link Click
2025-12-12 12:50:43 INFO  [main] Listeners - Test Case Started
2025-12-12 12:50:43 INFO  [main] AccessPermissions - This is Add Group Method
2025-12-12 12:50:44 INFO  [main] HelperClass - Access Permissions Module Clicked
2025-12-12 12:50:44 INFO  [main] HelperClass - Sub Module Group is clicked Clicked
2025-12-12 12:50:45 INFO  [main] HelperClass - New Group Button is clicked Clicked
2025-12-12 12:50:45 INFO  [main] HelperClass - All Modules is clicked Clicked
2025-12-12 12:50:45 INFO  [main] AccessPermissionsPage - Group Created Successfully
2025-12-12 12:50:45 INFO  [main] Listeners - Test Case Success
]]></system-out>
  </testcase>
  <testcase name="verifyViewGroup" classname="tests.AccessPermissions" time="1.15">
    <system-out><![CDATA[2025-12-12 12:50:45 INFO  [main] Listeners - Test Case Started
2025-12-12 12:50:45 INFO  [main] AccessPermissions - This is View Group Method
2025-12-12 12:50:45 INFO  [main] AccessPermissionsPage - View Group method entered
2025-12-12 12:50:46 INFO  [main] HelperClass - View Group Clicked
2025-12-12 12:50:46 INFO  [main] HelperClass - Close Group Clicked
2025-12-12 12:50:46 INFO  [main] AccessPermissionsPage - View Group Successfull
2025-12-12 12:50:46 INFO  [main] Listeners - Test Case Success
]]></system-out>
  </testcase>
  <testcase name="verifyEditGroup" classname="tests.AccessPermissions" time="0.74">
    <system-out><![CDATA[2025-12-12 12:50:46 INFO  [main] Listeners - Test Case Started
2025-12-12 12:50:46 INFO  [main] AccessPermissions - This is Edit Group Method
2025-12-12 12:50:46 INFO  [main] AccessPermissionsPage - Edit Group method entered
2025-12-12 12:50:47 INFO  [main] HelperClass - Edit Group Clicked
2025-12-12 12:50:47 INFO  [main] HelperClass - Save Group Clicked
2025-12-12 12:50:47 INFO  [main] AccessPermissionsPage - Edit Group Successfull
2025-12-12 12:50:47 INFO  [main] Listeners - Test Case Success
]]></system-out>
  </testcase>
  <testcase name="verifyDeleteGroup" classname="tests.AccessPermissions" time="0.601">
    <system-out><![CDATA[2025-12-12 12:50:47 INFO  [main] Listeners - Test Case Started
2025-12-12 12:50:47 INFO  [main] AccessPermissions - This is Delete Group Method
2025-12-12 12:50:47 INFO  [main] AccessPermissionsPage - Delete Group method entered
2025-12-12 12:50:47 INFO  [main] HelperClass - Delete Group Clicked
2025-12-12 12:50:47 INFO  [main] HelperClass - Delete Yes Clicked
2025-12-12 12:50:47 INFO  [main] AccessPermissionsPage - Delete Group Successfull
2025-12-12 12:50:48 INFO  [main] Listeners - Test Case Success
]]></system-out>
  </testcase>
  <testcase name="verifyAddRole" classname="tests.AccessPermissions" time="2.945">
    <system-out><![CDATA[2025-12-12 12:50:48 INFO  [main] Listeners - Test Case Started
2025-12-12 12:50:48 INFO  [main] AccessPermissions - This is Add Role Method
2025-12-12 12:50:48 INFO  [main] HelperClass - Roles Module Clicked
2025-12-12 12:50:49 INFO  [main] HelperClass - Add New Role Clicked
2025-12-12 12:50:49 INFO  [main] HelperClass - Group Down Selected  Clicked
2025-12-12 12:50:49 INFO  [main] HelperClass - Select Group Name Clicked
2025-12-12 12:50:50 INFO  [main] HelperClass - Select Permissions Access Permissions Clicked
2025-12-12 12:50:50 INFO  [main] HelperClass - Group Add Permissions in Access Permissions for Role Clicked
2025-12-12 12:50:50 INFO  [main] HelperClass - Select Permissions Access Permissions Clicked
2025-12-12 12:50:50 INFO  [main] HelperClass - Role Saved JS Clicked
2025-12-12 12:50:50 INFO  [main] AccessPermissionsPage - Roles Created Successfully
2025-12-12 12:50:50 INFO  [main] Listeners - Test Case Success
]]></system-out>
  </testcase>
  <testcase name="verifyViewRole" classname="tests.AccessPermissions" time="1.128">
    <system-out><![CDATA[2025-12-12 12:50:51 INFO  [main] Listeners - Test Case Started
2025-12-12 12:50:51 INFO  [main] AccessPermissions - This is View Role Method
2025-12-12 12:50:51 INFO  [main] AccessPermissionsPage - View Role method entered
2025-12-12 12:50:51 INFO  [main] HelperClass - View Role Clicked
2025-12-12 12:50:52 INFO  [main] HelperClass - Close Role Clicked
2025-12-12 12:50:52 INFO  [main] AccessPermissionsPage - View Role Successfull
2025-12-12 12:50:52 INFO  [main] Listeners - Test Case Success
]]></system-out>
  </testcase>
  <testcase name="verifyEditRole" classname="tests.AccessPermissions" time="0.947">
    <system-out><![CDATA[2025-12-12 12:50:52 INFO  [main] Listeners - Test Case Started
2025-12-12 12:50:52 INFO  [main] AccessPermissions - This is Edit Role Method
2025-12-12 12:50:52 INFO  [main] AccessPermissionsPage - Edit Role method entered
2025-12-12 12:50:52 INFO  [main] HelperClass - Edit Role Clicked
2025-12-12 12:50:52 INFO  [main] HelperClass - Save Role Clicked
2025-12-12 12:50:52 INFO  [main] AccessPermissionsPage - Edit Role Successfull
2025-12-12 12:50:53 INFO  [main] Listeners - Test Case Success
]]></system-out>
  </testcase>
  <testcase name="verifyDeleteRole" classname="tests.AccessPermissions" time="10.643">
    <failure message="Role was not Delete successfully! expected [true] but found [false]" type="java.lang.AssertionError"><![CDATA[java.lang.AssertionError: Role was not Delete successfully! expected [true] but found [false]
	at org.testng.Assert.fail(Assert.java:111)
	at org.testng.Assert.failNotEquals(Assert.java:1578)
	at org.testng.Assert.assertTrue(Assert.java:57)
	at tests.AccessPermissions.verifyDeleteRole(AccessPermissions.java:104)
	at java.base/jdk.internal.reflect.NativeMethodAccessorImpl.invoke0(Native Method)
	at java.base/jdk.internal.reflect.NativeMethodAccessorImpl.invoke(NativeMethodAccessorImpl.java:77)
	at java.base/jdk.internal.reflect.DelegatingMethodAccessorImpl.invoke(DelegatingMethodAccessorImpl.java:43)
	at java.base/java.lang.reflect.Method.invoke(Method.java:568)
	at org.testng.internal.invokers.MethodInvocationHelper.invokeMethod(MethodInvocationHelper.java:141)
	at org.testng.internal.invokers.TestInvoker.invokeMethod(TestInvoker.java:686)
	at org.testng.internal.invokers.TestInvoker.invokeTestMethod(TestInvoker.java:230)
	at org.testng.internal.invokers.MethodRunner.runInSequence(MethodRunner.java:63)
	at org.testng.internal.invokers.TestInvoker$MethodInvocationAgent.invoke(TestInvoker.java:992)
	at org.testng.internal.invokers.TestInvoker.invokeTestMethods(TestInvoker.java:203)
	at org.testng.internal.invokers.TestMethodWorker.invokeTestMethods(TestMethodWorker.java:154)
	at org.testng.internal.invokers.TestMethodWorker.run(TestMethodWorker.java:134)
	at java.base/java.util.ArrayList.forEach(ArrayList.java:1511)
	at org.testng.TestRunner.privateRun(TestRunner.java:739)
	at org.testng.TestRunner.run(TestRunner.java:614)
	at org.testng.SuiteRunner.runTest(SuiteRunner.java:421)
	at org.testng.SuiteRunner.runSequentially(SuiteRunner.java:413)
	at org.testng.SuiteRunner.privateRun(SuiteRunner.java:373)
	at org.testng.SuiteRunner.run(SuiteRunner.java:312)
	at org.testng.SuiteRunnerWorker.runSuite(SuiteRunnerWorker.java:52)
	at org.testng.SuiteRunnerWorker.run(SuiteRunnerWorker.java:95)
	at org.testng.TestNG.runSuitesSequentially(TestNG.java:1274)
	at org.testng.TestNG.runSuitesLocally(TestNG.java:1208)
	at org.testng.TestNG.runSuites(TestNG.java:1112)
	at org.testng.TestNG.run(TestNG.java:1079)
	at org.apache.maven.surefire.testng.TestNGExecutor.run(TestNGExecutor.java:308)
	at org.apache.maven.surefire.testng.TestNGXmlTestSuite.execute(TestNGXmlTestSuite.java:71)
	at org.apache.maven.surefire.testng.TestNGProvider.invoke(TestNGProvider.java:113)
	at org.apache.maven.surefire.booter.ForkedBooter.runSuitesInProcess(ForkedBooter.java:385)
	at org.apache.maven.surefire.booter.ForkedBooter.execute(ForkedBooter.java:162)
	at org.apache.maven.surefire.booter.ForkedBooter.run(ForkedBooter.java:507)
	at org.apache.maven.surefire.booter.ForkedBooter.main(ForkedBooter.java:495)
]]></failure>
    <system-out><![CDATA[2025-12-12 12:50:53 INFO  [main] Listeners - Test Case Started
2025-12-12 12:50:53 INFO  [main] AccessPermissions - This is Delete Role Method
2025-12-12 12:50:53 INFO  [main] AccessPermissionsPage - Delete Role method entered
2025-12-12 12:51:03 ERROR [main] AccessPermissionsPage - Delete Role Failed
2025-12-12 12:51:03 INFO  [main] Listeners - Test Case Failure
]]></system-out>
  </testcase>
  <testcase name="verifyAddUser" classname="tests.AccessPermissions" time="1.694">
    <system-out><![CDATA[2025-12-12 12:51:03 INFO  [main] Listeners - Test Case Started
2025-12-12 12:51:03 INFO  [main] AccessPermissions - This is an Add User Method
2025-12-12 12:51:04 INFO  [main] HelperClass - Select Role User  Radio Button  Clicked
2025-12-12 12:51:05 INFO  [main] HelperClass - Selected Role User  Radio Button  Clicked
2025-12-12 12:51:05 INFO  [main] HelperClass - Active User Radio Button JS Clicked
2025-12-12 12:51:05 INFO  [main] HelperClass - Submit Button Clicked
2025-12-12 12:51:05 INFO  [main] AccessPermissionsPage - User Created Successfully
2025-12-12 12:51:05 INFO  [main] Listeners - Test Case Success
]]></system-out>
  </testcase>
  <testcase name="verifyViewUser" classname="tests.AccessPermissions" time="0.518">
    <system-out><![CDATA[2025-12-12 12:51:05 INFO  [main] Listeners - Test Case Started
2025-12-12 12:51:05 INFO  [main] AccessPermissions - This is User View  Method
2025-12-12 12:51:05 INFO  [main] AccessPermissionsPage - View User method entered
2025-12-12 12:51:05 INFO  [main] HelperClass - View User Clicked
2025-12-12 12:51:05 INFO  [main] HelperClass - Close User Clicked
2025-12-12 12:51:05 INFO  [main] AccessPermissionsPage - View User Successfull
2025-12-12 12:51:05 INFO  [main] Listeners - Test Case Success
]]></system-out>
  </testcase>
  <testcase name="verifyEditUser" classname="tests.AccessPermissions" time="0.752">
    <system-out><![CDATA[2025-12-12 12:51:06 INFO  [main] Listeners - Test Case Started
2025-12-12 12:51:06 INFO  [main] AccessPermissions - This is User edit  Method
2025-12-12 12:51:06 INFO  [main] AccessPermissionsPage - Edit User method entered
2025-12-12 12:51:06 INFO  [main] HelperClass - Edit User Clicked
2025-12-12 12:51:06 INFO  [main] HelperClass - Save User Clicked
2025-12-12 12:51:06 INFO  [main] AccessPermissionsPage - Edit User Successfull
2025-12-12 12:51:06 INFO  [main] Listeners - Test Case Success
]]></system-out>
  </testcase>
  <testcase name="verifyDeleteUser" classname="tests.AccessPermissions" time="0.637">
    <system-out><![CDATA[2025-12-12 12:51:06 INFO  [main] Listeners - Test Case Started
2025-12-12 12:51:06 INFO  [main] AccessPermissions - This is User Delete  Method
2025-12-12 12:51:06 INFO  [main] AccessPermissionsPage - Delete User method entered
2025-12-12 12:51:06 INFO  [main] HelperClass - Delete User Clicked
2025-12-12 12:51:07 INFO  [main] HelperClass - Delete Yes Clicked
2025-12-12 12:51:07 INFO  [main] AccessPermissionsPage - Delete User Successfull
2025-12-12 12:51:07 INFO  [main] Listeners - Test Case Success
]]></system-out>
  </testcase>
  <testcase name="verifyAddDocSeg" classname="tests.DocSegments" time="5.177">
    <system-out><![CDATA[2025-12-12 12:51:07 INFO  [main] DocSegments - Documents Segments link Click
2025-12-12 12:51:07 INFO  [main] Listeners - Test Case Started
2025-12-12 12:51:07 INFO  [main] DocSegments - The Document segment add started 
2025-12-12 12:51:07 INFO  [main] DocSegmentsPage - Add New Document Segement
2025-12-12 12:51:07 INFO  [main] HelperClass - Documents Segment Module Clicked
2025-12-12 12:51:07 INFO  [main] HelperClass - Add New Segement Clicked
2025-12-12 12:51:08 INFO  [main] HelperClass - Custom Query Drop Down Clicked
2025-12-12 12:51:09 INFO  [main] HelperClass - Custom Query Select Clicked
2025-12-12 12:51:09 INFO  [main] HelperClass - Vault Drop Down Clicked
2025-12-12 12:51:09 INFO  [main] HelperClass - Vault Server Clicked
2025-12-12 12:51:09 INFO  [main] HelperClass - Groups Checkbox JS Clicked
2025-12-12 12:51:09 INFO  [main] HelperClass - Configue Link Tab Clicked
2025-12-12 12:51:10 INFO  [main] HelperClass - Archive Id Clicked
2025-12-12 12:51:10 INFO  [main] HelperClass - Account Number Clicked
2025-12-12 12:51:10 INFO  [main] HelperClass - Save Button Clicked
2025-12-12 12:51:10 INFO  [main] DocSegmentsPage - New Document Segement Added Sucessfully
2025-12-12 12:51:12 INFO  [main] Listeners - Test Case Success
]]></system-out>
  </testcase>
  <testcase name="verifyViewDogSeg" classname="tests.DocSegments" time="1.003">
    <system-out><![CDATA[2025-12-12 12:51:12 INFO  [main] Listeners - Test Case Started
2025-12-12 12:51:12 INFO  [main] DocSegments - View Segement Method Called
2025-12-12 12:51:12 INFO  [main] DocSegmentsPage - View Doc Segment
2025-12-12 12:51:12 INFO  [main] HelperClass - View Icon Clicked
2025-12-12 12:51:13 INFO  [main] HelperClass - Close View Icon Clicked
2025-12-12 12:51:13 INFO  [main] Listeners - Test Case Success
]]></system-out>
  </testcase>
  <testcase name="verifyEditDogSeg" classname="tests.DocSegments" time="1.172">
    <system-out><![CDATA[2025-12-12 12:51:13 INFO  [main] Listeners - Test Case Started
2025-12-12 12:51:13 INFO  [main] DocSegments - Edit Segement Method Called
2025-12-12 12:51:13 INFO  [main] DocSegmentsPage - Edit Doc Segment
2025-12-12 12:51:13 INFO  [main] HelperClass - Edit Icon Clicked
2025-12-12 12:51:14 INFO  [main] HelperClass - Save Icon Clicked
2025-12-12 12:51:14 INFO  [main] Listeners - Test Case Success
]]></system-out>
  </testcase>
  <testcase name="verifyDeleteDogSeg" classname="tests.DocSegments" time="1.219">
    <system-out><![CDATA[2025-12-12 12:51:14 INFO  [main] Listeners - Test Case Started
2025-12-12 12:51:14 INFO  [main] DocSegments - Delete Segement Method Called
2025-12-12 12:51:14 INFO  [main] DocSegmentsPage - Delete Doc Segment
2025-12-12 12:51:15 INFO  [main] HelperClass - Delete Icon Clicked
2025-12-12 12:51:15 INFO  [main] HelperClass - Delete Icon Clicked
2025-12-12 12:51:15 INFO  [main] Listeners - Test Case Success
]]></system-out>
  </testcase>
  <testcase name="logoutUser" classname="tests.Logout" time="0.594">
    <system-out><![CDATA[2025-12-12 12:51:16 INFO  [main] Listeners - Test Case Started
2025-12-12 12:51:16 INFO  [main] Login - Logout for the User
2025-12-12 12:51:16 INFO  [main] LoginPage - This is logout method
2025-12-12 12:51:16 INFO  [main] LoginPage - Is ProfileDropdown displayed? true
2025-12-12 12:51:16 INFO  [main] LoginPage - Is ProfileDropdown enabled? true
2025-12-12 12:51:16 INFO  [main] LoginPage - Approver ApproverMain User
2025-12-12 12:51:16 INFO  [main] HelperClass - Sign out Button Clicked
2025-12-12 12:51:16 INFO  [main] HelperClass - Confirm Yes Button Clicked
2025-12-12 12:51:16 INFO  [main] LoginPage - Logout Success
2025-12-12 12:51:16 INFO  [main] Listeners - Test Case Success
]]></system-out>
  </testcase>
</testsuite>