<?xml version="1.0" encoding="UTF-8"?>
<testsuite xmlns:xsi="http://www.w3.org/2001/XMLSchema-instance" xsi:noNamespaceSchemaLocation="https://maven.apache.org/surefire/maven-surefire-plugin/xsd/surefire-test-report.xsd" version="3.0.2" name="TestSuite" time="47.409" tests="30" errors="0" skipped="0" failures="0">
  <properties>
[...]
</properties>
  <testcase name="verifyLoginData[Approver, User@123](1)" classname="tests.Login" time="2.104">
    <system-out><![CDATA[2026-02-04 18:25:41 INFO  [main] BaseClass - Application Started
2026-02-04 18:25:41 INFO  [main] BaseClass - ===================
2026-02-04 18:25:45 INFO  [main] BaseClass - FireFoxDriver Object is Created  FirefoxDriver: firefox on windows (c430a96a-7dce-4824-bfa4-3ec7b284b528)
2026-02-04 18:25:45 INFO  [main] BaseClass - Browser Got Opened
2026-02-04 18:25:45 INFO  [main] BaseClass - url Called  http://192.168.2.27:9092/
2026-02-04 18:25:45 INFO  [main] BaseClass - Tear Up is Done
2026-02-04 18:25:47 INFO  [main] Listeners - Test Case Started
2026-02-04 18:25:47 INFO  [main] Login - Login User method Started
2026-02-04 18:25:47 INFO  [main] Login - Login Page Method call
2026-02-04 18:25:47 INFO  [main] LoginPage - Login Method Called
2026-02-04 18:25:47 INFO  [main] LoginPage - Entered UserName is :Approver
2026-02-04 18:25:47 INFO  [main] LoginPage - Password Entered
2026-02-04 18:25:48 INFO  [main] HelperClass - Login Submit Button Clicked
2026-02-04 18:25:48 INFO  [main] LoginPage - Submit Button Clicked
2026-02-04 18:25:48 INFO  [main] HelperClass - Home Title is visible
2026-02-04 18:25:48 INFO  [main] Login - Login Test Completed Successfully
2026-02-04 18:25:48 INFO  [main] Listeners - Test Case Success
]]></system-out>
    <system-err><![CDATA[SLF4J(W): No SLF4J providers were found.
SLF4J(W): Defaulting to no-operation (NOP) logger implementation
SLF4J(W): See https://www.slf4j.org/codes.html#noProviders for further details.
]]></system-err>
  </testcase>
  <testcase name="logoutMainUser" classname="tests.LoginTest" time="0.563">
    <system-out><![CDATA[2026-02-04 18:25:49 INFO  [main] Listeners - Test Case Started
2026-02-04 18:25:49 INFO  [main] LoginTest - Logout for the User
2026-02-04 18:25:49 INFO  [main] LoginPage - This is logout method
2026-02-04 18:25:49 INFO  [main] LoginPage - Is ProfileDropdown displayed? true
2026-02-04 18:25:49 INFO  [main] LoginPage - Is ProfileDropdown enabled? true
2026-02-04 18:25:49 INFO  [main] LoginPage - Approver ApproverMain User
2026-02-04 18:25:49 INFO  [main] HelperClass - Sign out Button Clicked
2026-02-04 18:25:49 INFO  [main] HelperClass - Confirm Yes Button Clicked
2026-02-04 18:25:49 INFO  [main] LoginPage - Logout Success
2026-02-04 18:25:49 INFO  [main] Listeners - Test Case Success
]]></system-out>
  </testcase>
  <testcase name="verifyLoginTest[Approver1, User@1234, Invalid user name or password or Deactivated.](1)" classname="tests.LoginTest" time="1.336">
    <system-out><![CDATA[2026-02-04 18:25:49 INFO  [main] Listeners - Test Case Started
2026-02-04 18:25:49 INFO  [main] LoginTest - Login Test Started
2026-02-04 18:25:49 INFO  [main] LoginTest - Attempting login for user: Approver1
2026-02-04 18:25:49 INFO  [main] LoginPage - Login Method Called
2026-02-04 18:25:49 INFO  [main] LoginPage - Entered UserName is :Approver1
2026-02-04 18:25:49 INFO  [main] LoginPage - Password Entered
2026-02-04 18:25:50 INFO  [main] HelperClass - Login Submit Button Clicked
2026-02-04 18:25:51 INFO  [main] LoginPage - This is failed test text
2026-02-04 18:25:51 INFO  [main] LoginPage - Invalid user name or password or Deactivated.
2026-02-04 18:25:51 INFO  [main] Listeners - Test Case Success
]]></system-out>
  </testcase>
  <testcase name="verifyLoginTest[Approver, User@1234, Invalid user name or password.](2)" classname="tests.LoginTest" time="1.342">
    <system-out><![CDATA[2026-02-04 18:25:51 INFO  [main] Listeners - Test Case Started
2026-02-04 18:25:51 INFO  [main] LoginTest - Login Test Started
2026-02-04 18:25:51 INFO  [main] LoginTest - Attempting login for user: Approver
2026-02-04 18:25:51 INFO  [main] LoginPage - Login Method Called
2026-02-04 18:25:51 INFO  [main] LoginPage - Entered UserName is :Approver
2026-02-04 18:25:51 INFO  [main] LoginPage - Password Entered
2026-02-04 18:25:51 INFO  [main] HelperClass - Login Submit Button Clicked
2026-02-04 18:25:52 INFO  [main] LoginPage - This is failed test text
2026-02-04 18:25:52 INFO  [main] LoginPage - Invalid user name or password.
2026-02-04 18:25:52 INFO  [main] Listeners - Test Case Success
]]></system-out>
  </testcase>
  <testcase name="verifyLoginTest[Approver1, User@123, Invalid user name or password or Deactivated.](3)" classname="tests.LoginTest" time="1.3">
    <system-out><![CDATA[2026-02-04 18:25:52 INFO  [main] Listeners - Test Case Started
2026-02-04 18:25:52 INFO  [main] LoginTest - Login Test Started
2026-02-04 18:25:52 INFO  [main] LoginTest - Attempting login for user: Approver1
2026-02-04 18:25:52 INFO  [main] LoginPage - Login Method Called
2026-02-04 18:25:52 INFO  [main] LoginPage - Entered UserName is :Approver1
2026-02-04 18:25:52 INFO  [main] LoginPage - Password Entered
2026-02-04 18:25:52 INFO  [main] HelperClass - Login Submit Button Clicked
2026-02-04 18:25:53 INFO  [main] LoginPage - This is failed test text
2026-02-04 18:25:53 INFO  [main] LoginPage - Invalid user name or password or Deactivated.
2026-02-04 18:25:53 INFO  [main] Listeners - Test Case Success
]]></system-out>
  </testcase>
  <testcase name="verifyLoginTest[Approver, User@123, ](4)" classname="tests.LoginTest" time="1.45">
    <system-out><![CDATA[2026-02-04 18:25:53 INFO  [main] Listeners - Test Case Started
2026-02-04 18:25:53 INFO  [main] LoginTest - Login Test Started
2026-02-04 18:25:53 INFO  [main] LoginTest - Attempting login for user: Approver
2026-02-04 18:25:53 INFO  [main] LoginPage - Login Method Called
2026-02-04 18:25:53 INFO  [main] LoginPage - Entered UserName is :Approver
2026-02-04 18:25:53 INFO  [main] LoginPage - Password Entered
2026-02-04 18:25:54 INFO  [main] HelperClass - Login Submit Button Clicked
2026-02-04 18:25:54 INFO  [main] HelperClass - Home Title is visible
2026-02-04 18:25:54 INFO  [main] LoginTest - Login Success for User: Approver
2026-02-04 18:25:54 INFO  [main] LoginTest - Logout for the User
2026-02-04 18:25:54 INFO  [main] LoginPage - This is logout method
2026-02-04 18:25:54 INFO  [main] LoginPage - Is ProfileDropdown displayed? true
2026-02-04 18:25:54 INFO  [main] LoginPage - Is ProfileDropdown enabled? true
2026-02-04 18:25:54 INFO  [main] LoginPage - Main User
2026-02-04 18:25:55 INFO  [main] HelperClass - Sign out Button Clicked
2026-02-04 18:25:55 INFO  [main] HelperClass - Confirm Yes Button Clicked
2026-02-04 18:25:55 INFO  [main] LoginPage - Logout Success
2026-02-04 18:25:55 INFO  [main] Listeners - Test Case Success
]]></system-out>
  </testcase>
  <testcase name="verifyblockUser[Check, User123, Invalid user name or password.](1)" classname="tests.LoginTest" time="1.333">
    <system-out><![CDATA[2026-02-04 18:25:55 INFO  [main] Listeners - Test Case Started
2026-02-04 18:25:55 INFO  [main] LoginTest - BlockLoginCredentials
2026-02-04 18:25:55 INFO  [main] LoginTest - Attempting login for user: Check
2026-02-04 18:25:55 INFO  [main] LoginPage - Login Method Called
2026-02-04 18:25:55 INFO  [main] LoginPage - Entered UserName is :Check
2026-02-04 18:25:55 INFO  [main] LoginPage - Password Entered
2026-02-04 18:25:55 INFO  [main] HelperClass - Login Submit Button Clicked
2026-02-04 18:25:56 INFO  [main] LoginPage - This is failed test text
2026-02-04 18:25:56 INFO  [main] LoginPage - Invalid user name or password.
2026-02-04 18:25:56 INFO  [main] Listeners - Test Case Success
]]></system-out>
  </testcase>
  <testcase name="verifyblockUser[Check, User1234, Invalid user name or password.](2)" classname="tests.LoginTest" time="1.272">
    <system-out><![CDATA[2026-02-04 18:25:56 INFO  [main] Listeners - Test Case Started
2026-02-04 18:25:56 INFO  [main] LoginTest - BlockLoginCredentials
2026-02-04 18:25:56 INFO  [main] LoginTest - Attempting login for user: Check
2026-02-04 18:25:56 INFO  [main] LoginPage - Login Method Called
2026-02-04 18:25:56 INFO  [main] LoginPage - Entered UserName is :Check
2026-02-04 18:25:56 INFO  [main] LoginPage - Password Entered
2026-02-04 18:25:56 INFO  [main] HelperClass - Login Submit Button Clicked
2026-02-04 18:25:57 INFO  [main] LoginPage - This is failed test text
2026-02-04 18:25:57 INFO  [main] LoginPage - Invalid user name or password.
2026-02-04 18:25:57 INFO  [main] Listeners - Test Case Success
]]></system-out>
  </testcase>
  <testcase name="verifyblockUser[Check, User@123, ](3)" classname="tests.LoginTest" time="1.457">
    <system-out><![CDATA[2026-02-04 18:25:57 INFO  [main] Listeners - Test Case Started
2026-02-04 18:25:57 INFO  [main] LoginTest - BlockLoginCredentials
2026-02-04 18:25:58 INFO  [main] LoginTest - Attempting login for user: Check
2026-02-04 18:25:58 INFO  [main] LoginPage - Login Method Called
2026-02-04 18:25:58 INFO  [main] LoginPage - Entered UserName is :Check
2026-02-04 18:25:58 INFO  [main] LoginPage - Password Entered
2026-02-04 18:25:58 INFO  [main] HelperClass - Login Submit Button Clicked
2026-02-04 18:25:58 INFO  [main] HelperClass - Home Title is visible
2026-02-04 18:25:58 INFO  [main] LoginTest - Login Success for User: Check
2026-02-04 18:25:58 INFO  [main] LoginTest - Logout for the User
2026-02-04 18:25:58 INFO  [main] LoginPage - This is logout method
2026-02-04 18:25:58 INFO  [main] LoginPage - Is ProfileDropdown displayed? true
2026-02-04 18:25:58 INFO  [main] LoginPage - Is ProfileDropdown enabled? true
2026-02-04 18:25:58 INFO  [main] LoginPage - Main User
2026-02-04 18:25:59 INFO  [main] HelperClass - Sign out Button Clicked
2026-02-04 18:25:59 INFO  [main] HelperClass - Confirm Yes Button Clicked
2026-02-04 18:25:59 INFO  [main] LoginPage - Logout Success
2026-02-04 18:25:59 INFO  [main] Listeners - Test Case Success
]]></system-out>
  </testcase>
  <testcase name="verifyblockUser[Check, User123, Invalid user name or password.](4)" classname="tests.LoginTest" time="1.317">
    <system-out><![CDATA[2026-02-04 18:25:59 INFO  [main] Listeners - Test Case Started
2026-02-04 18:25:59 INFO  [main] LoginTest - BlockLoginCredentials
2026-02-04 18:25:59 INFO  [main] LoginTest - Attempting login for user: Check
2026-02-04 18:25:59 INFO  [main] LoginPage - Login Method Called
2026-02-04 18:25:59 INFO  [main] LoginPage - Entered UserName is :Check
2026-02-04 18:25:59 INFO  [main] LoginPage - Password Entered
2026-02-04 18:25:59 INFO  [main] HelperClass - Login Submit Button Clicked
2026-02-04 18:26:00 INFO  [main] LoginPage - This is failed test text
2026-02-04 18:26:00 INFO  [main] LoginPage - Invalid user name or password.
2026-02-04 18:26:00 INFO  [main] Listeners - Test Case Success
]]></system-out>
  </testcase>
  <testcase name="verifyblockUser[Check, User1234, Invalid user name or password.](5)" classname="tests.LoginTest" time="1.279">
    <system-out><![CDATA[2026-02-04 18:26:00 INFO  [main] Listeners - Test Case Started
2026-02-04 18:26:00 INFO  [main] LoginTest - BlockLoginCredentials
2026-02-04 18:26:00 INFO  [main] LoginTest - Attempting login for user: Check
2026-02-04 18:26:00 INFO  [main] LoginPage - Login Method Called
2026-02-04 18:26:00 INFO  [main] LoginPage - Entered UserName is :Check
2026-02-04 18:26:00 INFO  [main] LoginPage - Password Entered
2026-02-04 18:26:00 INFO  [main] HelperClass - Login Submit Button Clicked
2026-02-04 18:26:01 INFO  [main] LoginPage - This is failed test text
2026-02-04 18:26:01 INFO  [main] LoginPage - Invalid user name or password.
2026-02-04 18:26:02 INFO  [main] Listeners - Test Case Success
]]></system-out>
  </testcase>
  <testcase name="verifyblockUser[Check, User12345, Your account has been disabled due to maximum failed login attempts. Please contact System Administrator.](6)" classname="tests.LoginTest" time="1.397">
    <system-out><![CDATA[2026-02-04 18:26:02 INFO  [main] Listeners - Test Case Started
2026-02-04 18:26:02 INFO  [main] LoginTest - BlockLoginCredentials
2026-02-04 18:26:02 INFO  [main] LoginTest - Attempting login for user: Check
2026-02-04 18:26:02 INFO  [main] LoginPage - Login Method Called
2026-02-04 18:26:02 INFO  [main] LoginPage - Entered UserName is :Check
2026-02-04 18:26:02 INFO  [main] LoginPage - Password Entered
2026-02-04 18:26:02 INFO  [main] HelperClass - Login Submit Button Clicked
2026-02-04 18:26:03 INFO  [main] LoginPage - This is failed test text
2026-02-04 18:26:03 INFO  [main] LoginPage - Your account has been disabled due to maximum failed login attempts. Please contact System Administrator.
2026-02-04 18:26:03 INFO  [main] Listeners - Test Case Success
]]></system-out>
  </testcase>
  <testcase name="mainUserLogin[Approver, User@123](1)" classname="tests.LoginTest" time="1.124">
    <system-out><![CDATA[2026-02-04 18:26:03 INFO  [main] Listeners - Test Case Started
2026-02-04 18:26:03 INFO  [main] LoginTest - Main Users Login
2026-02-04 18:26:03 INFO  [main] Login - Login User method Started
2026-02-04 18:26:03 INFO  [main] Login - Login Page Method call
2026-02-04 18:26:03 INFO  [main] LoginPage - Login Method Called
2026-02-04 18:26:03 INFO  [main] LoginPage - Entered UserName is :Approver
2026-02-04 18:26:03 INFO  [main] LoginPage - Password Entered
2026-02-04 18:26:04 INFO  [main] HelperClass - Login Submit Button Clicked
2026-02-04 18:26:04 INFO  [main] LoginPage - Submit Button Clicked
2026-02-04 18:26:04 INFO  [main] HelperClass - Home Title is visible
2026-02-04 18:26:04 INFO  [main] Login - Login Test Completed Successfully
2026-02-04 18:26:04 INFO  [main] LoginTest - User Logged In
2026-02-04 18:26:04 INFO  [main] Listeners - Test Case Success
]]></system-out>
  </testcase>
  <testcase name="verifyAddGroup" classname="tests.AccessPermissions" time="1.55">
    <system-out><![CDATA[2026-02-04 18:26:04 INFO  [main] AccessPermissions - Access Permissions link Click
2026-02-04 18:26:04 INFO  [main] Listeners - Test Case Started
2026-02-04 18:26:04 INFO  [main] AccessPermissions - This is Add Group Method
2026-02-04 18:26:04 INFO  [main] HelperClass - Access Permissions Module Clicked
2026-02-04 18:26:05 INFO  [main] HelperClass - Sub Module Group is clicked Clicked
2026-02-04 18:26:05 INFO  [main] HelperClass - New Group Button is clicked Clicked
2026-02-04 18:26:06 INFO  [main] HelperClass - All Modules is clicked Clicked
2026-02-04 18:26:06 INFO  [main] AccessPermissionsPage - Group Created Successfully
2026-02-04 18:26:06 INFO  [main] Listeners - Test Case Success
]]></system-out>
  </testcase>
  <testcase name="verifyViewGroup" classname="tests.AccessPermissions" time="0.965">
    <system-out><![CDATA[2026-02-04 18:26:06 INFO  [main] Listeners - Test Case Started
2026-02-04 18:26:06 INFO  [main] AccessPermissions - This is View Group Method
2026-02-04 18:26:06 INFO  [main] AccessPermissionsPage - View Group method entered
2026-02-04 18:26:06 INFO  [main] HelperClass - View Group Clicked
2026-02-04 18:26:07 INFO  [main] HelperClass - Close Group Clicked
2026-02-04 18:26:07 INFO  [main] AccessPermissionsPage - View Group Successfull
2026-02-04 18:26:07 INFO  [main] Listeners - Test Case Success
]]></system-out>
  </testcase>
  <testcase name="verifyEditGroup" classname="tests.AccessPermissions" time="0.582">
    <system-out><![CDATA[2026-02-04 18:26:07 INFO  [main] Listeners - Test Case Started
2026-02-04 18:26:07 INFO  [main] AccessPermissions - This is Edit Group Method
2026-02-04 18:26:07 INFO  [main] AccessPermissionsPage - Edit Group method entered
2026-02-04 18:26:07 INFO  [main] HelperClass - Edit Group Clicked
2026-02-04 18:26:07 INFO  [main] HelperClass - Save Group Clicked
2026-02-04 18:26:07 INFO  [main] AccessPermissionsPage - Edit Group Successfull
2026-02-04 18:26:07 INFO  [main] Listeners - Test Case Success
]]></system-out>
  </testcase>
  <testcase name="verifyDeleteGroup" classname="tests.AccessPermissions" time="0.983">
    <system-out><![CDATA[2026-02-04 18:26:07 INFO  [main] Listeners - Test Case Started
2026-02-04 18:26:07 INFO  [main] AccessPermissions - This is Delete Group Method
2026-02-04 18:26:07 INFO  [main] AccessPermissionsPage - Delete Group method entered
2026-02-04 18:26:08 INFO  [main] HelperClass - Delete Group Clicked
2026-02-04 18:26:08 INFO  [main] HelperClass - Delete Yes Clicked
2026-02-04 18:26:08 INFO  [main] AccessPermissionsPage - Delete Group Successfull
2026-02-04 18:26:08 INFO  [main] Listeners - Test Case Success
]]></system-out>
  </testcase>
  <testcase name="verifyAddRole" classname="tests.AccessPermissions" time="2.372">
    <system-out><![CDATA[2026-02-04 18:26:08 INFO  [main] Listeners - Test Case Started
2026-02-04 18:26:08 INFO  [main] AccessPermissions - This is Add Role Method
2026-02-04 18:26:08 INFO  [main] HelperClass - Roles Module Clicked
2026-02-04 18:26:09 INFO  [main] HelperClass - Add New Role Clicked
2026-02-04 18:26:09 INFO  [main] HelperClass - Group Down Selected  Clicked
2026-02-04 18:26:10 INFO  [main] HelperClass - Select Group Name Clicked
2026-02-04 18:26:10 INFO  [main] HelperClass - Select Permissions Access Permissions Clicked
2026-02-04 18:26:10 INFO  [main] HelperClass - Group Add Permissions in Access Permissions for Role Clicked
2026-02-04 18:26:10 INFO  [main] HelperClass - Select Permissions Access Permissions Clicked
2026-02-04 18:26:10 INFO  [main] HelperClass - Role Saved JS Clicked
2026-02-04 18:26:10 INFO  [main] AccessPermissionsPage - Roles Created Successfully
2026-02-04 18:26:11 INFO  [main] Listeners - Test Case Success
]]></system-out>
  </testcase>
  <testcase name="verifyViewRole" classname="tests.AccessPermissions" time="0.996">
    <system-out><![CDATA[2026-02-04 18:26:11 INFO  [main] Listeners - Test Case Started
2026-02-04 18:26:11 INFO  [main] AccessPermissions - This is View Role Method
2026-02-04 18:26:11 INFO  [main] AccessPermissionsPage - View Role method entered
2026-02-04 18:26:11 INFO  [main] HelperClass - View Role Clicked
2026-02-04 18:26:11 INFO  [main] HelperClass - Close Role Clicked
2026-02-04 18:26:11 INFO  [main] AccessPermissionsPage - View Role Successfull
2026-02-04 18:26:12 INFO  [main] Listeners - Test Case Success
]]></system-out>
  </testcase>
  <testcase name="verifyEditRole" classname="tests.AccessPermissions" time="1.433">
    <system-out><![CDATA[2026-02-04 18:26:12 INFO  [main] Listeners - Test Case Started
2026-02-04 18:26:12 INFO  [main] AccessPermissions - This is Edit Role Method
2026-02-04 18:26:12 INFO  [main] AccessPermissionsPage - Edit Role method entered
2026-02-04 18:26:12 INFO  [main] HelperClass - Edit Role Clicked
2026-02-04 18:26:13 INFO  [main] HelperClass - Save Role Clicked
2026-02-04 18:26:13 INFO  [main] AccessPermissionsPage - Edit Role Successfull
2026-02-04 18:26:13 INFO  [main] Listeners - Test Case Success
]]></system-out>
  </testcase>
  <testcase name="verifyDeleteRole" classname="tests.AccessPermissions" time="0.628">
    <system-out><![CDATA[2026-02-04 18:26:13 INFO  [main] Listeners - Test Case Started
2026-02-04 18:26:13 INFO  [main] AccessPermissions - This is Delete Role Method
2026-02-04 18:26:13 INFO  [main] AccessPermissionsPage - Delete Role method entered
2026-02-04 18:26:13 INFO  [main] HelperClass - Delete Role Icon  Clicked
2026-02-04 18:26:13 INFO  [main] HelperClass - Delete Yes Clicked
2026-02-04 18:26:13 INFO  [main] AccessPermissionsPage - Delete Role Successfull
2026-02-04 18:26:14 INFO  [main] Listeners - Test Case Success
]]></system-out>
  </testcase>
  <testcase name="verifyAddUser" classname="tests.AccessPermissions" time="1.576">
    <system-out><![CDATA[2026-02-04 18:26:14 INFO  [main] Listeners - Test Case Started
2026-02-04 18:26:14 INFO  [main] AccessPermissions - This is an Add User Method
2026-02-04 18:26:15 INFO  [main] HelperClass - Select Role User  Radio Button  Clicked
2026-02-04 18:26:15 INFO  [main] HelperClass - Selected Role User  Radio Button  Clicked
2026-02-04 18:26:15 INFO  [main] HelperClass - Active User Radio Button JS Clicked
2026-02-04 18:26:15 INFO  [main] HelperClass - Submit Button Clicked
2026-02-04 18:26:15 INFO  [main] AccessPermissionsPage - User Created Successfully
2026-02-04 18:26:15 INFO  [main] Listeners - Test Case Success
]]></system-out>
  </testcase>
  <testcase name="verifyViewUser" classname="tests.AccessPermissions" time="0.534">
    <system-out><![CDATA[2026-02-04 18:26:15 INFO  [main] Listeners - Test Case Started
2026-02-04 18:26:15 INFO  [main] AccessPermissions - This is User View  Method
2026-02-04 18:26:15 INFO  [main] AccessPermissionsPage - View User method entered
2026-02-04 18:26:16 INFO  [main] HelperClass - View User Clicked
2026-02-04 18:26:16 INFO  [main] HelperClass - Close User Clicked
2026-02-04 18:26:16 INFO  [main] AccessPermissionsPage - View User Successfull
2026-02-04 18:26:16 INFO  [main] Listeners - Test Case Success
]]></system-out>
  </testcase>
  <testcase name="verifyEditUser" classname="tests.AccessPermissions" time="0.733">
    <system-out><![CDATA[2026-02-04 18:26:16 INFO  [main] Listeners - Test Case Started
2026-02-04 18:26:16 INFO  [main] AccessPermissions - This is User edit  Method
2026-02-04 18:26:16 INFO  [main] AccessPermissionsPage - Edit User method entered
2026-02-04 18:26:16 INFO  [main] HelperClass - Edit User Clicked
2026-02-04 18:26:16 INFO  [main] HelperClass - Save User Clicked
2026-02-04 18:26:16 INFO  [main] AccessPermissionsPage - Edit User Successfull
2026-02-04 18:26:16 INFO  [main] Listeners - Test Case Success
]]></system-out>
  </testcase>
  <testcase name="verifyDeleteUser" classname="tests.AccessPermissions" time="1.052">
    <system-out><![CDATA[2026-02-04 18:26:17 INFO  [main] Listeners - Test Case Started
2026-02-04 18:26:17 INFO  [main] AccessPermissions - This is User Delete  Method
2026-02-04 18:26:17 INFO  [main] AccessPermissionsPage - Delete User method entered
2026-02-04 18:26:17 INFO  [main] HelperClass - Delete User Clicked
2026-02-04 18:26:17 INFO  [main] HelperClass - Delete Yes Clicked
2026-02-04 18:26:17 INFO  [main] AccessPermissionsPage - Delete User Successfull
2026-02-04 18:26:17 INFO  [main] Listeners - Test Case Success
]]></system-out>
  </testcase>
  <testcase name="verifyAddDocSeg" classname="tests.DocSegments" time="4.537">
    <system-out><![CDATA[2026-02-04 18:26:18 INFO  [main] DocSegments - Documents Segments link Click
2026-02-04 18:26:18 INFO  [main] Listeners - Test Case Started
2026-02-04 18:26:18 INFO  [main] DocSegments - The Document segment add started 
2026-02-04 18:26:18 INFO  [main] DocSegmentsPage - Add New Document Segement
2026-02-04 18:26:18 INFO  [main] HelperClass - Documents Segment Module Clicked
2026-02-04 18:26:18 INFO  [main] HelperClass - Add New Segement Clicked
2026-02-04 18:26:19 INFO  [main] HelperClass - Custom Query Drop Down Clicked
2026-02-04 18:26:19 INFO  [main] HelperClass - Custom Query Select Clicked
2026-02-04 18:26:19 INFO  [main] HelperClass - Vault Drop Down Clicked
2026-02-04 18:26:19 INFO  [main] HelperClass - Vault Server Clicked
2026-02-04 18:26:19 INFO  [main] HelperClass - Groups Checkbox JS Clicked
2026-02-04 18:26:20 INFO  [main] HelperClass - Configue Link Tab Clicked
2026-02-04 18:26:20 INFO  [main] HelperClass - Archive Id Clicked
2026-02-04 18:26:20 INFO  [main] HelperClass - Account Number Clicked
2026-02-04 18:26:20 INFO  [main] HelperClass - Save Button Clicked
2026-02-04 18:26:20 INFO  [main] DocSegmentsPage - New Document Segement Added Sucessfully
2026-02-04 18:26:22 INFO  [main] Listeners - Test Case Success
]]></system-out>
  </testcase>
  <testcase name="verifyViewDogSeg" classname="tests.DocSegments" time="0.901">
    <system-out><![CDATA[2026-02-04 18:26:22 INFO  [main] Listeners - Test Case Started
2026-02-04 18:26:22 INFO  [main] DocSegments - View Segement Method Called
2026-02-04 18:26:22 INFO  [main] DocSegmentsPage - View Doc Segment
2026-02-04 18:26:22 INFO  [main] HelperClass - View Icon Clicked
2026-02-04 18:26:23 INFO  [main] HelperClass - Close View Icon Clicked
2026-02-04 18:26:23 INFO  [main] Listeners - Test Case Success
]]></system-out>
  </testcase>
  <testcase name="verifyEditDogSeg" classname="tests.DocSegments" time="0.946">
    <system-out><![CDATA[2026-02-04 18:26:23 INFO  [main] Listeners - Test Case Started
2026-02-04 18:26:23 INFO  [main] DocSegments - Edit Segement Method Called
2026-02-04 18:26:23 INFO  [main] DocSegmentsPage - Edit Doc Segment
2026-02-04 18:26:23 INFO  [main] HelperClass - Edit Icon Clicked
2026-02-04 18:26:24 INFO  [main] HelperClass - Save Icon Clicked
2026-02-04 18:26:24 INFO  [main] Listeners - Test Case Success
]]></system-out>
  </testcase>
  <testcase name="verifyDeleteDogSeg" classname="tests.DocSegments" time="0.959">
    <system-out><![CDATA[2026-02-04 18:26:24 INFO  [main] Listeners - Test Case Started
2026-02-04 18:26:24 INFO  [main] DocSegments - Delete Segement Method Called
2026-02-04 18:26:24 INFO  [main] DocSegmentsPage - Delete Doc Segment
2026-02-04 18:26:25 INFO  [main] HelperClass - Delete Icon Clicked
2026-02-04 18:26:25 INFO  [main] HelperClass - Delete Icon Clicked
2026-02-04 18:26:25 INFO  [main] Listeners - Test Case Success
]]></system-out>
  </testcase>
  <testcase name="logoutUser" classname="tests.Logout" time="0.544">
    <system-out><![CDATA[2026-02-04 18:26:25 INFO  [main] Listeners - Test Case Started
2026-02-04 18:26:25 INFO  [main] Login - Logout for the User
2026-02-04 18:26:25 INFO  [main] LoginPage - This is logout method
2026-02-04 18:26:25 INFO  [main] LoginPage - Is ProfileDropdown displayed? true
2026-02-04 18:26:25 INFO  [main] LoginPage - Is ProfileDropdown enabled? true
2026-02-04 18:26:25 INFO  [main] LoginPage - Approver ApproverMain User
2026-02-04 18:26:25 INFO  [main] HelperClass - Sign out Button Clicked
2026-02-04 18:26:25 INFO  [main] HelperClass - Confirm Yes Button Clicked
2026-02-04 18:26:25 INFO  [main] LoginPage - Logout Success
2026-02-04 18:26:25 INFO  [main] Listeners - Test Case Success
]]></system-out>
  </testcase>
</testsuite>