<?xml version="1.0" encoding="UTF-8"?>
<testsuite xmlns:xsi="http://www.w3.org/2001/XMLSchema-instance" xsi:noNamespaceSchemaLocation="https://maven.apache.org/surefire/maven-surefire-plugin/xsd/surefire-test-report.xsd" version="3.0.2" name="TestSuite" time="47.78" tests="30" errors="0" skipped="0" failures="0">
  <properties>
[...]
</properties>
  <testcase name="verifyLoginData[Approver, User@123](1)" classname="tests.Login" time="1.55">
    <system-out><![CDATA[2025-12-11 17:35:34 INFO  [main] BaseClass - Application Started
2025-12-11 17:35:34 INFO  [main] BaseClass - ===================
2025-12-11 17:35:38 INFO  [main] BaseClass - FireFoxDriver Object is Created  FirefoxDriver: firefox on windows (cc9c2f7f-8385-4378-9a80-565cc2a7707a)
2025-12-11 17:35:38 INFO  [main] BaseClass - Browser Got Opened
2025-12-11 17:35:38 INFO  [main] BaseClass - url Called  http://192.168.2.27:9092/
2025-12-11 17:35:38 INFO  [main] BaseClass - Tear Up is Done
2025-12-11 17:35:39 INFO  [main] Listeners - Test Case Started
2025-12-11 17:35:39 INFO  [main] Login - Login User method Started
2025-12-11 17:35:39 INFO  [main] Login - Login Page Method call
2025-12-11 17:35:39 INFO  [main] LoginPage - Login Method Called
2025-12-11 17:35:39 INFO  [main] LoginPage - Entered UserName is :Approver
2025-12-11 17:35:39 INFO  [main] LoginPage - Password Entered
2025-12-11 17:35:41 INFO  [main] HelperClass - Login Submit Button Clicked
2025-12-11 17:35:41 INFO  [main] LoginPage - Submit Button Clicked
2025-12-11 17:35:41 INFO  [main] HelperClass - Home Title is visible
2025-12-11 17:35:41 INFO  [main] Login - Login Test Completed Successfully
2025-12-11 17:35:41 INFO  [main] Listeners - Test Case Success
]]></system-out>
    <system-err><![CDATA[SLF4J(W): No SLF4J providers were found.
SLF4J(W): Defaulting to no-operation (NOP) logger implementation
SLF4J(W): See https://www.slf4j.org/codes.html#noProviders for further details.
]]></system-err>
  </testcase>
  <testcase name="logoutMainUser" classname="tests.LoginTest" time="0.623">
    <system-out><![CDATA[2025-12-11 17:35:41 INFO  [main] Listeners - Test Case Started
2025-12-11 17:35:41 INFO  [main] LoginTest - Logout for the User
2025-12-11 17:35:41 INFO  [main] LoginPage - This is logout method
2025-12-11 17:35:41 INFO  [main] LoginPage - Is ProfileDropdown displayed? true
2025-12-11 17:35:41 INFO  [main] LoginPage - Is ProfileDropdown enabled? true
2025-12-11 17:35:41 INFO  [main] LoginPage - Approver ApproverMain User
2025-12-11 17:35:41 INFO  [main] HelperClass - Sign out Button Clicked
2025-12-11 17:35:41 INFO  [main] HelperClass - Confirm Yes Button Clicked
2025-12-11 17:35:41 INFO  [main] LoginPage - Logout Success
2025-12-11 17:35:41 INFO  [main] Listeners - Test Case Success
]]></system-out>
  </testcase>
  <testcase name="verifyLoginTest[Approver1, User@1234, Invalid user name or password or Deactivated.](1)" classname="tests.LoginTest" time="1.351">
    <system-out><![CDATA[2025-12-11 17:35:42 INFO  [main] Listeners - Test Case Started
2025-12-11 17:35:42 INFO  [main] LoginTest - Login Test Started
2025-12-11 17:35:42 INFO  [main] LoginTest - Attempting login for user: Approver1
2025-12-11 17:35:42 INFO  [main] LoginPage - Login Method Called
2025-12-11 17:35:42 INFO  [main] LoginPage - Entered UserName is :Approver1
2025-12-11 17:35:42 INFO  [main] LoginPage - Password Entered
2025-12-11 17:35:42 INFO  [main] HelperClass - Login Submit Button Clicked
2025-12-11 17:35:43 INFO  [main] LoginPage - This is failed test text
2025-12-11 17:35:43 INFO  [main] LoginPage - Invalid user name or password or Deactivated.
2025-12-11 17:35:43 INFO  [main] Listeners - Test Case Success
]]></system-out>
  </testcase>
  <testcase name="verifyLoginTest[Approver, User@1234, Invalid user name or password.](2)" classname="tests.LoginTest" time="1.356">
    <system-out><![CDATA[2025-12-11 17:35:43 INFO  [main] Listeners - Test Case Started
2025-12-11 17:35:43 INFO  [main] LoginTest - Login Test Started
2025-12-11 17:35:43 INFO  [main] LoginTest - Attempting login for user: Approver
2025-12-11 17:35:43 INFO  [main] LoginPage - Login Method Called
2025-12-11 17:35:43 INFO  [main] LoginPage - Entered UserName is :Approver
2025-12-11 17:35:43 INFO  [main] LoginPage - Password Entered
2025-12-11 17:35:43 INFO  [main] HelperClass - Login Submit Button Clicked
2025-12-11 17:35:44 INFO  [main] LoginPage - This is failed test text
2025-12-11 17:35:44 INFO  [main] LoginPage - Invalid user name or password.
2025-12-11 17:35:44 INFO  [main] Listeners - Test Case Success
]]></system-out>
  </testcase>
  <testcase name="verifyLoginTest[Approver1, User@123, Invalid user name or password or Deactivated.](3)" classname="tests.LoginTest" time="1.37">
    <system-out><![CDATA[2025-12-11 17:35:44 INFO  [main] Listeners - Test Case Started
2025-12-11 17:35:44 INFO  [main] LoginTest - Login Test Started
2025-12-11 17:35:44 INFO  [main] LoginTest - Attempting login for user: Approver1
2025-12-11 17:35:44 INFO  [main] LoginPage - Login Method Called
2025-12-11 17:35:44 INFO  [main] LoginPage - Entered UserName is :Approver1
2025-12-11 17:35:44 INFO  [main] LoginPage - Password Entered
2025-12-11 17:35:44 INFO  [main] HelperClass - Login Submit Button Clicked
2025-12-11 17:35:46 INFO  [main] LoginPage - This is failed test text
2025-12-11 17:35:46 INFO  [main] LoginPage - Invalid user name or password or Deactivated.
2025-12-11 17:35:46 INFO  [main] Listeners - Test Case Success
]]></system-out>
  </testcase>
  <testcase name="verifyLoginTest[Approver, User@123, ](4)" classname="tests.LoginTest" time="1.403">
    <system-out><![CDATA[2025-12-11 17:35:46 INFO  [main] Listeners - Test Case Started
2025-12-11 17:35:46 INFO  [main] LoginTest - Login Test Started
2025-12-11 17:35:46 INFO  [main] LoginTest - Attempting login for user: Approver
2025-12-11 17:35:46 INFO  [main] LoginPage - Login Method Called
2025-12-11 17:35:46 INFO  [main] LoginPage - Entered UserName is :Approver
2025-12-11 17:35:46 INFO  [main] LoginPage - Password Entered
2025-12-11 17:35:46 INFO  [main] HelperClass - Login Submit Button Clicked
2025-12-11 17:35:46 INFO  [main] HelperClass - Home Title is visible
2025-12-11 17:35:46 INFO  [main] LoginTest - Login Success for User: Approver
2025-12-11 17:35:46 INFO  [main] LoginTest - Logout for the User
2025-12-11 17:35:46 INFO  [main] LoginPage - This is logout method
2025-12-11 17:35:46 INFO  [main] LoginPage - Is ProfileDropdown displayed? true
2025-12-11 17:35:46 INFO  [main] LoginPage - Is ProfileDropdown enabled? true
2025-12-11 17:35:46 INFO  [main] LoginPage - Main User
2025-12-11 17:35:47 INFO  [main] HelperClass - Sign out Button Clicked
2025-12-11 17:35:47 INFO  [main] HelperClass - Confirm Yes Button Clicked
2025-12-11 17:35:47 INFO  [main] LoginPage - Logout Success
2025-12-11 17:35:47 INFO  [main] Listeners - Test Case Success
]]></system-out>
  </testcase>
  <testcase name="verifyblockUser[Check, User123, Invalid user name or password.](1)" classname="tests.LoginTest" time="1.313">
    <system-out><![CDATA[2025-12-11 17:35:47 INFO  [main] Listeners - Test Case Started
2025-12-11 17:35:47 INFO  [main] LoginTest - BlockLoginCredentials
2025-12-11 17:35:47 INFO  [main] LoginTest - Attempting login for user: Check
2025-12-11 17:35:47 INFO  [main] LoginPage - Login Method Called
2025-12-11 17:35:47 INFO  [main] LoginPage - Entered UserName is :Check
2025-12-11 17:35:47 INFO  [main] LoginPage - Password Entered
2025-12-11 17:35:47 INFO  [main] HelperClass - Login Submit Button Clicked
2025-12-11 17:35:48 INFO  [main] LoginPage - This is failed test text
2025-12-11 17:35:48 INFO  [main] LoginPage - Invalid user name or password.
2025-12-11 17:35:48 INFO  [main] Listeners - Test Case Success
]]></system-out>
  </testcase>
  <testcase name="verifyblockUser[Check, User1234, Invalid user name or password.](2)" classname="tests.LoginTest" time="1.32">
    <system-out><![CDATA[2025-12-11 17:35:48 INFO  [main] Listeners - Test Case Started
2025-12-11 17:35:48 INFO  [main] LoginTest - BlockLoginCredentials
2025-12-11 17:35:48 INFO  [main] LoginTest - Attempting login for user: Check
2025-12-11 17:35:48 INFO  [main] LoginPage - Login Method Called
2025-12-11 17:35:48 INFO  [main] LoginPage - Entered UserName is :Check
2025-12-11 17:35:48 INFO  [main] LoginPage - Password Entered
2025-12-11 17:35:49 INFO  [main] HelperClass - Login Submit Button Clicked
2025-12-11 17:35:50 INFO  [main] LoginPage - This is failed test text
2025-12-11 17:35:50 INFO  [main] LoginPage - Invalid user name or password.
2025-12-11 17:35:50 INFO  [main] Listeners - Test Case Success
]]></system-out>
  </testcase>
  <testcase name="verifyblockUser[Check, User@123, ](3)" classname="tests.LoginTest" time="1.391">
    <system-out><![CDATA[2025-12-11 17:35:50 INFO  [main] Listeners - Test Case Started
2025-12-11 17:35:50 INFO  [main] LoginTest - BlockLoginCredentials
2025-12-11 17:35:50 INFO  [main] LoginTest - Attempting login for user: Check
2025-12-11 17:35:50 INFO  [main] LoginPage - Login Method Called
2025-12-11 17:35:50 INFO  [main] LoginPage - Entered UserName is :Check
2025-12-11 17:35:50 INFO  [main] LoginPage - Password Entered
2025-12-11 17:35:50 INFO  [main] HelperClass - Login Submit Button Clicked
2025-12-11 17:35:51 INFO  [main] HelperClass - Home Title is visible
2025-12-11 17:35:51 INFO  [main] LoginTest - Login Success for User: Check
2025-12-11 17:35:51 INFO  [main] LoginTest - Logout for the User
2025-12-11 17:35:51 INFO  [main] LoginPage - This is logout method
2025-12-11 17:35:51 INFO  [main] LoginPage - Is ProfileDropdown displayed? true
2025-12-11 17:35:51 INFO  [main] LoginPage - Is ProfileDropdown enabled? true
2025-12-11 17:35:51 INFO  [main] LoginPage - Main User
2025-12-11 17:35:51 INFO  [main] HelperClass - Sign out Button Clicked
2025-12-11 17:35:51 INFO  [main] HelperClass - Confirm Yes Button Clicked
2025-12-11 17:35:51 INFO  [main] LoginPage - Logout Success
2025-12-11 17:35:51 INFO  [main] Listeners - Test Case Success
]]></system-out>
  </testcase>
  <testcase name="verifyblockUser[Check, User123, Invalid user name or password.](4)" classname="tests.LoginTest" time="1.438">
    <system-out><![CDATA[2025-12-11 17:35:51 INFO  [main] Listeners - Test Case Started
2025-12-11 17:35:51 INFO  [main] LoginTest - BlockLoginCredentials
2025-12-11 17:35:51 INFO  [main] LoginTest - Attempting login for user: Check
2025-12-11 17:35:51 INFO  [main] LoginPage - Login Method Called
2025-12-11 17:35:51 INFO  [main] LoginPage - Entered UserName is :Check
2025-12-11 17:35:51 INFO  [main] LoginPage - Password Entered
2025-12-11 17:35:51 INFO  [main] HelperClass - Login Submit Button Clicked
2025-12-11 17:35:52 INFO  [main] LoginPage - This is failed test text
2025-12-11 17:35:53 INFO  [main] LoginPage - Invalid user name or password.
2025-12-11 17:35:53 INFO  [main] Listeners - Test Case Success
]]></system-out>
  </testcase>
  <testcase name="verifyblockUser[Check, User1234, Invalid user name or password.](5)" classname="tests.LoginTest" time="1.327">
    <system-out><![CDATA[2025-12-11 17:35:53 INFO  [main] Listeners - Test Case Started
2025-12-11 17:35:53 INFO  [main] LoginTest - BlockLoginCredentials
2025-12-11 17:35:53 INFO  [main] LoginTest - Attempting login for user: Check
2025-12-11 17:35:53 INFO  [main] LoginPage - Login Method Called
2025-12-11 17:35:53 INFO  [main] LoginPage - Entered UserName is :Check
2025-12-11 17:35:53 INFO  [main] LoginPage - Password Entered
2025-12-11 17:35:53 INFO  [main] HelperClass - Login Submit Button Clicked
2025-12-11 17:35:54 INFO  [main] LoginPage - This is failed test text
2025-12-11 17:35:54 INFO  [main] LoginPage - Invalid user name or password.
2025-12-11 17:35:54 INFO  [main] Listeners - Test Case Success
]]></system-out>
  </testcase>
  <testcase name="verifyblockUser[Check, User12345, Your account has been disabled due to maximum failed login attempts. Please contact System Administrator.](6)" classname="tests.LoginTest" time="1.354">
    <system-out><![CDATA[2025-12-11 17:35:54 INFO  [main] Listeners - Test Case Started
2025-12-11 17:35:54 INFO  [main] LoginTest - BlockLoginCredentials
2025-12-11 17:35:54 INFO  [main] LoginTest - Attempting login for user: Check
2025-12-11 17:35:54 INFO  [main] LoginPage - Login Method Called
2025-12-11 17:35:54 INFO  [main] LoginPage - Entered UserName is :Check
2025-12-11 17:35:54 INFO  [main] LoginPage - Password Entered
2025-12-11 17:35:54 INFO  [main] HelperClass - Login Submit Button Clicked
2025-12-11 17:35:55 INFO  [main] LoginPage - This is failed test text
2025-12-11 17:35:55 INFO  [main] LoginPage - Your account has been disabled due to maximum failed login attempts. Please contact System Administrator.
2025-12-11 17:35:55 INFO  [main] Listeners - Test Case Success
]]></system-out>
  </testcase>
  <testcase name="mainUserLogin[Approver, User@123](1)" classname="tests.LoginTest" time="1.092">
    <system-out><![CDATA[2025-12-11 17:35:55 INFO  [main] Listeners - Test Case Started
2025-12-11 17:35:55 INFO  [main] LoginTest - Main Users Login
2025-12-11 17:35:55 INFO  [main] Login - Login User method Started
2025-12-11 17:35:55 INFO  [main] Login - Login Page Method call
2025-12-11 17:35:55 INFO  [main] LoginPage - Login Method Called
2025-12-11 17:35:55 INFO  [main] LoginPage - Entered UserName is :Approver
2025-12-11 17:35:55 INFO  [main] LoginPage - Password Entered
2025-12-11 17:35:56 INFO  [main] HelperClass - Login Submit Button Clicked
2025-12-11 17:35:56 INFO  [main] LoginPage - Submit Button Clicked
2025-12-11 17:35:56 INFO  [main] HelperClass - Home Title is visible
2025-12-11 17:35:56 INFO  [main] Login - Login Test Completed Successfully
2025-12-11 17:35:56 INFO  [main] LoginTest - User Logged In
2025-12-11 17:35:56 INFO  [main] Listeners - Test Case Success
]]></system-out>
  </testcase>
  <testcase name="verifyAddGroup" classname="tests.AccessPermissions" time="1.709">
    <system-out><![CDATA[2025-12-11 17:35:56 INFO  [main] AccessPermissions - Access Permissions link Click
2025-12-11 17:35:56 INFO  [main] Listeners - Test Case Started
2025-12-11 17:35:56 INFO  [main] AccessPermissions - This is Add Group Method
2025-12-11 17:35:57 INFO  [main] HelperClass - Access Permissions Module Clicked
2025-12-11 17:35:57 INFO  [main] HelperClass - Sub Module Group is clicked Clicked
2025-12-11 17:35:58 INFO  [main] HelperClass - New Group Button is clicked Clicked
2025-12-11 17:35:58 INFO  [main] HelperClass - All Modules is clicked Clicked
2025-12-11 17:35:58 INFO  [main] AccessPermissionsPage - Group Created Successfully
2025-12-11 17:35:58 INFO  [main] Listeners - Test Case Success
]]></system-out>
  </testcase>
  <testcase name="verifyViewGroup" classname="tests.AccessPermissions" time="1.016">
    <system-out><![CDATA[2025-12-11 17:35:58 INFO  [main] Listeners - Test Case Started
2025-12-11 17:35:58 INFO  [main] AccessPermissions - This is View Group Method
2025-12-11 17:35:58 INFO  [main] AccessPermissionsPage - View Group method entered
2025-12-11 17:35:59 INFO  [main] HelperClass - View Group Clicked
2025-12-11 17:35:59 INFO  [main] HelperClass - Close Group Clicked
2025-12-11 17:35:59 INFO  [main] AccessPermissionsPage - View Group Successfull
2025-12-11 17:35:59 INFO  [main] Listeners - Test Case Success
]]></system-out>
  </testcase>
  <testcase name="verifyEditGroup" classname="tests.AccessPermissions" time="0.643">
    <system-out><![CDATA[2025-12-11 17:35:59 INFO  [main] Listeners - Test Case Started
2025-12-11 17:35:59 INFO  [main] AccessPermissions - This is Edit Group Method
2025-12-11 17:35:59 INFO  [main] AccessPermissionsPage - Edit Group method entered
2025-12-11 17:35:59 INFO  [main] HelperClass - Edit Group Clicked
2025-12-11 17:36:00 INFO  [main] HelperClass - Save Group Clicked
2025-12-11 17:36:00 INFO  [main] AccessPermissionsPage - Edit Group Successfull
2025-12-11 17:36:00 INFO  [main] Listeners - Test Case Success
]]></system-out>
  </testcase>
  <testcase name="verifyDeleteGroup" classname="tests.AccessPermissions" time="1.195">
    <system-out><![CDATA[2025-12-11 17:36:00 INFO  [main] Listeners - Test Case Started
2025-12-11 17:36:00 INFO  [main] AccessPermissions - This is Delete Group Method
2025-12-11 17:36:00 INFO  [main] AccessPermissionsPage - Delete Group method entered
2025-12-11 17:36:01 INFO  [main] HelperClass - Delete Group Clicked
2025-12-11 17:36:01 INFO  [main] HelperClass - Delete Yes Clicked
2025-12-11 17:36:01 INFO  [main] AccessPermissionsPage - Delete Group Successfull
2025-12-11 17:36:01 INFO  [main] Listeners - Test Case Success
]]></system-out>
  </testcase>
  <testcase name="verifyAddRole" classname="tests.AccessPermissions" time="2.738">
    <system-out><![CDATA[2025-12-11 17:36:01 INFO  [main] Listeners - Test Case Started
2025-12-11 17:36:01 INFO  [main] AccessPermissions - This is Add Role Method
2025-12-11 17:36:01 INFO  [main] HelperClass - Roles Module Clicked
2025-12-11 17:36:02 INFO  [main] HelperClass - Add New Role Clicked
2025-12-11 17:36:02 INFO  [main] HelperClass - Group Down Selected  Clicked
2025-12-11 17:36:03 INFO  [main] HelperClass - Select Group Name Clicked
2025-12-11 17:36:03 INFO  [main] HelperClass - Select Permissions Access Permissions Clicked
2025-12-11 17:36:03 INFO  [main] HelperClass - Group Add Permissions in Access Permissions for Role Clicked
2025-12-11 17:36:03 INFO  [main] HelperClass - Select Permissions Access Permissions Clicked
2025-12-11 17:36:04 INFO  [main] HelperClass - Role Saved JS Clicked
2025-12-11 17:36:04 INFO  [main] AccessPermissionsPage - Roles Created Successfully
2025-12-11 17:36:04 INFO  [main] Listeners - Test Case Success
]]></system-out>
  </testcase>
  <testcase name="verifyViewRole" classname="tests.AccessPermissions" time="1.183">
    <system-out><![CDATA[2025-12-11 17:36:04 INFO  [main] Listeners - Test Case Started
2025-12-11 17:36:04 INFO  [main] AccessPermissions - This is View Role Method
2025-12-11 17:36:04 INFO  [main] AccessPermissionsPage - View Role method entered
2025-12-11 17:36:04 INFO  [main] HelperClass - View Role Clicked
2025-12-11 17:36:05 INFO  [main] HelperClass - Close Role Clicked
2025-12-11 17:36:05 INFO  [main] AccessPermissionsPage - View Role Successfull
2025-12-11 17:36:05 INFO  [main] Listeners - Test Case Success
]]></system-out>
  </testcase>
  <testcase name="verifyEditRole" classname="tests.AccessPermissions" time="1.365">
    <system-out><![CDATA[2025-12-11 17:36:05 INFO  [main] Listeners - Test Case Started
2025-12-11 17:36:05 INFO  [main] AccessPermissions - This is Edit Role Method
2025-12-11 17:36:05 INFO  [main] AccessPermissionsPage - Edit Role method entered
2025-12-11 17:36:06 INFO  [main] HelperClass - Edit Role Clicked
2025-12-11 17:36:06 INFO  [main] HelperClass - Save Role Clicked
2025-12-11 17:36:06 INFO  [main] AccessPermissionsPage - Edit Role Successfull
2025-12-11 17:36:06 INFO  [main] Listeners - Test Case Success
]]></system-out>
  </testcase>
  <testcase name="verifyDeleteRole" classname="tests.AccessPermissions" time="0.968">
    <system-out><![CDATA[2025-12-11 17:36:06 INFO  [main] Listeners - Test Case Started
2025-12-11 17:36:06 INFO  [main] AccessPermissions - This is Delete Role Method
2025-12-11 17:36:06 INFO  [main] AccessPermissionsPage - Delete Role method entered
2025-12-11 17:36:07 INFO  [main] HelperClass - Delete Role Icon  Clicked
2025-12-11 17:36:07 INFO  [main] HelperClass - Delete Yes Clicked
2025-12-11 17:36:07 INFO  [main] AccessPermissionsPage - Delete Role Successfull
2025-12-11 17:36:07 INFO  [main] Listeners - Test Case Success
]]></system-out>
  </testcase>
  <testcase name="verifyAddUser" classname="tests.AccessPermissions" time="1.377">
    <system-out><![CDATA[2025-12-11 17:36:07 INFO  [main] Listeners - Test Case Started
2025-12-11 17:36:07 INFO  [main] AccessPermissions - This is an Add User Method
2025-12-11 17:36:08 INFO  [main] HelperClass - Select Role User  Radio Button  Clicked
2025-12-11 17:36:08 INFO  [main] HelperClass - Selected Role User  Radio Button  Clicked
2025-12-11 17:36:08 INFO  [main] HelperClass - Active User Radio Button JS Clicked
2025-12-11 17:36:09 INFO  [main] HelperClass - Submit Button Clicked
2025-12-11 17:36:09 INFO  [main] AccessPermissionsPage - User Created Successfully
2025-12-11 17:36:09 INFO  [main] Listeners - Test Case Success
]]></system-out>
  </testcase>
  <testcase name="verifyViewUser" classname="tests.AccessPermissions" time="0.911">
    <system-out><![CDATA[2025-12-11 17:36:09 INFO  [main] Listeners - Test Case Started
2025-12-11 17:36:09 INFO  [main] AccessPermissions - This is User View  Method
2025-12-11 17:36:09 INFO  [main] AccessPermissionsPage - View User method entered
2025-12-11 17:36:09 INFO  [main] HelperClass - View User Clicked
2025-12-11 17:36:09 INFO  [main] HelperClass - Close User Clicked
2025-12-11 17:36:09 INFO  [main] AccessPermissionsPage - View User Successfull
2025-12-11 17:36:09 INFO  [main] Listeners - Test Case Success
]]></system-out>
  </testcase>
  <testcase name="verifyEditUser" classname="tests.AccessPermissions" time="1.219">
    <system-out><![CDATA[2025-12-11 17:36:10 INFO  [main] Listeners - Test Case Started
2025-12-11 17:36:10 INFO  [main] AccessPermissions - This is User edit  Method
2025-12-11 17:36:10 INFO  [main] AccessPermissionsPage - Edit User method entered
2025-12-11 17:36:10 INFO  [main] HelperClass - Edit User Clicked
2025-12-11 17:36:11 INFO  [main] HelperClass - Save User Clicked
2025-12-11 17:36:11 INFO  [main] AccessPermissionsPage - Edit User Successfull
2025-12-11 17:36:11 INFO  [main] Listeners - Test Case Success
]]></system-out>
  </testcase>
  <testcase name="verifyDeleteUser" classname="tests.AccessPermissions" time="0.496">
    <system-out><![CDATA[2025-12-11 17:36:11 INFO  [main] Listeners - Test Case Started
2025-12-11 17:36:11 INFO  [main] AccessPermissions - This is User Delete  Method
2025-12-11 17:36:11 INFO  [main] AccessPermissionsPage - Delete User method entered
2025-12-11 17:36:11 INFO  [main] HelperClass - Delete User Clicked
2025-12-11 17:36:11 INFO  [main] HelperClass - Delete Yes Clicked
2025-12-11 17:36:11 INFO  [main] AccessPermissionsPage - Delete User Successfull
2025-12-11 17:36:11 INFO  [main] Listeners - Test Case Success
]]></system-out>
  </testcase>
  <testcase name="verifyAddDocSeg" classname="tests.DocSegments" time="4.858">
    <system-out><![CDATA[2025-12-11 17:36:11 INFO  [main] DocSegments - Documents Segments link Click
2025-12-11 17:36:11 INFO  [main] Listeners - Test Case Started
2025-12-11 17:36:11 INFO  [main] DocSegments - The Document segment add started 
2025-12-11 17:36:11 INFO  [main] DocSegmentsPage - Add New Document Segement
2025-12-11 17:36:12 INFO  [main] HelperClass - Documents Segment Module Clicked
2025-12-11 17:36:12 INFO  [main] HelperClass - Add New Segement Clicked
2025-12-11 17:36:12 INFO  [main] HelperClass - Custom Query Drop Down Clicked
2025-12-11 17:36:13 INFO  [main] HelperClass - Custom Query Select Clicked
2025-12-11 17:36:13 INFO  [main] HelperClass - Vault Drop Down Clicked
2025-12-11 17:36:13 INFO  [main] HelperClass - Vault Server Clicked
2025-12-11 17:36:13 INFO  [main] HelperClass - Groups Checkbox JS Clicked
2025-12-11 17:36:14 INFO  [main] HelperClass - Configue Link Tab Clicked
2025-12-11 17:36:14 INFO  [main] HelperClass - Archive Id Clicked
2025-12-11 17:36:14 INFO  [main] HelperClass - Account Number Clicked
2025-12-11 17:36:14 INFO  [main] HelperClass - Save Button Clicked
2025-12-11 17:36:14 INFO  [main] DocSegmentsPage - New Document Segement Added Sucessfully
2025-12-11 17:36:16 INFO  [main] Listeners - Test Case Success
]]></system-out>
  </testcase>
  <testcase name="verifyViewDogSeg" classname="tests.DocSegments" time="0.877">
    <system-out><![CDATA[2025-12-11 17:36:16 INFO  [main] Listeners - Test Case Started
2025-12-11 17:36:16 INFO  [main] DocSegments - View Segement Method Called
2025-12-11 17:36:16 INFO  [main] DocSegmentsPage - View Doc Segment
2025-12-11 17:36:16 INFO  [main] HelperClass - View Icon Clicked
2025-12-11 17:36:17 INFO  [main] HelperClass - Close View Icon Clicked
2025-12-11 17:36:17 INFO  [main] Listeners - Test Case Success
]]></system-out>
  </testcase>
  <testcase name="verifyEditDogSeg" classname="tests.DocSegments" time="1.051">
    <system-out><![CDATA[2025-12-11 17:36:17 INFO  [main] Listeners - Test Case Started
2025-12-11 17:36:17 INFO  [main] DocSegments - Edit Segement Method Called
2025-12-11 17:36:17 INFO  [main] DocSegmentsPage - Edit Doc Segment
2025-12-11 17:36:17 INFO  [main] HelperClass - Edit Icon Clicked
2025-12-11 17:36:18 INFO  [main] HelperClass - Save Icon Clicked
2025-12-11 17:36:18 INFO  [main] Listeners - Test Case Success
]]></system-out>
  </testcase>
  <testcase name="verifyDeleteDogSeg" classname="tests.DocSegments" time="1.046">
    <system-out><![CDATA[2025-12-11 17:36:18 INFO  [main] Listeners - Test Case Started
2025-12-11 17:36:18 INFO  [main] DocSegments - Delete Segement Method Called
2025-12-11 17:36:18 INFO  [main] DocSegmentsPage - Delete Doc Segment
2025-12-11 17:36:19 INFO  [main] HelperClass - Delete Icon Clicked
2025-12-11 17:36:19 INFO  [main] HelperClass - Delete Icon Clicked
2025-12-11 17:36:19 INFO  [main] Listeners - Test Case Success
]]></system-out>
  </testcase>
  <testcase name="logoutUser" classname="tests.Logout" time="0.595">
    <system-out><![CDATA[2025-12-11 17:36:19 INFO  [main] Listeners - Test Case Started
2025-12-11 17:36:19 INFO  [main] Login - Logout for the User
2025-12-11 17:36:19 INFO  [main] LoginPage - This is logout method
2025-12-11 17:36:19 INFO  [main] LoginPage - Is ProfileDropdown displayed? true
2025-12-11 17:36:19 INFO  [main] LoginPage - Is ProfileDropdown enabled? true
2025-12-11 17:36:19 INFO  [main] LoginPage - Approver ApproverMain User
2025-12-11 17:36:19 INFO  [main] HelperClass - Sign out Button Clicked
2025-12-11 17:36:20 INFO  [main] HelperClass - Confirm Yes Button Clicked
2025-12-11 17:36:20 INFO  [main] LoginPage - Logout Success
2025-12-11 17:36:20 INFO  [main] Listeners - Test Case Success
]]></system-out>
  </testcase>
</testsuite>