<?xml version="1.0" encoding="UTF-8"?>
<testsuite xmlns:xsi="http://www.w3.org/2001/XMLSchema-instance" xsi:noNamespaceSchemaLocation="https://maven.apache.org/surefire/maven-surefire-plugin/xsd/surefire-test-report.xsd" version="3.0.2" name="TestSuite" time="47.782" tests="30" errors="0" skipped="0" failures="0">
  <properties>
[...]
</properties>
  <testcase name="verifyLoginData[Approver, User@123](1)" classname="tests.Login" time="1.62">
    <system-out><![CDATA[2026-01-20 19:02:11 INFO  [main] BaseClass - Application Started
2026-01-20 19:02:11 INFO  [main] BaseClass - ===================
2026-01-20 19:02:15 INFO  [main] BaseClass - FireFoxDriver Object is Created  FirefoxDriver: firefox on windows (72d4ce47-57b4-41fd-929d-3f9319a4071e)
2026-01-20 19:02:15 INFO  [main] BaseClass - Browser Got Opened
2026-01-20 19:02:15 INFO  [main] BaseClass - url Called  http://192.168.2.27:9092/
2026-01-20 19:02:15 INFO  [main] BaseClass - Tear Up is Done
2026-01-20 19:02:16 INFO  [main] Listeners - Test Case Started
2026-01-20 19:02:16 INFO  [main] Login - Login User method Started
2026-01-20 19:02:16 INFO  [main] Login - Login Page Method call
2026-01-20 19:02:16 INFO  [main] LoginPage - Login Method Called
2026-01-20 19:02:17 INFO  [main] LoginPage - Entered UserName is :Approver
2026-01-20 19:02:17 INFO  [main] LoginPage - Password Entered
2026-01-20 19:02:18 INFO  [main] HelperClass - Login Submit Button Clicked
2026-01-20 19:02:18 INFO  [main] LoginPage - Submit Button Clicked
2026-01-20 19:02:18 INFO  [main] HelperClass - Home Title is visible
2026-01-20 19:02:18 INFO  [main] Login - Login Test Completed Successfully
2026-01-20 19:02:18 INFO  [main] Listeners - Test Case Success
]]></system-out>
    <system-err><![CDATA[SLF4J(W): No SLF4J providers were found.
SLF4J(W): Defaulting to no-operation (NOP) logger implementation
SLF4J(W): See https://www.slf4j.org/codes.html#noProviders for further details.
]]></system-err>
  </testcase>
  <testcase name="logoutMainUser" classname="tests.LoginTest" time="0.742">
    <system-out><![CDATA[2026-01-20 19:02:18 INFO  [main] Listeners - Test Case Started
2026-01-20 19:02:18 INFO  [main] LoginTest - Logout for the User
2026-01-20 19:02:18 INFO  [main] LoginPage - This is logout method
2026-01-20 19:02:18 INFO  [main] LoginPage - Is ProfileDropdown displayed? true
2026-01-20 19:02:18 INFO  [main] LoginPage - Is ProfileDropdown enabled? true
2026-01-20 19:02:18 INFO  [main] LoginPage - Approver ApproverMain User
2026-01-20 19:02:18 INFO  [main] HelperClass - Sign out Button Clicked
2026-01-20 19:02:19 INFO  [main] HelperClass - Confirm Yes Button Clicked
2026-01-20 19:02:19 INFO  [main] LoginPage - Logout Success
2026-01-20 19:02:19 INFO  [main] Listeners - Test Case Success
]]></system-out>
  </testcase>
  <testcase name="verifyLoginTest[Approver1, User@1234, Invalid user name or password or Deactivated.](1)" classname="tests.LoginTest" time="1.394">
    <system-out><![CDATA[2026-01-20 19:02:19 INFO  [main] Listeners - Test Case Started
2026-01-20 19:02:19 INFO  [main] LoginTest - Login Test Started
2026-01-20 19:02:19 INFO  [main] LoginTest - Attempting login for user: Approver1
2026-01-20 19:02:19 INFO  [main] LoginPage - Login Method Called
2026-01-20 19:02:19 INFO  [main] LoginPage - Entered UserName is :Approver1
2026-01-20 19:02:19 INFO  [main] LoginPage - Password Entered
2026-01-20 19:02:19 INFO  [main] HelperClass - Login Submit Button Clicked
2026-01-20 19:02:20 INFO  [main] LoginPage - This is failed test text
2026-01-20 19:02:20 INFO  [main] LoginPage - Invalid user name or password or Deactivated.
2026-01-20 19:02:20 INFO  [main] Listeners - Test Case Success
]]></system-out>
  </testcase>
  <testcase name="verifyLoginTest[Approver, User@1234, Invalid user name or password.](2)" classname="tests.LoginTest" time="1.449">
    <system-out><![CDATA[2026-01-20 19:02:20 INFO  [main] Listeners - Test Case Started
2026-01-20 19:02:20 INFO  [main] LoginTest - Login Test Started
2026-01-20 19:02:20 INFO  [main] LoginTest - Attempting login for user: Approver
2026-01-20 19:02:20 INFO  [main] LoginPage - Login Method Called
2026-01-20 19:02:20 INFO  [main] LoginPage - Entered UserName is :Approver
2026-01-20 19:02:20 INFO  [main] LoginPage - Password Entered
2026-01-20 19:02:21 INFO  [main] HelperClass - Login Submit Button Clicked
2026-01-20 19:02:22 INFO  [main] LoginPage - This is failed test text
2026-01-20 19:02:22 INFO  [main] LoginPage - Invalid user name or password.
2026-01-20 19:02:22 INFO  [main] Listeners - Test Case Success
]]></system-out>
  </testcase>
  <testcase name="verifyLoginTest[Approver1, User@123, Invalid user name or password or Deactivated.](3)" classname="tests.LoginTest" time="1.335">
    <system-out><![CDATA[2026-01-20 19:02:22 INFO  [main] Listeners - Test Case Started
2026-01-20 19:02:22 INFO  [main] LoginTest - Login Test Started
2026-01-20 19:02:22 INFO  [main] LoginTest - Attempting login for user: Approver1
2026-01-20 19:02:22 INFO  [main] LoginPage - Login Method Called
2026-01-20 19:02:22 INFO  [main] LoginPage - Entered UserName is :Approver1
2026-01-20 19:02:22 INFO  [main] LoginPage - Password Entered
2026-01-20 19:02:22 INFO  [main] HelperClass - Login Submit Button Clicked
2026-01-20 19:02:23 INFO  [main] LoginPage - This is failed test text
2026-01-20 19:02:23 INFO  [main] LoginPage - Invalid user name or password or Deactivated.
2026-01-20 19:02:23 INFO  [main] Listeners - Test Case Success
]]></system-out>
  </testcase>
  <testcase name="verifyLoginTest[Approver, User@123, ](4)" classname="tests.LoginTest" time="1.549">
    <system-out><![CDATA[2026-01-20 19:02:23 INFO  [main] Listeners - Test Case Started
2026-01-20 19:02:23 INFO  [main] LoginTest - Login Test Started
2026-01-20 19:02:23 INFO  [main] LoginTest - Attempting login for user: Approver
2026-01-20 19:02:23 INFO  [main] LoginPage - Login Method Called
2026-01-20 19:02:23 INFO  [main] LoginPage - Entered UserName is :Approver
2026-01-20 19:02:23 INFO  [main] LoginPage - Password Entered
2026-01-20 19:02:24 INFO  [main] HelperClass - Login Submit Button Clicked
2026-01-20 19:02:24 INFO  [main] HelperClass - Home Title is visible
2026-01-20 19:02:24 INFO  [main] LoginTest - Login Success for User: Approver
2026-01-20 19:02:24 INFO  [main] LoginTest - Logout for the User
2026-01-20 19:02:24 INFO  [main] LoginPage - This is logout method
2026-01-20 19:02:24 INFO  [main] LoginPage - Is ProfileDropdown displayed? true
2026-01-20 19:02:24 INFO  [main] LoginPage - Is ProfileDropdown enabled? true
2026-01-20 19:02:24 INFO  [main] LoginPage - Main User
2026-01-20 19:02:24 INFO  [main] HelperClass - Sign out Button Clicked
2026-01-20 19:02:25 INFO  [main] HelperClass - Confirm Yes Button Clicked
2026-01-20 19:02:25 INFO  [main] LoginPage - Logout Success
2026-01-20 19:02:25 INFO  [main] Listeners - Test Case Success
]]></system-out>
  </testcase>
  <testcase name="verifyblockUser[Check, User123, Invalid user name or password.](1)" classname="tests.LoginTest" time="1.383">
    <system-out><![CDATA[2026-01-20 19:02:25 INFO  [main] Listeners - Test Case Started
2026-01-20 19:02:25 INFO  [main] LoginTest - BlockLoginCredentials
2026-01-20 19:02:25 INFO  [main] LoginTest - Attempting login for user: Check
2026-01-20 19:02:25 INFO  [main] LoginPage - Login Method Called
2026-01-20 19:02:25 INFO  [main] LoginPage - Entered UserName is :Check
2026-01-20 19:02:25 INFO  [main] LoginPage - Password Entered
2026-01-20 19:02:25 INFO  [main] HelperClass - Login Submit Button Clicked
2026-01-20 19:02:26 INFO  [main] LoginPage - This is failed test text
2026-01-20 19:02:26 INFO  [main] LoginPage - Invalid user name or password.
2026-01-20 19:02:26 INFO  [main] Listeners - Test Case Success
]]></system-out>
  </testcase>
  <testcase name="verifyblockUser[Check, User1234, Invalid user name or password.](2)" classname="tests.LoginTest" time="1.373">
    <system-out><![CDATA[2026-01-20 19:02:26 INFO  [main] Listeners - Test Case Started
2026-01-20 19:02:26 INFO  [main] LoginTest - BlockLoginCredentials
2026-01-20 19:02:26 INFO  [main] LoginTest - Attempting login for user: Check
2026-01-20 19:02:26 INFO  [main] LoginPage - Login Method Called
2026-01-20 19:02:26 INFO  [main] LoginPage - Entered UserName is :Check
2026-01-20 19:02:26 INFO  [main] LoginPage - Password Entered
2026-01-20 19:02:26 INFO  [main] HelperClass - Login Submit Button Clicked
2026-01-20 19:02:27 INFO  [main] LoginPage - This is failed test text
2026-01-20 19:02:27 INFO  [main] LoginPage - Invalid user name or password.
2026-01-20 19:02:27 INFO  [main] Listeners - Test Case Success
]]></system-out>
  </testcase>
  <testcase name="verifyblockUser[Check, User@123, ](3)" classname="tests.LoginTest" time="1.395">
    <system-out><![CDATA[2026-01-20 19:02:27 INFO  [main] Listeners - Test Case Started
2026-01-20 19:02:27 INFO  [main] LoginTest - BlockLoginCredentials
2026-01-20 19:02:27 INFO  [main] LoginTest - Attempting login for user: Check
2026-01-20 19:02:27 INFO  [main] LoginPage - Login Method Called
2026-01-20 19:02:28 INFO  [main] LoginPage - Entered UserName is :Check
2026-01-20 19:02:28 INFO  [main] LoginPage - Password Entered
2026-01-20 19:02:28 INFO  [main] HelperClass - Login Submit Button Clicked
2026-01-20 19:02:28 INFO  [main] HelperClass - Home Title is visible
2026-01-20 19:02:28 INFO  [main] LoginTest - Login Success for User: Check
2026-01-20 19:02:28 INFO  [main] LoginTest - Logout for the User
2026-01-20 19:02:28 INFO  [main] LoginPage - This is logout method
2026-01-20 19:02:28 INFO  [main] LoginPage - Is ProfileDropdown displayed? true
2026-01-20 19:02:28 INFO  [main] LoginPage - Is ProfileDropdown enabled? true
2026-01-20 19:02:28 INFO  [main] LoginPage - Main User
2026-01-20 19:02:29 INFO  [main] HelperClass - Sign out Button Clicked
2026-01-20 19:02:29 INFO  [main] HelperClass - Confirm Yes Button Clicked
2026-01-20 19:02:29 INFO  [main] LoginPage - Logout Success
2026-01-20 19:02:29 INFO  [main] Listeners - Test Case Success
]]></system-out>
  </testcase>
  <testcase name="verifyblockUser[Check, User123, Invalid user name or password.](4)" classname="tests.LoginTest" time="1.408">
    <system-out><![CDATA[2026-01-20 19:02:29 INFO  [main] Listeners - Test Case Started
2026-01-20 19:02:29 INFO  [main] LoginTest - BlockLoginCredentials
2026-01-20 19:02:29 INFO  [main] LoginTest - Attempting login for user: Check
2026-01-20 19:02:29 INFO  [main] LoginPage - Login Method Called
2026-01-20 19:02:29 INFO  [main] LoginPage - Entered UserName is :Check
2026-01-20 19:02:29 INFO  [main] LoginPage - Password Entered
2026-01-20 19:02:29 INFO  [main] HelperClass - Login Submit Button Clicked
2026-01-20 19:02:30 INFO  [main] LoginPage - This is failed test text
2026-01-20 19:02:30 INFO  [main] LoginPage - Invalid user name or password.
2026-01-20 19:02:30 INFO  [main] Listeners - Test Case Success
]]></system-out>
  </testcase>
  <testcase name="verifyblockUser[Check, User1234, Invalid user name or password.](5)" classname="tests.LoginTest" time="1.399">
    <system-out><![CDATA[2026-01-20 19:02:30 INFO  [main] Listeners - Test Case Started
2026-01-20 19:02:30 INFO  [main] LoginTest - BlockLoginCredentials
2026-01-20 19:02:30 INFO  [main] LoginTest - Attempting login for user: Check
2026-01-20 19:02:30 INFO  [main] LoginPage - Login Method Called
2026-01-20 19:02:30 INFO  [main] LoginPage - Entered UserName is :Check
2026-01-20 19:02:30 INFO  [main] LoginPage - Password Entered
2026-01-20 19:02:30 INFO  [main] HelperClass - Login Submit Button Clicked
2026-01-20 19:02:32 INFO  [main] LoginPage - This is failed test text
2026-01-20 19:02:32 INFO  [main] LoginPage - Invalid user name or password.
2026-01-20 19:02:32 INFO  [main] Listeners - Test Case Success
]]></system-out>
  </testcase>
  <testcase name="verifyblockUser[Check, User12345, Your account has been disabled due to maximum failed login attempts. Please contact System Administrator.](6)" classname="tests.LoginTest" time="1.352">
    <system-out><![CDATA[2026-01-20 19:02:32 INFO  [main] Listeners - Test Case Started
2026-01-20 19:02:32 INFO  [main] LoginTest - BlockLoginCredentials
2026-01-20 19:02:32 INFO  [main] LoginTest - Attempting login for user: Check
2026-01-20 19:02:32 INFO  [main] LoginPage - Login Method Called
2026-01-20 19:02:32 INFO  [main] LoginPage - Entered UserName is :Check
2026-01-20 19:02:32 INFO  [main] LoginPage - Password Entered
2026-01-20 19:02:32 INFO  [main] HelperClass - Login Submit Button Clicked
2026-01-20 19:02:33 INFO  [main] LoginPage - This is failed test text
2026-01-20 19:02:33 INFO  [main] LoginPage - Your account has been disabled due to maximum failed login attempts. Please contact System Administrator.
2026-01-20 19:02:33 INFO  [main] Listeners - Test Case Success
]]></system-out>
  </testcase>
  <testcase name="mainUserLogin[Approver, User@123](1)" classname="tests.LoginTest" time="1.019">
    <system-out><![CDATA[2026-01-20 19:02:33 INFO  [main] Listeners - Test Case Started
2026-01-20 19:02:33 INFO  [main] LoginTest - Main Users Login
2026-01-20 19:02:33 INFO  [main] Login - Login User method Started
2026-01-20 19:02:33 INFO  [main] Login - Login Page Method call
2026-01-20 19:02:33 INFO  [main] LoginPage - Login Method Called
2026-01-20 19:02:33 INFO  [main] LoginPage - Entered UserName is :Approver
2026-01-20 19:02:33 INFO  [main] LoginPage - Password Entered
2026-01-20 19:02:34 INFO  [main] HelperClass - Login Submit Button Clicked
2026-01-20 19:02:34 INFO  [main] LoginPage - Submit Button Clicked
2026-01-20 19:02:34 INFO  [main] HelperClass - Home Title is visible
2026-01-20 19:02:34 INFO  [main] Login - Login Test Completed Successfully
2026-01-20 19:02:34 INFO  [main] LoginTest - User Logged In
2026-01-20 19:02:34 INFO  [main] Listeners - Test Case Success
]]></system-out>
  </testcase>
  <testcase name="verifyAddGroup" classname="tests.AccessPermissions" time="1.79">
    <system-out><![CDATA[2026-01-20 19:02:34 INFO  [main] AccessPermissions - Access Permissions link Click
2026-01-20 19:02:34 INFO  [main] Listeners - Test Case Started
2026-01-20 19:02:34 INFO  [main] AccessPermissions - This is Add Group Method
2026-01-20 19:02:34 INFO  [main] HelperClass - Access Permissions Module Clicked
2026-01-20 19:02:35 INFO  [main] HelperClass - Sub Module Group is clicked Clicked
2026-01-20 19:02:35 INFO  [main] HelperClass - New Group Button is clicked Clicked
2026-01-20 19:02:36 INFO  [main] HelperClass - All Modules is clicked Clicked
2026-01-20 19:02:36 INFO  [main] AccessPermissionsPage - Group Created Successfully
2026-01-20 19:02:36 INFO  [main] Listeners - Test Case Success
]]></system-out>
  </testcase>
  <testcase name="verifyViewGroup" classname="tests.AccessPermissions" time="0.939">
    <system-out><![CDATA[2026-01-20 19:02:36 INFO  [main] Listeners - Test Case Started
2026-01-20 19:02:36 INFO  [main] AccessPermissions - This is View Group Method
2026-01-20 19:02:36 INFO  [main] AccessPermissionsPage - View Group method entered
2026-01-20 19:02:37 INFO  [main] HelperClass - View Group Clicked
2026-01-20 19:02:37 INFO  [main] HelperClass - Close Group Clicked
2026-01-20 19:02:37 INFO  [main] AccessPermissionsPage - View Group Successfull
2026-01-20 19:02:37 INFO  [main] Listeners - Test Case Success
]]></system-out>
  </testcase>
  <testcase name="verifyEditGroup" classname="tests.AccessPermissions" time="0.821">
    <system-out><![CDATA[2026-01-20 19:02:37 INFO  [main] Listeners - Test Case Started
2026-01-20 19:02:37 INFO  [main] AccessPermissions - This is Edit Group Method
2026-01-20 19:02:37 INFO  [main] AccessPermissionsPage - Edit Group method entered
2026-01-20 19:02:37 INFO  [main] HelperClass - Edit Group Clicked
2026-01-20 19:02:37 INFO  [main] HelperClass - Save Group Clicked
2026-01-20 19:02:37 INFO  [main] AccessPermissionsPage - Edit Group Successfull
2026-01-20 19:02:38 INFO  [main] Listeners - Test Case Success
]]></system-out>
  </testcase>
  <testcase name="verifyDeleteGroup" classname="tests.AccessPermissions" time="0.619">
    <system-out><![CDATA[2026-01-20 19:02:38 INFO  [main] Listeners - Test Case Started
2026-01-20 19:02:38 INFO  [main] AccessPermissions - This is Delete Group Method
2026-01-20 19:02:38 INFO  [main] AccessPermissionsPage - Delete Group method entered
2026-01-20 19:02:38 INFO  [main] HelperClass - Delete Group Clicked
2026-01-20 19:02:38 INFO  [main] HelperClass - Delete Yes Clicked
2026-01-20 19:02:38 INFO  [main] AccessPermissionsPage - Delete Group Successfull
2026-01-20 19:02:38 INFO  [main] Listeners - Test Case Success
]]></system-out>
  </testcase>
  <testcase name="verifyAddRole" classname="tests.AccessPermissions" time="2.411">
    <system-out><![CDATA[2026-01-20 19:02:38 INFO  [main] Listeners - Test Case Started
2026-01-20 19:02:38 INFO  [main] AccessPermissions - This is Add Role Method
2026-01-20 19:02:39 INFO  [main] HelperClass - Roles Module Clicked
2026-01-20 19:02:39 INFO  [main] HelperClass - Add New Role Clicked
2026-01-20 19:02:39 INFO  [main] HelperClass - Group Down Selected  Clicked
2026-01-20 19:02:40 INFO  [main] HelperClass - Select Group Name Clicked
2026-01-20 19:02:40 INFO  [main] HelperClass - Select Permissions Access Permissions Clicked
2026-01-20 19:02:40 INFO  [main] HelperClass - Group Add Permissions in Access Permissions for Role Clicked
2026-01-20 19:02:40 INFO  [main] HelperClass - Select Permissions Access Permissions Clicked
2026-01-20 19:02:40 INFO  [main] HelperClass - Role Saved JS Clicked
2026-01-20 19:02:40 INFO  [main] AccessPermissionsPage - Roles Created Successfully
2026-01-20 19:02:41 INFO  [main] Listeners - Test Case Success
]]></system-out>
  </testcase>
  <testcase name="verifyViewRole" classname="tests.AccessPermissions" time="1.125">
    <system-out><![CDATA[2026-01-20 19:02:41 INFO  [main] Listeners - Test Case Started
2026-01-20 19:02:41 INFO  [main] AccessPermissions - This is View Role Method
2026-01-20 19:02:41 INFO  [main] AccessPermissionsPage - View Role method entered
2026-01-20 19:02:42 INFO  [main] HelperClass - View Role Clicked
2026-01-20 19:02:42 INFO  [main] HelperClass - Close Role Clicked
2026-01-20 19:02:42 INFO  [main] AccessPermissionsPage - View Role Successfull
2026-01-20 19:02:42 INFO  [main] Listeners - Test Case Success
]]></system-out>
  </testcase>
  <testcase name="verifyEditRole" classname="tests.AccessPermissions" time="0.921">
    <system-out><![CDATA[2026-01-20 19:02:42 INFO  [main] Listeners - Test Case Started
2026-01-20 19:02:42 INFO  [main] AccessPermissions - This is Edit Role Method
2026-01-20 19:02:42 INFO  [main] AccessPermissionsPage - Edit Role method entered
2026-01-20 19:02:42 INFO  [main] HelperClass - Edit Role Clicked
2026-01-20 19:02:43 INFO  [main] HelperClass - Save Role Clicked
2026-01-20 19:02:43 INFO  [main] AccessPermissionsPage - Edit Role Successfull
2026-01-20 19:02:43 INFO  [main] Listeners - Test Case Success
]]></system-out>
  </testcase>
  <testcase name="verifyDeleteRole" classname="tests.AccessPermissions" time="1.003">
    <system-out><![CDATA[2026-01-20 19:02:43 INFO  [main] Listeners - Test Case Started
2026-01-20 19:02:43 INFO  [main] AccessPermissions - This is Delete Role Method
2026-01-20 19:02:43 INFO  [main] AccessPermissionsPage - Delete Role method entered
2026-01-20 19:02:44 INFO  [main] HelperClass - Delete Role Icon  Clicked
2026-01-20 19:02:44 INFO  [main] HelperClass - Delete Yes Clicked
2026-01-20 19:02:44 INFO  [main] AccessPermissionsPage - Delete Role Successfull
2026-01-20 19:02:44 INFO  [main] Listeners - Test Case Success
]]></system-out>
  </testcase>
  <testcase name="verifyAddUser" classname="tests.AccessPermissions" time="1.267">
    <system-out><![CDATA[2026-01-20 19:02:44 INFO  [main] Listeners - Test Case Started
2026-01-20 19:02:44 INFO  [main] AccessPermissions - This is an Add User Method
2026-01-20 19:02:45 INFO  [main] HelperClass - Select Role User  Radio Button  Clicked
2026-01-20 19:02:45 INFO  [main] HelperClass - Selected Role User  Radio Button  Clicked
2026-01-20 19:02:45 INFO  [main] HelperClass - Active User Radio Button JS Clicked
2026-01-20 19:02:45 INFO  [main] HelperClass - Submit Button Clicked
2026-01-20 19:02:45 INFO  [main] AccessPermissionsPage - User Created Successfully
2026-01-20 19:02:45 INFO  [main] Listeners - Test Case Success
]]></system-out>
  </testcase>
  <testcase name="verifyViewUser" classname="tests.AccessPermissions" time="0.972">
    <system-out><![CDATA[2026-01-20 19:02:45 INFO  [main] Listeners - Test Case Started
2026-01-20 19:02:45 INFO  [main] AccessPermissions - This is User View  Method
2026-01-20 19:02:45 INFO  [main] AccessPermissionsPage - View User method entered
2026-01-20 19:02:46 INFO  [main] HelperClass - View User Clicked
2026-01-20 19:02:46 INFO  [main] HelperClass - Close User Clicked
2026-01-20 19:02:46 INFO  [main] AccessPermissionsPage - View User Successfull
2026-01-20 19:02:46 INFO  [main] Listeners - Test Case Success
]]></system-out>
  </testcase>
  <testcase name="verifyEditUser" classname="tests.AccessPermissions" time="0.741">
    <system-out><![CDATA[2026-01-20 19:02:46 INFO  [main] Listeners - Test Case Started
2026-01-20 19:02:46 INFO  [main] AccessPermissions - This is User edit  Method
2026-01-20 19:02:46 INFO  [main] AccessPermissionsPage - Edit User method entered
2026-01-20 19:02:46 INFO  [main] HelperClass - Edit User Clicked
2026-01-20 19:02:47 INFO  [main] HelperClass - Save User Clicked
2026-01-20 19:02:47 INFO  [main] AccessPermissionsPage - Edit User Successfull
2026-01-20 19:02:47 INFO  [main] Listeners - Test Case Success
]]></system-out>
  </testcase>
  <testcase name="verifyDeleteUser" classname="tests.AccessPermissions" time="0.667">
    <system-out><![CDATA[2026-01-20 19:02:47 INFO  [main] Listeners - Test Case Started
2026-01-20 19:02:47 INFO  [main] AccessPermissions - This is User Delete  Method
2026-01-20 19:02:47 INFO  [main] AccessPermissionsPage - Delete User method entered
2026-01-20 19:02:47 INFO  [main] HelperClass - Delete User Clicked
2026-01-20 19:02:47 INFO  [main] HelperClass - Delete Yes Clicked
2026-01-20 19:02:47 INFO  [main] AccessPermissionsPage - Delete User Successfull
2026-01-20 19:02:47 INFO  [main] Listeners - Test Case Success
]]></system-out>
  </testcase>
  <testcase name="verifyAddDocSeg" classname="tests.DocSegments" time="5.369">
    <system-out><![CDATA[2026-01-20 19:02:47 INFO  [main] DocSegments - Documents Segments link Click
2026-01-20 19:02:47 INFO  [main] Listeners - Test Case Started
2026-01-20 19:02:47 INFO  [main] DocSegments - The Document segment add started 
2026-01-20 19:02:47 INFO  [main] DocSegmentsPage - Add New Document Segement
2026-01-20 19:02:48 INFO  [main] HelperClass - Documents Segment Module Clicked
2026-01-20 19:02:49 INFO  [main] HelperClass - Add New Segement Clicked
2026-01-20 19:02:49 INFO  [main] HelperClass - Custom Query Drop Down Clicked
2026-01-20 19:02:50 INFO  [main] HelperClass - Custom Query Select Clicked
2026-01-20 19:02:50 INFO  [main] HelperClass - Vault Drop Down Clicked
2026-01-20 19:02:50 INFO  [main] HelperClass - Vault Server Clicked
2026-01-20 19:02:50 INFO  [main] HelperClass - Groups Checkbox JS Clicked
2026-01-20 19:02:50 INFO  [main] HelperClass - Configue Link Tab Clicked
2026-01-20 19:02:50 INFO  [main] HelperClass - Archive Id Clicked
2026-01-20 19:02:51 INFO  [main] HelperClass - Account Number Clicked
2026-01-20 19:02:51 INFO  [main] HelperClass - Save Button Clicked
2026-01-20 19:02:51 INFO  [main] DocSegmentsPage - New Document Segement Added Sucessfully
2026-01-20 19:02:53 INFO  [main] Listeners - Test Case Success
]]></system-out>
  </testcase>
  <testcase name="verifyViewDogSeg" classname="tests.DocSegments" time="1.0">
    <system-out><![CDATA[2026-01-20 19:02:53 INFO  [main] Listeners - Test Case Started
2026-01-20 19:02:53 INFO  [main] DocSegments - View Segement Method Called
2026-01-20 19:02:53 INFO  [main] DocSegmentsPage - View Doc Segment
2026-01-20 19:02:53 INFO  [main] HelperClass - View Icon Clicked
2026-01-20 19:02:54 INFO  [main] HelperClass - Close View Icon Clicked
2026-01-20 19:02:54 INFO  [main] Listeners - Test Case Success
]]></system-out>
  </testcase>
  <testcase name="verifyEditDogSeg" classname="tests.DocSegments" time="1.108">
    <system-out><![CDATA[2026-01-20 19:02:54 INFO  [main] Listeners - Test Case Started
2026-01-20 19:02:54 INFO  [main] DocSegments - Edit Segement Method Called
2026-01-20 19:02:54 INFO  [main] DocSegmentsPage - Edit Doc Segment
2026-01-20 19:02:54 INFO  [main] HelperClass - Edit Icon Clicked
2026-01-20 19:02:55 INFO  [main] HelperClass - Save Icon Clicked
2026-01-20 19:02:55 INFO  [main] Listeners - Test Case Success
]]></system-out>
  </testcase>
  <testcase name="verifyDeleteDogSeg" classname="tests.DocSegments" time="1.08">
    <system-out><![CDATA[2026-01-20 19:02:55 INFO  [main] Listeners - Test Case Started
2026-01-20 19:02:55 INFO  [main] DocSegments - Delete Segement Method Called
2026-01-20 19:02:55 INFO  [main] DocSegmentsPage - Delete Doc Segment
2026-01-20 19:02:56 INFO  [main] HelperClass - Delete Icon Clicked
2026-01-20 19:02:56 INFO  [main] HelperClass - Delete Icon Clicked
2026-01-20 19:02:56 INFO  [main] Listeners - Test Case Success
]]></system-out>
  </testcase>
  <testcase name="logoutUser" classname="tests.Logout" time="0.522">
    <system-out><![CDATA[2026-01-20 19:02:56 INFO  [main] Listeners - Test Case Started
2026-01-20 19:02:56 INFO  [main] Login - Logout for the User
2026-01-20 19:02:56 INFO  [main] LoginPage - This is logout method
2026-01-20 19:02:56 INFO  [main] LoginPage - Is ProfileDropdown displayed? true
2026-01-20 19:02:56 INFO  [main] LoginPage - Is ProfileDropdown enabled? true
2026-01-20 19:02:56 INFO  [main] LoginPage - Approver ApproverMain User
2026-01-20 19:02:56 INFO  [main] HelperClass - Sign out Button Clicked
2026-01-20 19:02:56 INFO  [main] HelperClass - Confirm Yes Button Clicked
2026-01-20 19:02:56 INFO  [main] LoginPage - Logout Success
2026-01-20 19:02:57 INFO  [main] Listeners - Test Case Success
]]></system-out>
  </testcase>
</testsuite>