<?xml version="1.0" encoding="UTF-8"?>
<testng-results ignored="0" total="32" passed="32" failed="0" skipped="0">
  <reporter-output>
    <line>
      <![CDATA[Test Case Started : verifyLoginData]]>
    </line>
    <line>
      <![CDATA[Test Case Success : 1]]>
    </line>
    <line>
      <![CDATA[Test Case Started : logoutMainUser]]>
    </line>
    <line>
      <![CDATA[Test Case Success : 1]]>
    </line>
    <line>
      <![CDATA[Test Case Started : verifyLoginTest]]>
    </line>
    <line>
      <![CDATA[Test Case Success : 1]]>
    </line>
    <line>
      <![CDATA[Test Case Started : verifyLoginTest]]>
    </line>
    <line>
      <![CDATA[Test Case Success : 1]]>
    </line>
    <line>
      <![CDATA[Test Case Started : verifyLoginTest]]>
    </line>
    <line>
      <![CDATA[Test Case Success : 1]]>
    </line>
    <line>
      <![CDATA[Test Case Started : verifyLoginTest]]>
    </line>
    <line>
      <![CDATA[Test Case Success : 1]]>
    </line>
    <line>
      <![CDATA[Test Case Started : verifyblockUser]]>
    </line>
    <line>
      <![CDATA[Test Case Success : 1]]>
    </line>
    <line>
      <![CDATA[Test Case Started : verifyblockUser]]>
    </line>
    <line>
      <![CDATA[Test Case Success : 1]]>
    </line>
    <line>
      <![CDATA[Test Case Started : verifyblockUser]]>
    </line>
    <line>
      <![CDATA[Test Case Success : 1]]>
    </line>
    <line>
      <![CDATA[Test Case Started : verifyblockUser]]>
    </line>
    <line>
      <![CDATA[Test Case Success : 1]]>
    </line>
    <line>
      <![CDATA[Test Case Started : verifyblockUser]]>
    </line>
    <line>
      <![CDATA[Test Case Success : 1]]>
    </line>
    <line>
      <![CDATA[Test Case Started : verifyblockUser]]>
    </line>
    <line>
      <![CDATA[Test Case Success : 1]]>
    </line>
    <line>
      <![CDATA[Test Case Started : mainUserLogin]]>
    </line>
    <line>
      <![CDATA[Test Case Success : 1]]>
    </line>
    <line>
      <![CDATA[Test Case Started : verifyAddGroup]]>
    </line>
    <line>
      <![CDATA[Test Case Success : 1]]>
    </line>
    <line>
      <![CDATA[Test Case Started : verifyViewGroup]]>
    </line>
    <line>
      <![CDATA[Test Case Success : 1]]>
    </line>
    <line>
      <![CDATA[Test Case Started : verifyEditGroup]]>
    </line>
    <line>
      <![CDATA[Test Case Success : 1]]>
    </line>
    <line>
      <![CDATA[Test Case Started : verifyDeleteGroup]]>
    </line>
    <line>
      <![CDATA[Test Case Success : 1]]>
    </line>
    <line>
      <![CDATA[Test Case Started : verifyAddRole]]>
    </line>
    <line>
      <![CDATA[Test Case Success : 1]]>
    </line>
    <line>
      <![CDATA[Test Case Started : verifyViewRole]]>
    </line>
    <line>
      <![CDATA[Test Case Success : 1]]>
    </line>
    <line>
      <![CDATA[Test Case Started : verifyEditRole]]>
    </line>
    <line>
      <![CDATA[Test Case Success : 1]]>
    </line>
    <line>
      <![CDATA[Test Case Started : verifyDeleteRole]]>
    </line>
    <line>
      <![CDATA[Test Case Success : 1]]>
    </line>
    <line>
      <![CDATA[Test Case Started : verifyAddUser]]>
    </line>
    <line>
      <![CDATA[Test Case Success : 1]]>
    </line>
    <line>
      <![CDATA[Test Case Started : verifyViewUser]]>
    </line>
    <line>
      <![CDATA[Test Case Success : 1]]>
    </line>
    <line>
      <![CDATA[Test Case Started : verifyEditUser]]>
    </line>
    <line>
      <![CDATA[Test Case Success : 1]]>
    </line>
    <line>
      <![CDATA[Test Case Started : verifyDeleteUser]]>
    </line>
    <line>
      <![CDATA[Test Case Success : 1]]>
    </line>
    <line>
      <![CDATA[Test Case Started : verifyAddDocSeg]]>
    </line>
    <line>
      <![CDATA[Test Case Success : 1]]>
    </line>
    <line>
      <![CDATA[Test Case Started : verifyViewDogSeg]]>
    </line>
    <line>
      <![CDATA[Test Case Success : 1]]>
    </line>
    <line>
      <![CDATA[Test Case Started : verifyEditDogSeg]]>
    </line>
    <line>
      <![CDATA[Test Case Success : 1]]>
    </line>
    <line>
      <![CDATA[Test Case Started : verifyDeleteDogSeg]]>
    </line>
    <line>
      <![CDATA[Test Case Success : 1]]>
    </line>
    <line>
      <![CDATA[Test Case Started : detailReportGenerate]]>
    </line>
    <line>
      <![CDATA[Test Case Success : 1]]>
    </line>
    <line>
      <![CDATA[Test Case Started : readDataExtraction]]>
    </line>
    <line>
      <![CDATA[Test Case Success : 1]]>
    </line>
    <line>
      <![CDATA[Test Case Started : logoutUser]]>
    </line>
    <line>
      <![CDATA[Test Case Success : 1]]>
    </line>
  </reporter-output>
  <suite started-at="2026-03-24T17:26:22 IST" name="Suite" finished-at="2026-03-24T17:27:18 IST" duration-ms="56144">
    <groups>
    </groups>
    <test started-at="2026-03-24T17:26:22 IST" name="Test" finished-at="2026-03-24T17:27:18 IST" duration-ms="56144">
      <class name="tests.LoginTest">
        <test-method signature="logoutMainUser()[pri:1, instance:tests.LoginTest@3a80515c]" started-at="2026-03-24T17:26:25 IST" name="logoutMainUser" finished-at="2026-03-24T17:26:25 IST" duration-ms="537" status="PASS">
          <reporter-output>
            <line>
              <![CDATA[Test Case Started : logoutMainUser]]>
            </line>
            <line>
              <![CDATA[Test Case Success : 1]]>
            </line>
          </reporter-output>
        </test-method> <!-- logoutMainUser -->
        <test-method signature="verifyLoginTest(java.lang.String,java.lang.String,java.lang.String)[pri:2, instance:tests.LoginTest@3a80515c]" started-at="2026-03-24T17:26:26 IST" name="verifyLoginTest" data-provider="LoginCredentials" finished-at="2026-03-24T17:26:27 IST" duration-ms="1324" status="PASS">
          <params>
            <param index="0">
              <value>
                <![CDATA[Approver1]]>
              </value>
            </param>
            <param index="1">
              <value>
                <![CDATA[User@1234]]>
              </value>
            </param>
            <param index="2">
              <value>
                <![CDATA[Invalid user name or password or Deactivated.]]>
              </value>
            </param>
          </params>
          <reporter-output>
            <line>
              <![CDATA[Test Case Started : verifyLoginTest]]>
            </line>
            <line>
              <![CDATA[Test Case Success : 1]]>
            </line>
          </reporter-output>
        </test-method> <!-- verifyLoginTest -->
        <test-method signature="verifyLoginTest(java.lang.String,java.lang.String,java.lang.String)[pri:2, instance:tests.LoginTest@3a80515c]" started-at="2026-03-24T17:26:27 IST" name="verifyLoginTest" data-provider="LoginCredentials" finished-at="2026-03-24T17:26:28 IST" duration-ms="1310" status="PASS">
          <params>
            <param index="0">
              <value>
                <![CDATA[Approver]]>
              </value>
            </param>
            <param index="1">
              <value>
                <![CDATA[User@1234]]>
              </value>
            </param>
            <param index="2">
              <value>
                <![CDATA[Invalid user name or password.]]>
              </value>
            </param>
          </params>
          <reporter-output>
            <line>
              <![CDATA[Test Case Started : verifyLoginTest]]>
            </line>
            <line>
              <![CDATA[Test Case Success : 1]]>
            </line>
          </reporter-output>
        </test-method> <!-- verifyLoginTest -->
        <test-method signature="verifyLoginTest(java.lang.String,java.lang.String,java.lang.String)[pri:2, instance:tests.LoginTest@3a80515c]" started-at="2026-03-24T17:26:28 IST" name="verifyLoginTest" data-provider="LoginCredentials" finished-at="2026-03-24T17:26:30 IST" duration-ms="1321" status="PASS">
          <params>
            <param index="0">
              <value>
                <![CDATA[Approver1]]>
              </value>
            </param>
            <param index="1">
              <value>
                <![CDATA[User@123]]>
              </value>
            </param>
            <param index="2">
              <value>
                <![CDATA[Invalid user name or password or Deactivated.]]>
              </value>
            </param>
          </params>
          <reporter-output>
            <line>
              <![CDATA[Test Case Started : verifyLoginTest]]>
            </line>
            <line>
              <![CDATA[Test Case Success : 1]]>
            </line>
          </reporter-output>
        </test-method> <!-- verifyLoginTest -->
        <test-method signature="verifyLoginTest(java.lang.String,java.lang.String,java.lang.String)[pri:2, instance:tests.LoginTest@3a80515c]" started-at="2026-03-24T17:26:30 IST" name="verifyLoginTest" data-provider="LoginCredentials" finished-at="2026-03-24T17:26:31 IST" duration-ms="1287" status="PASS">
          <params>
            <param index="0">
              <value>
                <![CDATA[Approver]]>
              </value>
            </param>
            <param index="1">
              <value>
                <![CDATA[User@123]]>
              </value>
            </param>
            <param index="2">
              <value>
                <![CDATA[]]>
              </value>
            </param>
          </params>
          <reporter-output>
            <line>
              <![CDATA[Test Case Started : verifyLoginTest]]>
            </line>
            <line>
              <![CDATA[Test Case Success : 1]]>
            </line>
          </reporter-output>
        </test-method> <!-- verifyLoginTest -->
        <test-method signature="verifyblockUser(java.lang.String,java.lang.String,java.lang.String)[pri:3, instance:tests.LoginTest@3a80515c]" started-at="2026-03-24T17:26:31 IST" name="verifyblockUser" data-provider="BlockLoginCredentials" finished-at="2026-03-24T17:26:33 IST" duration-ms="1380" status="PASS">
          <params>
            <param index="0">
              <value>
                <![CDATA[Check]]>
              </value>
            </param>
            <param index="1">
              <value>
                <![CDATA[User123]]>
              </value>
            </param>
            <param index="2">
              <value>
                <![CDATA[Invalid user name or password.]]>
              </value>
            </param>
          </params>
          <reporter-output>
            <line>
              <![CDATA[Test Case Started : verifyblockUser]]>
            </line>
            <line>
              <![CDATA[Test Case Success : 1]]>
            </line>
          </reporter-output>
        </test-method> <!-- verifyblockUser -->
        <test-method signature="verifyblockUser(java.lang.String,java.lang.String,java.lang.String)[pri:3, instance:tests.LoginTest@3a80515c]" started-at="2026-03-24T17:26:33 IST" name="verifyblockUser" data-provider="BlockLoginCredentials" finished-at="2026-03-24T17:26:34 IST" duration-ms="1277" status="PASS">
          <params>
            <param index="0">
              <value>
                <![CDATA[Check]]>
              </value>
            </param>
            <param index="1">
              <value>
                <![CDATA[User1234]]>
              </value>
            </param>
            <param index="2">
              <value>
                <![CDATA[Invalid user name or password.]]>
              </value>
            </param>
          </params>
          <reporter-output>
            <line>
              <![CDATA[Test Case Started : verifyblockUser]]>
            </line>
            <line>
              <![CDATA[Test Case Success : 1]]>
            </line>
          </reporter-output>
        </test-method> <!-- verifyblockUser -->
        <test-method signature="verifyblockUser(java.lang.String,java.lang.String,java.lang.String)[pri:3, instance:tests.LoginTest@3a80515c]" started-at="2026-03-24T17:26:34 IST" name="verifyblockUser" data-provider="BlockLoginCredentials" finished-at="2026-03-24T17:26:35 IST" duration-ms="1317" status="PASS">
          <params>
            <param index="0">
              <value>
                <![CDATA[Check]]>
              </value>
            </param>
            <param index="1">
              <value>
                <![CDATA[User@123]]>
              </value>
            </param>
            <param index="2">
              <value>
                <![CDATA[]]>
              </value>
            </param>
          </params>
          <reporter-output>
            <line>
              <![CDATA[Test Case Started : verifyblockUser]]>
            </line>
            <line>
              <![CDATA[Test Case Success : 1]]>
            </line>
          </reporter-output>
        </test-method> <!-- verifyblockUser -->
        <test-method signature="verifyblockUser(java.lang.String,java.lang.String,java.lang.String)[pri:3, instance:tests.LoginTest@3a80515c]" started-at="2026-03-24T17:26:35 IST" name="verifyblockUser" data-provider="BlockLoginCredentials" finished-at="2026-03-24T17:26:37 IST" duration-ms="1294" status="PASS">
          <params>
            <param index="0">
              <value>
                <![CDATA[Check]]>
              </value>
            </param>
            <param index="1">
              <value>
                <![CDATA[User123]]>
              </value>
            </param>
            <param index="2">
              <value>
                <![CDATA[Invalid user name or password.]]>
              </value>
            </param>
          </params>
          <reporter-output>
            <line>
              <![CDATA[Test Case Started : verifyblockUser]]>
            </line>
            <line>
              <![CDATA[Test Case Success : 1]]>
            </line>
          </reporter-output>
        </test-method> <!-- verifyblockUser -->
        <test-method signature="verifyblockUser(java.lang.String,java.lang.String,java.lang.String)[pri:3, instance:tests.LoginTest@3a80515c]" started-at="2026-03-24T17:26:37 IST" name="verifyblockUser" data-provider="BlockLoginCredentials" finished-at="2026-03-24T17:26:38 IST" duration-ms="1293" status="PASS">
          <params>
            <param index="0">
              <value>
                <![CDATA[Check]]>
              </value>
            </param>
            <param index="1">
              <value>
                <![CDATA[User1234]]>
              </value>
            </param>
            <param index="2">
              <value>
                <![CDATA[Invalid user name or password.]]>
              </value>
            </param>
          </params>
          <reporter-output>
            <line>
              <![CDATA[Test Case Started : verifyblockUser]]>
            </line>
            <line>
              <![CDATA[Test Case Success : 1]]>
            </line>
          </reporter-output>
        </test-method> <!-- verifyblockUser -->
        <test-method signature="verifyblockUser(java.lang.String,java.lang.String,java.lang.String)[pri:3, instance:tests.LoginTest@3a80515c]" started-at="2026-03-24T17:26:38 IST" name="verifyblockUser" data-provider="BlockLoginCredentials" finished-at="2026-03-24T17:26:40 IST" duration-ms="1261" status="PASS">
          <params>
            <param index="0">
              <value>
                <![CDATA[Check]]>
              </value>
            </param>
            <param index="1">
              <value>
                <![CDATA[User12345]]>
              </value>
            </param>
            <param index="2">
              <value>
                <![CDATA[Your account has been disabled due to maximum failed login attempts. Please contact System Administrator.]]>
              </value>
            </param>
          </params>
          <reporter-output>
            <line>
              <![CDATA[Test Case Started : verifyblockUser]]>
            </line>
            <line>
              <![CDATA[Test Case Success : 1]]>
            </line>
          </reporter-output>
        </test-method> <!-- verifyblockUser -->
        <test-method signature="mainUserLogin(java.lang.String,java.lang.String)[pri:4, instance:tests.LoginTest@3a80515c]" started-at="2026-03-24T17:26:40 IST" name="mainUserLogin" data-provider="LoginCredentials1" finished-at="2026-03-24T17:26:41 IST" duration-ms="1002" status="PASS">
          <params>
            <param index="0">
              <value>
                <![CDATA[Approver]]>
              </value>
            </param>
            <param index="1">
              <value>
                <![CDATA[User@123]]>
              </value>
            </param>
          </params>
          <reporter-output>
            <line>
              <![CDATA[Test Case Started : mainUserLogin]]>
            </line>
            <line>
              <![CDATA[Test Case Success : 1]]>
            </line>
          </reporter-output>
        </test-method> <!-- mainUserLogin -->
      </class> <!-- tests.LoginTest -->
      <class name="tests.AccessPermissions">
        <test-method is-config="true" signature="verifyAccessPermissionsSetup()[pri:0, instance:tests.AccessPermissions@238b521e]" started-at="2026-03-24T17:26:41 IST" name="verifyAccessPermissionsSetup" finished-at="2026-03-24T17:26:41 IST" duration-ms="18" status="PASS">
          <reporter-output>
          </reporter-output>
        </test-method> <!-- verifyAccessPermissionsSetup -->
        <test-method signature="verifyAddGroup()[pri:1, instance:tests.AccessPermissions@238b521e]" started-at="2026-03-24T17:26:41 IST" name="verifyAddGroup" finished-at="2026-03-24T17:26:42 IST" duration-ms="1637" status="PASS">
          <reporter-output>
            <line>
              <![CDATA[Test Case Started : verifyAddGroup]]>
            </line>
            <line>
              <![CDATA[Test Case Success : 1]]>
            </line>
          </reporter-output>
        </test-method> <!-- verifyAddGroup -->
        <test-method signature="verifyViewGroup()[pri:2, instance:tests.AccessPermissions@238b521e]" started-at="2026-03-24T17:26:43 IST" name="verifyViewGroup" finished-at="2026-03-24T17:26:43 IST" depends-on-methods="tests.AccessPermissions.verifyAddGroup" duration-ms="914" status="PASS">
          <reporter-output>
            <line>
              <![CDATA[Test Case Started : verifyViewGroup]]>
            </line>
            <line>
              <![CDATA[Test Case Success : 1]]>
            </line>
          </reporter-output>
        </test-method> <!-- verifyViewGroup -->
        <test-method signature="verifyEditGroup()[pri:3, instance:tests.AccessPermissions@238b521e]" started-at="2026-03-24T17:26:44 IST" name="verifyEditGroup" finished-at="2026-03-24T17:26:44 IST" depends-on-methods="tests.AccessPermissions.verifyAddGroup" duration-ms="595" status="PASS">
          <reporter-output>
            <line>
              <![CDATA[Test Case Started : verifyEditGroup]]>
            </line>
            <line>
              <![CDATA[Test Case Success : 1]]>
            </line>
          </reporter-output>
        </test-method> <!-- verifyEditGroup -->
        <test-method signature="verifyDeleteGroup()[pri:4, instance:tests.AccessPermissions@238b521e]" started-at="2026-03-24T17:26:44 IST" name="verifyDeleteGroup" finished-at="2026-03-24T17:26:45 IST" depends-on-methods="tests.AccessPermissions.verifyAddGroup" duration-ms="454" status="PASS">
          <reporter-output>
            <line>
              <![CDATA[Test Case Started : verifyDeleteGroup]]>
            </line>
            <line>
              <![CDATA[Test Case Success : 1]]>
            </line>
          </reporter-output>
        </test-method> <!-- verifyDeleteGroup -->
        <test-method signature="verifyAddRole()[pri:5, instance:tests.AccessPermissions@238b521e]" started-at="2026-03-24T17:26:45 IST" name="verifyAddRole" finished-at="2026-03-24T17:26:47 IST" duration-ms="2159" status="PASS">
          <reporter-output>
            <line>
              <![CDATA[Test Case Started : verifyAddRole]]>
            </line>
            <line>
              <![CDATA[Test Case Success : 1]]>
            </line>
          </reporter-output>
        </test-method> <!-- verifyAddRole -->
        <test-method signature="verifyViewRole()[pri:6, instance:tests.AccessPermissions@238b521e]" started-at="2026-03-24T17:26:47 IST" name="verifyViewRole" finished-at="2026-03-24T17:26:48 IST" depends-on-methods="tests.AccessPermissions.verifyAddRole" duration-ms="992" status="PASS">
          <reporter-output>
            <line>
              <![CDATA[Test Case Started : verifyViewRole]]>
            </line>
            <line>
              <![CDATA[Test Case Success : 1]]>
            </line>
          </reporter-output>
        </test-method> <!-- verifyViewRole -->
        <test-method signature="verifyEditRole()[pri:7, instance:tests.AccessPermissions@238b521e]" started-at="2026-03-24T17:26:49 IST" name="verifyEditRole" finished-at="2026-03-24T17:26:50 IST" depends-on-methods="tests.AccessPermissions.verifyAddRole" duration-ms="1191" status="PASS">
          <reporter-output>
            <line>
              <![CDATA[Test Case Started : verifyEditRole]]>
            </line>
            <line>
              <![CDATA[Test Case Success : 1]]>
            </line>
          </reporter-output>
        </test-method> <!-- verifyEditRole -->
        <test-method signature="verifyDeleteRole()[pri:8, instance:tests.AccessPermissions@238b521e]" started-at="2026-03-24T17:26:50 IST" name="verifyDeleteRole" finished-at="2026-03-24T17:26:51 IST" depends-on-methods="tests.AccessPermissions.verifyAddRole" duration-ms="814" status="PASS">
          <reporter-output>
            <line>
              <![CDATA[Test Case Started : verifyDeleteRole]]>
            </line>
            <line>
              <![CDATA[Test Case Success : 1]]>
            </line>
          </reporter-output>
        </test-method> <!-- verifyDeleteRole -->
        <test-method signature="verifyAddUser()[pri:9, instance:tests.AccessPermissions@238b521e]" started-at="2026-03-24T17:26:51 IST" name="verifyAddUser" finished-at="2026-03-24T17:26:52 IST" duration-ms="1180" status="PASS">
          <reporter-output>
            <line>
              <![CDATA[Test Case Started : verifyAddUser]]>
            </line>
            <line>
              <![CDATA[Test Case Success : 1]]>
            </line>
          </reporter-output>
        </test-method> <!-- verifyAddUser -->
        <test-method signature="verifyViewUser()[pri:10, instance:tests.AccessPermissions@238b521e]" started-at="2026-03-24T17:26:52 IST" name="verifyViewUser" finished-at="2026-03-24T17:26:53 IST" depends-on-methods="tests.AccessPermissions.verifyAddUser" duration-ms="892" status="PASS">
          <reporter-output>
            <line>
              <![CDATA[Test Case Started : verifyViewUser]]>
            </line>
            <line>
              <![CDATA[Test Case Success : 1]]>
            </line>
          </reporter-output>
        </test-method> <!-- verifyViewUser -->
        <test-method signature="verifyEditUser()[pri:11, instance:tests.AccessPermissions@238b521e]" started-at="2026-03-24T17:26:53 IST" name="verifyEditUser" finished-at="2026-03-24T17:26:54 IST" depends-on-methods="tests.AccessPermissions.verifyAddUser" duration-ms="649" status="PASS">
          <reporter-output>
            <line>
              <![CDATA[Test Case Started : verifyEditUser]]>
            </line>
            <line>
              <![CDATA[Test Case Success : 1]]>
            </line>
          </reporter-output>
        </test-method> <!-- verifyEditUser -->
        <test-method signature="verifyDeleteUser()[pri:12, instance:tests.AccessPermissions@238b521e]" started-at="2026-03-24T17:26:54 IST" name="verifyDeleteUser" finished-at="2026-03-24T17:26:55 IST" depends-on-methods="tests.AccessPermissions.verifyAddUser" duration-ms="945" status="PASS">
          <reporter-output>
            <line>
              <![CDATA[Test Case Started : verifyDeleteUser]]>
            </line>
            <line>
              <![CDATA[Test Case Success : 1]]>
            </line>
          </reporter-output>
        </test-method> <!-- verifyDeleteUser -->
      </class> <!-- tests.AccessPermissions -->
      <class name="tests.Login">
        <test-method is-config="true" signature="launchBrowser()[pri:0, instance:tests.Login@46cf05f7]" started-at="2026-03-24T17:26:18 IST" name="launchBrowser" finished-at="2026-03-24T17:26:22 IST" duration-ms="3626" status="PASS">
          <reporter-output>
          </reporter-output>
        </test-method> <!-- launchBrowser -->
        <test-method signature="verifyLoginData(java.lang.String,java.lang.String)[pri:0, instance:tests.Login@46cf05f7]" started-at="2026-03-24T17:26:23 IST" name="verifyLoginData" data-provider="LoginCredentials" finished-at="2026-03-24T17:26:25 IST" duration-ms="1343" status="PASS">
          <params>
            <param index="0">
              <value>
                <![CDATA[Approver]]>
              </value>
            </param>
            <param index="1">
              <value>
                <![CDATA[User@123]]>
              </value>
            </param>
          </params>
          <reporter-output>
            <line>
              <![CDATA[Test Case Started : verifyLoginData]]>
            </line>
            <line>
              <![CDATA[Test Case Success : 1]]>
            </line>
          </reporter-output>
        </test-method> <!-- verifyLoginData -->
      </class> <!-- tests.Login -->
      <class name="tests.BatchReport">
        <test-method signature="readDataExtraction()[pri:2, instance:tests.BatchReport@21680803]" started-at="2026-03-24T17:27:08 IST" name="readDataExtraction" finished-at="2026-03-24T17:27:17 IST" duration-ms="9792" status="PASS">
          <reporter-output>
            <line>
              <![CDATA[Test Case Started : readDataExtraction]]>
            </line>
            <line>
              <![CDATA[Test Case Success : 1]]>
            </line>
          </reporter-output>
        </test-method> <!-- readDataExtraction -->
      </class> <!-- tests.BatchReport -->
      <class name="tests.Logout">
        <test-method signature="logoutUser()[pri:0, instance:tests.Logout@588ab592]" started-at="2026-03-24T17:27:17 IST" name="logoutUser" finished-at="2026-03-24T17:27:18 IST" duration-ms="457" status="PASS">
          <reporter-output>
            <line>
              <![CDATA[Test Case Started : logoutUser]]>
            </line>
            <line>
              <![CDATA[Test Case Success : 1]]>
            </line>
          </reporter-output>
        </test-method> <!-- logoutUser -->
      </class> <!-- tests.Logout -->
      <class name="tests.DetailReport">
        <test-method is-config="true" signature="reportsModule()[pri:0, instance:tests.DetailReport@3e2fc448]" started-at="2026-03-24T17:27:03 IST" name="reportsModule" finished-at="2026-03-24T17:27:04 IST" duration-ms="1003" status="PASS">
          <reporter-output>
          </reporter-output>
        </test-method> <!-- reportsModule -->
        <test-method signature="detailReportGenerate()[pri:0, instance:tests.DetailReport@3e2fc448]" started-at="2026-03-24T17:27:04 IST" name="detailReportGenerate" finished-at="2026-03-24T17:27:07 IST" duration-ms="3114" status="PASS">
          <reporter-output>
            <line>
              <![CDATA[Test Case Started : detailReportGenerate]]>
            </line>
            <line>
              <![CDATA[Test Case Success : 1]]>
            </line>
          </reporter-output>
        </test-method> <!-- detailReportGenerate -->
      </class> <!-- tests.DetailReport -->
      <class name="tests.DocSegments">
        <test-method is-config="true" signature="verifyDocSegmentssetup()[pri:0, instance:tests.DocSegments@1b39fd82]" started-at="2026-03-24T17:26:55 IST" name="verifyDocSegmentssetup" finished-at="2026-03-24T17:26:55 IST" duration-ms="4" status="PASS">
          <reporter-output>
          </reporter-output>
        </test-method> <!-- verifyDocSegmentssetup -->
        <test-method signature="verifyAddDocSeg()[pri:1, instance:tests.DocSegments@1b39fd82]" started-at="2026-03-24T17:26:55 IST" name="verifyAddDocSeg" finished-at="2026-03-24T17:27:00 IST" duration-ms="4884" status="PASS">
          <reporter-output>
            <line>
              <![CDATA[Test Case Started : verifyAddDocSeg]]>
            </line>
            <line>
              <![CDATA[Test Case Success : 1]]>
            </line>
          </reporter-output>
        </test-method> <!-- verifyAddDocSeg -->
        <test-method signature="verifyViewDogSeg()[pri:2, instance:tests.DocSegments@1b39fd82]" started-at="2026-03-24T17:27:00 IST" name="verifyViewDogSeg" finished-at="2026-03-24T17:27:01 IST" duration-ms="859" status="PASS">
          <reporter-output>
            <line>
              <![CDATA[Test Case Started : verifyViewDogSeg]]>
            </line>
            <line>
              <![CDATA[Test Case Success : 1]]>
            </line>
          </reporter-output>
        </test-method> <!-- verifyViewDogSeg -->
        <test-method signature="verifyEditDogSeg()[pri:3, instance:tests.DocSegments@1b39fd82]" started-at="2026-03-24T17:27:01 IST" name="verifyEditDogSeg" finished-at="2026-03-24T17:27:02 IST" duration-ms="912" status="PASS">
          <reporter-output>
            <line>
              <![CDATA[Test Case Started : verifyEditDogSeg]]>
            </line>
            <line>
              <![CDATA[Test Case Success : 1]]>
            </line>
          </reporter-output>
        </test-method> <!-- verifyEditDogSeg -->
        <test-method signature="verifyDeleteDogSeg()[pri:4, instance:tests.DocSegments@1b39fd82]" started-at="2026-03-24T17:27:02 IST" name="verifyDeleteDogSeg" finished-at="2026-03-24T17:27:03 IST" duration-ms="875" status="PASS">
          <reporter-output>
            <line>
              <![CDATA[Test Case Started : verifyDeleteDogSeg]]>
            </line>
            <line>
              <![CDATA[Test Case Success : 1]]>
            </line>
          </reporter-output>
        </test-method> <!-- verifyDeleteDogSeg -->
      </class> <!-- tests.DocSegments -->
    </test> <!-- Test -->
  </suite> <!-- Suite -->
</testng-results>
