<?xml version="1.0" encoding="UTF-8"?>
<testsuite xmlns:xsi="http://www.w3.org/2001/XMLSchema-instance" xsi:noNamespaceSchemaLocation="https://maven.apache.org/surefire/maven-surefire-plugin/xsd/surefire-test-report-3.0.xsd" version="3.0" name="TestSuite" time="13.679" tests="4" errors="0" skipped="0" failures="2">
  <properties>
[...]
</properties>
  <testcase name="Login_Data[Approver, User@123](1)" classname="test_case.Login" time="1.054">
    <system-out><![CDATA[2025-09-22 16:19:42 INFO  [main] Base_Class - Application Started
2025-09-22 16:19:42 INFO  [main] Base_Class - ===================
2025-09-22 16:19:46 INFO  [main] Base_Class - FireFoxDriver Object is Created  FirefoxDriver: firefox on windows (82622849-c81f-44e2-8617-f019fac1bcdd)
2025-09-22 16:19:46 INFO  [main] Base_Class - Browser Got Opened
2025-09-22 16:19:46 INFO  [main] Base_Class - url Called  http://192.168.2.27:9091/
2025-09-22 16:19:46 INFO  [main] Base_Class - Tear Up is Done
Test Case Starting
2025-09-22 16:19:47 INFO  [main] Login - Login Test Cases Started
2025-09-22 16:19:47 INFO  [main] Login - Login_Page Object Created
2025-09-22 16:19:47 INFO  [main] Login - Login Page Method call
2025-09-22 16:19:47 INFO  [main] Login_page - Login Method Called
2025-09-22 16:19:47 INFO  [main] Login_page - Entered UserName is :Approver
2025-09-22 16:19:47 INFO  [main] Login_page - Password Entered
2025-09-22 16:19:48 INFO  [main] Login_page - Submit Button Clicked
2025-09-22 16:19:48 INFO  [main] Login_page - Login SuccessFull
2025-09-22 16:19:48 INFO  [main] Login - Login Test Completed Sucessfully
Test Case Success
]]></system-out>
    <system-err><![CDATA[SLF4J(W): No SLF4J providers were found.
SLF4J(W): Defaulting to no-operation (NOP) logger implementation
SLF4J(W): See https://www.slf4j.org/codes.html#noProviders for further details.
]]></system-err>
  </testcase>
  <testcase name="Add_Group" classname="test_case.Access_permissions" time="1.599">
    <failure message="Submit is clicked : Not Clicked" type="java.lang.RuntimeException"><![CDATA[java.lang.RuntimeException: Submit is clicked : Not Clicked
	at test_case.Access_permissions.Add_Group(Access_permissions.java:29)
]]></failure>
    <system-out><![CDATA[2025-09-22 16:19:48 INFO  [main] Access_permissions - Access Permissions link Click
Test Case Starting
2025-09-22 16:19:48 INFO  [main] Access_permissions - This is Add Group Method
2025-09-22 16:19:48 INFO  [main] Helper_Class - Access Permissions Module Clicked
2025-09-22 16:19:48 INFO  [main] Helper_Class - Sub Module Group is clicked Clicked
2025-09-22 16:19:49 INFO  [main] Helper_Class - New Group Button is clicked Clicked
2025-09-22 16:19:49 INFO  [main] Helper_Class - All Modules is clicked Clicked
Test Case Failure
]]></system-out>
  </testcase>
  <testcase name="Add_Role" classname="test_case.Access_permissions" time="0.906">
    <failure message="Add New Role : Not Clicked" type="java.lang.RuntimeException"><![CDATA[java.lang.RuntimeException: Add New Role : Not Clicked
	at test_case.Access_permissions.Add_Role(Access_permissions.java:36)
]]></failure>
    <system-out><![CDATA[Test Case Starting
2025-09-22 16:19:49 INFO  [main] Access_permissions - This is Add Role Method
2025-09-22 16:19:50 INFO  [main] Helper_Class - Roles Module Clicked
Test Case Failure
]]></system-out>
  </testcase>
  <testcase name="Add_User" classname="test_case.Access_permissions" time="3.645">
    <system-out><![CDATA[Test Case Starting
2025-09-22 16:19:50 INFO  [main] Access_permissions - This is an Add User Method
2025-09-22 16:19:51 INFO  [main] Helper_Class - User Module to be selected  Clicked
2025-09-22 16:19:51 INFO  [main] Helper_Class - Select Role User Yes Radio Button  Clicked
2025-09-22 16:19:52 INFO  [main] Helper_Class - Selected Role User Yes Radio Button  Clicked
2025-09-22 16:19:52 INFO  [main] Helper_Class - Active User Yes Radio Button  Clicked
2025-09-22 16:19:54 INFO  [main] Helper_Class - User Save Button  Clicked
2025-09-22 16:19:54 INFO  [main] Access_Permissions_page - User Created Successfully
Test Case Success
]]></system-out>
  </testcase>
</testsuite>