<?xml version="1.0" encoding="UTF-8"?>
<testng-results ignored="0" total="32" passed="32" failed="0" skipped="0">
  <reporter-output>
    <line>
      <![CDATA[Test Case Started : verifyLoginData]]>
    </line>
    <line>
      <![CDATA[Test Case Success : 1]]>
    </line>
    <line>
      <![CDATA[Test Case Started : logoutMainUser]]>
    </line>
    <line>
      <![CDATA[Test Case Success : 1]]>
    </line>
    <line>
      <![CDATA[Test Case Started : verifyLoginTest]]>
    </line>
    <line>
      <![CDATA[Test Case Success : 1]]>
    </line>
    <line>
      <![CDATA[Test Case Started : verifyLoginTest]]>
    </line>
    <line>
      <![CDATA[Test Case Success : 1]]>
    </line>
    <line>
      <![CDATA[Test Case Started : verifyLoginTest]]>
    </line>
    <line>
      <![CDATA[Test Case Success : 1]]>
    </line>
    <line>
      <![CDATA[Test Case Started : verifyLoginTest]]>
    </line>
    <line>
      <![CDATA[Test Case Success : 1]]>
    </line>
    <line>
      <![CDATA[Test Case Started : verifyblockUser]]>
    </line>
    <line>
      <![CDATA[Test Case Success : 1]]>
    </line>
    <line>
      <![CDATA[Test Case Started : verifyblockUser]]>
    </line>
    <line>
      <![CDATA[Test Case Success : 1]]>
    </line>
    <line>
      <![CDATA[Test Case Started : verifyblockUser]]>
    </line>
    <line>
      <![CDATA[Test Case Success : 1]]>
    </line>
    <line>
      <![CDATA[Test Case Started : verifyblockUser]]>
    </line>
    <line>
      <![CDATA[Test Case Success : 1]]>
    </line>
    <line>
      <![CDATA[Test Case Started : verifyblockUser]]>
    </line>
    <line>
      <![CDATA[Test Case Success : 1]]>
    </line>
    <line>
      <![CDATA[Test Case Started : verifyblockUser]]>
    </line>
    <line>
      <![CDATA[Test Case Success : 1]]>
    </line>
    <line>
      <![CDATA[Test Case Started : mainUserLogin]]>
    </line>
    <line>
      <![CDATA[Test Case Success : 1]]>
    </line>
    <line>
      <![CDATA[Test Case Started : verifyAddGroup]]>
    </line>
    <line>
      <![CDATA[Test Case Success : 1]]>
    </line>
    <line>
      <![CDATA[Test Case Started : verifyViewGroup]]>
    </line>
    <line>
      <![CDATA[Test Case Success : 1]]>
    </line>
    <line>
      <![CDATA[Test Case Started : verifyEditGroup]]>
    </line>
    <line>
      <![CDATA[Test Case Success : 1]]>
    </line>
    <line>
      <![CDATA[Test Case Started : verifyDeleteGroup]]>
    </line>
    <line>
      <![CDATA[Test Case Success : 1]]>
    </line>
    <line>
      <![CDATA[Test Case Started : verifyAddRole]]>
    </line>
    <line>
      <![CDATA[Test Case Success : 1]]>
    </line>
    <line>
      <![CDATA[Test Case Started : verifyViewRole]]>
    </line>
    <line>
      <![CDATA[Test Case Success : 1]]>
    </line>
    <line>
      <![CDATA[Test Case Started : verifyEditRole]]>
    </line>
    <line>
      <![CDATA[Test Case Success : 1]]>
    </line>
    <line>
      <![CDATA[Test Case Started : verifyDeleteRole]]>
    </line>
    <line>
      <![CDATA[Test Case Success : 1]]>
    </line>
    <line>
      <![CDATA[Test Case Started : verifyAddUser]]>
    </line>
    <line>
      <![CDATA[Test Case Success : 1]]>
    </line>
    <line>
      <![CDATA[Test Case Started : verifyViewUser]]>
    </line>
    <line>
      <![CDATA[Test Case Success : 1]]>
    </line>
    <line>
      <![CDATA[Test Case Started : verifyEditUser]]>
    </line>
    <line>
      <![CDATA[Test Case Success : 1]]>
    </line>
    <line>
      <![CDATA[Test Case Started : verifyDeleteUser]]>
    </line>
    <line>
      <![CDATA[Test Case Success : 1]]>
    </line>
    <line>
      <![CDATA[Test Case Started : verifyAddDocSeg]]>
    </line>
    <line>
      <![CDATA[Test Case Success : 1]]>
    </line>
    <line>
      <![CDATA[Test Case Started : verifyViewDogSeg]]>
    </line>
    <line>
      <![CDATA[Test Case Success : 1]]>
    </line>
    <line>
      <![CDATA[Test Case Started : verifyEditDogSeg]]>
    </line>
    <line>
      <![CDATA[Test Case Success : 1]]>
    </line>
    <line>
      <![CDATA[Test Case Started : verifyDeleteDogSeg]]>
    </line>
    <line>
      <![CDATA[Test Case Success : 1]]>
    </line>
    <line>
      <![CDATA[Test Case Started : detailReportGenerate]]>
    </line>
    <line>
      <![CDATA[Test Case Success : 1]]>
    </line>
    <line>
      <![CDATA[Test Case Started : readDataExtraction]]>
    </line>
    <line>
      <![CDATA[Test Case Success : 1]]>
    </line>
    <line>
      <![CDATA[Test Case Started : logoutUser]]>
    </line>
    <line>
      <![CDATA[Test Case Success : 1]]>
    </line>
  </reporter-output>
  <suite started-at="2026-05-13T15:50:44 IST" name="Suite" finished-at="2026-05-13T15:51:40 IST" duration-ms="56317">
    <groups>
    </groups>
    <test started-at="2026-05-13T15:50:44 IST" name="Test" finished-at="2026-05-13T15:51:40 IST" duration-ms="56317">
      <class name="tests.LoginTest">
        <test-method signature="logoutMainUser()[pri:1, instance:tests.LoginTest@50fe837a]" started-at="2026-05-13T15:50:47 IST" name="logoutMainUser" finished-at="2026-05-13T15:50:48 IST" duration-ms="630" status="PASS">
          <reporter-output>
            <line>
              <![CDATA[Test Case Started : logoutMainUser]]>
            </line>
            <line>
              <![CDATA[Test Case Success : 1]]>
            </line>
          </reporter-output>
        </test-method> <!-- logoutMainUser -->
        <test-method signature="verifyLoginTest(java.lang.String,java.lang.String,java.lang.String)[pri:2, instance:tests.LoginTest@50fe837a]" started-at="2026-05-13T15:50:48 IST" name="verifyLoginTest" data-provider="LoginCredentials" finished-at="2026-05-13T15:50:49 IST" duration-ms="1314" status="PASS">
          <params>
            <param index="0">
              <value>
                <![CDATA[Approver1]]>
              </value>
            </param>
            <param index="1">
              <value>
                <![CDATA[User@1234]]>
              </value>
            </param>
            <param index="2">
              <value>
                <![CDATA[Invalid user name or password or Deactivated.]]>
              </value>
            </param>
          </params>
          <reporter-output>
            <line>
              <![CDATA[Test Case Started : verifyLoginTest]]>
            </line>
            <line>
              <![CDATA[Test Case Success : 1]]>
            </line>
          </reporter-output>
        </test-method> <!-- verifyLoginTest -->
        <test-method signature="verifyLoginTest(java.lang.String,java.lang.String,java.lang.String)[pri:2, instance:tests.LoginTest@50fe837a]" started-at="2026-05-13T15:50:49 IST" name="verifyLoginTest" data-provider="LoginCredentials" finished-at="2026-05-13T15:50:50 IST" duration-ms="1310" status="PASS">
          <params>
            <param index="0">
              <value>
                <![CDATA[Approver]]>
              </value>
            </param>
            <param index="1">
              <value>
                <![CDATA[User@1234]]>
              </value>
            </param>
            <param index="2">
              <value>
                <![CDATA[Invalid user name or password.]]>
              </value>
            </param>
          </params>
          <reporter-output>
            <line>
              <![CDATA[Test Case Started : verifyLoginTest]]>
            </line>
            <line>
              <![CDATA[Test Case Success : 1]]>
            </line>
          </reporter-output>
        </test-method> <!-- verifyLoginTest -->
        <test-method signature="verifyLoginTest(java.lang.String,java.lang.String,java.lang.String)[pri:2, instance:tests.LoginTest@50fe837a]" started-at="2026-05-13T15:50:50 IST" name="verifyLoginTest" data-provider="LoginCredentials" finished-at="2026-05-13T15:50:52 IST" duration-ms="1268" status="PASS">
          <params>
            <param index="0">
              <value>
                <![CDATA[Approver1]]>
              </value>
            </param>
            <param index="1">
              <value>
                <![CDATA[User@123]]>
              </value>
            </param>
            <param index="2">
              <value>
                <![CDATA[Invalid user name or password or Deactivated.]]>
              </value>
            </param>
          </params>
          <reporter-output>
            <line>
              <![CDATA[Test Case Started : verifyLoginTest]]>
            </line>
            <line>
              <![CDATA[Test Case Success : 1]]>
            </line>
          </reporter-output>
        </test-method> <!-- verifyLoginTest -->
        <test-method signature="verifyLoginTest(java.lang.String,java.lang.String,java.lang.String)[pri:2, instance:tests.LoginTest@50fe837a]" started-at="2026-05-13T15:50:52 IST" name="verifyLoginTest" data-provider="LoginCredentials" finished-at="2026-05-13T15:50:53 IST" duration-ms="1503" status="PASS">
          <params>
            <param index="0">
              <value>
                <![CDATA[Approver]]>
              </value>
            </param>
            <param index="1">
              <value>
                <![CDATA[User@123]]>
              </value>
            </param>
            <param index="2">
              <value>
                <![CDATA[]]>
              </value>
            </param>
          </params>
          <reporter-output>
            <line>
              <![CDATA[Test Case Started : verifyLoginTest]]>
            </line>
            <line>
              <![CDATA[Test Case Success : 1]]>
            </line>
          </reporter-output>
        </test-method> <!-- verifyLoginTest -->
        <test-method signature="verifyblockUser(java.lang.String,java.lang.String,java.lang.String)[pri:3, instance:tests.LoginTest@50fe837a]" started-at="2026-05-13T15:50:54 IST" name="verifyblockUser" data-provider="BlockLoginCredentials" finished-at="2026-05-13T15:50:55 IST" duration-ms="1295" status="PASS">
          <params>
            <param index="0">
              <value>
                <![CDATA[Check]]>
              </value>
            </param>
            <param index="1">
              <value>
                <![CDATA[User123]]>
              </value>
            </param>
            <param index="2">
              <value>
                <![CDATA[Invalid user name or password.]]>
              </value>
            </param>
          </params>
          <reporter-output>
            <line>
              <![CDATA[Test Case Started : verifyblockUser]]>
            </line>
            <line>
              <![CDATA[Test Case Success : 1]]>
            </line>
          </reporter-output>
        </test-method> <!-- verifyblockUser -->
        <test-method signature="verifyblockUser(java.lang.String,java.lang.String,java.lang.String)[pri:3, instance:tests.LoginTest@50fe837a]" started-at="2026-05-13T15:50:55 IST" name="verifyblockUser" data-provider="BlockLoginCredentials" finished-at="2026-05-13T15:50:56 IST" duration-ms="1255" status="PASS">
          <params>
            <param index="0">
              <value>
                <![CDATA[Check]]>
              </value>
            </param>
            <param index="1">
              <value>
                <![CDATA[User1234]]>
              </value>
            </param>
            <param index="2">
              <value>
                <![CDATA[Invalid user name or password.]]>
              </value>
            </param>
          </params>
          <reporter-output>
            <line>
              <![CDATA[Test Case Started : verifyblockUser]]>
            </line>
            <line>
              <![CDATA[Test Case Success : 1]]>
            </line>
          </reporter-output>
        </test-method> <!-- verifyblockUser -->
        <test-method signature="verifyblockUser(java.lang.String,java.lang.String,java.lang.String)[pri:3, instance:tests.LoginTest@50fe837a]" started-at="2026-05-13T15:50:56 IST" name="verifyblockUser" data-provider="BlockLoginCredentials" finished-at="2026-05-13T15:50:58 IST" duration-ms="1411" status="PASS">
          <params>
            <param index="0">
              <value>
                <![CDATA[Check]]>
              </value>
            </param>
            <param index="1">
              <value>
                <![CDATA[User@123]]>
              </value>
            </param>
            <param index="2">
              <value>
                <![CDATA[]]>
              </value>
            </param>
          </params>
          <reporter-output>
            <line>
              <![CDATA[Test Case Started : verifyblockUser]]>
            </line>
            <line>
              <![CDATA[Test Case Success : 1]]>
            </line>
          </reporter-output>
        </test-method> <!-- verifyblockUser -->
        <test-method signature="verifyblockUser(java.lang.String,java.lang.String,java.lang.String)[pri:3, instance:tests.LoginTest@50fe837a]" started-at="2026-05-13T15:50:58 IST" name="verifyblockUser" data-provider="BlockLoginCredentials" finished-at="2026-05-13T15:50:59 IST" duration-ms="1398" status="PASS">
          <params>
            <param index="0">
              <value>
                <![CDATA[Check]]>
              </value>
            </param>
            <param index="1">
              <value>
                <![CDATA[User123]]>
              </value>
            </param>
            <param index="2">
              <value>
                <![CDATA[Invalid user name or password.]]>
              </value>
            </param>
          </params>
          <reporter-output>
            <line>
              <![CDATA[Test Case Started : verifyblockUser]]>
            </line>
            <line>
              <![CDATA[Test Case Success : 1]]>
            </line>
          </reporter-output>
        </test-method> <!-- verifyblockUser -->
        <test-method signature="verifyblockUser(java.lang.String,java.lang.String,java.lang.String)[pri:3, instance:tests.LoginTest@50fe837a]" started-at="2026-05-13T15:50:59 IST" name="verifyblockUser" data-provider="BlockLoginCredentials" finished-at="2026-05-13T15:51:01 IST" duration-ms="1292" status="PASS">
          <params>
            <param index="0">
              <value>
                <![CDATA[Check]]>
              </value>
            </param>
            <param index="1">
              <value>
                <![CDATA[User1234]]>
              </value>
            </param>
            <param index="2">
              <value>
                <![CDATA[Invalid user name or password.]]>
              </value>
            </param>
          </params>
          <reporter-output>
            <line>
              <![CDATA[Test Case Started : verifyblockUser]]>
            </line>
            <line>
              <![CDATA[Test Case Success : 1]]>
            </line>
          </reporter-output>
        </test-method> <!-- verifyblockUser -->
        <test-method signature="verifyblockUser(java.lang.String,java.lang.String,java.lang.String)[pri:3, instance:tests.LoginTest@50fe837a]" started-at="2026-05-13T15:51:01 IST" name="verifyblockUser" data-provider="BlockLoginCredentials" finished-at="2026-05-13T15:51:02 IST" duration-ms="1277" status="PASS">
          <params>
            <param index="0">
              <value>
                <![CDATA[Check]]>
              </value>
            </param>
            <param index="1">
              <value>
                <![CDATA[User12345]]>
              </value>
            </param>
            <param index="2">
              <value>
                <![CDATA[Your account has been disabled due to maximum failed login attempts. Please contact System Administrator.]]>
              </value>
            </param>
          </params>
          <reporter-output>
            <line>
              <![CDATA[Test Case Started : verifyblockUser]]>
            </line>
            <line>
              <![CDATA[Test Case Success : 1]]>
            </line>
          </reporter-output>
        </test-method> <!-- verifyblockUser -->
        <test-method signature="mainUserLogin(java.lang.String,java.lang.String)[pri:4, instance:tests.LoginTest@50fe837a]" started-at="2026-05-13T15:51:02 IST" name="mainUserLogin" data-provider="LoginCredentials1" finished-at="2026-05-13T15:51:03 IST" duration-ms="914" status="PASS">
          <params>
            <param index="0">
              <value>
                <![CDATA[Approver]]>
              </value>
            </param>
            <param index="1">
              <value>
                <![CDATA[User@123]]>
              </value>
            </param>
          </params>
          <reporter-output>
            <line>
              <![CDATA[Test Case Started : mainUserLogin]]>
            </line>
            <line>
              <![CDATA[Test Case Success : 1]]>
            </line>
          </reporter-output>
        </test-method> <!-- mainUserLogin -->
      </class> <!-- tests.LoginTest -->
      <class name="tests.AccessPermissions">
        <test-method is-config="true" signature="verifyAccessPermissionsSetup()[pri:0, instance:tests.AccessPermissions@5ce33a58]" started-at="2026-05-13T15:51:03 IST" name="verifyAccessPermissionsSetup" finished-at="2026-05-13T15:51:03 IST" duration-ms="11" status="PASS">
          <reporter-output>
          </reporter-output>
        </test-method> <!-- verifyAccessPermissionsSetup -->
        <test-method signature="verifyAddGroup()[pri:1, instance:tests.AccessPermissions@5ce33a58]" started-at="2026-05-13T15:51:03 IST" name="verifyAddGroup" finished-at="2026-05-13T15:51:05 IST" duration-ms="1643" status="PASS">
          <reporter-output>
            <line>
              <![CDATA[Test Case Started : verifyAddGroup]]>
            </line>
            <line>
              <![CDATA[Test Case Success : 1]]>
            </line>
          </reporter-output>
        </test-method> <!-- verifyAddGroup -->
        <test-method signature="verifyViewGroup()[pri:2, instance:tests.AccessPermissions@5ce33a58]" started-at="2026-05-13T15:51:05 IST" name="verifyViewGroup" finished-at="2026-05-13T15:51:06 IST" depends-on-methods="tests.AccessPermissions.verifyAddGroup" duration-ms="946" status="PASS">
          <reporter-output>
            <line>
              <![CDATA[Test Case Started : verifyViewGroup]]>
            </line>
            <line>
              <![CDATA[Test Case Success : 1]]>
            </line>
          </reporter-output>
        </test-method> <!-- verifyViewGroup -->
        <test-method signature="verifyEditGroup()[pri:3, instance:tests.AccessPermissions@5ce33a58]" started-at="2026-05-13T15:51:06 IST" name="verifyEditGroup" finished-at="2026-05-13T15:51:07 IST" depends-on-methods="tests.AccessPermissions.verifyAddGroup" duration-ms="609" status="PASS">
          <reporter-output>
            <line>
              <![CDATA[Test Case Started : verifyEditGroup]]>
            </line>
            <line>
              <![CDATA[Test Case Success : 1]]>
            </line>
          </reporter-output>
        </test-method> <!-- verifyEditGroup -->
        <test-method signature="verifyDeleteGroup()[pri:4, instance:tests.AccessPermissions@5ce33a58]" started-at="2026-05-13T15:51:07 IST" name="verifyDeleteGroup" finished-at="2026-05-13T15:51:07 IST" depends-on-methods="tests.AccessPermissions.verifyAddGroup" duration-ms="388" status="PASS">
          <reporter-output>
            <line>
              <![CDATA[Test Case Started : verifyDeleteGroup]]>
            </line>
            <line>
              <![CDATA[Test Case Success : 1]]>
            </line>
          </reporter-output>
        </test-method> <!-- verifyDeleteGroup -->
        <test-method signature="verifyAddRole()[pri:5, instance:tests.AccessPermissions@5ce33a58]" started-at="2026-05-13T15:51:07 IST" name="verifyAddRole" finished-at="2026-05-13T15:51:10 IST" duration-ms="2296" status="PASS">
          <reporter-output>
            <line>
              <![CDATA[Test Case Started : verifyAddRole]]>
            </line>
            <line>
              <![CDATA[Test Case Success : 1]]>
            </line>
          </reporter-output>
        </test-method> <!-- verifyAddRole -->
        <test-method signature="verifyViewRole()[pri:6, instance:tests.AccessPermissions@5ce33a58]" started-at="2026-05-13T15:51:10 IST" name="verifyViewRole" finished-at="2026-05-13T15:51:11 IST" depends-on-methods="tests.AccessPermissions.verifyAddRole" duration-ms="1073" status="PASS">
          <reporter-output>
            <line>
              <![CDATA[Test Case Started : verifyViewRole]]>
            </line>
            <line>
              <![CDATA[Test Case Success : 1]]>
            </line>
          </reporter-output>
        </test-method> <!-- verifyViewRole -->
        <test-method signature="verifyEditRole()[pri:7, instance:tests.AccessPermissions@5ce33a58]" started-at="2026-05-13T15:51:11 IST" name="verifyEditRole" finished-at="2026-05-13T15:51:12 IST" depends-on-methods="tests.AccessPermissions.verifyAddRole" duration-ms="644" status="PASS">
          <reporter-output>
            <line>
              <![CDATA[Test Case Started : verifyEditRole]]>
            </line>
            <line>
              <![CDATA[Test Case Success : 1]]>
            </line>
          </reporter-output>
        </test-method> <!-- verifyEditRole -->
        <test-method signature="verifyDeleteRole()[pri:8, instance:tests.AccessPermissions@5ce33a58]" started-at="2026-05-13T15:51:12 IST" name="verifyDeleteRole" finished-at="2026-05-13T15:51:13 IST" depends-on-methods="tests.AccessPermissions.verifyAddRole" duration-ms="903" status="PASS">
          <reporter-output>
            <line>
              <![CDATA[Test Case Started : verifyDeleteRole]]>
            </line>
            <line>
              <![CDATA[Test Case Success : 1]]>
            </line>
          </reporter-output>
        </test-method> <!-- verifyDeleteRole -->
        <test-method signature="verifyAddUser()[pri:9, instance:tests.AccessPermissions@5ce33a58]" started-at="2026-05-13T15:51:13 IST" name="verifyAddUser" finished-at="2026-05-13T15:51:14 IST" duration-ms="1266" status="PASS">
          <reporter-output>
            <line>
              <![CDATA[Test Case Started : verifyAddUser]]>
            </line>
            <line>
              <![CDATA[Test Case Success : 1]]>
            </line>
          </reporter-output>
        </test-method> <!-- verifyAddUser -->
        <test-method signature="verifyViewUser()[pri:10, instance:tests.AccessPermissions@5ce33a58]" started-at="2026-05-13T15:51:15 IST" name="verifyViewUser" finished-at="2026-05-13T15:51:15 IST" depends-on-methods="tests.AccessPermissions.verifyAddUser" duration-ms="335" status="PASS">
          <reporter-output>
            <line>
              <![CDATA[Test Case Started : verifyViewUser]]>
            </line>
            <line>
              <![CDATA[Test Case Success : 1]]>
            </line>
          </reporter-output>
        </test-method> <!-- verifyViewUser -->
        <test-method signature="verifyEditUser()[pri:11, instance:tests.AccessPermissions@5ce33a58]" started-at="2026-05-13T15:51:15 IST" name="verifyEditUser" finished-at="2026-05-13T15:51:16 IST" depends-on-methods="tests.AccessPermissions.verifyAddUser" duration-ms="527" status="PASS">
          <reporter-output>
            <line>
              <![CDATA[Test Case Started : verifyEditUser]]>
            </line>
            <line>
              <![CDATA[Test Case Success : 1]]>
            </line>
          </reporter-output>
        </test-method> <!-- verifyEditUser -->
        <test-method signature="verifyDeleteUser()[pri:12, instance:tests.AccessPermissions@5ce33a58]" started-at="2026-05-13T15:51:16 IST" name="verifyDeleteUser" finished-at="2026-05-13T15:51:16 IST" depends-on-methods="tests.AccessPermissions.verifyAddUser" duration-ms="370" status="PASS">
          <reporter-output>
            <line>
              <![CDATA[Test Case Started : verifyDeleteUser]]>
            </line>
            <line>
              <![CDATA[Test Case Success : 1]]>
            </line>
          </reporter-output>
        </test-method> <!-- verifyDeleteUser -->
      </class> <!-- tests.AccessPermissions -->
      <class name="tests.Login">
        <test-method is-config="true" signature="launchBrowser()[pri:0, instance:tests.Login@f0e995e]" started-at="2026-05-13T15:50:40 IST" name="launchBrowser" finished-at="2026-05-13T15:50:44 IST" duration-ms="3955" status="PASS">
          <reporter-output>
          </reporter-output>
        </test-method> <!-- launchBrowser -->
        <test-method signature="verifyLoginData(java.lang.String,java.lang.String)[pri:0, instance:tests.Login@f0e995e]" started-at="2026-05-13T15:50:45 IST" name="verifyLoginData" data-provider="LoginCredentials" finished-at="2026-05-13T15:50:47 IST" duration-ms="1430" status="PASS">
          <params>
            <param index="0">
              <value>
                <![CDATA[Approver]]>
              </value>
            </param>
            <param index="1">
              <value>
                <![CDATA[User@123]]>
              </value>
            </param>
          </params>
          <reporter-output>
            <line>
              <![CDATA[Test Case Started : verifyLoginData]]>
            </line>
            <line>
              <![CDATA[Test Case Success : 1]]>
            </line>
          </reporter-output>
        </test-method> <!-- verifyLoginData -->
      </class> <!-- tests.Login -->
      <class name="tests.BatchReport">
        <test-method signature="readDataExtraction()[pri:2, instance:tests.BatchReport@5357c287]" started-at="2026-05-13T15:51:29 IST" name="readDataExtraction" finished-at="2026-05-13T15:51:39 IST" duration-ms="9872" status="PASS">
          <reporter-output>
            <line>
              <![CDATA[Test Case Started : readDataExtraction]]>
            </line>
            <line>
              <![CDATA[Test Case Success : 1]]>
            </line>
          </reporter-output>
        </test-method> <!-- readDataExtraction -->
      </class> <!-- tests.BatchReport -->
      <class name="tests.Logout">
        <test-method signature="logoutUser()[pri:0, instance:tests.Logout@1623134f]" started-at="2026-05-13T15:51:39 IST" name="logoutUser" finished-at="2026-05-13T15:51:40 IST" duration-ms="522" status="PASS">
          <reporter-output>
            <line>
              <![CDATA[Test Case Started : logoutUser]]>
            </line>
            <line>
              <![CDATA[Test Case Success : 1]]>
            </line>
          </reporter-output>
        </test-method> <!-- logoutUser -->
      </class> <!-- tests.Logout -->
      <class name="tests.DetailReport">
        <test-method is-config="true" signature="reportsModule()[pri:0, instance:tests.DetailReport@546ccad7]" started-at="2026-05-13T15:51:24 IST" name="reportsModule" finished-at="2026-05-13T15:51:26 IST" duration-ms="1515" status="PASS">
          <reporter-output>
          </reporter-output>
        </test-method> <!-- reportsModule -->
        <test-method signature="detailReportGenerate()[pri:0, instance:tests.DetailReport@546ccad7]" started-at="2026-05-13T15:51:26 IST" name="detailReportGenerate" finished-at="2026-05-13T15:51:29 IST" duration-ms="3194" status="PASS">
          <reporter-output>
            <line>
              <![CDATA[Test Case Started : detailReportGenerate]]>
            </line>
            <line>
              <![CDATA[Test Case Success : 1]]>
            </line>
          </reporter-output>
        </test-method> <!-- detailReportGenerate -->
      </class> <!-- tests.DetailReport -->
      <class name="tests.DocSegments">
        <test-method is-config="true" signature="verifyDocSegmentssetup()[pri:0, instance:tests.DocSegments@78a287ed]" started-at="2026-05-13T15:51:16 IST" name="verifyDocSegmentssetup" finished-at="2026-05-13T15:51:16 IST" duration-ms="5" status="PASS">
          <reporter-output>
          </reporter-output>
        </test-method> <!-- verifyDocSegmentssetup -->
        <test-method signature="verifyAddDocSeg()[pri:1, instance:tests.DocSegments@78a287ed]" started-at="2026-05-13T15:51:16 IST" name="verifyAddDocSeg" finished-at="2026-05-13T15:51:21 IST" duration-ms="4747" status="PASS">
          <reporter-output>
            <line>
              <![CDATA[Test Case Started : verifyAddDocSeg]]>
            </line>
            <line>
              <![CDATA[Test Case Success : 1]]>
            </line>
          </reporter-output>
        </test-method> <!-- verifyAddDocSeg -->
        <test-method signature="verifyViewDogSeg()[pri:2, instance:tests.DocSegments@78a287ed]" started-at="2026-05-13T15:51:21 IST" name="verifyViewDogSeg" finished-at="2026-05-13T15:51:22 IST" duration-ms="847" status="PASS">
          <reporter-output>
            <line>
              <![CDATA[Test Case Started : verifyViewDogSeg]]>
            </line>
            <line>
              <![CDATA[Test Case Success : 1]]>
            </line>
          </reporter-output>
        </test-method> <!-- verifyViewDogSeg -->
        <test-method signature="verifyEditDogSeg()[pri:3, instance:tests.DocSegments@78a287ed]" started-at="2026-05-13T15:51:22 IST" name="verifyEditDogSeg" finished-at="2026-05-13T15:51:23 IST" duration-ms="886" status="PASS">
          <reporter-output>
            <line>
              <![CDATA[Test Case Started : verifyEditDogSeg]]>
            </line>
            <line>
              <![CDATA[Test Case Success : 1]]>
            </line>
          </reporter-output>
        </test-method> <!-- verifyEditDogSeg -->
        <test-method signature="verifyDeleteDogSeg()[pri:4, instance:tests.DocSegments@78a287ed]" started-at="2026-05-13T15:51:23 IST" name="verifyDeleteDogSeg" finished-at="2026-05-13T15:51:24 IST" duration-ms="862" status="PASS">
          <reporter-output>
            <line>
              <![CDATA[Test Case Started : verifyDeleteDogSeg]]>
            </line>
            <line>
              <![CDATA[Test Case Success : 1]]>
            </line>
          </reporter-output>
        </test-method> <!-- verifyDeleteDogSeg -->
      </class> <!-- tests.DocSegments -->
    </test> <!-- Test -->
  </suite> <!-- Suite -->
</testng-results>
