<?xml version="1.0" encoding="UTF-8"?>
<testng-results ignored="0" total="30" passed="30" failed="0" skipped="0">
  <reporter-output>
    <line>
      <![CDATA[Test Case Started : verifyLoginData]]>
    </line>
    <line>
      <![CDATA[Test Case Success : 1]]>
    </line>
    <line>
      <![CDATA[Test Case Started : logoutMainUser]]>
    </line>
    <line>
      <![CDATA[Test Case Success : 1]]>
    </line>
    <line>
      <![CDATA[Test Case Started : verifyLoginTest]]>
    </line>
    <line>
      <![CDATA[Test Case Success : 1]]>
    </line>
    <line>
      <![CDATA[Test Case Started : verifyLoginTest]]>
    </line>
    <line>
      <![CDATA[Test Case Success : 1]]>
    </line>
    <line>
      <![CDATA[Test Case Started : verifyLoginTest]]>
    </line>
    <line>
      <![CDATA[Test Case Success : 1]]>
    </line>
    <line>
      <![CDATA[Test Case Started : verifyLoginTest]]>
    </line>
    <line>
      <![CDATA[Test Case Success : 1]]>
    </line>
    <line>
      <![CDATA[Test Case Started : verifyblockUser]]>
    </line>
    <line>
      <![CDATA[Test Case Success : 1]]>
    </line>
    <line>
      <![CDATA[Test Case Started : verifyblockUser]]>
    </line>
    <line>
      <![CDATA[Test Case Success : 1]]>
    </line>
    <line>
      <![CDATA[Test Case Started : verifyblockUser]]>
    </line>
    <line>
      <![CDATA[Test Case Success : 1]]>
    </line>
    <line>
      <![CDATA[Test Case Started : verifyblockUser]]>
    </line>
    <line>
      <![CDATA[Test Case Success : 1]]>
    </line>
    <line>
      <![CDATA[Test Case Started : verifyblockUser]]>
    </line>
    <line>
      <![CDATA[Test Case Success : 1]]>
    </line>
    <line>
      <![CDATA[Test Case Started : verifyblockUser]]>
    </line>
    <line>
      <![CDATA[Test Case Success : 1]]>
    </line>
    <line>
      <![CDATA[Test Case Started : mainUserLogin]]>
    </line>
    <line>
      <![CDATA[Test Case Success : 1]]>
    </line>
    <line>
      <![CDATA[Test Case Started : verifyAddGroup]]>
    </line>
    <line>
      <![CDATA[Test Case Success : 1]]>
    </line>
    <line>
      <![CDATA[Test Case Started : verifyViewGroup]]>
    </line>
    <line>
      <![CDATA[Test Case Success : 1]]>
    </line>
    <line>
      <![CDATA[Test Case Started : verifyEditGroup]]>
    </line>
    <line>
      <![CDATA[Test Case Success : 1]]>
    </line>
    <line>
      <![CDATA[Test Case Started : verifyDeleteGroup]]>
    </line>
    <line>
      <![CDATA[Test Case Success : 1]]>
    </line>
    <line>
      <![CDATA[Test Case Started : verifyAddRole]]>
    </line>
    <line>
      <![CDATA[Test Case Success : 1]]>
    </line>
    <line>
      <![CDATA[Test Case Started : verifyViewRole]]>
    </line>
    <line>
      <![CDATA[Test Case Success : 1]]>
    </line>
    <line>
      <![CDATA[Test Case Started : verifyEditRole]]>
    </line>
    <line>
      <![CDATA[Test Case Success : 1]]>
    </line>
    <line>
      <![CDATA[Test Case Started : verifyDeleteRole]]>
    </line>
    <line>
      <![CDATA[Test Case Success : 1]]>
    </line>
    <line>
      <![CDATA[Test Case Started : verifyAddUser]]>
    </line>
    <line>
      <![CDATA[Test Case Success : 1]]>
    </line>
    <line>
      <![CDATA[Test Case Started : verifyViewUser]]>
    </line>
    <line>
      <![CDATA[Test Case Success : 1]]>
    </line>
    <line>
      <![CDATA[Test Case Started : verifyEditUser]]>
    </line>
    <line>
      <![CDATA[Test Case Success : 1]]>
    </line>
    <line>
      <![CDATA[Test Case Started : verifyDeleteUser]]>
    </line>
    <line>
      <![CDATA[Test Case Success : 1]]>
    </line>
    <line>
      <![CDATA[Test Case Started : verifyAddDocSeg]]>
    </line>
    <line>
      <![CDATA[Test Case Success : 1]]>
    </line>
    <line>
      <![CDATA[Test Case Started : verifyViewDogSeg]]>
    </line>
    <line>
      <![CDATA[Test Case Success : 1]]>
    </line>
    <line>
      <![CDATA[Test Case Started : verifyEditDogSeg]]>
    </line>
    <line>
      <![CDATA[Test Case Success : 1]]>
    </line>
    <line>
      <![CDATA[Test Case Started : verifyDeleteDogSeg]]>
    </line>
    <line>
      <![CDATA[Test Case Success : 1]]>
    </line>
    <line>
      <![CDATA[Test Case Started : logoutUser]]>
    </line>
    <line>
      <![CDATA[Test Case Success : 1]]>
    </line>
  </reporter-output>
  <suite started-at="2026-02-04T18:25:45 IST" name="Suite" finished-at="2026-02-04T18:26:25 IST" duration-ms="40186">
    <groups>
    </groups>
    <test started-at="2026-02-04T18:25:45 IST" name="Test" finished-at="2026-02-04T18:26:25 IST" duration-ms="40186">
      <class name="tests.LoginTest">
        <test-method signature="logoutMainUser()[pri:1, instance:tests.LoginTest@5851bd4f]" started-at="2026-02-04T18:25:49 IST" name="logoutMainUser" finished-at="2026-02-04T18:25:49 IST" duration-ms="483" status="PASS">
          <reporter-output>
            <line>
              <![CDATA[Test Case Started : logoutMainUser]]>
            </line>
            <line>
              <![CDATA[Test Case Success : 1]]>
            </line>
          </reporter-output>
        </test-method> <!-- logoutMainUser -->
        <test-method signature="verifyLoginTest(java.lang.String,java.lang.String,java.lang.String)[pri:2, instance:tests.LoginTest@5851bd4f]" started-at="2026-02-04T18:25:49 IST" name="verifyLoginTest" data-provider="LoginCredentials" finished-at="2026-02-04T18:25:51 IST" duration-ms="1266" status="PASS">
          <params>
            <param index="0">
              <value>
                <![CDATA[Approver1]]>
              </value>
            </param>
            <param index="1">
              <value>
                <![CDATA[User@1234]]>
              </value>
            </param>
            <param index="2">
              <value>
                <![CDATA[Invalid user name or password or Deactivated.]]>
              </value>
            </param>
          </params>
          <reporter-output>
            <line>
              <![CDATA[Test Case Started : verifyLoginTest]]>
            </line>
            <line>
              <![CDATA[Test Case Success : 1]]>
            </line>
          </reporter-output>
        </test-method> <!-- verifyLoginTest -->
        <test-method signature="verifyLoginTest(java.lang.String,java.lang.String,java.lang.String)[pri:2, instance:tests.LoginTest@5851bd4f]" started-at="2026-02-04T18:25:51 IST" name="verifyLoginTest" data-provider="LoginCredentials" finished-at="2026-02-04T18:25:52 IST" duration-ms="1263" status="PASS">
          <params>
            <param index="0">
              <value>
                <![CDATA[Approver]]>
              </value>
            </param>
            <param index="1">
              <value>
                <![CDATA[User@1234]]>
              </value>
            </param>
            <param index="2">
              <value>
                <![CDATA[Invalid user name or password.]]>
              </value>
            </param>
          </params>
          <reporter-output>
            <line>
              <![CDATA[Test Case Started : verifyLoginTest]]>
            </line>
            <line>
              <![CDATA[Test Case Success : 1]]>
            </line>
          </reporter-output>
        </test-method> <!-- verifyLoginTest -->
        <test-method signature="verifyLoginTest(java.lang.String,java.lang.String,java.lang.String)[pri:2, instance:tests.LoginTest@5851bd4f]" started-at="2026-02-04T18:25:52 IST" name="verifyLoginTest" data-provider="LoginCredentials" finished-at="2026-02-04T18:25:53 IST" duration-ms="1248" status="PASS">
          <params>
            <param index="0">
              <value>
                <![CDATA[Approver1]]>
              </value>
            </param>
            <param index="1">
              <value>
                <![CDATA[User@123]]>
              </value>
            </param>
            <param index="2">
              <value>
                <![CDATA[Invalid user name or password or Deactivated.]]>
              </value>
            </param>
          </params>
          <reporter-output>
            <line>
              <![CDATA[Test Case Started : verifyLoginTest]]>
            </line>
            <line>
              <![CDATA[Test Case Success : 1]]>
            </line>
          </reporter-output>
        </test-method> <!-- verifyLoginTest -->
        <test-method signature="verifyLoginTest(java.lang.String,java.lang.String,java.lang.String)[pri:2, instance:tests.LoginTest@5851bd4f]" started-at="2026-02-04T18:25:53 IST" name="verifyLoginTest" data-provider="LoginCredentials" finished-at="2026-02-04T18:25:55 IST" duration-ms="1375" status="PASS">
          <params>
            <param index="0">
              <value>
                <![CDATA[Approver]]>
              </value>
            </param>
            <param index="1">
              <value>
                <![CDATA[User@123]]>
              </value>
            </param>
            <param index="2">
              <value>
                <![CDATA[]]>
              </value>
            </param>
          </params>
          <reporter-output>
            <line>
              <![CDATA[Test Case Started : verifyLoginTest]]>
            </line>
            <line>
              <![CDATA[Test Case Success : 1]]>
            </line>
          </reporter-output>
        </test-method> <!-- verifyLoginTest -->
        <test-method signature="verifyblockUser(java.lang.String,java.lang.String,java.lang.String)[pri:3, instance:tests.LoginTest@5851bd4f]" started-at="2026-02-04T18:25:55 IST" name="verifyblockUser" data-provider="BlockLoginCredentials" finished-at="2026-02-04T18:25:56 IST" duration-ms="1269" status="PASS">
          <params>
            <param index="0">
              <value>
                <![CDATA[Check]]>
              </value>
            </param>
            <param index="1">
              <value>
                <![CDATA[User123]]>
              </value>
            </param>
            <param index="2">
              <value>
                <![CDATA[Invalid user name or password.]]>
              </value>
            </param>
          </params>
          <reporter-output>
            <line>
              <![CDATA[Test Case Started : verifyblockUser]]>
            </line>
            <line>
              <![CDATA[Test Case Success : 1]]>
            </line>
          </reporter-output>
        </test-method> <!-- verifyblockUser -->
        <test-method signature="verifyblockUser(java.lang.String,java.lang.String,java.lang.String)[pri:3, instance:tests.LoginTest@5851bd4f]" started-at="2026-02-04T18:25:56 IST" name="verifyblockUser" data-provider="BlockLoginCredentials" finished-at="2026-02-04T18:25:57 IST" duration-ms="1209" status="PASS">
          <params>
            <param index="0">
              <value>
                <![CDATA[Check]]>
              </value>
            </param>
            <param index="1">
              <value>
                <![CDATA[User1234]]>
              </value>
            </param>
            <param index="2">
              <value>
                <![CDATA[Invalid user name or password.]]>
              </value>
            </param>
          </params>
          <reporter-output>
            <line>
              <![CDATA[Test Case Started : verifyblockUser]]>
            </line>
            <line>
              <![CDATA[Test Case Success : 1]]>
            </line>
          </reporter-output>
        </test-method> <!-- verifyblockUser -->
        <test-method signature="verifyblockUser(java.lang.String,java.lang.String,java.lang.String)[pri:3, instance:tests.LoginTest@5851bd4f]" started-at="2026-02-04T18:25:57 IST" name="verifyblockUser" data-provider="BlockLoginCredentials" finished-at="2026-02-04T18:25:59 IST" duration-ms="1377" status="PASS">
          <params>
            <param index="0">
              <value>
                <![CDATA[Check]]>
              </value>
            </param>
            <param index="1">
              <value>
                <![CDATA[User@123]]>
              </value>
            </param>
            <param index="2">
              <value>
                <![CDATA[]]>
              </value>
            </param>
          </params>
          <reporter-output>
            <line>
              <![CDATA[Test Case Started : verifyblockUser]]>
            </line>
            <line>
              <![CDATA[Test Case Success : 1]]>
            </line>
          </reporter-output>
        </test-method> <!-- verifyblockUser -->
        <test-method signature="verifyblockUser(java.lang.String,java.lang.String,java.lang.String)[pri:3, instance:tests.LoginTest@5851bd4f]" started-at="2026-02-04T18:25:59 IST" name="verifyblockUser" data-provider="BlockLoginCredentials" finished-at="2026-02-04T18:26:00 IST" duration-ms="1252" status="PASS">
          <params>
            <param index="0">
              <value>
                <![CDATA[Check]]>
              </value>
            </param>
            <param index="1">
              <value>
                <![CDATA[User123]]>
              </value>
            </param>
            <param index="2">
              <value>
                <![CDATA[Invalid user name or password.]]>
              </value>
            </param>
          </params>
          <reporter-output>
            <line>
              <![CDATA[Test Case Started : verifyblockUser]]>
            </line>
            <line>
              <![CDATA[Test Case Success : 1]]>
            </line>
          </reporter-output>
        </test-method> <!-- verifyblockUser -->
        <test-method signature="verifyblockUser(java.lang.String,java.lang.String,java.lang.String)[pri:3, instance:tests.LoginTest@5851bd4f]" started-at="2026-02-04T18:26:00 IST" name="verifyblockUser" data-provider="BlockLoginCredentials" finished-at="2026-02-04T18:26:02 IST" duration-ms="1230" status="PASS">
          <params>
            <param index="0">
              <value>
                <![CDATA[Check]]>
              </value>
            </param>
            <param index="1">
              <value>
                <![CDATA[User1234]]>
              </value>
            </param>
            <param index="2">
              <value>
                <![CDATA[Invalid user name or password.]]>
              </value>
            </param>
          </params>
          <reporter-output>
            <line>
              <![CDATA[Test Case Started : verifyblockUser]]>
            </line>
            <line>
              <![CDATA[Test Case Success : 1]]>
            </line>
          </reporter-output>
        </test-method> <!-- verifyblockUser -->
        <test-method signature="verifyblockUser(java.lang.String,java.lang.String,java.lang.String)[pri:3, instance:tests.LoginTest@5851bd4f]" started-at="2026-02-04T18:26:02 IST" name="verifyblockUser" data-provider="BlockLoginCredentials" finished-at="2026-02-04T18:26:03 IST" duration-ms="1332" status="PASS">
          <params>
            <param index="0">
              <value>
                <![CDATA[Check]]>
              </value>
            </param>
            <param index="1">
              <value>
                <![CDATA[User12345]]>
              </value>
            </param>
            <param index="2">
              <value>
                <![CDATA[Your account has been disabled due to maximum failed login attempts. Please contact System Administrator.]]>
              </value>
            </param>
          </params>
          <reporter-output>
            <line>
              <![CDATA[Test Case Started : verifyblockUser]]>
            </line>
            <line>
              <![CDATA[Test Case Success : 1]]>
            </line>
          </reporter-output>
        </test-method> <!-- verifyblockUser -->
        <test-method signature="mainUserLogin(java.lang.String,java.lang.String)[pri:4, instance:tests.LoginTest@5851bd4f]" started-at="2026-02-04T18:26:03 IST" name="mainUserLogin" data-provider="LoginCredentials1" finished-at="2026-02-04T18:26:04 IST" duration-ms="1013" status="PASS">
          <params>
            <param index="0">
              <value>
                <![CDATA[Approver]]>
              </value>
            </param>
            <param index="1">
              <value>
                <![CDATA[User@123]]>
              </value>
            </param>
          </params>
          <reporter-output>
            <line>
              <![CDATA[Test Case Started : mainUserLogin]]>
            </line>
            <line>
              <![CDATA[Test Case Success : 1]]>
            </line>
          </reporter-output>
        </test-method> <!-- mainUserLogin -->
      </class> <!-- tests.LoginTest -->
      <class name="tests.AccessPermissions">
        <test-method signature="verifyAddGroup()[pri:1, instance:tests.AccessPermissions@3caa4757]" started-at="2026-02-04T18:26:04 IST" name="verifyAddGroup" finished-at="2026-02-04T18:26:06 IST" duration-ms="1453" status="PASS">
          <reporter-output>
            <line>
              <![CDATA[Test Case Started : verifyAddGroup]]>
            </line>
            <line>
              <![CDATA[Test Case Success : 1]]>
            </line>
          </reporter-output>
        </test-method> <!-- verifyAddGroup -->
        <test-method is-config="true" signature="verifyAccessPermissionsSetup()[pri:0, instance:tests.AccessPermissions@3caa4757]" started-at="2026-02-04T18:26:04 IST" name="verifyAccessPermissionsSetup" finished-at="2026-02-04T18:26:04 IST" duration-ms="0" status="PASS">
          <reporter-output>
          </reporter-output>
        </test-method> <!-- verifyAccessPermissionsSetup -->
        <test-method signature="verifyViewGroup()[pri:2, instance:tests.AccessPermissions@3caa4757]" started-at="2026-02-04T18:26:06 IST" name="verifyViewGroup" finished-at="2026-02-04T18:26:07 IST" depends-on-methods="tests.AccessPermissions.verifyAddGroup" duration-ms="853" status="PASS">
          <reporter-output>
            <line>
              <![CDATA[Test Case Started : verifyViewGroup]]>
            </line>
            <line>
              <![CDATA[Test Case Success : 1]]>
            </line>
          </reporter-output>
        </test-method> <!-- verifyViewGroup -->
        <test-method signature="verifyEditGroup()[pri:3, instance:tests.AccessPermissions@3caa4757]" started-at="2026-02-04T18:26:07 IST" name="verifyEditGroup" finished-at="2026-02-04T18:26:07 IST" depends-on-methods="tests.AccessPermissions.verifyAddGroup" duration-ms="472" status="PASS">
          <reporter-output>
            <line>
              <![CDATA[Test Case Started : verifyEditGroup]]>
            </line>
            <line>
              <![CDATA[Test Case Success : 1]]>
            </line>
          </reporter-output>
        </test-method> <!-- verifyEditGroup -->
        <test-method signature="verifyDeleteGroup()[pri:4, instance:tests.AccessPermissions@3caa4757]" started-at="2026-02-04T18:26:07 IST" name="verifyDeleteGroup" finished-at="2026-02-04T18:26:08 IST" depends-on-methods="tests.AccessPermissions.verifyAddGroup" duration-ms="840" status="PASS">
          <reporter-output>
            <line>
              <![CDATA[Test Case Started : verifyDeleteGroup]]>
            </line>
            <line>
              <![CDATA[Test Case Success : 1]]>
            </line>
          </reporter-output>
        </test-method> <!-- verifyDeleteGroup -->
        <test-method signature="verifyAddRole()[pri:5, instance:tests.AccessPermissions@3caa4757]" started-at="2026-02-04T18:26:08 IST" name="verifyAddRole" finished-at="2026-02-04T18:26:10 IST" duration-ms="2124" status="PASS">
          <reporter-output>
            <line>
              <![CDATA[Test Case Started : verifyAddRole]]>
            </line>
            <line>
              <![CDATA[Test Case Success : 1]]>
            </line>
          </reporter-output>
        </test-method> <!-- verifyAddRole -->
        <test-method signature="verifyViewRole()[pri:6, instance:tests.AccessPermissions@3caa4757]" started-at="2026-02-04T18:26:11 IST" name="verifyViewRole" finished-at="2026-02-04T18:26:11 IST" depends-on-methods="tests.AccessPermissions.verifyAddRole" duration-ms="774" status="PASS">
          <reporter-output>
            <line>
              <![CDATA[Test Case Started : verifyViewRole]]>
            </line>
            <line>
              <![CDATA[Test Case Success : 1]]>
            </line>
          </reporter-output>
        </test-method> <!-- verifyViewRole -->
        <test-method signature="verifyEditRole()[pri:7, instance:tests.AccessPermissions@3caa4757]" started-at="2026-02-04T18:26:12 IST" name="verifyEditRole" finished-at="2026-02-04T18:26:13 IST" depends-on-methods="tests.AccessPermissions.verifyAddRole" duration-ms="1235" status="PASS">
          <reporter-output>
            <line>
              <![CDATA[Test Case Started : verifyEditRole]]>
            </line>
            <line>
              <![CDATA[Test Case Success : 1]]>
            </line>
          </reporter-output>
        </test-method> <!-- verifyEditRole -->
        <test-method signature="verifyDeleteRole()[pri:8, instance:tests.AccessPermissions@3caa4757]" started-at="2026-02-04T18:26:13 IST" name="verifyDeleteRole" finished-at="2026-02-04T18:26:13 IST" depends-on-methods="tests.AccessPermissions.verifyAddRole" duration-ms="455" status="PASS">
          <reporter-output>
            <line>
              <![CDATA[Test Case Started : verifyDeleteRole]]>
            </line>
            <line>
              <![CDATA[Test Case Success : 1]]>
            </line>
          </reporter-output>
        </test-method> <!-- verifyDeleteRole -->
        <test-method signature="verifyAddUser()[pri:9, instance:tests.AccessPermissions@3caa4757]" started-at="2026-02-04T18:26:14 IST" name="verifyAddUser" finished-at="2026-02-04T18:26:15 IST" duration-ms="1433" status="PASS">
          <reporter-output>
            <line>
              <![CDATA[Test Case Started : verifyAddUser]]>
            </line>
            <line>
              <![CDATA[Test Case Success : 1]]>
            </line>
          </reporter-output>
        </test-method> <!-- verifyAddUser -->
        <test-method signature="verifyViewUser()[pri:10, instance:tests.AccessPermissions@3caa4757]" started-at="2026-02-04T18:26:15 IST" name="verifyViewUser" finished-at="2026-02-04T18:26:16 IST" depends-on-methods="tests.AccessPermissions.verifyAddUser" duration-ms="376" status="PASS">
          <reporter-output>
            <line>
              <![CDATA[Test Case Started : verifyViewUser]]>
            </line>
            <line>
              <![CDATA[Test Case Success : 1]]>
            </line>
          </reporter-output>
        </test-method> <!-- verifyViewUser -->
        <test-method signature="verifyEditUser()[pri:11, instance:tests.AccessPermissions@3caa4757]" started-at="2026-02-04T18:26:16 IST" name="verifyEditUser" finished-at="2026-02-04T18:26:16 IST" depends-on-methods="tests.AccessPermissions.verifyAddUser" duration-ms="566" status="PASS">
          <reporter-output>
            <line>
              <![CDATA[Test Case Started : verifyEditUser]]>
            </line>
            <line>
              <![CDATA[Test Case Success : 1]]>
            </line>
          </reporter-output>
        </test-method> <!-- verifyEditUser -->
        <test-method signature="verifyDeleteUser()[pri:12, instance:tests.AccessPermissions@3caa4757]" started-at="2026-02-04T18:26:17 IST" name="verifyDeleteUser" finished-at="2026-02-04T18:26:17 IST" depends-on-methods="tests.AccessPermissions.verifyAddUser" duration-ms="880" status="PASS">
          <reporter-output>
            <line>
              <![CDATA[Test Case Started : verifyDeleteUser]]>
            </line>
            <line>
              <![CDATA[Test Case Success : 1]]>
            </line>
          </reporter-output>
        </test-method> <!-- verifyDeleteUser -->
      </class> <!-- tests.AccessPermissions -->
      <class name="tests.Login">
        <test-method is-config="true" signature="launchBrowser()[pri:0, instance:tests.Login@30c0ccff]" started-at="2026-02-04T18:25:40 IST" name="launchBrowser" finished-at="2026-02-04T18:25:45 IST" duration-ms="4796" status="PASS">
          <reporter-output>
          </reporter-output>
        </test-method> <!-- launchBrowser -->
        <test-method signature="verifyLoginData(java.lang.String,java.lang.String)[pri:0, instance:tests.Login@30c0ccff]" started-at="2026-02-04T18:25:47 IST" name="verifyLoginData" data-provider="LoginCredentials" finished-at="2026-02-04T18:25:48 IST" duration-ms="1780" status="PASS">
          <params>
            <param index="0">
              <value>
                <![CDATA[Approver]]>
              </value>
            </param>
            <param index="1">
              <value>
                <![CDATA[User@123]]>
              </value>
            </param>
          </params>
          <reporter-output>
            <line>
              <![CDATA[Test Case Started : verifyLoginData]]>
            </line>
            <line>
              <![CDATA[Test Case Success : 1]]>
            </line>
          </reporter-output>
        </test-method> <!-- verifyLoginData -->
      </class> <!-- tests.Login -->
      <class name="tests.Logout">
        <test-method signature="logoutUser()[pri:0, instance:tests.Logout@1804f60d]" started-at="2026-02-04T18:26:25 IST" name="logoutUser" finished-at="2026-02-04T18:26:25 IST" duration-ms="467" status="PASS">
          <reporter-output>
            <line>
              <![CDATA[Test Case Started : logoutUser]]>
            </line>
            <line>
              <![CDATA[Test Case Success : 1]]>
            </line>
          </reporter-output>
        </test-method> <!-- logoutUser -->
      </class> <!-- tests.Logout -->
      <class name="tests.DocSegments">
        <test-method is-config="true" signature="verifyDocSegmentssetup()[pri:0, instance:tests.DocSegments@69c43e48]" started-at="2026-02-04T18:26:18 IST" name="verifyDocSegmentssetup" finished-at="2026-02-04T18:26:18 IST" duration-ms="2" status="PASS">
          <reporter-output>
          </reporter-output>
        </test-method> <!-- verifyDocSegmentssetup -->
        <test-method signature="verifyAddDocSeg()[pri:1, instance:tests.DocSegments@69c43e48]" started-at="2026-02-04T18:26:18 IST" name="verifyAddDocSeg" finished-at="2026-02-04T18:26:22 IST" duration-ms="4457" status="PASS">
          <reporter-output>
            <line>
              <![CDATA[Test Case Started : verifyAddDocSeg]]>
            </line>
            <line>
              <![CDATA[Test Case Success : 1]]>
            </line>
          </reporter-output>
        </test-method> <!-- verifyAddDocSeg -->
        <test-method signature="verifyViewDogSeg()[pri:2, instance:tests.DocSegments@69c43e48]" started-at="2026-02-04T18:26:22 IST" name="verifyViewDogSeg" finished-at="2026-02-04T18:26:23 IST" duration-ms="765" status="PASS">
          <reporter-output>
            <line>
              <![CDATA[Test Case Started : verifyViewDogSeg]]>
            </line>
            <line>
              <![CDATA[Test Case Success : 1]]>
            </line>
          </reporter-output>
        </test-method> <!-- verifyViewDogSeg -->
        <test-method signature="verifyEditDogSeg()[pri:3, instance:tests.DocSegments@69c43e48]" started-at="2026-02-04T18:26:23 IST" name="verifyEditDogSeg" finished-at="2026-02-04T18:26:24 IST" duration-ms="853" status="PASS">
          <reporter-output>
            <line>
              <![CDATA[Test Case Started : verifyEditDogSeg]]>
            </line>
            <line>
              <![CDATA[Test Case Success : 1]]>
            </line>
          </reporter-output>
        </test-method> <!-- verifyEditDogSeg -->
        <test-method signature="verifyDeleteDogSeg()[pri:4, instance:tests.DocSegments@69c43e48]" started-at="2026-02-04T18:26:24 IST" name="verifyDeleteDogSeg" finished-at="2026-02-04T18:26:25 IST" duration-ms="813" status="PASS">
          <reporter-output>
            <line>
              <![CDATA[Test Case Started : verifyDeleteDogSeg]]>
            </line>
            <line>
              <![CDATA[Test Case Success : 1]]>
            </line>
          </reporter-output>
        </test-method> <!-- verifyDeleteDogSeg -->
      </class> <!-- tests.DocSegments -->
    </test> <!-- Test -->
  </suite> <!-- Suite -->
</testng-results>
