<?xml version="1.0" encoding="UTF-8"?>
<testng-results ignored="0" total="25" passed="25" failed="0" skipped="0">
  <reporter-output>
    <line>
      <![CDATA[Test Case Started : Login_Data]]>
    </line>
    <line>
      <![CDATA[Test Case Success : 1]]>
    </line>
    <line>
      <![CDATA[Test Case Started : logoutMainUser]]>
    </line>
    <line>
      <![CDATA[Test Case Success : 1]]>
    </line>
    <line>
      <![CDATA[Test Case Started : Login_Test]]>
    </line>
    <line>
      <![CDATA[Test Case Success : 1]]>
    </line>
    <line>
      <![CDATA[Test Case Started : Login_Test]]>
    </line>
    <line>
      <![CDATA[Test Case Success : 1]]>
    </line>
    <line>
      <![CDATA[Test Case Started : Login_Test]]>
    </line>
    <line>
      <![CDATA[Test Case Success : 1]]>
    </line>
    <line>
      <![CDATA[Test Case Started : Login_Test]]>
    </line>
    <line>
      <![CDATA[Test Case Success : 1]]>
    </line>
    <line>
      <![CDATA[Test Case Started : Block_User]]>
    </line>
    <line>
      <![CDATA[Test Case Success : 1]]>
    </line>
    <line>
      <![CDATA[Test Case Started : Block_User]]>
    </line>
    <line>
      <![CDATA[Test Case Success : 1]]>
    </line>
    <line>
      <![CDATA[Test Case Started : Block_User]]>
    </line>
    <line>
      <![CDATA[Test Case Success : 1]]>
    </line>
    <line>
      <![CDATA[Test Case Started : Block_User]]>
    </line>
    <line>
      <![CDATA[Test Case Success : 1]]>
    </line>
    <line>
      <![CDATA[Test Case Started : Block_User]]>
    </line>
    <line>
      <![CDATA[Test Case Success : 1]]>
    </line>
    <line>
      <![CDATA[Test Case Started : Block_User]]>
    </line>
    <line>
      <![CDATA[Test Case Success : 1]]>
    </line>
    <line>
      <![CDATA[Test Case Started : MainUserLogin]]>
    </line>
    <line>
      <![CDATA[Test Case Success : 1]]>
    </line>
    <line>
      <![CDATA[Test Case Started : Add_Group]]>
    </line>
    <line>
      <![CDATA[Test Case Success : 1]]>
    </line>
    <line>
      <![CDATA[Test Case Started : view_Group]]>
    </line>
    <line>
      <![CDATA[Test Case Success : 1]]>
    </line>
    <line>
      <![CDATA[Test Case Started : edit_Group]]>
    </line>
    <line>
      <![CDATA[Test Case Success : 1]]>
    </line>
    <line>
      <![CDATA[Test Case Started : delete_Group]]>
    </line>
    <line>
      <![CDATA[Test Case Success : 1]]>
    </line>
    <line>
      <![CDATA[Test Case Started : Add_Role]]>
    </line>
    <line>
      <![CDATA[Test Case Success : 1]]>
    </line>
    <line>
      <![CDATA[Test Case Started : view_Role]]>
    </line>
    <line>
      <![CDATA[Test Case Success : 1]]>
    </line>
    <line>
      <![CDATA[Test Case Started : edit_Role]]>
    </line>
    <line>
      <![CDATA[Test Case Success : 1]]>
    </line>
    <line>
      <![CDATA[Test Case Started : delete_Role]]>
    </line>
    <line>
      <![CDATA[Test Case Success : 1]]>
    </line>
    <line>
      <![CDATA[Test Case Started : Add_User]]>
    </line>
    <line>
      <![CDATA[Test Case Success : 1]]>
    </line>
    <line>
      <![CDATA[Test Case Started : view_User]]>
    </line>
    <line>
      <![CDATA[Test Case Success : 1]]>
    </line>
    <line>
      <![CDATA[Test Case Started : edit_User]]>
    </line>
    <line>
      <![CDATA[Test Case Success : 1]]>
    </line>
    <line>
      <![CDATA[Test Case Started : delete_User]]>
    </line>
    <line>
      <![CDATA[Test Case Success : 1]]>
    </line>
  </reporter-output>
  <suite started-at="2025-10-06T17:48:47 IST" name="Suite" finished-at="2025-10-06T17:56:19 IST" duration-ms="452298">
    <groups>
    </groups>
    <test started-at="2025-10-06T17:48:47 IST" name="Test" finished-at="2025-10-06T17:56:19 IST" duration-ms="452298">
      <class name="test_case.Login">
        <test-method is-config="true" signature="Launch_Browser()[pri:0, instance:test_case.Login@32057e6]" started-at="2025-10-06T17:48:47 IST" name="Launch_Browser" finished-at="2025-10-06T17:48:52 IST" duration-ms="5515" status="PASS">
          <reporter-output>
          </reporter-output>
        </test-method> <!-- Launch_Browser -->
        <test-method signature="Login_Data(java.lang.String,java.lang.String)[pri:0, instance:test_case.Login@32057e6]" started-at="2025-10-06T17:48:53 IST" name="Login_Data" data-provider="LoginCredentials" finished-at="2025-10-06T17:48:55 IST" duration-ms="1311" status="PASS">
          <params>
            <param index="0">
              <value>
                <![CDATA[Approver]]>
              </value>
            </param>
            <param index="1">
              <value>
                <![CDATA[User@123]]>
              </value>
            </param>
          </params>
          <reporter-output>
            <line>
              <![CDATA[Test Case Started : Login_Data]]>
            </line>
            <line>
              <![CDATA[Test Case Success : 1]]>
            </line>
          </reporter-output>
        </test-method> <!-- Login_Data -->
        <test-method is-config="true" signature="CloseBrowser()[pri:0, instance:test_case.Login@32057e6]" started-at="2025-10-06T17:56:18 IST" name="CloseBrowser" finished-at="2025-10-06T17:56:19 IST" duration-ms="1263" status="PASS">
          <reporter-output>
          </reporter-output>
        </test-method> <!-- CloseBrowser -->
      </class> <!-- test_case.Login -->
      <class name="test_case.Login_Test_Data">
        <test-method signature="logoutMainUser()[pri:1, instance:test_case.Login_Test_Data@782a4fff]" started-at="2025-10-06T17:48:55 IST" name="logoutMainUser" finished-at="2025-10-06T17:48:55 IST" duration-ms="414" status="PASS">
          <reporter-output>
            <line>
              <![CDATA[Test Case Started : logoutMainUser]]>
            </line>
            <line>
              <![CDATA[Test Case Success : 1]]>
            </line>
          </reporter-output>
        </test-method> <!-- logoutMainUser -->
        <test-method signature="Login_Test(java.lang.String,java.lang.String,java.lang.String)[pri:2, instance:test_case.Login_Test_Data@782a4fff]" started-at="2025-10-06T17:48:55 IST" name="Login_Test" data-provider="LoginCredentials" finished-at="2025-10-06T17:49:06 IST" duration-ms="10248" status="PASS">
          <params>
            <param index="0">
              <value>
                <![CDATA[Approver1]]>
              </value>
            </param>
            <param index="1">
              <value>
                <![CDATA[User@1234]]>
              </value>
            </param>
            <param index="2">
              <value>
                <![CDATA[Invalid user name or password or Deactivated.]]>
              </value>
            </param>
          </params>
          <reporter-output>
            <line>
              <![CDATA[Test Case Started : Login_Test]]>
            </line>
            <line>
              <![CDATA[Test Case Success : 1]]>
            </line>
          </reporter-output>
        </test-method> <!-- Login_Test -->
        <test-method signature="Login_Test(java.lang.String,java.lang.String,java.lang.String)[pri:2, instance:test_case.Login_Test_Data@782a4fff]" started-at="2025-10-06T17:49:06 IST" name="Login_Test" data-provider="LoginCredentials" finished-at="2025-10-06T17:49:16 IST" duration-ms="10293" status="PASS">
          <params>
            <param index="0">
              <value>
                <![CDATA[Approver]]>
              </value>
            </param>
            <param index="1">
              <value>
                <![CDATA[User@1234]]>
              </value>
            </param>
            <param index="2">
              <value>
                <![CDATA[Invalid user name or password.]]>
              </value>
            </param>
          </params>
          <reporter-output>
            <line>
              <![CDATA[Test Case Started : Login_Test]]>
            </line>
            <line>
              <![CDATA[Test Case Success : 1]]>
            </line>
          </reporter-output>
        </test-method> <!-- Login_Test -->
        <test-method signature="Login_Test(java.lang.String,java.lang.String,java.lang.String)[pri:2, instance:test_case.Login_Test_Data@782a4fff]" started-at="2025-10-06T17:49:16 IST" name="Login_Test" data-provider="LoginCredentials" finished-at="2025-10-06T17:49:26 IST" duration-ms="10244" status="PASS">
          <params>
            <param index="0">
              <value>
                <![CDATA[Approver1]]>
              </value>
            </param>
            <param index="1">
              <value>
                <![CDATA[User@123]]>
              </value>
            </param>
            <param index="2">
              <value>
                <![CDATA[Invalid user name or password or Deactivated.]]>
              </value>
            </param>
          </params>
          <reporter-output>
            <line>
              <![CDATA[Test Case Started : Login_Test]]>
            </line>
            <line>
              <![CDATA[Test Case Success : 1]]>
            </line>
          </reporter-output>
        </test-method> <!-- Login_Test -->
        <test-method signature="Login_Test(java.lang.String,java.lang.String,java.lang.String)[pri:2, instance:test_case.Login_Test_Data@782a4fff]" started-at="2025-10-06T17:49:26 IST" name="Login_Test" data-provider="LoginCredentials" finished-at="2025-10-06T17:49:40 IST" duration-ms="13287" status="PASS">
          <params>
            <param index="0">
              <value>
                <![CDATA[Approver]]>
              </value>
            </param>
            <param index="1">
              <value>
                <![CDATA[User@123]]>
              </value>
            </param>
            <param index="2">
              <value>
                <![CDATA[]]>
              </value>
            </param>
          </params>
          <reporter-output>
            <line>
              <![CDATA[Test Case Started : Login_Test]]>
            </line>
            <line>
              <![CDATA[Test Case Success : 1]]>
            </line>
          </reporter-output>
        </test-method> <!-- Login_Test -->
        <test-method signature="Block_User(java.lang.String,java.lang.String,java.lang.String)[pri:3, instance:test_case.Login_Test_Data@782a4fff]" started-at="2025-10-06T17:49:40 IST" name="Block_User" data-provider="BlockLoginCredentials" finished-at="2025-10-06T17:49:50 IST" duration-ms="10293" status="PASS">
          <params>
            <param index="0">
              <value>
                <![CDATA[Check]]>
              </value>
            </param>
            <param index="1">
              <value>
                <![CDATA[User123]]>
              </value>
            </param>
            <param index="2">
              <value>
                <![CDATA[Invalid user name or password.]]>
              </value>
            </param>
          </params>
          <reporter-output>
            <line>
              <![CDATA[Test Case Started : Block_User]]>
            </line>
            <line>
              <![CDATA[Test Case Success : 1]]>
            </line>
          </reporter-output>
        </test-method> <!-- Block_User -->
        <test-method signature="Block_User(java.lang.String,java.lang.String,java.lang.String)[pri:3, instance:test_case.Login_Test_Data@782a4fff]" started-at="2025-10-06T17:49:50 IST" name="Block_User" data-provider="BlockLoginCredentials" finished-at="2025-10-06T17:50:01 IST" duration-ms="10607" status="PASS">
          <params>
            <param index="0">
              <value>
                <![CDATA[Check]]>
              </value>
            </param>
            <param index="1">
              <value>
                <![CDATA[User1234]]>
              </value>
            </param>
            <param index="2">
              <value>
                <![CDATA[Invalid user name or password.]]>
              </value>
            </param>
          </params>
          <reporter-output>
            <line>
              <![CDATA[Test Case Started : Block_User]]>
            </line>
            <line>
              <![CDATA[Test Case Success : 1]]>
            </line>
          </reporter-output>
        </test-method> <!-- Block_User -->
        <test-method signature="Block_User(java.lang.String,java.lang.String,java.lang.String)[pri:3, instance:test_case.Login_Test_Data@782a4fff]" started-at="2025-10-06T17:50:01 IST" name="Block_User" data-provider="BlockLoginCredentials" finished-at="2025-10-06T17:50:03 IST" duration-ms="1834" status="PASS">
          <params>
            <param index="0">
              <value>
                <![CDATA[Check]]>
              </value>
            </param>
            <param index="1">
              <value>
                <![CDATA[User@123]]>
              </value>
            </param>
            <param index="2">
              <value>
                <![CDATA[]]>
              </value>
            </param>
          </params>
          <reporter-output>
            <line>
              <![CDATA[Test Case Started : Block_User]]>
            </line>
            <line>
              <![CDATA[Test Case Success : 1]]>
            </line>
          </reporter-output>
        </test-method> <!-- Block_User -->
        <test-method signature="Block_User(java.lang.String,java.lang.String,java.lang.String)[pri:3, instance:test_case.Login_Test_Data@782a4fff]" started-at="2025-10-06T17:50:03 IST" name="Block_User" data-provider="BlockLoginCredentials" finished-at="2025-10-06T17:50:13 IST" duration-ms="10264" status="PASS">
          <params>
            <param index="0">
              <value>
                <![CDATA[Check]]>
              </value>
            </param>
            <param index="1">
              <value>
                <![CDATA[User123]]>
              </value>
            </param>
            <param index="2">
              <value>
                <![CDATA[Invalid user name or password.]]>
              </value>
            </param>
          </params>
          <reporter-output>
            <line>
              <![CDATA[Test Case Started : Block_User]]>
            </line>
            <line>
              <![CDATA[Test Case Success : 1]]>
            </line>
          </reporter-output>
        </test-method> <!-- Block_User -->
        <test-method signature="Block_User(java.lang.String,java.lang.String,java.lang.String)[pri:3, instance:test_case.Login_Test_Data@782a4fff]" started-at="2025-10-06T17:50:13 IST" name="Block_User" data-provider="BlockLoginCredentials" finished-at="2025-10-06T17:50:23 IST" duration-ms="10322" status="PASS">
          <params>
            <param index="0">
              <value>
                <![CDATA[Check]]>
              </value>
            </param>
            <param index="1">
              <value>
                <![CDATA[User1234]]>
              </value>
            </param>
            <param index="2">
              <value>
                <![CDATA[Invalid user name or password.]]>
              </value>
            </param>
          </params>
          <reporter-output>
            <line>
              <![CDATA[Test Case Started : Block_User]]>
            </line>
            <line>
              <![CDATA[Test Case Success : 1]]>
            </line>
          </reporter-output>
        </test-method> <!-- Block_User -->
        <test-method signature="Block_User(java.lang.String,java.lang.String,java.lang.String)[pri:3, instance:test_case.Login_Test_Data@782a4fff]" started-at="2025-10-06T17:50:24 IST" name="Block_User" data-provider="BlockLoginCredentials" finished-at="2025-10-06T17:50:34 IST" duration-ms="10294" status="PASS">
          <params>
            <param index="0">
              <value>
                <![CDATA[Check]]>
              </value>
            </param>
            <param index="1">
              <value>
                <![CDATA[User12345]]>
              </value>
            </param>
            <param index="2">
              <value>
                <![CDATA[Your account has been disabled due to maximum failed login attempts. Please contact System Administrator.]]>
              </value>
            </param>
          </params>
          <reporter-output>
            <line>
              <![CDATA[Test Case Started : Block_User]]>
            </line>
            <line>
              <![CDATA[Test Case Success : 1]]>
            </line>
          </reporter-output>
        </test-method> <!-- Block_User -->
        <test-method signature="MainUserLogin(java.lang.String,java.lang.String)[pri:52, instance:test_case.Login_Test_Data@782a4fff]" started-at="2025-10-06T17:50:34 IST" name="MainUserLogin" data-provider="LoginCredentials1" finished-at="2025-10-06T17:50:35 IST" duration-ms="974" status="PASS">
          <params>
            <param index="0">
              <value>
                <![CDATA[Approver]]>
              </value>
            </param>
            <param index="1">
              <value>
                <![CDATA[User@123]]>
              </value>
            </param>
          </params>
          <reporter-output>
            <line>
              <![CDATA[Test Case Started : MainUserLogin]]>
            </line>
            <line>
              <![CDATA[Test Case Success : 1]]>
            </line>
          </reporter-output>
        </test-method> <!-- MainUserLogin -->
      </class> <!-- test_case.Login_Test_Data -->
      <class name="test_case.Access_permissions">
        <test-method is-config="true" signature="Access_Permissions_Setup()[pri:0, instance:test_case.Access_permissions@5ae81e1]" started-at="2025-10-06T17:50:35 IST" name="Access_Permissions_Setup" finished-at="2025-10-06T17:50:35 IST" duration-ms="9" status="PASS">
          <reporter-output>
          </reporter-output>
        </test-method> <!-- Access_Permissions_Setup -->
        <test-method signature="Add_Group()[pri:1, instance:test_case.Access_permissions@5ae81e1]" started-at="2025-10-06T17:50:35 IST" name="Add_Group" finished-at="2025-10-06T17:51:17 IST" duration-ms="41592" status="PASS">
          <reporter-output>
            <line>
              <![CDATA[Test Case Started : Add_Group]]>
            </line>
            <line>
              <![CDATA[Test Case Success : 1]]>
            </line>
          </reporter-output>
        </test-method> <!-- Add_Group -->
        <test-method signature="view_Group()[pri:2, instance:test_case.Access_permissions@5ae81e1]" started-at="2025-10-06T17:51:17 IST" name="view_Group" finished-at="2025-10-06T17:51:38 IST" depends-on-methods="test_case.Access_permissions.Add_Group" duration-ms="21138" status="PASS">
          <reporter-output>
            <line>
              <![CDATA[Test Case Started : view_Group]]>
            </line>
            <line>
              <![CDATA[Test Case Success : 1]]>
            </line>
          </reporter-output>
        </test-method> <!-- view_Group -->
        <test-method signature="edit_Group()[pri:3, instance:test_case.Access_permissions@5ae81e1]" started-at="2025-10-06T17:51:38 IST" name="edit_Group" finished-at="2025-10-06T17:51:59 IST" depends-on-methods="test_case.Access_permissions.Add_Group" duration-ms="21203" status="PASS">
          <reporter-output>
            <line>
              <![CDATA[Test Case Started : edit_Group]]>
            </line>
            <line>
              <![CDATA[Test Case Success : 1]]>
            </line>
          </reporter-output>
        </test-method> <!-- edit_Group -->
        <test-method signature="delete_Group()[pri:4, instance:test_case.Access_permissions@5ae81e1]" started-at="2025-10-06T17:51:59 IST" name="delete_Group" finished-at="2025-10-06T17:52:20 IST" depends-on-methods="test_case.Access_permissions.Add_Group" duration-ms="21034" status="PASS">
          <reporter-output>
            <line>
              <![CDATA[Test Case Started : delete_Group]]>
            </line>
            <line>
              <![CDATA[Test Case Success : 1]]>
            </line>
          </reporter-output>
        </test-method> <!-- delete_Group -->
        <test-method signature="Add_Role()[pri:5, instance:test_case.Access_permissions@5ae81e1]" started-at="2025-10-06T17:52:21 IST" name="Add_Role" finished-at="2025-10-06T17:53:34 IST" duration-ms="73767" status="PASS">
          <reporter-output>
            <line>
              <![CDATA[Test Case Started : Add_Role]]>
            </line>
            <line>
              <![CDATA[Test Case Success : 1]]>
            </line>
          </reporter-output>
        </test-method> <!-- Add_Role -->
        <test-method signature="view_Role()[pri:6, instance:test_case.Access_permissions@5ae81e1]" started-at="2025-10-06T17:53:35 IST" name="view_Role" finished-at="2025-10-06T17:53:56 IST" depends-on-methods="test_case.Access_permissions.Add_Role" duration-ms="21283" status="PASS">
          <reporter-output>
            <line>
              <![CDATA[Test Case Started : view_Role]]>
            </line>
            <line>
              <![CDATA[Test Case Success : 1]]>
            </line>
          </reporter-output>
        </test-method> <!-- view_Role -->
        <test-method signature="edit_Role()[pri:7, instance:test_case.Access_permissions@5ae81e1]" started-at="2025-10-06T17:53:56 IST" name="edit_Role" finished-at="2025-10-06T17:54:18 IST" depends-on-methods="test_case.Access_permissions.view_Role" duration-ms="21777" status="PASS">
          <reporter-output>
            <line>
              <![CDATA[Test Case Started : edit_Role]]>
            </line>
            <line>
              <![CDATA[Test Case Success : 1]]>
            </line>
          </reporter-output>
        </test-method> <!-- edit_Role -->
        <test-method signature="delete_Role()[pri:8, instance:test_case.Access_permissions@5ae81e1]" started-at="2025-10-06T17:54:18 IST" name="delete_Role" finished-at="2025-10-06T17:54:39 IST" depends-on-methods="test_case.Access_permissions.edit_Role" duration-ms="21060" status="PASS">
          <reporter-output>
            <line>
              <![CDATA[Test Case Started : delete_Role]]>
            </line>
            <line>
              <![CDATA[Test Case Success : 1]]>
            </line>
          </reporter-output>
        </test-method> <!-- delete_Role -->
        <test-method signature="Add_User()[pri:9, instance:test_case.Access_permissions@5ae81e1]" started-at="2025-10-06T17:54:39 IST" name="Add_User" finished-at="2025-10-06T17:55:14 IST" duration-ms="34638" status="PASS">
          <reporter-output>
            <line>
              <![CDATA[Test Case Started : Add_User]]>
            </line>
            <line>
              <![CDATA[Test Case Success : 1]]>
            </line>
          </reporter-output>
        </test-method> <!-- Add_User -->
        <test-method signature="view_User()[pri:10, instance:test_case.Access_permissions@5ae81e1]" started-at="2025-10-06T17:55:14 IST" name="view_User" finished-at="2025-10-06T17:55:35 IST" depends-on-methods="test_case.Access_permissions.Add_User" duration-ms="20999" status="PASS">
          <reporter-output>
            <line>
              <![CDATA[Test Case Started : view_User]]>
            </line>
            <line>
              <![CDATA[Test Case Success : 1]]>
            </line>
          </reporter-output>
        </test-method> <!-- view_User -->
        <test-method signature="edit_User()[pri:11, instance:test_case.Access_permissions@5ae81e1]" started-at="2025-10-06T17:55:35 IST" name="edit_User" finished-at="2025-10-06T17:55:56 IST" depends-on-methods="test_case.Access_permissions.view_User" duration-ms="21148" status="PASS">
          <reporter-output>
            <line>
              <![CDATA[Test Case Started : edit_User]]>
            </line>
            <line>
              <![CDATA[Test Case Success : 1]]>
            </line>
          </reporter-output>
        </test-method> <!-- edit_User -->
        <test-method signature="delete_User()[pri:12, instance:test_case.Access_permissions@5ae81e1]" started-at="2025-10-06T17:55:57 IST" name="delete_User" finished-at="2025-10-06T17:56:18 IST" depends-on-methods="test_case.Access_permissions.edit_User" duration-ms="21003" status="PASS">
          <reporter-output>
            <line>
              <![CDATA[Test Case Started : delete_User]]>
            </line>
            <line>
              <![CDATA[Test Case Success : 1]]>
            </line>
          </reporter-output>
        </test-method> <!-- delete_User -->
      </class> <!-- test_case.Access_permissions -->
    </test> <!-- Test -->
  </suite> <!-- Suite -->
</testng-results>
