<?xml version="1.0" encoding="UTF-8"?>
<testng-results ignored="0" total="32" passed="26" failed="3" skipped="3">
  <reporter-output>
    <line>
      <![CDATA[Test Case Started : verifyLoginData]]>
    </line>
    <line>
      <![CDATA[Test Case Success : 1]]>
    </line>
    <line>
      <![CDATA[Test Case Started : logoutMainUser]]>
    </line>
    <line>
      <![CDATA[Test Case Success : 1]]>
    </line>
    <line>
      <![CDATA[Test Case Started : verifyLoginTest]]>
    </line>
    <line>
      <![CDATA[Test Case Success : 1]]>
    </line>
    <line>
      <![CDATA[Test Case Started : verifyLoginTest]]>
    </line>
    <line>
      <![CDATA[Test Case Success : 1]]>
    </line>
    <line>
      <![CDATA[Test Case Started : verifyLoginTest]]>
    </line>
    <line>
      <![CDATA[Test Case Success : 1]]>
    </line>
    <line>
      <![CDATA[Test Case Started : verifyLoginTest]]>
    </line>
    <line>
      <![CDATA[Test Case Success : 1]]>
    </line>
    <line>
      <![CDATA[Test Case Started : verifyblockUser]]>
    </line>
    <line>
      <![CDATA[Test Case Success : 1]]>
    </line>
    <line>
      <![CDATA[Test Case Started : verifyblockUser]]>
    </line>
    <line>
      <![CDATA[Test Case Success : 1]]>
    </line>
    <line>
      <![CDATA[Test Case Started : verifyblockUser]]>
    </line>
    <line>
      <![CDATA[Test Case Success : 1]]>
    </line>
    <line>
      <![CDATA[Test Case Started : verifyblockUser]]>
    </line>
    <line>
      <![CDATA[Test Case Success : 1]]>
    </line>
    <line>
      <![CDATA[Test Case Started : verifyblockUser]]>
    </line>
    <line>
      <![CDATA[Test Case Success : 1]]>
    </line>
    <line>
      <![CDATA[Test Case Started : verifyblockUser]]>
    </line>
    <line>
      <![CDATA[Test Case Success : 1]]>
    </line>
    <line>
      <![CDATA[Test Case Started : mainUserLogin]]>
    </line>
    <line>
      <![CDATA[Test Case Success : 1]]>
    </line>
    <line>
      <![CDATA[Test Case Started : verifyAddGroup]]>
    </line>
    <line>
      <![CDATA[Test Case Success : 1]]>
    </line>
    <line>
      <![CDATA[Test Case Started : verifyViewGroup]]>
    </line>
    <line>
      <![CDATA[Test Case Success : 1]]>
    </line>
    <line>
      <![CDATA[Test Case Started : verifyEditGroup]]>
    </line>
    <line>
      <![CDATA[Test Case Success : 1]]>
    </line>
    <line>
      <![CDATA[Test Case Started : verifyDeleteGroup]]>
    </line>
    <line>
      <![CDATA[Test Case Success : 1]]>
    </line>
    <line>
      <![CDATA[Test Case Started : verifyAddRole]]>
    </line>
    <line>
      <![CDATA[Test Case Failure : 2]]>
    </line>
    <line>
      <![CDATA[Test Case Started : verifyViewRole]]>
    </line>
    <line>
      <![CDATA[Test Case Started : verifyEditRole]]>
    </line>
    <line>
      <![CDATA[Test Case Started : verifyDeleteRole]]>
    </line>
    <line>
      <![CDATA[Test Case Started : verifyAddUser]]>
    </line>
    <line>
      <![CDATA[Test Case Success : 1]]>
    </line>
    <line>
      <![CDATA[Test Case Started : verifyViewUser]]>
    </line>
    <line>
      <![CDATA[Test Case Success : 1]]>
    </line>
    <line>
      <![CDATA[Test Case Started : verifyEditUser]]>
    </line>
    <line>
      <![CDATA[Test Case Success : 1]]>
    </line>
    <line>
      <![CDATA[Test Case Started : verifyDeleteUser]]>
    </line>
    <line>
      <![CDATA[Test Case Failure : 2]]>
    </line>
    <line>
      <![CDATA[Test Case Started : verifyAddDocSeg]]>
    </line>
    <line>
      <![CDATA[Test Case Success : 1]]>
    </line>
    <line>
      <![CDATA[Test Case Started : verifyViewDogSeg]]>
    </line>
    <line>
      <![CDATA[Test Case Success : 1]]>
    </line>
    <line>
      <![CDATA[Test Case Started : verifyEditDogSeg]]>
    </line>
    <line>
      <![CDATA[Test Case Success : 1]]>
    </line>
    <line>
      <![CDATA[Test Case Started : verifyDeleteDogSeg]]>
    </line>
    <line>
      <![CDATA[Test Case Failure : 2]]>
    </line>
    <line>
      <![CDATA[Test Case Started : detailReportGenerate]]>
    </line>
    <line>
      <![CDATA[Test Case Success : 1]]>
    </line>
    <line>
      <![CDATA[Test Case Started : readDataExtraction]]>
    </line>
    <line>
      <![CDATA[Test Case Success : 1]]>
    </line>
    <line>
      <![CDATA[Test Case Started : logoutUser]]>
    </line>
    <line>
      <![CDATA[Test Case Success : 1]]>
    </line>
  </reporter-output>
  <suite started-at="2026-03-24T17:18:40 IST" name="Suite" finished-at="2026-03-24T17:19:40 IST" duration-ms="59579">
    <groups>
    </groups>
    <test started-at="2026-03-24T17:18:40 IST" name="Test" finished-at="2026-03-24T17:19:40 IST" duration-ms="59579">
      <class name="tests.LoginTest">
        <test-method signature="logoutMainUser()[pri:1, instance:tests.LoginTest@117632cf]" started-at="2026-03-24T17:18:43 IST" name="logoutMainUser" finished-at="2026-03-24T17:18:44 IST" duration-ms="566" status="PASS">
          <reporter-output>
            <line>
              <![CDATA[Test Case Started : logoutMainUser]]>
            </line>
            <line>
              <![CDATA[Test Case Success : 1]]>
            </line>
          </reporter-output>
        </test-method> <!-- logoutMainUser -->
        <test-method signature="verifyLoginTest(java.lang.String,java.lang.String,java.lang.String)[pri:2, instance:tests.LoginTest@117632cf]" started-at="2026-03-24T17:18:44 IST" name="verifyLoginTest" data-provider="LoginCredentials" finished-at="2026-03-24T17:18:45 IST" duration-ms="1340" status="PASS">
          <params>
            <param index="0">
              <value>
                <![CDATA[Approver1]]>
              </value>
            </param>
            <param index="1">
              <value>
                <![CDATA[User@1234]]>
              </value>
            </param>
            <param index="2">
              <value>
                <![CDATA[Invalid user name or password or Deactivated.]]>
              </value>
            </param>
          </params>
          <reporter-output>
            <line>
              <![CDATA[Test Case Started : verifyLoginTest]]>
            </line>
            <line>
              <![CDATA[Test Case Success : 1]]>
            </line>
          </reporter-output>
        </test-method> <!-- verifyLoginTest -->
        <test-method signature="verifyLoginTest(java.lang.String,java.lang.String,java.lang.String)[pri:2, instance:tests.LoginTest@117632cf]" started-at="2026-03-24T17:18:45 IST" name="verifyLoginTest" data-provider="LoginCredentials" finished-at="2026-03-24T17:18:47 IST" duration-ms="1370" status="PASS">
          <params>
            <param index="0">
              <value>
                <![CDATA[Approver]]>
              </value>
            </param>
            <param index="1">
              <value>
                <![CDATA[User@1234]]>
              </value>
            </param>
            <param index="2">
              <value>
                <![CDATA[Invalid user name or password.]]>
              </value>
            </param>
          </params>
          <reporter-output>
            <line>
              <![CDATA[Test Case Started : verifyLoginTest]]>
            </line>
            <line>
              <![CDATA[Test Case Success : 1]]>
            </line>
          </reporter-output>
        </test-method> <!-- verifyLoginTest -->
        <test-method signature="verifyLoginTest(java.lang.String,java.lang.String,java.lang.String)[pri:2, instance:tests.LoginTest@117632cf]" started-at="2026-03-24T17:18:47 IST" name="verifyLoginTest" data-provider="LoginCredentials" finished-at="2026-03-24T17:18:48 IST" duration-ms="1355" status="PASS">
          <params>
            <param index="0">
              <value>
                <![CDATA[Approver1]]>
              </value>
            </param>
            <param index="1">
              <value>
                <![CDATA[User@123]]>
              </value>
            </param>
            <param index="2">
              <value>
                <![CDATA[Invalid user name or password or Deactivated.]]>
              </value>
            </param>
          </params>
          <reporter-output>
            <line>
              <![CDATA[Test Case Started : verifyLoginTest]]>
            </line>
            <line>
              <![CDATA[Test Case Success : 1]]>
            </line>
          </reporter-output>
        </test-method> <!-- verifyLoginTest -->
        <test-method signature="verifyLoginTest(java.lang.String,java.lang.String,java.lang.String)[pri:2, instance:tests.LoginTest@117632cf]" started-at="2026-03-24T17:18:48 IST" name="verifyLoginTest" data-provider="LoginCredentials" finished-at="2026-03-24T17:18:50 IST" duration-ms="1479" status="PASS">
          <params>
            <param index="0">
              <value>
                <![CDATA[Approver]]>
              </value>
            </param>
            <param index="1">
              <value>
                <![CDATA[User@123]]>
              </value>
            </param>
            <param index="2">
              <value>
                <![CDATA[]]>
              </value>
            </param>
          </params>
          <reporter-output>
            <line>
              <![CDATA[Test Case Started : verifyLoginTest]]>
            </line>
            <line>
              <![CDATA[Test Case Success : 1]]>
            </line>
          </reporter-output>
        </test-method> <!-- verifyLoginTest -->
        <test-method signature="verifyblockUser(java.lang.String,java.lang.String,java.lang.String)[pri:3, instance:tests.LoginTest@117632cf]" started-at="2026-03-24T17:18:50 IST" name="verifyblockUser" data-provider="BlockLoginCredentials" finished-at="2026-03-24T17:18:51 IST" duration-ms="1331" status="PASS">
          <params>
            <param index="0">
              <value>
                <![CDATA[Check]]>
              </value>
            </param>
            <param index="1">
              <value>
                <![CDATA[User123]]>
              </value>
            </param>
            <param index="2">
              <value>
                <![CDATA[Invalid user name or password.]]>
              </value>
            </param>
          </params>
          <reporter-output>
            <line>
              <![CDATA[Test Case Started : verifyblockUser]]>
            </line>
            <line>
              <![CDATA[Test Case Success : 1]]>
            </line>
          </reporter-output>
        </test-method> <!-- verifyblockUser -->
        <test-method signature="verifyblockUser(java.lang.String,java.lang.String,java.lang.String)[pri:3, instance:tests.LoginTest@117632cf]" started-at="2026-03-24T17:18:51 IST" name="verifyblockUser" data-provider="BlockLoginCredentials" finished-at="2026-03-24T17:18:53 IST" duration-ms="1292" status="PASS">
          <params>
            <param index="0">
              <value>
                <![CDATA[Check]]>
              </value>
            </param>
            <param index="1">
              <value>
                <![CDATA[User1234]]>
              </value>
            </param>
            <param index="2">
              <value>
                <![CDATA[Invalid user name or password.]]>
              </value>
            </param>
          </params>
          <reporter-output>
            <line>
              <![CDATA[Test Case Started : verifyblockUser]]>
            </line>
            <line>
              <![CDATA[Test Case Success : 1]]>
            </line>
          </reporter-output>
        </test-method> <!-- verifyblockUser -->
        <test-method signature="verifyblockUser(java.lang.String,java.lang.String,java.lang.String)[pri:3, instance:tests.LoginTest@117632cf]" started-at="2026-03-24T17:18:53 IST" name="verifyblockUser" data-provider="BlockLoginCredentials" finished-at="2026-03-24T17:18:54 IST" duration-ms="1395" status="PASS">
          <params>
            <param index="0">
              <value>
                <![CDATA[Check]]>
              </value>
            </param>
            <param index="1">
              <value>
                <![CDATA[User@123]]>
              </value>
            </param>
            <param index="2">
              <value>
                <![CDATA[]]>
              </value>
            </param>
          </params>
          <reporter-output>
            <line>
              <![CDATA[Test Case Started : verifyblockUser]]>
            </line>
            <line>
              <![CDATA[Test Case Success : 1]]>
            </line>
          </reporter-output>
        </test-method> <!-- verifyblockUser -->
        <test-method signature="verifyblockUser(java.lang.String,java.lang.String,java.lang.String)[pri:3, instance:tests.LoginTest@117632cf]" started-at="2026-03-24T17:18:54 IST" name="verifyblockUser" data-provider="BlockLoginCredentials" finished-at="2026-03-24T17:18:56 IST" duration-ms="1418" status="PASS">
          <params>
            <param index="0">
              <value>
                <![CDATA[Check]]>
              </value>
            </param>
            <param index="1">
              <value>
                <![CDATA[User123]]>
              </value>
            </param>
            <param index="2">
              <value>
                <![CDATA[Invalid user name or password.]]>
              </value>
            </param>
          </params>
          <reporter-output>
            <line>
              <![CDATA[Test Case Started : verifyblockUser]]>
            </line>
            <line>
              <![CDATA[Test Case Success : 1]]>
            </line>
          </reporter-output>
        </test-method> <!-- verifyblockUser -->
        <test-method signature="verifyblockUser(java.lang.String,java.lang.String,java.lang.String)[pri:3, instance:tests.LoginTest@117632cf]" started-at="2026-03-24T17:18:56 IST" name="verifyblockUser" data-provider="BlockLoginCredentials" finished-at="2026-03-24T17:18:57 IST" duration-ms="1321" status="PASS">
          <params>
            <param index="0">
              <value>
                <![CDATA[Check]]>
              </value>
            </param>
            <param index="1">
              <value>
                <![CDATA[User1234]]>
              </value>
            </param>
            <param index="2">
              <value>
                <![CDATA[Invalid user name or password.]]>
              </value>
            </param>
          </params>
          <reporter-output>
            <line>
              <![CDATA[Test Case Started : verifyblockUser]]>
            </line>
            <line>
              <![CDATA[Test Case Success : 1]]>
            </line>
          </reporter-output>
        </test-method> <!-- verifyblockUser -->
        <test-method signature="verifyblockUser(java.lang.String,java.lang.String,java.lang.String)[pri:3, instance:tests.LoginTest@117632cf]" started-at="2026-03-24T17:18:57 IST" name="verifyblockUser" data-provider="BlockLoginCredentials" finished-at="2026-03-24T17:18:59 IST" duration-ms="1327" status="PASS">
          <params>
            <param index="0">
              <value>
                <![CDATA[Check]]>
              </value>
            </param>
            <param index="1">
              <value>
                <![CDATA[User12345]]>
              </value>
            </param>
            <param index="2">
              <value>
                <![CDATA[Your account has been disabled due to maximum failed login attempts. Please contact System Administrator.]]>
              </value>
            </param>
          </params>
          <reporter-output>
            <line>
              <![CDATA[Test Case Started : verifyblockUser]]>
            </line>
            <line>
              <![CDATA[Test Case Success : 1]]>
            </line>
          </reporter-output>
        </test-method> <!-- verifyblockUser -->
        <test-method signature="mainUserLogin(java.lang.String,java.lang.String)[pri:4, instance:tests.LoginTest@117632cf]" started-at="2026-03-24T17:18:59 IST" name="mainUserLogin" data-provider="LoginCredentials1" finished-at="2026-03-24T17:19:00 IST" duration-ms="842" status="PASS">
          <params>
            <param index="0">
              <value>
                <![CDATA[Approver]]>
              </value>
            </param>
            <param index="1">
              <value>
                <![CDATA[User@123]]>
              </value>
            </param>
          </params>
          <reporter-output>
            <line>
              <![CDATA[Test Case Started : mainUserLogin]]>
            </line>
            <line>
              <![CDATA[Test Case Success : 1]]>
            </line>
          </reporter-output>
        </test-method> <!-- mainUserLogin -->
      </class> <!-- tests.LoginTest -->
      <class name="tests.AccessPermissions">
        <test-method is-config="true" signature="verifyAccessPermissionsSetup()[pri:0, instance:tests.AccessPermissions@3add81c4]" started-at="2026-03-24T17:19:00 IST" name="verifyAccessPermissionsSetup" finished-at="2026-03-24T17:19:00 IST" duration-ms="2" status="PASS">
          <reporter-output>
          </reporter-output>
        </test-method> <!-- verifyAccessPermissionsSetup -->
        <test-method signature="verifyAddGroup()[pri:1, instance:tests.AccessPermissions@3add81c4]" started-at="2026-03-24T17:19:00 IST" name="verifyAddGroup" finished-at="2026-03-24T17:19:01 IST" duration-ms="1668" status="PASS">
          <reporter-output>
            <line>
              <![CDATA[Test Case Started : verifyAddGroup]]>
            </line>
            <line>
              <![CDATA[Test Case Success : 1]]>
            </line>
          </reporter-output>
        </test-method> <!-- verifyAddGroup -->
        <test-method signature="verifyViewGroup()[pri:2, instance:tests.AccessPermissions@3add81c4]" started-at="2026-03-24T17:19:02 IST" name="verifyViewGroup" finished-at="2026-03-24T17:19:03 IST" depends-on-methods="tests.AccessPermissions.verifyAddGroup" duration-ms="922" status="PASS">
          <reporter-output>
            <line>
              <![CDATA[Test Case Started : verifyViewGroup]]>
            </line>
            <line>
              <![CDATA[Test Case Success : 1]]>
            </line>
          </reporter-output>
        </test-method> <!-- verifyViewGroup -->
        <test-method signature="verifyEditGroup()[pri:3, instance:tests.AccessPermissions@3add81c4]" started-at="2026-03-24T17:19:03 IST" name="verifyEditGroup" finished-at="2026-03-24T17:19:03 IST" depends-on-methods="tests.AccessPermissions.verifyAddGroup" duration-ms="640" status="PASS">
          <reporter-output>
            <line>
              <![CDATA[Test Case Started : verifyEditGroup]]>
            </line>
            <line>
              <![CDATA[Test Case Success : 1]]>
            </line>
          </reporter-output>
        </test-method> <!-- verifyEditGroup -->
        <test-method signature="verifyDeleteGroup()[pri:4, instance:tests.AccessPermissions@3add81c4]" started-at="2026-03-24T17:19:03 IST" name="verifyDeleteGroup" finished-at="2026-03-24T17:19:04 IST" depends-on-methods="tests.AccessPermissions.verifyAddGroup" duration-ms="1001" status="PASS">
          <reporter-output>
            <line>
              <![CDATA[Test Case Started : verifyDeleteGroup]]>
            </line>
            <line>
              <![CDATA[Test Case Success : 1]]>
            </line>
          </reporter-output>
        </test-method> <!-- verifyDeleteGroup -->
        <test-method signature="verifyAddRole()[pri:5, instance:tests.AccessPermissions@3add81c4]" started-at="2026-03-24T17:19:05 IST" name="verifyAddRole" finished-at="2026-03-24T17:19:05 IST" duration-ms="428" status="FAIL">
          <exception class="java.lang.AssertionError">
            <message>
              <![CDATA[Role was not added successfully! expected [true] but found [false]]]>
            </message>
            <full-stacktrace>
              <![CDATA[java.lang.AssertionError: Role was not added successfully! expected [true] but found [false]
at org.testng.Assert.fail(Assert.java:111)
at org.testng.Assert.failNotEquals(Assert.java:1578)
at org.testng.Assert.assertTrue(Assert.java:57)
at tests.AccessPermissions.verifyAddRole(AccessPermissions.java:76)
at java.base/jdk.internal.reflect.NativeMethodAccessorImpl.invoke0(Native Method)
at java.base/jdk.internal.reflect.NativeMethodAccessorImpl.invoke(NativeMethodAccessorImpl.java:77)
at java.base/jdk.internal.reflect.DelegatingMethodAccessorImpl.invoke(DelegatingMethodAccessorImpl.java:43)
at java.base/java.lang.reflect.Method.invoke(Method.java:568)
at org.testng.internal.invokers.MethodInvocationHelper.invokeMethod(MethodInvocationHelper.java:141)
at org.testng.internal.invokers.TestInvoker.invokeMethod(TestInvoker.java:686)
at org.testng.internal.invokers.TestInvoker.invokeTestMethod(TestInvoker.java:230)
at org.testng.internal.invokers.MethodRunner.runInSequence(MethodRunner.java:63)
at org.testng.internal.invokers.TestInvoker$MethodInvocationAgent.invoke(TestInvoker.java:992)
at org.testng.internal.invokers.TestInvoker.invokeTestMethods(TestInvoker.java:203)
at org.testng.internal.invokers.TestMethodWorker.invokeTestMethods(TestMethodWorker.java:154)
at org.testng.internal.invokers.TestMethodWorker.run(TestMethodWorker.java:134)
at java.base/java.util.ArrayList.forEach(ArrayList.java:1511)
at org.testng.TestRunner.privateRun(TestRunner.java:739)
at org.testng.TestRunner.run(TestRunner.java:614)
at org.testng.SuiteRunner.runTest(SuiteRunner.java:421)
at org.testng.SuiteRunner.runSequentially(SuiteRunner.java:413)
at org.testng.SuiteRunner.privateRun(SuiteRunner.java:373)
at org.testng.SuiteRunner.run(SuiteRunner.java:312)
at org.testng.SuiteRunnerWorker.runSuite(SuiteRunnerWorker.java:52)
at org.testng.SuiteRunnerWorker.run(SuiteRunnerWorker.java:95)
at org.testng.TestNG.runSuitesSequentially(TestNG.java:1274)
at org.testng.TestNG.runSuitesLocally(TestNG.java:1208)
at org.testng.TestNG.runSuites(TestNG.java:1112)
at org.testng.TestNG.run(TestNG.java:1079)
at org.testng.remote.AbstractRemoteTestNG.run(AbstractRemoteTestNG.java:115)
at org.testng.remote.RemoteTestNG.initAndRun(RemoteTestNG.java:293)
at org.testng.remote.RemoteTestNG.main(RemoteTestNG.java:91)
]]>
            </full-stacktrace>
          </exception> <!-- java.lang.AssertionError -->
          <reporter-output>
            <line>
              <![CDATA[Test Case Started : verifyAddRole]]>
            </line>
            <line>
              <![CDATA[Test Case Failure : 2]]>
            </line>
          </reporter-output>
        </test-method> <!-- verifyAddRole -->
        <test-method signature="verifyViewRole()[pri:6, instance:tests.AccessPermissions@3add81c4]" started-at="2026-03-24T17:19:05 IST" name="verifyViewRole" finished-at="2026-03-24T17:19:05 IST" depends-on-methods="tests.AccessPermissions.verifyAddRole" duration-ms="0" status="SKIP">
          <exception class="java.lang.Throwable">
            <message>
              <![CDATA[Method tests.AccessPermissions.verifyViewRole() on instance tests.AccessPermissions@3add81c4 depends on not successfully finished methods 
[tests.AccessPermissions.verifyAddRole() on instance tests.AccessPermissions@3add81c4]]]>
            </message>
            <full-stacktrace>
              <![CDATA[java.lang.Throwable: Method tests.AccessPermissions.verifyViewRole() on instance tests.AccessPermissions@3add81c4 depends on not successfully finished methods 
[tests.AccessPermissions.verifyAddRole() on instance tests.AccessPermissions@3add81c4]
at org.testng.internal.invokers.TestInvoker.invokeTestMethods(TestInvoker.java:159)
at org.testng.internal.invokers.TestMethodWorker.invokeTestMethods(TestMethodWorker.java:154)
at org.testng.internal.invokers.TestMethodWorker.run(TestMethodWorker.java:134)
at java.base/java.util.ArrayList.forEach(ArrayList.java:1511)
at org.testng.TestRunner.privateRun(TestRunner.java:739)
at org.testng.TestRunner.run(TestRunner.java:614)
at org.testng.SuiteRunner.runTest(SuiteRunner.java:421)
at org.testng.SuiteRunner.runSequentially(SuiteRunner.java:413)
at org.testng.SuiteRunner.privateRun(SuiteRunner.java:373)
at org.testng.SuiteRunner.run(SuiteRunner.java:312)
at org.testng.SuiteRunnerWorker.runSuite(SuiteRunnerWorker.java:52)
at org.testng.SuiteRunnerWorker.run(SuiteRunnerWorker.java:95)
at org.testng.TestNG.runSuitesSequentially(TestNG.java:1274)
at org.testng.TestNG.runSuitesLocally(TestNG.java:1208)
at org.testng.TestNG.runSuites(TestNG.java:1112)
at org.testng.TestNG.run(TestNG.java:1079)
at org.testng.remote.AbstractRemoteTestNG.run(AbstractRemoteTestNG.java:115)
at org.testng.remote.RemoteTestNG.initAndRun(RemoteTestNG.java:293)
at org.testng.remote.RemoteTestNG.main(RemoteTestNG.java:91)
]]>
            </full-stacktrace>
          </exception> <!-- java.lang.Throwable -->
          <reporter-output>
            <line>
              <![CDATA[Test Case Started : verifyEditRole]]>
            </line>
          </reporter-output>
        </test-method> <!-- verifyViewRole -->
        <test-method signature="verifyEditRole()[pri:7, instance:tests.AccessPermissions@3add81c4]" started-at="2026-03-24T17:19:05 IST" name="verifyEditRole" finished-at="2026-03-24T17:19:05 IST" depends-on-methods="tests.AccessPermissions.verifyAddRole" duration-ms="0" status="SKIP">
          <exception class="java.lang.Throwable">
            <message>
              <![CDATA[Method tests.AccessPermissions.verifyEditRole() on instance tests.AccessPermissions@3add81c4 depends on not successfully finished methods 
[tests.AccessPermissions.verifyAddRole() on instance tests.AccessPermissions@3add81c4]]]>
            </message>
            <full-stacktrace>
              <![CDATA[java.lang.Throwable: Method tests.AccessPermissions.verifyEditRole() on instance tests.AccessPermissions@3add81c4 depends on not successfully finished methods 
[tests.AccessPermissions.verifyAddRole() on instance tests.AccessPermissions@3add81c4]
at org.testng.internal.invokers.TestInvoker.invokeTestMethods(TestInvoker.java:159)
at org.testng.internal.invokers.TestMethodWorker.invokeTestMethods(TestMethodWorker.java:154)
at org.testng.internal.invokers.TestMethodWorker.run(TestMethodWorker.java:134)
at java.base/java.util.ArrayList.forEach(ArrayList.java:1511)
at org.testng.TestRunner.privateRun(TestRunner.java:739)
at org.testng.TestRunner.run(TestRunner.java:614)
at org.testng.SuiteRunner.runTest(SuiteRunner.java:421)
at org.testng.SuiteRunner.runSequentially(SuiteRunner.java:413)
at org.testng.SuiteRunner.privateRun(SuiteRunner.java:373)
at org.testng.SuiteRunner.run(SuiteRunner.java:312)
at org.testng.SuiteRunnerWorker.runSuite(SuiteRunnerWorker.java:52)
at org.testng.SuiteRunnerWorker.run(SuiteRunnerWorker.java:95)
at org.testng.TestNG.runSuitesSequentially(TestNG.java:1274)
at org.testng.TestNG.runSuitesLocally(TestNG.java:1208)
at org.testng.TestNG.runSuites(TestNG.java:1112)
at org.testng.TestNG.run(TestNG.java:1079)
at org.testng.remote.AbstractRemoteTestNG.run(AbstractRemoteTestNG.java:115)
at org.testng.remote.RemoteTestNG.initAndRun(RemoteTestNG.java:293)
at org.testng.remote.RemoteTestNG.main(RemoteTestNG.java:91)
]]>
            </full-stacktrace>
          </exception> <!-- java.lang.Throwable -->
          <reporter-output>
            <line>
              <![CDATA[Test Case Started : verifyDeleteRole]]>
            </line>
          </reporter-output>
        </test-method> <!-- verifyEditRole -->
        <test-method signature="verifyDeleteRole()[pri:8, instance:tests.AccessPermissions@3add81c4]" started-at="2026-03-24T17:19:05 IST" name="verifyDeleteRole" finished-at="2026-03-24T17:19:05 IST" depends-on-methods="tests.AccessPermissions.verifyAddRole" duration-ms="0" status="SKIP">
          <exception class="java.lang.Throwable">
            <message>
              <![CDATA[Method tests.AccessPermissions.verifyDeleteRole() on instance tests.AccessPermissions@3add81c4 depends on not successfully finished methods 
[tests.AccessPermissions.verifyAddRole() on instance tests.AccessPermissions@3add81c4]]]>
            </message>
            <full-stacktrace>
              <![CDATA[java.lang.Throwable: Method tests.AccessPermissions.verifyDeleteRole() on instance tests.AccessPermissions@3add81c4 depends on not successfully finished methods 
[tests.AccessPermissions.verifyAddRole() on instance tests.AccessPermissions@3add81c4]
at org.testng.internal.invokers.TestInvoker.invokeTestMethods(TestInvoker.java:159)
at org.testng.internal.invokers.TestMethodWorker.invokeTestMethods(TestMethodWorker.java:154)
at org.testng.internal.invokers.TestMethodWorker.run(TestMethodWorker.java:134)
at java.base/java.util.ArrayList.forEach(ArrayList.java:1511)
at org.testng.TestRunner.privateRun(TestRunner.java:739)
at org.testng.TestRunner.run(TestRunner.java:614)
at org.testng.SuiteRunner.runTest(SuiteRunner.java:421)
at org.testng.SuiteRunner.runSequentially(SuiteRunner.java:413)
at org.testng.SuiteRunner.privateRun(SuiteRunner.java:373)
at org.testng.SuiteRunner.run(SuiteRunner.java:312)
at org.testng.SuiteRunnerWorker.runSuite(SuiteRunnerWorker.java:52)
at org.testng.SuiteRunnerWorker.run(SuiteRunnerWorker.java:95)
at org.testng.TestNG.runSuitesSequentially(TestNG.java:1274)
at org.testng.TestNG.runSuitesLocally(TestNG.java:1208)
at org.testng.TestNG.runSuites(TestNG.java:1112)
at org.testng.TestNG.run(TestNG.java:1079)
at org.testng.remote.AbstractRemoteTestNG.run(AbstractRemoteTestNG.java:115)
at org.testng.remote.RemoteTestNG.initAndRun(RemoteTestNG.java:293)
at org.testng.remote.RemoteTestNG.main(RemoteTestNG.java:91)
]]>
            </full-stacktrace>
          </exception> <!-- java.lang.Throwable -->
          <reporter-output>
          </reporter-output>
        </test-method> <!-- verifyDeleteRole -->
        <test-method signature="verifyAddUser()[pri:9, instance:tests.AccessPermissions@3add81c4]" started-at="2026-03-24T17:19:05 IST" name="verifyAddUser" finished-at="2026-03-24T17:19:07 IST" duration-ms="1504" status="PASS">
          <reporter-output>
            <line>
              <![CDATA[Test Case Started : verifyAddUser]]>
            </line>
            <line>
              <![CDATA[Test Case Success : 1]]>
            </line>
          </reporter-output>
        </test-method> <!-- verifyAddUser -->
        <test-method signature="verifyViewUser()[pri:10, instance:tests.AccessPermissions@3add81c4]" started-at="2026-03-24T17:19:07 IST" name="verifyViewUser" finished-at="2026-03-24T17:19:07 IST" depends-on-methods="tests.AccessPermissions.verifyAddUser" duration-ms="412" status="PASS">
          <reporter-output>
            <line>
              <![CDATA[Test Case Started : verifyViewUser]]>
            </line>
            <line>
              <![CDATA[Test Case Success : 1]]>
            </line>
          </reporter-output>
        </test-method> <!-- verifyViewUser -->
        <test-method signature="verifyEditUser()[pri:11, instance:tests.AccessPermissions@3add81c4]" started-at="2026-03-24T17:19:08 IST" name="verifyEditUser" finished-at="2026-03-24T17:19:08 IST" depends-on-methods="tests.AccessPermissions.verifyAddUser" duration-ms="608" status="PASS">
          <reporter-output>
            <line>
              <![CDATA[Test Case Started : verifyEditUser]]>
            </line>
            <line>
              <![CDATA[Test Case Success : 1]]>
            </line>
          </reporter-output>
        </test-method> <!-- verifyEditUser -->
        <test-method signature="verifyDeleteUser()[pri:12, instance:tests.AccessPermissions@3add81c4]" started-at="2026-03-24T17:19:08 IST" name="verifyDeleteUser" finished-at="2026-03-24T17:19:09 IST" depends-on-methods="tests.AccessPermissions.verifyAddUser" duration-ms="257" status="FAIL">
          <exception class="java.lang.AssertionError">
            <message>
              <![CDATA[User was not Edited successfully! expected [true] but found [false]]]>
            </message>
            <full-stacktrace>
              <![CDATA[java.lang.AssertionError: User was not Edited successfully! expected [true] but found [false]
at org.testng.Assert.fail(Assert.java:111)
at org.testng.Assert.failNotEquals(Assert.java:1578)
at org.testng.Assert.assertTrue(Assert.java:57)
at tests.AccessPermissions.verifyDeleteUser(AccessPermissions.java:142)
at java.base/jdk.internal.reflect.NativeMethodAccessorImpl.invoke0(Native Method)
at java.base/jdk.internal.reflect.NativeMethodAccessorImpl.invoke(NativeMethodAccessorImpl.java:77)
at java.base/jdk.internal.reflect.DelegatingMethodAccessorImpl.invoke(DelegatingMethodAccessorImpl.java:43)
at java.base/java.lang.reflect.Method.invoke(Method.java:568)
at org.testng.internal.invokers.MethodInvocationHelper.invokeMethod(MethodInvocationHelper.java:141)
at org.testng.internal.invokers.TestInvoker.invokeMethod(TestInvoker.java:686)
at org.testng.internal.invokers.TestInvoker.invokeTestMethod(TestInvoker.java:230)
at org.testng.internal.invokers.MethodRunner.runInSequence(MethodRunner.java:63)
at org.testng.internal.invokers.TestInvoker$MethodInvocationAgent.invoke(TestInvoker.java:992)
at org.testng.internal.invokers.TestInvoker.invokeTestMethods(TestInvoker.java:203)
at org.testng.internal.invokers.TestMethodWorker.invokeTestMethods(TestMethodWorker.java:154)
at org.testng.internal.invokers.TestMethodWorker.run(TestMethodWorker.java:134)
at java.base/java.util.ArrayList.forEach(ArrayList.java:1511)
at org.testng.TestRunner.privateRun(TestRunner.java:739)
at org.testng.TestRunner.run(TestRunner.java:614)
at org.testng.SuiteRunner.runTest(SuiteRunner.java:421)
at org.testng.SuiteRunner.runSequentially(SuiteRunner.java:413)
at org.testng.SuiteRunner.privateRun(SuiteRunner.java:373)
at org.testng.SuiteRunner.run(SuiteRunner.java:312)
at org.testng.SuiteRunnerWorker.runSuite(SuiteRunnerWorker.java:52)
at org.testng.SuiteRunnerWorker.run(SuiteRunnerWorker.java:95)
at org.testng.TestNG.runSuitesSequentially(TestNG.java:1274)
at org.testng.TestNG.runSuitesLocally(TestNG.java:1208)
at org.testng.TestNG.runSuites(TestNG.java:1112)
at org.testng.TestNG.run(TestNG.java:1079)
at org.testng.remote.AbstractRemoteTestNG.run(AbstractRemoteTestNG.java:115)
at org.testng.remote.RemoteTestNG.initAndRun(RemoteTestNG.java:293)
at org.testng.remote.RemoteTestNG.main(RemoteTestNG.java:91)
]]>
            </full-stacktrace>
          </exception> <!-- java.lang.AssertionError -->
          <reporter-output>
            <line>
              <![CDATA[Test Case Started : verifyDeleteUser]]>
            </line>
            <line>
              <![CDATA[Test Case Failure : 2]]>
            </line>
          </reporter-output>
        </test-method> <!-- verifyDeleteUser -->
      </class> <!-- tests.AccessPermissions -->
      <class name="tests.Login">
        <test-method is-config="true" signature="launchBrowser()[pri:0, instance:tests.Login@79ab3a71]" started-at="2026-03-24T17:18:36 IST" name="launchBrowser" finished-at="2026-03-24T17:18:40 IST" duration-ms="4293" status="PASS">
          <reporter-output>
          </reporter-output>
        </test-method> <!-- launchBrowser -->
        <test-method signature="verifyLoginData(java.lang.String,java.lang.String)[pri:0, instance:tests.Login@79ab3a71]" started-at="2026-03-24T17:18:42 IST" name="verifyLoginData" data-provider="LoginCredentials" finished-at="2026-03-24T17:18:43 IST" duration-ms="1396" status="PASS">
          <params>
            <param index="0">
              <value>
                <![CDATA[Approver]]>
              </value>
            </param>
            <param index="1">
              <value>
                <![CDATA[User@123]]>
              </value>
            </param>
          </params>
          <reporter-output>
            <line>
              <![CDATA[Test Case Started : verifyLoginData]]>
            </line>
            <line>
              <![CDATA[Test Case Success : 1]]>
            </line>
          </reporter-output>
        </test-method> <!-- verifyLoginData -->
      </class> <!-- tests.Login -->
      <class name="tests.BatchReport">
        <test-method signature="readDataExtraction()[pri:2, instance:tests.BatchReport@159e366]" started-at="2026-03-24T17:19:28 IST" name="readDataExtraction" finished-at="2026-03-24T17:19:38 IST" duration-ms="9947" status="PASS">
          <reporter-output>
            <line>
              <![CDATA[Test Case Started : readDataExtraction]]>
            </line>
            <line>
              <![CDATA[Test Case Success : 1]]>
            </line>
          </reporter-output>
        </test-method> <!-- readDataExtraction -->
      </class> <!-- tests.BatchReport -->
      <class name="tests.Logout">
        <test-method signature="logoutUser()[pri:0, instance:tests.Logout@57dc9128]" started-at="2026-03-24T17:19:38 IST" name="logoutUser" finished-at="2026-03-24T17:19:40 IST" duration-ms="1563" status="PASS">
          <reporter-output>
            <line>
              <![CDATA[Test Case Started : logoutUser]]>
            </line>
            <line>
              <![CDATA[Test Case Success : 1]]>
            </line>
          </reporter-output>
        </test-method> <!-- logoutUser -->
      </class> <!-- tests.Logout -->
      <class name="tests.DetailReport">
        <test-method is-config="true" signature="reportsModule()[pri:0, instance:tests.DetailReport@1c65121]" started-at="2026-03-24T17:19:17 IST" name="reportsModule" finished-at="2026-03-24T17:19:18 IST" duration-ms="968" status="PASS">
          <reporter-output>
          </reporter-output>
        </test-method> <!-- reportsModule -->
        <test-method signature="detailReportGenerate()[pri:0, instance:tests.DetailReport@1c65121]" started-at="2026-03-24T17:19:18 IST" name="detailReportGenerate" finished-at="2026-03-24T17:19:28 IST" duration-ms="9880" status="PASS">
          <reporter-output>
            <line>
              <![CDATA[Test Case Started : detailReportGenerate]]>
            </line>
            <line>
              <![CDATA[Test Case Success : 1]]>
            </line>
          </reporter-output>
        </test-method> <!-- detailReportGenerate -->
      </class> <!-- tests.DetailReport -->
      <class name="tests.DocSegments">
        <test-method is-config="true" signature="verifyDocSegmentssetup()[pri:0, instance:tests.DocSegments@1a1d3c1a]" started-at="2026-03-24T17:19:09 IST" name="verifyDocSegmentssetup" finished-at="2026-03-24T17:19:09 IST" duration-ms="3" status="PASS">
          <reporter-output>
          </reporter-output>
        </test-method> <!-- verifyDocSegmentssetup -->
        <test-method signature="verifyAddDocSeg()[pri:1, instance:tests.DocSegments@1a1d3c1a]" started-at="2026-03-24T17:19:09 IST" name="verifyAddDocSeg" finished-at="2026-03-24T17:19:14 IST" duration-ms="4647" status="PASS">
          <reporter-output>
            <line>
              <![CDATA[Test Case Started : verifyAddDocSeg]]>
            </line>
            <line>
              <![CDATA[Test Case Success : 1]]>
            </line>
          </reporter-output>
        </test-method> <!-- verifyAddDocSeg -->
        <test-method signature="verifyViewDogSeg()[pri:2, instance:tests.DocSegments@1a1d3c1a]" started-at="2026-03-24T17:19:14 IST" name="verifyViewDogSeg" finished-at="2026-03-24T17:19:15 IST" duration-ms="875" status="PASS">
          <reporter-output>
            <line>
              <![CDATA[Test Case Started : verifyViewDogSeg]]>
            </line>
            <line>
              <![CDATA[Test Case Success : 1]]>
            </line>
          </reporter-output>
        </test-method> <!-- verifyViewDogSeg -->
        <test-method signature="verifyEditDogSeg()[pri:3, instance:tests.DocSegments@1a1d3c1a]" started-at="2026-03-24T17:19:15 IST" name="verifyEditDogSeg" finished-at="2026-03-24T17:19:16 IST" duration-ms="1019" status="PASS">
          <reporter-output>
            <line>
              <![CDATA[Test Case Started : verifyEditDogSeg]]>
            </line>
            <line>
              <![CDATA[Test Case Success : 1]]>
            </line>
          </reporter-output>
        </test-method> <!-- verifyEditDogSeg -->
        <test-method signature="verifyDeleteDogSeg()[pri:4, instance:tests.DocSegments@1a1d3c1a]" started-at="2026-03-24T17:19:16 IST" name="verifyDeleteDogSeg" finished-at="2026-03-24T17:19:17 IST" duration-ms="821" status="FAIL">
          <exception class="java.lang.AssertionError">
            <message>
              <![CDATA[Doc Segement Was Not Deleted Successfully expected [true] but found [false]]]>
            </message>
            <full-stacktrace>
              <![CDATA[java.lang.AssertionError: Doc Segement Was Not Deleted Successfully expected [true] but found [false]
at org.testng.Assert.fail(Assert.java:111)
at org.testng.Assert.failNotEquals(Assert.java:1578)
at org.testng.Assert.assertTrue(Assert.java:57)
at tests.DocSegments.verifyDeleteDogSeg(DocSegments.java:68)
at java.base/jdk.internal.reflect.NativeMethodAccessorImpl.invoke0(Native Method)
at java.base/jdk.internal.reflect.NativeMethodAccessorImpl.invoke(NativeMethodAccessorImpl.java:77)
at java.base/jdk.internal.reflect.DelegatingMethodAccessorImpl.invoke(DelegatingMethodAccessorImpl.java:43)
at java.base/java.lang.reflect.Method.invoke(Method.java:568)
at org.testng.internal.invokers.MethodInvocationHelper.invokeMethod(MethodInvocationHelper.java:141)
at org.testng.internal.invokers.TestInvoker.invokeMethod(TestInvoker.java:686)
at org.testng.internal.invokers.TestInvoker.invokeTestMethod(TestInvoker.java:230)
at org.testng.internal.invokers.MethodRunner.runInSequence(MethodRunner.java:63)
at org.testng.internal.invokers.TestInvoker$MethodInvocationAgent.invoke(TestInvoker.java:992)
at org.testng.internal.invokers.TestInvoker.invokeTestMethods(TestInvoker.java:203)
at org.testng.internal.invokers.TestMethodWorker.invokeTestMethods(TestMethodWorker.java:154)
at org.testng.internal.invokers.TestMethodWorker.run(TestMethodWorker.java:134)
at java.base/java.util.ArrayList.forEach(ArrayList.java:1511)
at org.testng.TestRunner.privateRun(TestRunner.java:739)
at org.testng.TestRunner.run(TestRunner.java:614)
at org.testng.SuiteRunner.runTest(SuiteRunner.java:421)
at org.testng.SuiteRunner.runSequentially(SuiteRunner.java:413)
at org.testng.SuiteRunner.privateRun(SuiteRunner.java:373)
at org.testng.SuiteRunner.run(SuiteRunner.java:312)
at org.testng.SuiteRunnerWorker.runSuite(SuiteRunnerWorker.java:52)
at org.testng.SuiteRunnerWorker.run(SuiteRunnerWorker.java:95)
at org.testng.TestNG.runSuitesSequentially(TestNG.java:1274)
at org.testng.TestNG.runSuitesLocally(TestNG.java:1208)
at org.testng.TestNG.runSuites(TestNG.java:1112)
at org.testng.TestNG.run(TestNG.java:1079)
at org.testng.remote.AbstractRemoteTestNG.run(AbstractRemoteTestNG.java:115)
at org.testng.remote.RemoteTestNG.initAndRun(RemoteTestNG.java:293)
at org.testng.remote.RemoteTestNG.main(RemoteTestNG.java:91)
]]>
            </full-stacktrace>
          </exception> <!-- java.lang.AssertionError -->
          <reporter-output>
            <line>
              <![CDATA[Test Case Started : verifyDeleteDogSeg]]>
            </line>
            <line>
              <![CDATA[Test Case Failure : 2]]>
            </line>
          </reporter-output>
        </test-method> <!-- verifyDeleteDogSeg -->
      </class> <!-- tests.DocSegments -->
    </test> <!-- Test -->
  </suite> <!-- Suite -->
</testng-results>
