<?xml version="1.0" encoding="UTF-8"?>
<testng-results ignored="0" total="2" passed="1" failed="1" skipped="0">
  <reporter-output>
    <line>
      <![CDATA[Test Case Started : verifyLoginData]]>
    </line>
    <line>
      <![CDATA[Test Case Success : 1]]>
    </line>
    <line>
      <![CDATA[Test Case Started : addProducts]]>
    </line>
    <line>
      <![CDATA[Test Case Failure : 2]]>
    </line>
  </reporter-output>
  <suite started-at="2026-03-26T14:50:32 IST" name="Suite" finished-at="2026-03-26T14:50:35 IST" duration-ms="3062">
    <groups>
    </groups>
    <test started-at="2026-03-26T14:50:32 IST" name="Test" finished-at="2026-03-26T14:50:35 IST" duration-ms="3062">
      <class name="tests.Login">
        <test-method is-config="true" signature="launchBrowser()[pri:0, instance:tests.Login@467f77a5]" started-at="2026-03-26T14:50:28 IST" name="launchBrowser" finished-at="2026-03-26T14:50:32 IST" duration-ms="4725" status="PASS">
          <reporter-output>
          </reporter-output>
        </test-method> <!-- launchBrowser -->
        <test-method signature="verifyLoginData(java.lang.String,java.lang.String)[pri:0, instance:tests.Login@467f77a5]" started-at="2026-03-26T14:50:33 IST" name="verifyLoginData" data-provider="LoginCredentials" finished-at="2026-03-26T14:50:35 IST" duration-ms="1631" status="PASS">
          <params>
            <param index="0">
              <value>
                <![CDATA[Approver]]>
              </value>
            </param>
            <param index="1">
              <value>
                <![CDATA[User@123]]>
              </value>
            </param>
          </params>
          <reporter-output>
            <line>
              <![CDATA[Test Case Started : verifyLoginData]]>
            </line>
            <line>
              <![CDATA[Test Case Success : 1]]>
            </line>
          </reporter-output>
        </test-method> <!-- verifyLoginData -->
      </class> <!-- tests.Login -->
      <class name="tests.Products">
        <test-method signature="addProducts()[pri:0, instance:tests.Products@7a34b7b8]" started-at="2026-03-26T14:50:35 IST" name="addProducts" finished-at="2026-03-26T14:50:35 IST" duration-ms="8" status="FAIL">
          <exception class="java.lang.ClassCastException">
            <message>
              <![CDATA[class org.openqa.selenium.firefox.FirefoxDriver cannot be cast to class com.microsoft.playwright.Browser (org.openqa.selenium.firefox.FirefoxDriver and com.microsoft.playwright.Browser are in unnamed module of loader 'app')]]>
            </message>
            <full-stacktrace>
              <![CDATA[java.lang.ClassCastException: class org.openqa.selenium.firefox.FirefoxDriver cannot be cast to class com.microsoft.playwright.Browser (org.openqa.selenium.firefox.FirefoxDriver and com.microsoft.playwright.Browser are in unnamed module of loader 'app')
at tests.Products.addProducts(Products.java:22)
at java.base/jdk.internal.reflect.NativeMethodAccessorImpl.invoke0(Native Method)
at java.base/jdk.internal.reflect.NativeMethodAccessorImpl.invoke(NativeMethodAccessorImpl.java:77)
at java.base/jdk.internal.reflect.DelegatingMethodAccessorImpl.invoke(DelegatingMethodAccessorImpl.java:43)
at java.base/java.lang.reflect.Method.invoke(Method.java:568)
at org.testng.internal.invokers.MethodInvocationHelper.invokeMethod(MethodInvocationHelper.java:141)
at org.testng.internal.invokers.TestInvoker.invokeMethod(TestInvoker.java:686)
at org.testng.internal.invokers.TestInvoker.invokeTestMethod(TestInvoker.java:230)
at org.testng.internal.invokers.MethodRunner.runInSequence(MethodRunner.java:63)
at org.testng.internal.invokers.TestInvoker$MethodInvocationAgent.invoke(TestInvoker.java:992)
at org.testng.internal.invokers.TestInvoker.invokeTestMethods(TestInvoker.java:203)
at org.testng.internal.invokers.TestMethodWorker.invokeTestMethods(TestMethodWorker.java:154)
at org.testng.internal.invokers.TestMethodWorker.run(TestMethodWorker.java:134)
at java.base/java.util.ArrayList.forEach(ArrayList.java:1511)
at org.testng.TestRunner.privateRun(TestRunner.java:739)
at org.testng.TestRunner.run(TestRunner.java:614)
at org.testng.SuiteRunner.runTest(SuiteRunner.java:421)
at org.testng.SuiteRunner.runSequentially(SuiteRunner.java:413)
at org.testng.SuiteRunner.privateRun(SuiteRunner.java:373)
at org.testng.SuiteRunner.run(SuiteRunner.java:312)
at org.testng.SuiteRunnerWorker.runSuite(SuiteRunnerWorker.java:52)
at org.testng.SuiteRunnerWorker.run(SuiteRunnerWorker.java:95)
at org.testng.TestNG.runSuitesSequentially(TestNG.java:1274)
at org.testng.TestNG.runSuitesLocally(TestNG.java:1208)
at org.testng.TestNG.runSuites(TestNG.java:1112)
at org.testng.TestNG.run(TestNG.java:1079)
at org.testng.remote.AbstractRemoteTestNG.run(AbstractRemoteTestNG.java:115)
at org.testng.remote.RemoteTestNG.initAndRun(RemoteTestNG.java:293)
at org.testng.remote.RemoteTestNG.main(RemoteTestNG.java:91)
]]>
            </full-stacktrace>
          </exception> <!-- java.lang.ClassCastException -->
          <reporter-output>
            <line>
              <![CDATA[Test Case Started : addProducts]]>
            </line>
            <line>
              <![CDATA[Test Case Failure : 2]]>
            </line>
          </reporter-output>
        </test-method> <!-- addProducts -->
      </class> <!-- tests.Products -->
    </test> <!-- Test -->
  </suite> <!-- Suite -->
</testng-results>
