<?xml version="1.0" encoding="UTF-8"?>
<testng-results ignored="0" total="32" passed="32" failed="0" skipped="0">
  <reporter-output>
    <line>
      <![CDATA[Test Case Started : verifyLoginData]]>
    </line>
    <line>
      <![CDATA[Test Case Success : 1]]>
    </line>
    <line>
      <![CDATA[Test Case Started : logoutMainUser]]>
    </line>
    <line>
      <![CDATA[Test Case Success : 1]]>
    </line>
    <line>
      <![CDATA[Test Case Started : verifyLoginTest]]>
    </line>
    <line>
      <![CDATA[Test Case Success : 1]]>
    </line>
    <line>
      <![CDATA[Test Case Started : verifyLoginTest]]>
    </line>
    <line>
      <![CDATA[Test Case Success : 1]]>
    </line>
    <line>
      <![CDATA[Test Case Started : verifyLoginTest]]>
    </line>
    <line>
      <![CDATA[Test Case Success : 1]]>
    </line>
    <line>
      <![CDATA[Test Case Started : verifyLoginTest]]>
    </line>
    <line>
      <![CDATA[Test Case Success : 1]]>
    </line>
    <line>
      <![CDATA[Test Case Started : verifyblockUser]]>
    </line>
    <line>
      <![CDATA[Test Case Success : 1]]>
    </line>
    <line>
      <![CDATA[Test Case Started : verifyblockUser]]>
    </line>
    <line>
      <![CDATA[Test Case Success : 1]]>
    </line>
    <line>
      <![CDATA[Test Case Started : verifyblockUser]]>
    </line>
    <line>
      <![CDATA[Test Case Success : 1]]>
    </line>
    <line>
      <![CDATA[Test Case Started : verifyblockUser]]>
    </line>
    <line>
      <![CDATA[Test Case Success : 1]]>
    </line>
    <line>
      <![CDATA[Test Case Started : verifyblockUser]]>
    </line>
    <line>
      <![CDATA[Test Case Success : 1]]>
    </line>
    <line>
      <![CDATA[Test Case Started : verifyblockUser]]>
    </line>
    <line>
      <![CDATA[Test Case Success : 1]]>
    </line>
    <line>
      <![CDATA[Test Case Started : mainUserLogin]]>
    </line>
    <line>
      <![CDATA[Test Case Success : 1]]>
    </line>
    <line>
      <![CDATA[Test Case Started : verifyAddGroup]]>
    </line>
    <line>
      <![CDATA[Test Case Success : 1]]>
    </line>
    <line>
      <![CDATA[Test Case Started : verifyViewGroup]]>
    </line>
    <line>
      <![CDATA[Test Case Success : 1]]>
    </line>
    <line>
      <![CDATA[Test Case Started : verifyEditGroup]]>
    </line>
    <line>
      <![CDATA[Test Case Success : 1]]>
    </line>
    <line>
      <![CDATA[Test Case Started : verifyDeleteGroup]]>
    </line>
    <line>
      <![CDATA[Test Case Success : 1]]>
    </line>
    <line>
      <![CDATA[Test Case Started : verifyAddRole]]>
    </line>
    <line>
      <![CDATA[Test Case Success : 1]]>
    </line>
    <line>
      <![CDATA[Test Case Started : verifyViewRole]]>
    </line>
    <line>
      <![CDATA[Test Case Success : 1]]>
    </line>
    <line>
      <![CDATA[Test Case Started : verifyEditRole]]>
    </line>
    <line>
      <![CDATA[Test Case Success : 1]]>
    </line>
    <line>
      <![CDATA[Test Case Started : verifyDeleteRole]]>
    </line>
    <line>
      <![CDATA[Test Case Success : 1]]>
    </line>
    <line>
      <![CDATA[Test Case Started : verifyAddUser]]>
    </line>
    <line>
      <![CDATA[Test Case Success : 1]]>
    </line>
    <line>
      <![CDATA[Test Case Started : verifyViewUser]]>
    </line>
    <line>
      <![CDATA[Test Case Success : 1]]>
    </line>
    <line>
      <![CDATA[Test Case Started : verifyEditUser]]>
    </line>
    <line>
      <![CDATA[Test Case Success : 1]]>
    </line>
    <line>
      <![CDATA[Test Case Started : verifyDeleteUser]]>
    </line>
    <line>
      <![CDATA[Test Case Success : 1]]>
    </line>
    <line>
      <![CDATA[Test Case Started : verifyAddDocSeg]]>
    </line>
    <line>
      <![CDATA[Test Case Success : 1]]>
    </line>
    <line>
      <![CDATA[Test Case Started : verifyViewDogSeg]]>
    </line>
    <line>
      <![CDATA[Test Case Success : 1]]>
    </line>
    <line>
      <![CDATA[Test Case Started : verifyEditDogSeg]]>
    </line>
    <line>
      <![CDATA[Test Case Success : 1]]>
    </line>
    <line>
      <![CDATA[Test Case Started : verifyDeleteDogSeg]]>
    </line>
    <line>
      <![CDATA[Test Case Success : 1]]>
    </line>
    <line>
      <![CDATA[Test Case Started : detailReportGenerate]]>
    </line>
    <line>
      <![CDATA[Test Case Success : 1]]>
    </line>
    <line>
      <![CDATA[Test Case Started : readDataExtraction]]>
    </line>
    <line>
      <![CDATA[Test Case Success : 1]]>
    </line>
    <line>
      <![CDATA[Test Case Started : logoutUser]]>
    </line>
    <line>
      <![CDATA[Test Case Success : 1]]>
    </line>
  </reporter-output>
  <suite started-at="2026-04-24T18:33:00 IST" name="Suite" finished-at="2026-04-24T18:34:01 IST" duration-ms="60240">
    <groups>
    </groups>
    <test started-at="2026-04-24T18:33:00 IST" name="Test" finished-at="2026-04-24T18:34:01 IST" duration-ms="60240">
      <class name="tests.LoginTest">
        <test-method signature="logoutMainUser()[pri:1, instance:tests.LoginTest@6d0b5baf]" started-at="2026-04-24T18:33:04 IST" name="logoutMainUser" finished-at="2026-04-24T18:33:04 IST" duration-ms="514" status="PASS">
          <reporter-output>
            <line>
              <![CDATA[Test Case Started : logoutMainUser]]>
            </line>
            <line>
              <![CDATA[Test Case Success : 1]]>
            </line>
          </reporter-output>
        </test-method> <!-- logoutMainUser -->
        <test-method signature="verifyLoginTest(java.lang.String,java.lang.String,java.lang.String)[pri:2, instance:tests.LoginTest@6d0b5baf]" started-at="2026-04-24T18:33:05 IST" name="verifyLoginTest" data-provider="LoginCredentials" finished-at="2026-04-24T18:33:06 IST" duration-ms="1355" status="PASS">
          <params>
            <param index="0">
              <value>
                <![CDATA[Approver1]]>
              </value>
            </param>
            <param index="1">
              <value>
                <![CDATA[User@1234]]>
              </value>
            </param>
            <param index="2">
              <value>
                <![CDATA[Invalid user name or password or Deactivated.]]>
              </value>
            </param>
          </params>
          <reporter-output>
            <line>
              <![CDATA[Test Case Started : verifyLoginTest]]>
            </line>
            <line>
              <![CDATA[Test Case Success : 1]]>
            </line>
          </reporter-output>
        </test-method> <!-- verifyLoginTest -->
        <test-method signature="verifyLoginTest(java.lang.String,java.lang.String,java.lang.String)[pri:2, instance:tests.LoginTest@6d0b5baf]" started-at="2026-04-24T18:33:06 IST" name="verifyLoginTest" data-provider="LoginCredentials" finished-at="2026-04-24T18:33:07 IST" duration-ms="1339" status="PASS">
          <params>
            <param index="0">
              <value>
                <![CDATA[Approver]]>
              </value>
            </param>
            <param index="1">
              <value>
                <![CDATA[User@1234]]>
              </value>
            </param>
            <param index="2">
              <value>
                <![CDATA[Invalid user name or password.]]>
              </value>
            </param>
          </params>
          <reporter-output>
            <line>
              <![CDATA[Test Case Started : verifyLoginTest]]>
            </line>
            <line>
              <![CDATA[Test Case Success : 1]]>
            </line>
          </reporter-output>
        </test-method> <!-- verifyLoginTest -->
        <test-method signature="verifyLoginTest(java.lang.String,java.lang.String,java.lang.String)[pri:2, instance:tests.LoginTest@6d0b5baf]" started-at="2026-04-24T18:33:07 IST" name="verifyLoginTest" data-provider="LoginCredentials" finished-at="2026-04-24T18:33:09 IST" duration-ms="1266" status="PASS">
          <params>
            <param index="0">
              <value>
                <![CDATA[Approver1]]>
              </value>
            </param>
            <param index="1">
              <value>
                <![CDATA[User@123]]>
              </value>
            </param>
            <param index="2">
              <value>
                <![CDATA[Invalid user name or password or Deactivated.]]>
              </value>
            </param>
          </params>
          <reporter-output>
            <line>
              <![CDATA[Test Case Started : verifyLoginTest]]>
            </line>
            <line>
              <![CDATA[Test Case Success : 1]]>
            </line>
          </reporter-output>
        </test-method> <!-- verifyLoginTest -->
        <test-method signature="verifyLoginTest(java.lang.String,java.lang.String,java.lang.String)[pri:2, instance:tests.LoginTest@6d0b5baf]" started-at="2026-04-24T18:33:09 IST" name="verifyLoginTest" data-provider="LoginCredentials" finished-at="2026-04-24T18:33:11 IST" duration-ms="1904" status="PASS">
          <params>
            <param index="0">
              <value>
                <![CDATA[Approver]]>
              </value>
            </param>
            <param index="1">
              <value>
                <![CDATA[User@123]]>
              </value>
            </param>
            <param index="2">
              <value>
                <![CDATA[]]>
              </value>
            </param>
          </params>
          <reporter-output>
            <line>
              <![CDATA[Test Case Started : verifyLoginTest]]>
            </line>
            <line>
              <![CDATA[Test Case Success : 1]]>
            </line>
          </reporter-output>
        </test-method> <!-- verifyLoginTest -->
        <test-method signature="verifyblockUser(java.lang.String,java.lang.String,java.lang.String)[pri:3, instance:tests.LoginTest@6d0b5baf]" started-at="2026-04-24T18:33:11 IST" name="verifyblockUser" data-provider="BlockLoginCredentials" finished-at="2026-04-24T18:33:12 IST" duration-ms="1335" status="PASS">
          <params>
            <param index="0">
              <value>
                <![CDATA[Check]]>
              </value>
            </param>
            <param index="1">
              <value>
                <![CDATA[User123]]>
              </value>
            </param>
            <param index="2">
              <value>
                <![CDATA[Invalid user name or password.]]>
              </value>
            </param>
          </params>
          <reporter-output>
            <line>
              <![CDATA[Test Case Started : verifyblockUser]]>
            </line>
            <line>
              <![CDATA[Test Case Success : 1]]>
            </line>
          </reporter-output>
        </test-method> <!-- verifyblockUser -->
        <test-method signature="verifyblockUser(java.lang.String,java.lang.String,java.lang.String)[pri:3, instance:tests.LoginTest@6d0b5baf]" started-at="2026-04-24T18:33:12 IST" name="verifyblockUser" data-provider="BlockLoginCredentials" finished-at="2026-04-24T18:33:14 IST" duration-ms="1306" status="PASS">
          <params>
            <param index="0">
              <value>
                <![CDATA[Check]]>
              </value>
            </param>
            <param index="1">
              <value>
                <![CDATA[User1234]]>
              </value>
            </param>
            <param index="2">
              <value>
                <![CDATA[Invalid user name or password.]]>
              </value>
            </param>
          </params>
          <reporter-output>
            <line>
              <![CDATA[Test Case Started : verifyblockUser]]>
            </line>
            <line>
              <![CDATA[Test Case Success : 1]]>
            </line>
          </reporter-output>
        </test-method> <!-- verifyblockUser -->
        <test-method signature="verifyblockUser(java.lang.String,java.lang.String,java.lang.String)[pri:3, instance:tests.LoginTest@6d0b5baf]" started-at="2026-04-24T18:33:14 IST" name="verifyblockUser" data-provider="BlockLoginCredentials" finished-at="2026-04-24T18:33:15 IST" duration-ms="1392" status="PASS">
          <params>
            <param index="0">
              <value>
                <![CDATA[Check]]>
              </value>
            </param>
            <param index="1">
              <value>
                <![CDATA[User@123]]>
              </value>
            </param>
            <param index="2">
              <value>
                <![CDATA[]]>
              </value>
            </param>
          </params>
          <reporter-output>
            <line>
              <![CDATA[Test Case Started : verifyblockUser]]>
            </line>
            <line>
              <![CDATA[Test Case Success : 1]]>
            </line>
          </reporter-output>
        </test-method> <!-- verifyblockUser -->
        <test-method signature="verifyblockUser(java.lang.String,java.lang.String,java.lang.String)[pri:3, instance:tests.LoginTest@6d0b5baf]" started-at="2026-04-24T18:33:15 IST" name="verifyblockUser" data-provider="BlockLoginCredentials" finished-at="2026-04-24T18:33:17 IST" duration-ms="1322" status="PASS">
          <params>
            <param index="0">
              <value>
                <![CDATA[Check]]>
              </value>
            </param>
            <param index="1">
              <value>
                <![CDATA[User123]]>
              </value>
            </param>
            <param index="2">
              <value>
                <![CDATA[Invalid user name or password.]]>
              </value>
            </param>
          </params>
          <reporter-output>
            <line>
              <![CDATA[Test Case Started : verifyblockUser]]>
            </line>
            <line>
              <![CDATA[Test Case Success : 1]]>
            </line>
          </reporter-output>
        </test-method> <!-- verifyblockUser -->
        <test-method signature="verifyblockUser(java.lang.String,java.lang.String,java.lang.String)[pri:3, instance:tests.LoginTest@6d0b5baf]" started-at="2026-04-24T18:33:17 IST" name="verifyblockUser" data-provider="BlockLoginCredentials" finished-at="2026-04-24T18:33:18 IST" duration-ms="1351" status="PASS">
          <params>
            <param index="0">
              <value>
                <![CDATA[Check]]>
              </value>
            </param>
            <param index="1">
              <value>
                <![CDATA[User1234]]>
              </value>
            </param>
            <param index="2">
              <value>
                <![CDATA[Invalid user name or password.]]>
              </value>
            </param>
          </params>
          <reporter-output>
            <line>
              <![CDATA[Test Case Started : verifyblockUser]]>
            </line>
            <line>
              <![CDATA[Test Case Success : 1]]>
            </line>
          </reporter-output>
        </test-method> <!-- verifyblockUser -->
        <test-method signature="verifyblockUser(java.lang.String,java.lang.String,java.lang.String)[pri:3, instance:tests.LoginTest@6d0b5baf]" started-at="2026-04-24T18:33:18 IST" name="verifyblockUser" data-provider="BlockLoginCredentials" finished-at="2026-04-24T18:33:19 IST" duration-ms="1320" status="PASS">
          <params>
            <param index="0">
              <value>
                <![CDATA[Check]]>
              </value>
            </param>
            <param index="1">
              <value>
                <![CDATA[User12345]]>
              </value>
            </param>
            <param index="2">
              <value>
                <![CDATA[Your account has been disabled due to maximum failed login attempts. Please contact System Administrator.]]>
              </value>
            </param>
          </params>
          <reporter-output>
            <line>
              <![CDATA[Test Case Started : verifyblockUser]]>
            </line>
            <line>
              <![CDATA[Test Case Success : 1]]>
            </line>
          </reporter-output>
        </test-method> <!-- verifyblockUser -->
        <test-method signature="mainUserLogin(java.lang.String,java.lang.String)[pri:4, instance:tests.LoginTest@6d0b5baf]" started-at="2026-04-24T18:33:20 IST" name="mainUserLogin" data-provider="LoginCredentials1" finished-at="2026-04-24T18:33:20 IST" duration-ms="913" status="PASS">
          <params>
            <param index="0">
              <value>
                <![CDATA[Approver]]>
              </value>
            </param>
            <param index="1">
              <value>
                <![CDATA[User@123]]>
              </value>
            </param>
          </params>
          <reporter-output>
            <line>
              <![CDATA[Test Case Started : mainUserLogin]]>
            </line>
            <line>
              <![CDATA[Test Case Success : 1]]>
            </line>
          </reporter-output>
        </test-method> <!-- mainUserLogin -->
      </class> <!-- tests.LoginTest -->
      <class name="tests.AccessPermissions">
        <test-method is-config="true" signature="verifyAccessPermissionsSetup()[pri:0, instance:tests.AccessPermissions@34a75079]" started-at="2026-04-24T18:33:21 IST" name="verifyAccessPermissionsSetup" finished-at="2026-04-24T18:33:21 IST" duration-ms="10" status="PASS">
          <reporter-output>
          </reporter-output>
        </test-method> <!-- verifyAccessPermissionsSetup -->
        <test-method signature="verifyAddGroup()[pri:1, instance:tests.AccessPermissions@34a75079]" started-at="2026-04-24T18:33:21 IST" name="verifyAddGroup" finished-at="2026-04-24T18:33:22 IST" duration-ms="1654" status="PASS">
          <reporter-output>
            <line>
              <![CDATA[Test Case Started : verifyAddGroup]]>
            </line>
            <line>
              <![CDATA[Test Case Success : 1]]>
            </line>
          </reporter-output>
        </test-method> <!-- verifyAddGroup -->
        <test-method signature="verifyViewGroup()[pri:2, instance:tests.AccessPermissions@34a75079]" started-at="2026-04-24T18:33:22 IST" name="verifyViewGroup" finished-at="2026-04-24T18:33:23 IST" depends-on-methods="tests.AccessPermissions.verifyAddGroup" duration-ms="967" status="PASS">
          <reporter-output>
            <line>
              <![CDATA[Test Case Started : verifyViewGroup]]>
            </line>
            <line>
              <![CDATA[Test Case Success : 1]]>
            </line>
          </reporter-output>
        </test-method> <!-- verifyViewGroup -->
        <test-method signature="verifyEditGroup()[pri:3, instance:tests.AccessPermissions@34a75079]" started-at="2026-04-24T18:33:24 IST" name="verifyEditGroup" finished-at="2026-04-24T18:33:24 IST" depends-on-methods="tests.AccessPermissions.verifyAddGroup" duration-ms="563" status="PASS">
          <reporter-output>
            <line>
              <![CDATA[Test Case Started : verifyEditGroup]]>
            </line>
            <line>
              <![CDATA[Test Case Success : 1]]>
            </line>
          </reporter-output>
        </test-method> <!-- verifyEditGroup -->
        <test-method signature="verifyDeleteGroup()[pri:4, instance:tests.AccessPermissions@34a75079]" started-at="2026-04-24T18:33:24 IST" name="verifyDeleteGroup" finished-at="2026-04-24T18:33:25 IST" depends-on-methods="tests.AccessPermissions.verifyAddGroup" duration-ms="966" status="PASS">
          <reporter-output>
            <line>
              <![CDATA[Test Case Started : verifyDeleteGroup]]>
            </line>
            <line>
              <![CDATA[Test Case Success : 1]]>
            </line>
          </reporter-output>
        </test-method> <!-- verifyDeleteGroup -->
        <test-method signature="verifyAddRole()[pri:5, instance:tests.AccessPermissions@34a75079]" started-at="2026-04-24T18:33:25 IST" name="verifyAddRole" finished-at="2026-04-24T18:33:28 IST" duration-ms="2532" status="PASS">
          <reporter-output>
            <line>
              <![CDATA[Test Case Started : verifyAddRole]]>
            </line>
            <line>
              <![CDATA[Test Case Success : 1]]>
            </line>
          </reporter-output>
        </test-method> <!-- verifyAddRole -->
        <test-method signature="verifyViewRole()[pri:6, instance:tests.AccessPermissions@34a75079]" started-at="2026-04-24T18:33:28 IST" name="verifyViewRole" finished-at="2026-04-24T18:33:29 IST" depends-on-methods="tests.AccessPermissions.verifyAddRole" duration-ms="1000" status="PASS">
          <reporter-output>
            <line>
              <![CDATA[Test Case Started : verifyViewRole]]>
            </line>
            <line>
              <![CDATA[Test Case Success : 1]]>
            </line>
          </reporter-output>
        </test-method> <!-- verifyViewRole -->
        <test-method signature="verifyEditRole()[pri:7, instance:tests.AccessPermissions@34a75079]" started-at="2026-04-24T18:33:29 IST" name="verifyEditRole" finished-at="2026-04-24T18:33:30 IST" depends-on-methods="tests.AccessPermissions.verifyAddRole" duration-ms="734" status="PASS">
          <reporter-output>
            <line>
              <![CDATA[Test Case Started : verifyEditRole]]>
            </line>
            <line>
              <![CDATA[Test Case Success : 1]]>
            </line>
          </reporter-output>
        </test-method> <!-- verifyEditRole -->
        <test-method signature="verifyDeleteRole()[pri:8, instance:tests.AccessPermissions@34a75079]" started-at="2026-04-24T18:33:30 IST" name="verifyDeleteRole" finished-at="2026-04-24T18:33:31 IST" depends-on-methods="tests.AccessPermissions.verifyAddRole" duration-ms="915" status="PASS">
          <reporter-output>
            <line>
              <![CDATA[Test Case Started : verifyDeleteRole]]>
            </line>
            <line>
              <![CDATA[Test Case Success : 1]]>
            </line>
          </reporter-output>
        </test-method> <!-- verifyDeleteRole -->
        <test-method signature="verifyAddUser()[pri:9, instance:tests.AccessPermissions@34a75079]" started-at="2026-04-24T18:33:31 IST" name="verifyAddUser" finished-at="2026-04-24T18:33:33 IST" duration-ms="1288" status="PASS">
          <reporter-output>
            <line>
              <![CDATA[Test Case Started : verifyAddUser]]>
            </line>
            <line>
              <![CDATA[Test Case Success : 1]]>
            </line>
          </reporter-output>
        </test-method> <!-- verifyAddUser -->
        <test-method signature="verifyViewUser()[pri:10, instance:tests.AccessPermissions@34a75079]" started-at="2026-04-24T18:33:33 IST" name="verifyViewUser" finished-at="2026-04-24T18:33:33 IST" depends-on-methods="tests.AccessPermissions.verifyAddUser" duration-ms="404" status="PASS">
          <reporter-output>
            <line>
              <![CDATA[Test Case Started : verifyViewUser]]>
            </line>
            <line>
              <![CDATA[Test Case Success : 1]]>
            </line>
          </reporter-output>
        </test-method> <!-- verifyViewUser -->
        <test-method signature="verifyEditUser()[pri:11, instance:tests.AccessPermissions@34a75079]" started-at="2026-04-24T18:33:34 IST" name="verifyEditUser" finished-at="2026-04-24T18:33:34 IST" depends-on-methods="tests.AccessPermissions.verifyAddUser" duration-ms="613" status="PASS">
          <reporter-output>
            <line>
              <![CDATA[Test Case Started : verifyEditUser]]>
            </line>
            <line>
              <![CDATA[Test Case Success : 1]]>
            </line>
          </reporter-output>
        </test-method> <!-- verifyEditUser -->
        <test-method signature="verifyDeleteUser()[pri:12, instance:tests.AccessPermissions@34a75079]" started-at="2026-04-24T18:33:34 IST" name="verifyDeleteUser" finished-at="2026-04-24T18:33:35 IST" depends-on-methods="tests.AccessPermissions.verifyAddUser" duration-ms="436" status="PASS">
          <reporter-output>
            <line>
              <![CDATA[Test Case Started : verifyDeleteUser]]>
            </line>
            <line>
              <![CDATA[Test Case Success : 1]]>
            </line>
          </reporter-output>
        </test-method> <!-- verifyDeleteUser -->
      </class> <!-- tests.AccessPermissions -->
      <class name="tests.Login">
        <test-method is-config="true" signature="launchBrowser()[pri:0, instance:tests.Login@6722db6e]" started-at="2026-04-24T18:32:56 IST" name="launchBrowser" finished-at="2026-04-24T18:33:00 IST" duration-ms="4339" status="PASS">
          <reporter-output>
          </reporter-output>
        </test-method> <!-- launchBrowser -->
        <test-method signature="verifyLoginData(java.lang.String,java.lang.String)[pri:0, instance:tests.Login@6722db6e]" started-at="2026-04-24T18:33:02 IST" name="verifyLoginData" data-provider="LoginCredentials" finished-at="2026-04-24T18:33:04 IST" duration-ms="1679" status="PASS">
          <params>
            <param index="0">
              <value>
                <![CDATA[Approver]]>
              </value>
            </param>
            <param index="1">
              <value>
                <![CDATA[User@123]]>
              </value>
            </param>
          </params>
          <reporter-output>
            <line>
              <![CDATA[Test Case Started : verifyLoginData]]>
            </line>
            <line>
              <![CDATA[Test Case Success : 1]]>
            </line>
          </reporter-output>
        </test-method> <!-- verifyLoginData -->
      </class> <!-- tests.Login -->
      <class name="tests.BatchReport">
        <test-method signature="readDataExtraction()[pri:2, instance:tests.BatchReport@1643d68f]" started-at="2026-04-24T18:33:49 IST" name="readDataExtraction" finished-at="2026-04-24T18:34:00 IST" duration-ms="11164" status="PASS">
          <reporter-output>
            <line>
              <![CDATA[Test Case Started : readDataExtraction]]>
            </line>
            <line>
              <![CDATA[Test Case Success : 1]]>
            </line>
          </reporter-output>
        </test-method> <!-- readDataExtraction -->
      </class> <!-- tests.BatchReport -->
      <class name="tests.Logout">
        <test-method signature="logoutUser()[pri:0, instance:tests.Logout@186978a6]" started-at="2026-04-24T18:34:00 IST" name="logoutUser" finished-at="2026-04-24T18:34:01 IST" duration-ms="536" status="PASS">
          <reporter-output>
            <line>
              <![CDATA[Test Case Started : logoutUser]]>
            </line>
            <line>
              <![CDATA[Test Case Success : 1]]>
            </line>
          </reporter-output>
        </test-method> <!-- logoutUser -->
      </class> <!-- tests.Logout -->
      <class name="tests.DetailReport">
        <test-method is-config="true" signature="reportsModule()[pri:0, instance:tests.DetailReport@107ed6fc]" started-at="2026-04-24T18:33:43 IST" name="reportsModule" finished-at="2026-04-24T18:33:45 IST" duration-ms="1027" status="PASS">
          <reporter-output>
          </reporter-output>
        </test-method> <!-- reportsModule -->
        <test-method signature="detailReportGenerate()[pri:0, instance:tests.DetailReport@107ed6fc]" started-at="2026-04-24T18:33:45 IST" name="detailReportGenerate" finished-at="2026-04-24T18:33:48 IST" duration-ms="3844" status="PASS">
          <reporter-output>
            <line>
              <![CDATA[Test Case Started : detailReportGenerate]]>
            </line>
            <line>
              <![CDATA[Test Case Success : 1]]>
            </line>
          </reporter-output>
        </test-method> <!-- detailReportGenerate -->
      </class> <!-- tests.DetailReport -->
      <class name="tests.DocSegments">
        <test-method is-config="true" signature="verifyDocSegmentssetup()[pri:0, instance:tests.DocSegments@346a361]" started-at="2026-04-24T18:33:35 IST" name="verifyDocSegmentssetup" finished-at="2026-04-24T18:33:35 IST" duration-ms="3" status="PASS">
          <reporter-output>
          </reporter-output>
        </test-method> <!-- verifyDocSegmentssetup -->
        <test-method signature="verifyAddDocSeg()[pri:1, instance:tests.DocSegments@346a361]" started-at="2026-04-24T18:33:35 IST" name="verifyAddDocSeg" finished-at="2026-04-24T18:33:40 IST" duration-ms="5028" status="PASS">
          <reporter-output>
            <line>
              <![CDATA[Test Case Started : verifyAddDocSeg]]>
            </line>
            <line>
              <![CDATA[Test Case Success : 1]]>
            </line>
          </reporter-output>
        </test-method> <!-- verifyAddDocSeg -->
        <test-method signature="verifyViewDogSeg()[pri:2, instance:tests.DocSegments@346a361]" started-at="2026-04-24T18:33:40 IST" name="verifyViewDogSeg" finished-at="2026-04-24T18:33:41 IST" duration-ms="851" status="PASS">
          <reporter-output>
            <line>
              <![CDATA[Test Case Started : verifyViewDogSeg]]>
            </line>
            <line>
              <![CDATA[Test Case Success : 1]]>
            </line>
          </reporter-output>
        </test-method> <!-- verifyViewDogSeg -->
        <test-method signature="verifyEditDogSeg()[pri:3, instance:tests.DocSegments@346a361]" started-at="2026-04-24T18:33:41 IST" name="verifyEditDogSeg" finished-at="2026-04-24T18:33:42 IST" duration-ms="948" status="PASS">
          <reporter-output>
            <line>
              <![CDATA[Test Case Started : verifyEditDogSeg]]>
            </line>
            <line>
              <![CDATA[Test Case Success : 1]]>
            </line>
          </reporter-output>
        </test-method> <!-- verifyEditDogSeg -->
        <test-method signature="verifyDeleteDogSeg()[pri:4, instance:tests.DocSegments@346a361]" started-at="2026-04-24T18:33:42 IST" name="verifyDeleteDogSeg" finished-at="2026-04-24T18:33:43 IST" duration-ms="922" status="PASS">
          <reporter-output>
            <line>
              <![CDATA[Test Case Started : verifyDeleteDogSeg]]>
            </line>
            <line>
              <![CDATA[Test Case Success : 1]]>
            </line>
          </reporter-output>
        </test-method> <!-- verifyDeleteDogSeg -->
      </class> <!-- tests.DocSegments -->
    </test> <!-- Test -->
  </suite> <!-- Suite -->
</testng-results>
