<?xml version="1.0" encoding="UTF-8"?>
<!-- Generated by org.testng.reporters.JUnitReportReporter -->
<testsuite hostname="AHLPT2208063-N" failures="0" tests="12" name="tests.AccessPermissions" time="12.012" errors="0" timestamp="2026-02-04T17:38:00 IST" skipped="0">
  <testcase classname="tests.AccessPermissions" name="verifyAddGroup" time="1.599">
    <system-out>
      <![CDATA[Test Case Started : verifyAddGroup
Test Case Success : 1]]>
    </system-out>
  </testcase> <!-- verifyAddGroup -->
  <testcase classname="tests.AccessPermissions" name="verifyViewGroup" time="0.864">
    <system-out>
      <![CDATA[Test Case Started : verifyViewGroup
Test Case Success : 1]]>
    </system-out>
  </testcase> <!-- verifyViewGroup -->
  <testcase classname="tests.AccessPermissions" name="verifyEditGroup" time="0.485">
    <system-out>
      <![CDATA[Test Case Started : verifyEditGroup
Test Case Success : 1]]>
    </system-out>
  </testcase> <!-- verifyEditGroup -->
  <testcase classname="tests.AccessPermissions" name="verifyDeleteGroup" time="0.428">
    <system-out>
      <![CDATA[Test Case Started : verifyDeleteGroup
Test Case Success : 1]]>
    </system-out>
  </testcase> <!-- verifyDeleteGroup -->
  <testcase classname="tests.AccessPermissions" name="verifyAddRole" time="3.046">
    <system-out>
      <![CDATA[Test Case Started : verifyAddRole
Test Case Success : 1]]>
    </system-out>
  </testcase> <!-- verifyAddRole -->
  <testcase classname="tests.AccessPermissions" name="verifyViewRole" time="0.944">
    <system-out>
      <![CDATA[Test Case Started : verifyViewRole
Test Case Success : 1]]>
    </system-out>
  </testcase> <!-- verifyViewRole -->
  <testcase classname="tests.AccessPermissions" name="verifyEditRole" time="1.124">
    <system-out>
      <![CDATA[Test Case Started : verifyEditRole
Test Case Success : 1]]>
    </system-out>
  </testcase> <!-- verifyEditRole -->
  <testcase classname="tests.AccessPermissions" name="verifyDeleteRole" time="0.588">
    <system-out>
      <![CDATA[Test Case Started : verifyDeleteRole
Test Case Success : 1]]>
    </system-out>
  </testcase> <!-- verifyDeleteRole -->
  <testcase classname="tests.AccessPermissions" name="verifyAddUser" time="1.181">
    <system-out>
      <![CDATA[Test Case Started : verifyAddUser
Test Case Success : 1]]>
    </system-out>
  </testcase> <!-- verifyAddUser -->
  <testcase classname="tests.AccessPermissions" name="verifyViewUser" time="0.334">
    <system-out>
      <![CDATA[Test Case Started : verifyViewUser
Test Case Success : 1]]>
    </system-out>
  </testcase> <!-- verifyViewUser -->
  <testcase classname="tests.AccessPermissions" name="verifyEditUser" time="0.465">
    <system-out>
      <![CDATA[Test Case Started : verifyEditUser
Test Case Success : 1]]>
    </system-out>
  </testcase> <!-- verifyEditUser -->
  <testcase classname="tests.AccessPermissions" name="verifyDeleteUser" time="0.954">
    <system-out>
      <![CDATA[Test Case Started : verifyDeleteUser
Test Case Success : 1]]>
    </system-out>
  </testcase> <!-- verifyDeleteUser -->
  <system-out>
    <![CDATA[Test Case Started : verifyLoginData
Test Case Success : 1
Test Case Started : logoutMainUser
Test Case Success : 1
Test Case Started : verifyLoginTest
Test Case Success : 1
Test Case Started : verifyLoginTest
Test Case Success : 1
Test Case Started : verifyLoginTest
Test Case Success : 1
Test Case Started : verifyLoginTest
Test Case Success : 1
Test Case Started : verifyblockUser
Test Case Success : 1
Test Case Started : verifyblockUser
Test Case Success : 1
Test Case Started : verifyblockUser
Test Case Success : 1
Test Case Started : verifyblockUser
Test Case Success : 1
Test Case Started : verifyblockUser
Test Case Success : 1
Test Case Started : verifyblockUser
Test Case Success : 1
Test Case Started : mainUserLogin
Test Case Success : 1
Test Case Started : verifyAddGroup
Test Case Success : 1
Test Case Started : verifyViewGroup
Test Case Success : 1
Test Case Started : verifyEditGroup
Test Case Success : 1
Test Case Started : verifyDeleteGroup
Test Case Success : 1
Test Case Started : verifyAddRole
Test Case Success : 1
Test Case Started : verifyViewRole
Test Case Success : 1
Test Case Started : verifyEditRole
Test Case Success : 1
Test Case Started : verifyDeleteRole
Test Case Success : 1
Test Case Started : verifyAddUser
Test Case Success : 1
Test Case Started : verifyViewUser
Test Case Success : 1
Test Case Started : verifyEditUser
Test Case Success : 1
Test Case Started : verifyDeleteUser
Test Case Success : 1
Test Case Started : verifyAddDocSeg
Test Case Success : 1
Test Case Started : verifyViewDogSeg
Test Case Success : 1
Test Case Started : verifyEditDogSeg
Test Case Success : 1
Test Case Started : verifyDeleteDogSeg
Test Case Success : 1
Test Case Started : logoutUser
Test Case Success : 1]]>
  </system-out>
</testsuite> <!-- tests.AccessPermissions -->
