<?xml version="1.0" encoding="UTF-8"?>
<!-- Generated by org.testng.reporters.JUnitReportReporter -->
<testsuite hostname="AHLPT2208063-N" failures="0" tests="1" name="test_case.Login" time="1.584" errors="0" timestamp="2025-12-11T10:58:45 IST" skipped="0">
  <testcase classname="test_case.Login" name="Login_Data" time="1.584">
    <system-out>
      <![CDATA[Test Case Started : Login_Data
Test Case Success : 1]]>
    </system-out>
  </testcase> <!-- Login_Data -->
  <system-out>
    <![CDATA[Test Case Started : Login_Data
Test Case Success : 1
Test Case Started : add_docseg
Test Case Success : 1
Test Case Started : view_dogseg
Test Case Success : 1
Test Case Started : edit_dogseg
Test Case Success : 1
Test Case Started : delete_dogseg
Test Case Success : 1]]>
  </system-out>
</testsuite> <!-- test_case.Login -->
