<?xml version="1.0" encoding="UTF-8"?>
<!-- Generated by org.testng.reporters.JUnitReportReporter -->
<testsuite hostname="AHLPT2208063-N" failures="0" tests="12" name="tests.AccessPermissions" time="10.464" errors="0" timestamp="2026-01-19T12:57:43 IST" skipped="0">
  <testcase classname="tests.AccessPermissions" name="verifyAddGroup" time="1.247">
    <system-out>
      <![CDATA[Test Case Started : verifyAddGroup
Test Case Success : 1]]>
    </system-out>
  </testcase> <!-- verifyAddGroup -->
  <testcase classname="tests.AccessPermissions" name="verifyViewGroup" time="0.887">
    <system-out>
      <![CDATA[Test Case Started : verifyViewGroup
Test Case Success : 1]]>
    </system-out>
  </testcase> <!-- verifyViewGroup -->
  <testcase classname="tests.AccessPermissions" name="verifyEditGroup" time="0.588">
    <system-out>
      <![CDATA[Test Case Started : verifyEditGroup
Test Case Success : 1]]>
    </system-out>
  </testcase> <!-- verifyEditGroup -->
  <testcase classname="tests.AccessPermissions" name="verifyDeleteGroup" time="0.444">
    <system-out>
      <![CDATA[Test Case Started : verifyDeleteGroup
Test Case Success : 1]]>
    </system-out>
  </testcase> <!-- verifyDeleteGroup -->
  <testcase classname="tests.AccessPermissions" name="verifyAddRole" time="1.721">
    <system-out>
      <![CDATA[Test Case Started : verifyAddRole
Test Case Success : 1]]>
    </system-out>
  </testcase> <!-- verifyAddRole -->
  <testcase classname="tests.AccessPermissions" name="verifyViewRole" time="0.893">
    <system-out>
      <![CDATA[Test Case Started : verifyViewRole
Test Case Success : 1]]>
    </system-out>
  </testcase> <!-- verifyViewRole -->
  <testcase classname="tests.AccessPermissions" name="verifyEditRole" time="0.828">
    <system-out>
      <![CDATA[Test Case Started : verifyEditRole
Test Case Success : 1]]>
    </system-out>
  </testcase> <!-- verifyEditRole -->
  <testcase classname="tests.AccessPermissions" name="verifyDeleteRole" time="0.888">
    <system-out>
      <![CDATA[Test Case Started : verifyDeleteRole
Test Case Success : 1]]>
    </system-out>
  </testcase> <!-- verifyDeleteRole -->
  <testcase classname="tests.AccessPermissions" name="verifyAddUser" time="1.154">
    <system-out>
      <![CDATA[Test Case Started : verifyAddUser
Test Case Success : 1]]>
    </system-out>
  </testcase> <!-- verifyAddUser -->
  <testcase classname="tests.AccessPermissions" name="verifyViewUser" time="0.909">
    <system-out>
      <![CDATA[Test Case Started : verifyViewUser
Test Case Success : 1]]>
    </system-out>
  </testcase> <!-- verifyViewUser -->
  <testcase classname="tests.AccessPermissions" name="verifyEditUser" time="0.539">
    <system-out>
      <![CDATA[Test Case Started : verifyEditUser
Test Case Success : 1]]>
    </system-out>
  </testcase> <!-- verifyEditUser -->
  <testcase classname="tests.AccessPermissions" name="verifyDeleteUser" time="0.366">
    <system-out>
      <![CDATA[Test Case Started : verifyDeleteUser
Test Case Success : 1]]>
    </system-out>
  </testcase> <!-- verifyDeleteUser -->
  <system-out>
    <![CDATA[Test Case Started : verifyLoginData
Test Case Success : 1
Test Case Started : logoutMainUser
Test Case Success : 1
Test Case Started : verifyLoginTest
Test Case Success : 1
Test Case Started : verifyLoginTest
Test Case Success : 1
Test Case Started : verifyLoginTest
Test Case Success : 1
Test Case Started : verifyLoginTest
Test Case Success : 1
Test Case Started : verifyblockUser
Test Case Success : 1
Test Case Started : verifyblockUser
Test Case Success : 1
Test Case Started : verifyblockUser
Test Case Success : 1
Test Case Started : verifyblockUser
Test Case Success : 1
Test Case Started : verifyblockUser
Test Case Success : 1
Test Case Started : verifyblockUser
Test Case Success : 1
Test Case Started : mainUserLogin
Test Case Success : 1
Test Case Started : verifyAddGroup
Test Case Success : 1
Test Case Started : verifyViewGroup
Test Case Success : 1
Test Case Started : verifyEditGroup
Test Case Success : 1
Test Case Started : verifyDeleteGroup
Test Case Success : 1
Test Case Started : verifyAddRole
Test Case Success : 1
Test Case Started : verifyViewRole
Test Case Success : 1
Test Case Started : verifyEditRole
Test Case Success : 1
Test Case Started : verifyDeleteRole
Test Case Success : 1
Test Case Started : verifyAddUser
Test Case Success : 1
Test Case Started : verifyViewUser
Test Case Success : 1
Test Case Started : verifyEditUser
Test Case Success : 1
Test Case Started : verifyDeleteUser
Test Case Success : 1
Test Case Started : verifyAddDocSeg
Test Case Success : 1
Test Case Started : verifyViewDogSeg
Test Case Success : 1
Test Case Started : verifyEditDogSeg
Test Case Failure : 2
Test Case Started : verifyDeleteDogSeg
Test Case Failure : 2
Test Case Started : logoutUser
Test Case Success : 1]]>
  </system-out>
</testsuite> <!-- tests.AccessPermissions -->
