<?xml version="1.0" encoding="UTF-8"?>
<!-- Generated by org.testng.reporters.JUnitReportReporter -->
<testsuite hostname="AHLPT2208063-N" failures="0" tests="1" name="tests.Products" time="0.008" errors="1" timestamp="2026-03-26T14:50:36 IST" skipped="0">
  <testcase classname="tests.Products" name="addProducts" time="0.008">
    <error message="class org.openqa.selenium.firefox.FirefoxDriver cannot be cast to class com.microsoft.playwright.Browser (org.openqa.selenium.firefox.FirefoxDriver and com.microsoft.playwright.Browser are in unnamed module of loader &#039;app&#039;)" type="java.lang.ClassCastException">
      <![CDATA[java.lang.ClassCastException: class org.openqa.selenium.firefox.FirefoxDriver cannot be cast to class com.microsoft.playwright.Browser (org.openqa.selenium.firefox.FirefoxDriver and com.microsoft.playwright.Browser are in unnamed module of loader 'app')
at tests.Products.addProducts(Products.java:22)
at java.base/jdk.internal.reflect.NativeMethodAccessorImpl.invoke0(Native Method)
at java.base/jdk.internal.reflect.NativeMethodAccessorImpl.invoke(NativeMethodAccessorImpl.java:77)
at java.base/jdk.internal.reflect.DelegatingMethodAccessorImpl.invoke(DelegatingMethodAccessorImpl.java:43)
at java.base/java.lang.reflect.Method.invoke(Method.java:568)
at org.testng.internal.invokers.MethodInvocationHelper.invokeMethod(MethodInvocationHelper.java:141)
at org.testng.internal.invokers.TestInvoker.invokeMethod(TestInvoker.java:686)
at org.testng.internal.invokers.TestInvoker.invokeTestMethod(TestInvoker.java:230)
at org.testng.internal.invokers.MethodRunner.runInSequence(MethodRunner.java:63)
at org.testng.internal.invokers.TestInvoker$MethodInvocationAgent.invoke(TestInvoker.java:992)
at org.testng.internal.invokers.TestInvoker.invokeTestMethods(TestInvoker.java:203)
at org.testng.internal.invokers.TestMethodWorker.invokeTestMethods(TestMethodWorker.java:154)
at org.testng.internal.invokers.TestMethodWorker.run(TestMethodWorker.java:134)
at java.base/java.util.ArrayList.forEach(ArrayList.java:1511)
at org.testng.TestRunner.privateRun(TestRunner.java:739)
at org.testng.TestRunner.run(TestRunner.java:614)
at org.testng.SuiteRunner.runTest(SuiteRunner.java:421)
at org.testng.SuiteRunner.runSequentially(SuiteRunner.java:413)
at org.testng.SuiteRunner.privateRun(SuiteRunner.java:373)
at org.testng.SuiteRunner.run(SuiteRunner.java:312)
at org.testng.SuiteRunnerWorker.runSuite(SuiteRunnerWorker.java:52)
at org.testng.SuiteRunnerWorker.run(SuiteRunnerWorker.java:95)
at org.testng.TestNG.runSuitesSequentially(TestNG.java:1274)
at org.testng.TestNG.runSuitesLocally(TestNG.java:1208)
at org.testng.TestNG.runSuites(TestNG.java:1112)
at org.testng.TestNG.run(TestNG.java:1079)
at org.testng.remote.AbstractRemoteTestNG.run(AbstractRemoteTestNG.java:115)
at org.testng.remote.RemoteTestNG.initAndRun(RemoteTestNG.java:293)
at org.testng.remote.RemoteTestNG.main(RemoteTestNG.java:91)
]]>
    </error>
    <system-out>
      <![CDATA[Test Case Started : addProducts
Test Case Failure : 2]]>
    </system-out>
  </testcase> <!-- addProducts -->
  <system-out>
    <![CDATA[Test Case Started : verifyLoginData
Test Case Success : 1
Test Case Started : addProducts
Test Case Failure : 2]]>
  </system-out>
</testsuite> <!-- tests.Products -->
