<?xml version="1.0" encoding="UTF-8"?>
<!-- Generated by org.testng.reporters.JUnitReportReporter -->
<testsuite hostname="AHLPT2208063-N" failures="0" tests="12" name="tests.LoginTest" time="15.317" errors="0" timestamp="2026-04-24T18:34:02 IST" skipped="0">
  <testcase classname="tests.LoginTest" name="logoutMainUser" time="0.514">
    <system-out>
      <![CDATA[Test Case Started : logoutMainUser
Test Case Success : 1]]>
    </system-out>
  </testcase> <!-- logoutMainUser -->
  <testcase classname="tests.LoginTest" name="verifyLoginTest" time="1.904">
    <system-out>
      <![CDATA[Test Case Started : verifyLoginTest
Test Case Success : 1]]>
    </system-out>
  </testcase> <!-- verifyLoginTest -->
  <testcase classname="tests.LoginTest" name="verifyLoginTest" time="1.339">
    <system-out>
      <![CDATA[Test Case Started : verifyLoginTest
Test Case Success : 1]]>
    </system-out>
  </testcase> <!-- verifyLoginTest -->
  <testcase classname="tests.LoginTest" name="verifyLoginTest" time="1.355">
    <system-out>
      <![CDATA[Test Case Started : verifyLoginTest
Test Case Success : 1]]>
    </system-out>
  </testcase> <!-- verifyLoginTest -->
  <testcase classname="tests.LoginTest" name="verifyLoginTest" time="1.266">
    <system-out>
      <![CDATA[Test Case Started : verifyLoginTest
Test Case Success : 1]]>
    </system-out>
  </testcase> <!-- verifyLoginTest -->
  <testcase classname="tests.LoginTest" name="verifyblockUser" time="1.335">
    <system-out>
      <![CDATA[Test Case Started : verifyblockUser
Test Case Success : 1]]>
    </system-out>
  </testcase> <!-- verifyblockUser -->
  <testcase classname="tests.LoginTest" name="verifyblockUser" time="1.306">
    <system-out>
      <![CDATA[Test Case Started : verifyblockUser
Test Case Success : 1]]>
    </system-out>
  </testcase> <!-- verifyblockUser -->
  <testcase classname="tests.LoginTest" name="verifyblockUser" time="1.320">
    <system-out>
      <![CDATA[Test Case Started : verifyblockUser
Test Case Success : 1]]>
    </system-out>
  </testcase> <!-- verifyblockUser -->
  <testcase classname="tests.LoginTest" name="verifyblockUser" time="1.392">
    <system-out>
      <![CDATA[Test Case Started : verifyblockUser
Test Case Success : 1]]>
    </system-out>
  </testcase> <!-- verifyblockUser -->
  <testcase classname="tests.LoginTest" name="verifyblockUser" time="1.351">
    <system-out>
      <![CDATA[Test Case Started : verifyblockUser
Test Case Success : 1]]>
    </system-out>
  </testcase> <!-- verifyblockUser -->
  <testcase classname="tests.LoginTest" name="verifyblockUser" time="1.322">
    <system-out>
      <![CDATA[Test Case Started : verifyblockUser
Test Case Success : 1]]>
    </system-out>
  </testcase> <!-- verifyblockUser -->
  <testcase classname="tests.LoginTest" name="mainUserLogin" time="0.913">
    <system-out>
      <![CDATA[Test Case Started : mainUserLogin
Test Case Success : 1]]>
    </system-out>
  </testcase> <!-- mainUserLogin -->
  <system-out>
    <![CDATA[Test Case Started : verifyLoginData
Test Case Success : 1
Test Case Started : logoutMainUser
Test Case Success : 1
Test Case Started : verifyLoginTest
Test Case Success : 1
Test Case Started : verifyLoginTest
Test Case Success : 1
Test Case Started : verifyLoginTest
Test Case Success : 1
Test Case Started : verifyLoginTest
Test Case Success : 1
Test Case Started : verifyblockUser
Test Case Success : 1
Test Case Started : verifyblockUser
Test Case Success : 1
Test Case Started : verifyblockUser
Test Case Success : 1
Test Case Started : verifyblockUser
Test Case Success : 1
Test Case Started : verifyblockUser
Test Case Success : 1
Test Case Started : verifyblockUser
Test Case Success : 1
Test Case Started : mainUserLogin
Test Case Success : 1
Test Case Started : verifyAddGroup
Test Case Success : 1
Test Case Started : verifyViewGroup
Test Case Success : 1
Test Case Started : verifyEditGroup
Test Case Success : 1
Test Case Started : verifyDeleteGroup
Test Case Success : 1
Test Case Started : verifyAddRole
Test Case Success : 1
Test Case Started : verifyViewRole
Test Case Success : 1
Test Case Started : verifyEditRole
Test Case Success : 1
Test Case Started : verifyDeleteRole
Test Case Success : 1
Test Case Started : verifyAddUser
Test Case Success : 1
Test Case Started : verifyViewUser
Test Case Success : 1
Test Case Started : verifyEditUser
Test Case Success : 1
Test Case Started : verifyDeleteUser
Test Case Success : 1
Test Case Started : verifyAddDocSeg
Test Case Success : 1
Test Case Started : verifyViewDogSeg
Test Case Success : 1
Test Case Started : verifyEditDogSeg
Test Case Success : 1
Test Case Started : verifyDeleteDogSeg
Test Case Success : 1
Test Case Started : detailReportGenerate
Test Case Success : 1
Test Case Started : readDataExtraction
Test Case Success : 1
Test Case Started : logoutUser
Test Case Success : 1]]>
  </system-out>
</testsuite> <!-- tests.LoginTest -->
