<?xml version="1.0" encoding="UTF-8"?>
<!-- Generated by org.testng.reporters.JUnitReportReporter -->
<testsuite hostname="AHLPT2208063-N" failures="0" tests="12" name="tests.AccessPermissions" time="12.072" errors="0" timestamp="2026-04-24T18:34:02 IST" skipped="0">
  <testcase classname="tests.AccessPermissions" name="verifyAddGroup" time="1.654">
    <system-out>
      <![CDATA[Test Case Started : verifyAddGroup
Test Case Success : 1]]>
    </system-out>
  </testcase> <!-- verifyAddGroup -->
  <testcase classname="tests.AccessPermissions" name="verifyViewGroup" time="0.967">
    <system-out>
      <![CDATA[Test Case Started : verifyViewGroup
Test Case Success : 1]]>
    </system-out>
  </testcase> <!-- verifyViewGroup -->
  <testcase classname="tests.AccessPermissions" name="verifyEditGroup" time="0.563">
    <system-out>
      <![CDATA[Test Case Started : verifyEditGroup
Test Case Success : 1]]>
    </system-out>
  </testcase> <!-- verifyEditGroup -->
  <testcase classname="tests.AccessPermissions" name="verifyDeleteGroup" time="0.966">
    <system-out>
      <![CDATA[Test Case Started : verifyDeleteGroup
Test Case Success : 1]]>
    </system-out>
  </testcase> <!-- verifyDeleteGroup -->
  <testcase classname="tests.AccessPermissions" name="verifyAddRole" time="2.532">
    <system-out>
      <![CDATA[Test Case Started : verifyAddRole
Test Case Success : 1]]>
    </system-out>
  </testcase> <!-- verifyAddRole -->
  <testcase classname="tests.AccessPermissions" name="verifyViewRole" time="1.000">
    <system-out>
      <![CDATA[Test Case Started : verifyViewRole
Test Case Success : 1]]>
    </system-out>
  </testcase> <!-- verifyViewRole -->
  <testcase classname="tests.AccessPermissions" name="verifyEditRole" time="0.734">
    <system-out>
      <![CDATA[Test Case Started : verifyEditRole
Test Case Success : 1]]>
    </system-out>
  </testcase> <!-- verifyEditRole -->
  <testcase classname="tests.AccessPermissions" name="verifyDeleteRole" time="0.915">
    <system-out>
      <![CDATA[Test Case Started : verifyDeleteRole
Test Case Success : 1]]>
    </system-out>
  </testcase> <!-- verifyDeleteRole -->
  <testcase classname="tests.AccessPermissions" name="verifyAddUser" time="1.288">
    <system-out>
      <![CDATA[Test Case Started : verifyAddUser
Test Case Success : 1]]>
    </system-out>
  </testcase> <!-- verifyAddUser -->
  <testcase classname="tests.AccessPermissions" name="verifyViewUser" time="0.404">
    <system-out>
      <![CDATA[Test Case Started : verifyViewUser
Test Case Success : 1]]>
    </system-out>
  </testcase> <!-- verifyViewUser -->
  <testcase classname="tests.AccessPermissions" name="verifyEditUser" time="0.613">
    <system-out>
      <![CDATA[Test Case Started : verifyEditUser
Test Case Success : 1]]>
    </system-out>
  </testcase> <!-- verifyEditUser -->
  <testcase classname="tests.AccessPermissions" name="verifyDeleteUser" time="0.436">
    <system-out>
      <![CDATA[Test Case Started : verifyDeleteUser
Test Case Success : 1]]>
    </system-out>
  </testcase> <!-- verifyDeleteUser -->
  <system-out>
    <![CDATA[Test Case Started : verifyLoginData
Test Case Success : 1
Test Case Started : logoutMainUser
Test Case Success : 1
Test Case Started : verifyLoginTest
Test Case Success : 1
Test Case Started : verifyLoginTest
Test Case Success : 1
Test Case Started : verifyLoginTest
Test Case Success : 1
Test Case Started : verifyLoginTest
Test Case Success : 1
Test Case Started : verifyblockUser
Test Case Success : 1
Test Case Started : verifyblockUser
Test Case Success : 1
Test Case Started : verifyblockUser
Test Case Success : 1
Test Case Started : verifyblockUser
Test Case Success : 1
Test Case Started : verifyblockUser
Test Case Success : 1
Test Case Started : verifyblockUser
Test Case Success : 1
Test Case Started : mainUserLogin
Test Case Success : 1
Test Case Started : verifyAddGroup
Test Case Success : 1
Test Case Started : verifyViewGroup
Test Case Success : 1
Test Case Started : verifyEditGroup
Test Case Success : 1
Test Case Started : verifyDeleteGroup
Test Case Success : 1
Test Case Started : verifyAddRole
Test Case Success : 1
Test Case Started : verifyViewRole
Test Case Success : 1
Test Case Started : verifyEditRole
Test Case Success : 1
Test Case Started : verifyDeleteRole
Test Case Success : 1
Test Case Started : verifyAddUser
Test Case Success : 1
Test Case Started : verifyViewUser
Test Case Success : 1
Test Case Started : verifyEditUser
Test Case Success : 1
Test Case Started : verifyDeleteUser
Test Case Success : 1
Test Case Started : verifyAddDocSeg
Test Case Success : 1
Test Case Started : verifyViewDogSeg
Test Case Success : 1
Test Case Started : verifyEditDogSeg
Test Case Success : 1
Test Case Started : verifyDeleteDogSeg
Test Case Success : 1
Test Case Started : detailReportGenerate
Test Case Success : 1
Test Case Started : readDataExtraction
Test Case Success : 1
Test Case Started : logoutUser
Test Case Success : 1]]>
  </system-out>
</testsuite> <!-- tests.AccessPermissions -->
