<?xml version="1.0" encoding="UTF-8"?>
<!-- Generated by org.testng.reporters.JUnitReportReporter -->
<<<<<<< HEAD
<testsuite hostname="AHLPT2208063-N" failures="0" tests="12" name="tests.AccessPermissions" time="10.464" errors="0" timestamp="2026-01-19T12:57:43 IST" skipped="0">
  <testcase classname="tests.AccessPermissions" name="verifyAddGroup" time="1.247">
=======
<testsuite hostname="AHLPT2208063-N" failures="2" tests="12" name="tests.AccessPermissions" time="23.467" errors="0" timestamp="2025-12-11T18:41:47 IST" skipped="0">
  <testcase classname="tests.AccessPermissions" name="verifyAddGroup" time="1.714">
>>>>>>> 6dd703ddb2e4857eb8ec9d16e5c6c3464450e0b6
    <system-out>
      <![CDATA[Test Case Started : verifyAddGroup
Test Case Success : 1]]>
    </system-out>
  </testcase> <!-- verifyAddGroup -->
<<<<<<< HEAD
  <testcase classname="tests.AccessPermissions" name="verifyViewGroup" time="0.887">
=======
  <testcase classname="tests.AccessPermissions" name="verifyViewGroup" time="0.969">
>>>>>>> 6dd703ddb2e4857eb8ec9d16e5c6c3464450e0b6
    <system-out>
      <![CDATA[Test Case Started : verifyViewGroup
Test Case Success : 1]]>
    </system-out>
  </testcase> <!-- verifyViewGroup -->
<<<<<<< HEAD
  <testcase classname="tests.AccessPermissions" name="verifyEditGroup" time="0.588">
=======
  <testcase classname="tests.AccessPermissions" name="verifyEditGroup" time="0.586">
>>>>>>> 6dd703ddb2e4857eb8ec9d16e5c6c3464450e0b6
    <system-out>
      <![CDATA[Test Case Started : verifyEditGroup
Test Case Success : 1]]>
    </system-out>
  </testcase> <!-- verifyEditGroup -->
<<<<<<< HEAD
  <testcase classname="tests.AccessPermissions" name="verifyDeleteGroup" time="0.444">
=======
  <testcase classname="tests.AccessPermissions" name="verifyDeleteGroup" time="0.912">
>>>>>>> 6dd703ddb2e4857eb8ec9d16e5c6c3464450e0b6
    <system-out>
      <![CDATA[Test Case Started : verifyDeleteGroup
Test Case Success : 1]]>
    </system-out>
  </testcase> <!-- verifyDeleteGroup -->
<<<<<<< HEAD
  <testcase classname="tests.AccessPermissions" name="verifyAddRole" time="1.721">
=======
  <testcase classname="tests.AccessPermissions" name="verifyAddRole" time="2.425">
>>>>>>> 6dd703ddb2e4857eb8ec9d16e5c6c3464450e0b6
    <system-out>
      <![CDATA[Test Case Started : verifyAddRole
Test Case Success : 1]]>
    </system-out>
  </testcase> <!-- verifyAddRole -->
<<<<<<< HEAD
  <testcase classname="tests.AccessPermissions" name="verifyViewRole" time="0.893">
=======
  <testcase classname="tests.AccessPermissions" name="verifyViewRole" time="1.015">
>>>>>>> 6dd703ddb2e4857eb8ec9d16e5c6c3464450e0b6
    <system-out>
      <![CDATA[Test Case Started : verifyViewRole
Test Case Success : 1]]>
    </system-out>
  </testcase> <!-- verifyViewRole -->
<<<<<<< HEAD
  <testcase classname="tests.AccessPermissions" name="verifyEditRole" time="0.828">
=======
  <testcase classname="tests.AccessPermissions" name="verifyEditRole" time="0.713">
>>>>>>> 6dd703ddb2e4857eb8ec9d16e5c6c3464450e0b6
    <system-out>
      <![CDATA[Test Case Started : verifyEditRole
Test Case Success : 1]]>
    </system-out>
  </testcase> <!-- verifyEditRole -->
<<<<<<< HEAD
  <testcase classname="tests.AccessPermissions" name="verifyDeleteRole" time="0.888">
    <system-out>
      <![CDATA[Test Case Started : verifyDeleteRole
Test Case Success : 1]]>
    </system-out>
  </testcase> <!-- verifyDeleteRole -->
  <testcase classname="tests.AccessPermissions" name="verifyAddUser" time="1.154">
=======
  <testcase classname="tests.AccessPermissions" name="verifyDeleteRole" time="10.464">
    <failure message="Role was not Delete successfully! expected [true] but found [false]" type="java.lang.AssertionError">
      <![CDATA[java.lang.AssertionError: Role was not Delete successfully! expected [true] but found [false]
at org.testng.Assert.fail(Assert.java:111)
at org.testng.Assert.failNotEquals(Assert.java:1578)
at org.testng.Assert.assertTrue(Assert.java:57)
at tests.AccessPermissions.verifyDeleteRole(AccessPermissions.java:90)
at java.base/jdk.internal.reflect.NativeMethodAccessorImpl.invoke0(Native Method)
at java.base/jdk.internal.reflect.NativeMethodAccessorImpl.invoke(NativeMethodAccessorImpl.java:77)
at java.base/jdk.internal.reflect.DelegatingMethodAccessorImpl.invoke(DelegatingMethodAccessorImpl.java:43)
at java.base/java.lang.reflect.Method.invoke(Method.java:568)
at org.testng.internal.invokers.MethodInvocationHelper.invokeMethod(MethodInvocationHelper.java:141)
at org.testng.internal.invokers.TestInvoker.invokeMethod(TestInvoker.java:686)
at org.testng.internal.invokers.TestInvoker.invokeTestMethod(TestInvoker.java:230)
at org.testng.internal.invokers.MethodRunner.runInSequence(MethodRunner.java:63)
at org.testng.internal.invokers.TestInvoker$MethodInvocationAgent.invoke(TestInvoker.java:992)
at org.testng.internal.invokers.TestInvoker.invokeTestMethods(TestInvoker.java:203)
at org.testng.internal.invokers.TestMethodWorker.invokeTestMethods(TestMethodWorker.java:154)
at org.testng.internal.invokers.TestMethodWorker.run(TestMethodWorker.java:134)
at java.base/java.util.ArrayList.forEach(ArrayList.java:1511)
at org.testng.TestRunner.privateRun(TestRunner.java:739)
at org.testng.TestRunner.run(TestRunner.java:614)
at org.testng.SuiteRunner.runTest(SuiteRunner.java:421)
at org.testng.SuiteRunner.runSequentially(SuiteRunner.java:413)
at org.testng.SuiteRunner.privateRun(SuiteRunner.java:373)
at org.testng.SuiteRunner.run(SuiteRunner.java:312)
at org.testng.SuiteRunnerWorker.runSuite(SuiteRunnerWorker.java:52)
at org.testng.SuiteRunnerWorker.run(SuiteRunnerWorker.java:95)
at org.testng.TestNG.runSuitesSequentially(TestNG.java:1274)
at org.testng.TestNG.runSuitesLocally(TestNG.java:1208)
at org.testng.TestNG.runSuites(TestNG.java:1112)
at org.testng.TestNG.run(TestNG.java:1079)
at org.testng.remote.AbstractRemoteTestNG.run(AbstractRemoteTestNG.java:115)
at org.testng.remote.RemoteTestNG.initAndRun(RemoteTestNG.java:293)
at org.testng.remote.RemoteTestNG.main(RemoteTestNG.java:91)
]]>
    </failure>
    <system-out>
      <![CDATA[Test Case Started : verifyDeleteRole
Test Case Failure : 2]]>
    </system-out>
  </testcase> <!-- verifyDeleteRole -->
  <testcase classname="tests.AccessPermissions" name="verifyAddUser" time="1.755">
>>>>>>> 6dd703ddb2e4857eb8ec9d16e5c6c3464450e0b6
    <system-out>
      <![CDATA[Test Case Started : verifyAddUser
Test Case Success : 1]]>
    </system-out>
  </testcase> <!-- verifyAddUser -->
<<<<<<< HEAD
  <testcase classname="tests.AccessPermissions" name="verifyViewUser" time="0.909">
=======
  <testcase classname="tests.AccessPermissions" name="verifyViewUser" time="0.937">
>>>>>>> 6dd703ddb2e4857eb8ec9d16e5c6c3464450e0b6
    <system-out>
      <![CDATA[Test Case Started : verifyViewUser
Test Case Success : 1]]>
    </system-out>
  </testcase> <!-- verifyViewUser -->
<<<<<<< HEAD
  <testcase classname="tests.AccessPermissions" name="verifyEditUser" time="0.539">
=======
  <testcase classname="tests.AccessPermissions" name="verifyEditUser" time="1.156">
>>>>>>> 6dd703ddb2e4857eb8ec9d16e5c6c3464450e0b6
    <system-out>
      <![CDATA[Test Case Started : verifyEditUser
Test Case Success : 1]]>
    </system-out>
  </testcase> <!-- verifyEditUser -->
<<<<<<< HEAD
  <testcase classname="tests.AccessPermissions" name="verifyDeleteUser" time="0.366">
    <system-out>
      <![CDATA[Test Case Started : verifyDeleteUser
Test Case Success : 1]]>
=======
  <testcase classname="tests.AccessPermissions" name="verifyDeleteUser" time="0.821">
    <failure message="User was not Edited successfully! expected [true] but found [false]" type="java.lang.AssertionError">
      <![CDATA[java.lang.AssertionError: User was not Edited successfully! expected [true] but found [false]
at org.testng.Assert.fail(Assert.java:111)
at org.testng.Assert.failNotEquals(Assert.java:1578)
at org.testng.Assert.assertTrue(Assert.java:57)
at tests.AccessPermissions.verifyDeleteUser(AccessPermissions.java:120)
at java.base/jdk.internal.reflect.NativeMethodAccessorImpl.invoke0(Native Method)
at java.base/jdk.internal.reflect.NativeMethodAccessorImpl.invoke(NativeMethodAccessorImpl.java:77)
at java.base/jdk.internal.reflect.DelegatingMethodAccessorImpl.invoke(DelegatingMethodAccessorImpl.java:43)
at java.base/java.lang.reflect.Method.invoke(Method.java:568)
at org.testng.internal.invokers.MethodInvocationHelper.invokeMethod(MethodInvocationHelper.java:141)
at org.testng.internal.invokers.TestInvoker.invokeMethod(TestInvoker.java:686)
at org.testng.internal.invokers.TestInvoker.invokeTestMethod(TestInvoker.java:230)
at org.testng.internal.invokers.MethodRunner.runInSequence(MethodRunner.java:63)
at org.testng.internal.invokers.TestInvoker$MethodInvocationAgent.invoke(TestInvoker.java:992)
at org.testng.internal.invokers.TestInvoker.invokeTestMethods(TestInvoker.java:203)
at org.testng.internal.invokers.TestMethodWorker.invokeTestMethods(TestMethodWorker.java:154)
at org.testng.internal.invokers.TestMethodWorker.run(TestMethodWorker.java:134)
at java.base/java.util.ArrayList.forEach(ArrayList.java:1511)
at org.testng.TestRunner.privateRun(TestRunner.java:739)
at org.testng.TestRunner.run(TestRunner.java:614)
at org.testng.SuiteRunner.runTest(SuiteRunner.java:421)
at org.testng.SuiteRunner.runSequentially(SuiteRunner.java:413)
at org.testng.SuiteRunner.privateRun(SuiteRunner.java:373)
at org.testng.SuiteRunner.run(SuiteRunner.java:312)
at org.testng.SuiteRunnerWorker.runSuite(SuiteRunnerWorker.java:52)
at org.testng.SuiteRunnerWorker.run(SuiteRunnerWorker.java:95)
at org.testng.TestNG.runSuitesSequentially(TestNG.java:1274)
at org.testng.TestNG.runSuitesLocally(TestNG.java:1208)
at org.testng.TestNG.runSuites(TestNG.java:1112)
at org.testng.TestNG.run(TestNG.java:1079)
at org.testng.remote.AbstractRemoteTestNG.run(AbstractRemoteTestNG.java:115)
at org.testng.remote.RemoteTestNG.initAndRun(RemoteTestNG.java:293)
at org.testng.remote.RemoteTestNG.main(RemoteTestNG.java:91)
]]>
    </failure>
    <system-out>
      <![CDATA[Test Case Started : verifyDeleteUser
Test Case Failure : 2]]>
>>>>>>> 6dd703ddb2e4857eb8ec9d16e5c6c3464450e0b6
    </system-out>
  </testcase> <!-- verifyDeleteUser -->
  <system-out>
    <![CDATA[Test Case Started : verifyLoginData
Test Case Success : 1
Test Case Started : logoutMainUser
Test Case Success : 1
Test Case Started : verifyLoginTest
Test Case Success : 1
Test Case Started : verifyLoginTest
Test Case Success : 1
Test Case Started : verifyLoginTest
Test Case Success : 1
Test Case Started : verifyLoginTest
Test Case Success : 1
Test Case Started : verifyblockUser
Test Case Success : 1
Test Case Started : verifyblockUser
Test Case Success : 1
Test Case Started : verifyblockUser
Test Case Success : 1
Test Case Started : verifyblockUser
Test Case Success : 1
Test Case Started : verifyblockUser
Test Case Success : 1
Test Case Started : verifyblockUser
Test Case Success : 1
Test Case Started : mainUserLogin
Test Case Success : 1
Test Case Started : verifyAddGroup
Test Case Success : 1
Test Case Started : verifyViewGroup
Test Case Success : 1
Test Case Started : verifyEditGroup
Test Case Success : 1
Test Case Started : verifyDeleteGroup
Test Case Success : 1
Test Case Started : verifyAddRole
Test Case Success : 1
Test Case Started : verifyViewRole
Test Case Success : 1
Test Case Started : verifyEditRole
Test Case Success : 1
Test Case Started : verifyDeleteRole
<<<<<<< HEAD
Test Case Success : 1
=======
Test Case Failure : 2
>>>>>>> 6dd703ddb2e4857eb8ec9d16e5c6c3464450e0b6
Test Case Started : verifyAddUser
Test Case Success : 1
Test Case Started : verifyViewUser
Test Case Success : 1
Test Case Started : verifyEditUser
Test Case Success : 1
Test Case Started : verifyDeleteUser
<<<<<<< HEAD
Test Case Success : 1
=======
Test Case Failure : 2
>>>>>>> 6dd703ddb2e4857eb8ec9d16e5c6c3464450e0b6
Test Case Started : verifyAddDocSeg
Test Case Success : 1
Test Case Started : verifyViewDogSeg
Test Case Success : 1
Test Case Started : verifyEditDogSeg
<<<<<<< HEAD
Test Case Failure : 2
=======
Test Case Success : 1
>>>>>>> 6dd703ddb2e4857eb8ec9d16e5c6c3464450e0b6
Test Case Started : verifyDeleteDogSeg
Test Case Failure : 2
Test Case Started : logoutUser
Test Case Success : 1]]>
  </system-out>
</testsuite> <!-- tests.AccessPermissions -->
