<?xml version="1.0" encoding="UTF-8"?>
<!-- Generated by org.testng.reporters.JUnitReportReporter -->
<testsuite hostname="AHLPT2208063-N" failures="0" tests="12" name="tests.LoginTest" time="14.543" errors="0" timestamp="2025-12-11T18:41:47 IST" skipped="0">
  <testcase classname="tests.LoginTest" name="logoutMainUser" time="0.655">
    <system-out>
      <![CDATA[Test Case Started : logoutMainUser
Test Case Success : 1]]>
    </system-out>
  </testcase> <!-- logoutMainUser -->
  <testcase classname="tests.LoginTest" name="verifyLoginTest" time="1.320">
    <system-out>
      <![CDATA[Test Case Started : verifyLoginTest
Test Case Success : 1]]>
    </system-out>
  </testcase> <!-- verifyLoginTest -->
  <testcase classname="tests.LoginTest" name="verifyLoginTest" time="1.334">
    <system-out>
      <![CDATA[Test Case Started : verifyLoginTest
Test Case Success : 1]]>
    </system-out>
  </testcase> <!-- verifyLoginTest -->
  <testcase classname="tests.LoginTest" name="verifyLoginTest" time="1.281">
    <system-out>
      <![CDATA[Test Case Started : verifyLoginTest
Test Case Success : 1]]>
    </system-out>
  </testcase> <!-- verifyLoginTest -->
  <testcase classname="tests.LoginTest" name="verifyLoginTest" time="1.348">
    <system-out>
      <![CDATA[Test Case Started : verifyLoginTest
Test Case Success : 1]]>
    </system-out>
  </testcase> <!-- verifyLoginTest -->
  <testcase classname="tests.LoginTest" name="verifyblockUser" time="1.316">
    <system-out>
      <![CDATA[Test Case Started : verifyblockUser
Test Case Success : 1]]>
    </system-out>
  </testcase> <!-- verifyblockUser -->
  <testcase classname="tests.LoginTest" name="verifyblockUser" time="1.336">
    <system-out>
      <![CDATA[Test Case Started : verifyblockUser
Test Case Success : 1]]>
    </system-out>
  </testcase> <!-- verifyblockUser -->
  <testcase classname="tests.LoginTest" name="verifyblockUser" time="1.292">
    <system-out>
      <![CDATA[Test Case Started : verifyblockUser
Test Case Success : 1]]>
    </system-out>
  </testcase> <!-- verifyblockUser -->
  <testcase classname="tests.LoginTest" name="verifyblockUser" time="1.280">
    <system-out>
      <![CDATA[Test Case Started : verifyblockUser
Test Case Success : 1]]>
    </system-out>
  </testcase> <!-- verifyblockUser -->
  <testcase classname="tests.LoginTest" name="verifyblockUser" time="1.287">
    <system-out>
      <![CDATA[Test Case Started : verifyblockUser
Test Case Success : 1]]>
    </system-out>
  </testcase> <!-- verifyblockUser -->
  <testcase classname="tests.LoginTest" name="verifyblockUser" time="1.298">
    <system-out>
      <![CDATA[Test Case Started : verifyblockUser
Test Case Success : 1]]>
    </system-out>
  </testcase> <!-- verifyblockUser -->
  <testcase classname="tests.LoginTest" name="mainUserLogin" time="0.796">
    <system-out>
      <![CDATA[Test Case Started : mainUserLogin
Test Case Success : 1]]>
    </system-out>
  </testcase> <!-- mainUserLogin -->
  <system-out>
    <![CDATA[Test Case Started : verifyLoginData
Test Case Success : 1
Test Case Started : logoutMainUser
Test Case Success : 1
Test Case Started : verifyLoginTest
Test Case Success : 1
Test Case Started : verifyLoginTest
Test Case Success : 1
Test Case Started : verifyLoginTest
Test Case Success : 1
Test Case Started : verifyLoginTest
Test Case Success : 1
Test Case Started : verifyblockUser
Test Case Success : 1
Test Case Started : verifyblockUser
Test Case Success : 1
Test Case Started : verifyblockUser
Test Case Success : 1
Test Case Started : verifyblockUser
Test Case Success : 1
Test Case Started : verifyblockUser
Test Case Success : 1
Test Case Started : verifyblockUser
Test Case Success : 1
Test Case Started : mainUserLogin
Test Case Success : 1
Test Case Started : verifyAddGroup
Test Case Success : 1
Test Case Started : verifyViewGroup
Test Case Success : 1
Test Case Started : verifyEditGroup
Test Case Success : 1
Test Case Started : verifyDeleteGroup
Test Case Success : 1
Test Case Started : verifyAddRole
Test Case Success : 1
Test Case Started : verifyViewRole
Test Case Success : 1
Test Case Started : verifyEditRole
Test Case Success : 1
Test Case Started : verifyDeleteRole
Test Case Failure : 2
Test Case Started : verifyAddUser
Test Case Success : 1
Test Case Started : verifyViewUser
Test Case Success : 1
Test Case Started : verifyEditUser
Test Case Success : 1
Test Case Started : verifyDeleteUser
Test Case Failure : 2
Test Case Started : verifyAddDocSeg
Test Case Success : 1
Test Case Started : verifyViewDogSeg
Test Case Success : 1
Test Case Started : verifyEditDogSeg
Test Case Success : 1
Test Case Started : verifyDeleteDogSeg
Test Case Failure : 2
Test Case Started : logoutUser
Test Case Success : 1]]>
  </system-out>
</testsuite> <!-- tests.LoginTest -->
