<?xml version="1.0" encoding="UTF-8"?>
<!-- Generated by org.testng.reporters.JUnitReportReporter -->
<testsuite hostname="AHLPT2208063-N" failures="0" tests="1" name="tests.DetailReport" time="3.844" errors="0" timestamp="2026-04-24T18:34:02 IST" skipped="0">
  <testcase classname="tests.DetailReport" name="detailReportGenerate" time="3.844">
    <system-out>
      <![CDATA[Test Case Started : detailReportGenerate
Test Case Success : 1]]>
    </system-out>
  </testcase> <!-- detailReportGenerate -->
  <system-out>
    <![CDATA[Test Case Started : verifyLoginData
Test Case Success : 1
Test Case Started : logoutMainUser
Test Case Success : 1
Test Case Started : verifyLoginTest
Test Case Success : 1
Test Case Started : verifyLoginTest
Test Case Success : 1
Test Case Started : verifyLoginTest
Test Case Success : 1
Test Case Started : verifyLoginTest
Test Case Success : 1
Test Case Started : verifyblockUser
Test Case Success : 1
Test Case Started : verifyblockUser
Test Case Success : 1
Test Case Started : verifyblockUser
Test Case Success : 1
Test Case Started : verifyblockUser
Test Case Success : 1
Test Case Started : verifyblockUser
Test Case Success : 1
Test Case Started : verifyblockUser
Test Case Success : 1
Test Case Started : mainUserLogin
Test Case Success : 1
Test Case Started : verifyAddGroup
Test Case Success : 1
Test Case Started : verifyViewGroup
Test Case Success : 1
Test Case Started : verifyEditGroup
Test Case Success : 1
Test Case Started : verifyDeleteGroup
Test Case Success : 1
Test Case Started : verifyAddRole
Test Case Success : 1
Test Case Started : verifyViewRole
Test Case Success : 1
Test Case Started : verifyEditRole
Test Case Success : 1
Test Case Started : verifyDeleteRole
Test Case Success : 1
Test Case Started : verifyAddUser
Test Case Success : 1
Test Case Started : verifyViewUser
Test Case Success : 1
Test Case Started : verifyEditUser
Test Case Success : 1
Test Case Started : verifyDeleteUser
Test Case Success : 1
Test Case Started : verifyAddDocSeg
Test Case Success : 1
Test Case Started : verifyViewDogSeg
Test Case Success : 1
Test Case Started : verifyEditDogSeg
Test Case Success : 1
Test Case Started : verifyDeleteDogSeg
Test Case Success : 1
Test Case Started : detailReportGenerate
Test Case Success : 1
Test Case Started : readDataExtraction
Test Case Success : 1
Test Case Started : logoutUser
Test Case Success : 1]]>
  </system-out>
</testsuite> <!-- tests.DetailReport -->
