<?xml version="1.0" encoding="UTF-8"?>
<!-- Generated by org.testng.reporters.JUnitReportReporter -->
<testsuite hostname="AHLPT2208063-N" failures="0" tests="1" name="tests.Logout" time="0.531" errors="0" timestamp="2026-01-19T12:57:43 IST" skipped="0">
  <testcase classname="tests.Logout" name="logoutUser" time="0.531">
    <system-out>
      <![CDATA[Test Case Started : logoutUser
Test Case Success : 1]]>
    </system-out>
  </testcase> <!-- logoutUser -->
  <system-out>
    <![CDATA[Test Case Started : verifyLoginData
Test Case Success : 1
Test Case Started : logoutMainUser
Test Case Success : 1
Test Case Started : verifyLoginTest
Test Case Success : 1
Test Case Started : verifyLoginTest
Test Case Success : 1
Test Case Started : verifyLoginTest
Test Case Success : 1
Test Case Started : verifyLoginTest
Test Case Success : 1
Test Case Started : verifyblockUser
Test Case Success : 1
Test Case Started : verifyblockUser
Test Case Success : 1
Test Case Started : verifyblockUser
Test Case Success : 1
Test Case Started : verifyblockUser
Test Case Success : 1
Test Case Started : verifyblockUser
Test Case Success : 1
Test Case Started : verifyblockUser
Test Case Success : 1
Test Case Started : mainUserLogin
Test Case Success : 1
Test Case Started : verifyAddGroup
Test Case Success : 1
Test Case Started : verifyViewGroup
Test Case Success : 1
Test Case Started : verifyEditGroup
Test Case Success : 1
Test Case Started : verifyDeleteGroup
Test Case Success : 1
Test Case Started : verifyAddRole
Test Case Success : 1
Test Case Started : verifyViewRole
Test Case Success : 1
Test Case Started : verifyEditRole
Test Case Success : 1
Test Case Started : verifyDeleteRole
Test Case Success : 1
Test Case Started : verifyAddUser
Test Case Success : 1
Test Case Started : verifyViewUser
Test Case Success : 1
Test Case Started : verifyEditUser
Test Case Success : 1
Test Case Started : verifyDeleteUser
Test Case Success : 1
Test Case Started : verifyAddDocSeg
Test Case Success : 1
Test Case Started : verifyViewDogSeg
Test Case Success : 1
Test Case Started : verifyEditDogSeg
Test Case Failure : 2
Test Case Started : verifyDeleteDogSeg
Test Case Failure : 2
Test Case Started : logoutUser
Test Case Success : 1]]>
  </system-out>
</testsuite> <!-- tests.Logout -->
