<?xml version="1.0" encoding="UTF-8"?>
<!-- Generated by org.testng.reporters.JUnitReportReporter -->
<testsuite hostname="AHLPT2208063-N" failures="0" tests="4" name="test_case.Doc_Segments" time="8.288" errors="0" timestamp="2025-12-11T10:58:45 IST" skipped="0">
  <testcase classname="test_case.Doc_Segments" name="add_docseg" time="5.332">
    <system-out>
      <![CDATA[Test Case Started : add_docseg
Test Case Success : 1]]>
    </system-out>
  </testcase> <!-- add_docseg -->
  <testcase classname="test_case.Doc_Segments" name="view_dogseg" time="0.915">
    <system-out>
      <![CDATA[Test Case Started : view_dogseg
Test Case Success : 1]]>
    </system-out>
  </testcase> <!-- view_dogseg -->
  <testcase classname="test_case.Doc_Segments" name="edit_dogseg" time="1.102">
    <system-out>
      <![CDATA[Test Case Started : edit_dogseg
Test Case Success : 1]]>
    </system-out>
  </testcase> <!-- edit_dogseg -->
  <testcase classname="test_case.Doc_Segments" name="delete_dogseg" time="0.939">
    <system-out>
      <![CDATA[Test Case Started : delete_dogseg
Test Case Success : 1]]>
    </system-out>
  </testcase> <!-- delete_dogseg -->
  <system-out>
    <![CDATA[Test Case Started : Login_Data
Test Case Success : 1
Test Case Started : add_docseg
Test Case Success : 1
Test Case Started : view_dogseg
Test Case Success : 1
Test Case Started : edit_dogseg
Test Case Success : 1
Test Case Started : delete_dogseg
Test Case Success : 1]]>
  </system-out>
</testsuite> <!-- test_case.Doc_Segments -->
